RUN	com.knoldus.Chaining	chaining	1641545802247	 	3.0.0
USER	Load_Test_Scenario	1	START	1641545803708	1641545803708
USER	Load_Test_Scenario	2	START	1641545803733	1641545803733
USER	Load_Test_Scenario	3	START	1641545803734	1641545803734
USER	Load_Test_Scenario	4	START	1641545803735	1641545803735
USER	Load_Test_Scenario	5	START	1641545803736	1641545803736
USER	Load_Test_Scenario	6	START	1641545803737	1641545803737
USER	Load_Test_Scenario	7	START	1641545803738	1641545803738
USER	Load_Test_Scenario	8	START	1641545803739	1641545803739
USER	Load_Test_Scenario	9	START	1641545803740	1641545803740
USER	Load_Test_Scenario	10	START	1641545803741	1641545803741
USER	Load_Test_Scenario	11	START	1641545803742	1641545803742
USER	Load_Test_Scenario	12	START	1641545803743	1641545803743
USER	Load_Test_Scenario	13	START	1641545803744	1641545803744
USER	Load_Test_Scenario	14	START	1641545803744	1641545803744
USER	Load_Test_Scenario	15	START	1641545803745	1641545803745
USER	Load_Test_Scenario	16	START	1641545803747	1641545803747
USER	Load_Test_Scenario	17	START	1641545803747	1641545803747
USER	Load_Test_Scenario	18	START	1641545803748	1641545803748
USER	Load_Test_Scenario	19	START	1641545803749	1641545803749
USER	Load_Test_Scenario	20	START	1641545803750	1641545803750
USER	Load_Test_Scenario	21	START	1641545803751	1641545803751
USER	Load_Test_Scenario	22	START	1641545803751	1641545803751
USER	Load_Test_Scenario	23	START	1641545803753	1641545803753
USER	Load_Test_Scenario	24	START	1641545803754	1641545803754
USER	Load_Test_Scenario	25	START	1641545803755	1641545803755
USER	Load_Test_Scenario	26	START	1641545803756	1641545803756
USER	Load_Test_Scenario	27	START	1641545803756	1641545803756
USER	Load_Test_Scenario	28	START	1641545803757	1641545803757
USER	Load_Test_Scenario	29	START	1641545803758	1641545803758
USER	Load_Test_Scenario	30	START	1641545803759	1641545803759
USER	Load_Test_Scenario	31	START	1641545803759	1641545803759
USER	Load_Test_Scenario	32	START	1641545803761	1641545803761
USER	Load_Test_Scenario	33	START	1641545803761	1641545803761
USER	Load_Test_Scenario	34	START	1641545803762	1641545803762
USER	Load_Test_Scenario	35	START	1641545803763	1641545803763
USER	Load_Test_Scenario	36	START	1641545803764	1641545803764
USER	Load_Test_Scenario	37	START	1641545803764	1641545803764
USER	Load_Test_Scenario	38	START	1641545803765	1641545803765
USER	Load_Test_Scenario	39	START	1641545803766	1641545803766
USER	Load_Test_Scenario	40	START	1641545803766	1641545803766
USER	Load_Test_Scenario	41	START	1641545803767	1641545803767
USER	Load_Test_Scenario	42	START	1641545803768	1641545803768
USER	Load_Test_Scenario	43	START	1641545803768	1641545803768
USER	Load_Test_Scenario	44	START	1641545803769	1641545803769
USER	Load_Test_Scenario	45	START	1641545803770	1641545803770
USER	Load_Test_Scenario	46	START	1641545803770	1641545803770
USER	Load_Test_Scenario	47	START	1641545803771	1641545803771
USER	Load_Test_Scenario	48	START	1641545803772	1641545803772
USER	Load_Test_Scenario	49	START	1641545803773	1641545803773
USER	Load_Test_Scenario	50	START	1641545803774	1641545803774
REQUEST	36	1st User	GET 1 User Only Request	1641545803764	1641545803895	OK	 
REQUEST	5	1st User	GET 1 User Only Request	1641545803736	1641545803866	OK	 
REQUEST	7	1st User	GET 1 User Only Request	1641545803738	1641545803868	OK	 
REQUEST	22	1st User	GET 1 User Only Request	1641545803752	1641545803874	OK	 
REQUEST	43	1st User	GET 1 User Only Request	1641545803769	1641545803897	OK	 
REQUEST	3	1st User	GET 1 User Only Request	1641545803734	1641545803866	OK	 
REQUEST	8	1st User	GET 1 User Only Request	1641545803739	1641545803867	OK	 
REQUEST	45	1st User	GET 1 User Only Request	1641545803770	1641545803895	OK	 
REQUEST	34	1st User	GET 1 User Only Request	1641545803763	1641545803891	OK	 
REQUEST	14	1st User	GET 1 User Only Request	1641545803745	1641545803872	OK	 
REQUEST	47	1st User	GET 1 User Only Request	1641545803772	1641545803896	OK	 
REQUEST	1	1st User	GET 1 User Only Request	1641545803731	1641545803867	OK	 
REQUEST	32	1st User	GET 1 User Only Request	1641545803761	1641545803882	OK	 
REQUEST	12	1st User	GET 1 User Only Request	1641545803743	1641545803868	OK	 
REQUEST	10	1st User	GET 1 User Only Request	1641545803741	1641545803870	OK	 
REQUEST	17	1st User	GET 1 User Only Request	1641545803748	1641545803910	OK	 
REQUEST	30	1st User	GET 1 User Only Request	1641545803759	1641545803911	OK	 
REQUEST	24	1st User	GET 1 User Only Request	1641545803754	1641545803911	OK	 
REQUEST	26	1st User	GET 1 User Only Request	1641545803756	1641545803912	OK	 
REQUEST	28	1st User	GET 1 User Only Request	1641545803758	1641545803910	OK	 
REQUEST	19	1st User	GET 1 User Only Request	1641545803749	1641545803922	OK	 
REQUEST	38	1st User	GET 1 User Only Request	1641545803765	1641545803922	OK	 
REQUEST	35	1st User	GET 1 User Only Request	1641545803763	1641545803923	OK	 
REQUEST	50	1st User	GET 1 User Only Request	1641545803774	1641545803924	OK	 
REQUEST	23	1st User	GET 1 User Only Request	1641545803753	1641545803924	OK	 
REQUEST	21	1st User	GET 1 User Only Request	1641545803751	1641545803949	OK	 
REQUEST	9	1st User	GET 1 User Only Request	1641545803740	1641545804868	OK	 
REQUEST	6	1st User	GET 1 User Only Request	1641545803737	1641545804882	OK	 
REQUEST	29	1st User	GET 1 User Only Request	1641545803759	1641545804885	OK	 
GROUP	5	1st User	1641545803736	1641545804886	130	OK
REQUEST	2	1st User	GET 1 User Only Request	1641545803733	1641545804892	OK	 
GROUP	8	1st User	1641545803739	1641545804896	128	OK
GROUP	10	1st User	1641545803741	1641545804896	129	OK
GROUP	22	1st User	1641545803751	1641545804896	122	OK
GROUP	12	1st User	1641545803743	1641545804896	125	OK
GROUP	14	1st User	1641545803745	1641545804897	127	OK
GROUP	3	1st User	1641545803734	1641545804897	132	OK
GROUP	1	1st User	1641545803711	1641545804897	136	OK
GROUP	7	1st User	1641545803738	1641545804906	130	OK
REQUEST	39	1st User	GET 1 User Only Request	1641545803766	1641545804910	OK	 
GROUP	34	1st User	1641545803762	1641545804916	128	OK
GROUP	32	1st User	1641545803761	1641545804916	121	OK
GROUP	36	1st User	1641545803764	1641545804916	131	OK
GROUP	45	1st User	1641545803770	1641545804916	125	OK
REQUEST	4	1st User	GET 1 User Only Request	1641545803735	1641545804916	OK	 
REQUEST	31	1st User	GET 1 User Only Request	1641545803760	1641545804922	OK	 
GROUP	17	1st User	1641545803747	1641545804925	162	OK
GROUP	24	1st User	1641545803754	1641545804925	157	OK
GROUP	26	1st User	1641545803756	1641545804925	156	OK
GROUP	43	1st User	1641545803768	1641545804925	128	OK
GROUP	28	1st User	1641545803757	1641545804925	152	OK
GROUP	30	1st User	1641545803759	1641545804926	152	OK
GROUP	47	1st User	1641545803771	1641545804926	124	OK
REQUEST	46	1st User	GET 1 User Only Request	1641545803771	1641545804927	OK	 
GROUP	19	1st User	1641545803749	1641545804936	173	OK
GROUP	23	1st User	1641545803753	1641545804936	171	OK
GROUP	38	1st User	1641545803765	1641545804936	157	OK
GROUP	50	1st User	1641545803774	1641545804936	150	OK
GROUP	35	1st User	1641545803763	1641545804936	160	OK
GROUP	21	1st User	1641545803751	1641545804966	198	OK
GROUP	9	1st User	1641545803740	1641545805886	1128	OK
GROUP	29	1st User	1641545803758	1641545805896	1126	OK
GROUP	6	1st User	1641545803737	1641545805896	1145	OK
GROUP	2	1st User	1641545803733	1641545805906	1159	OK
GROUP	39	1st User	1641545803766	1641545805926	1144	OK
REQUEST	18	1st User	GET 1 User Only Request	1641545803748	1641545805934	OK	 
GROUP	4	1st User	1641545803735	1641545805936	1181	OK
GROUP	31	1st User	1641545803760	1641545805936	1162	OK
REQUEST	25	1st User	GET 1 User Only Request	1641545803755	1641545805938	OK	 
REQUEST	13	1st User	GET 1 User Only Request	1641545803744	1641545805938	OK	 
REQUEST	48	1st User	GET 1 User Only Request	1641545803772	1641545805941	OK	 
REQUEST	27	1st User	GET 1 User Only Request	1641545803757	1641545805941	OK	 
REQUEST	49	1st User	GET 1 User Only Request	1641545803773	1641545805941	OK	 
REQUEST	20	1st User	GET 1 User Only Request	1641545803750	1641545805941	OK	 
GROUP	46	1st User	1641545803771	1641545805946	1156	OK
REQUEST	40	1st User	GET 1 User Only Request	1641545803767	1641545805948	OK	 
REQUEST	41	1st User	GET 1 User Only Request	1641545803767	1641545805949	OK	 
REQUEST	42	1st User	GET 1 User Only Request	1641545803768	1641545805960	OK	 
REQUEST	33	1st User	GET 1 User Only Request	1641545803762	1641545805962	OK	 
REQUEST	16	1st User	GET 1 User Only Request	1641545803747	1641545806903	OK	 
REQUEST	37	1st User	GET 1 User Only Request	1641545803765	1641545806936	OK	 
GROUP	18	1st User	1641545803748	1641545806946	2186	OK
GROUP	13	1st User	1641545803744	1641545806956	2194	OK
GROUP	27	1st User	1641545803757	1641545806956	2184	OK
GROUP	48	1st User	1641545803772	1641545806956	2169	OK
GROUP	20	1st User	1641545803750	1641545806956	2191	OK
GROUP	25	1st User	1641545803755	1641545806956	2183	OK
GROUP	49	1st User	1641545803773	1641545806957	2168	OK
GROUP	40	1st User	1641545803766	1641545806966	2181	OK
GROUP	41	1st User	1641545803767	1641545806966	2182	OK
GROUP	42	1st User	1641545803768	1641545806976	2192	OK
GROUP	33	1st User	1641545803762	1641545806976	2200	OK
GROUP	16	1st User	1641545803747	1641545807916	3156	OK
GROUP	37	1st User	1641545803764	1641545807956	3171	OK
REQUEST	1	GET user request chaining	request_3	1641545807898	1641545808503	OK	 
REQUEST	26	GET user request chaining	request_3	1641545807938	1641545808503	OK	 
REQUEST	7	GET user request chaining	request_3	1641545807917	1641545808503	OK	 
REQUEST	38	GET user request chaining	request_3	1641545807947	1641545808503	OK	 
REQUEST	14	GET user request chaining	request_3	1641545807898	1641545808503	OK	 
REQUEST	50	GET user request chaining	request_3	1641545807947	1641545808503	OK	 
REQUEST	5	GET user request chaining	request_3	1641545807898	1641545808503	OK	 
REQUEST	34	GET user request chaining	request_3	1641545807917	1641545808506	OK	 
REQUEST	30	GET user request chaining	request_3	1641545807938	1641545808507	OK	 
REQUEST	43	GET user request chaining	request_3	1641545807928	1641545808511	OK	 
REQUEST	36	GET user request chaining	request_3	1641545807928	1641545808512	OK	 
REQUEST	10	GET user request chaining	request_3	1641545807898	1641545808512	OK	 
REQUEST	45	GET user request chaining	request_3	1641545807928	1641545808513	OK	 
REQUEST	23	GET user request chaining	request_3	1641545807947	1641545808514	OK	 
REQUEST	19	GET user request chaining	request_3	1641545807947	1641545808516	OK	 
REQUEST	47	GET user request chaining	request_3	1641545807927	1641545808520	OK	 
REQUEST	12	GET user request chaining	request_3	1641545807898	1641545808520	OK	 
REQUEST	3	GET user request chaining	request_3	1641545807900	1641545808521	OK	 
REQUEST	17	GET user request chaining	request_3	1641545807938	1641545808522	OK	 
REQUEST	35	GET user request chaining	request_3	1641545807947	1641545808523	OK	 
REQUEST	32	GET user request chaining	request_3	1641545807906	1641545808522	OK	 
REQUEST	8	GET user request chaining	request_3	1641545807898	1641545808524	OK	 
REQUEST	22	GET user request chaining	request_3	1641545807906	1641545808546	OK	 
REQUEST	21	GET user request chaining	request_3	1641545807977	1641545808554	OK	 
REQUEST	24	GET user request chaining	request_3	1641545807938	1641545808559	OK	 
REQUEST	28	GET user request chaining	request_3	1641545807938	1641545808603	OK	 
REQUEST	9	GET user request chaining	request_3	1641545808897	1641545808934	OK	 
REQUEST	6	GET user request chaining	request_3	1641545808908	1641545808943	OK	 
REQUEST	29	GET user request chaining	request_3	1641545808917	1641545808952	OK	 
REQUEST	2	GET user request chaining	request_3	1641545808917	1641545808953	OK	 
REQUEST	39	GET user request chaining	request_3	1641545808937	1641545808973	OK	 
REQUEST	4	GET user request chaining	request_3	1641545808946	1641545808981	OK	 
REQUEST	31	GET user request chaining	request_3	1641545808946	1641545808982	OK	 
REQUEST	46	GET user request chaining	request_3	1641545808956	1641545808994	OK	 
REQUEST	18	GET user request chaining	request_3	1641545809958	1641545810000	OK	 
REQUEST	13	GET user request chaining	request_3	1641545809966	1641545810002	OK	 
REQUEST	48	GET user request chaining	request_3	1641545809966	1641545810003	OK	 
REQUEST	49	GET user request chaining	request_3	1641545809966	1641545810003	OK	 
REQUEST	25	GET user request chaining	request_3	1641545809966	1641545810003	OK	 
REQUEST	27	GET user request chaining	request_3	1641545809966	1641545810005	OK	 
REQUEST	20	GET user request chaining	request_3	1641545809966	1641545810008	OK	 
REQUEST	41	GET user request chaining	request_3	1641545809976	1641545810017	OK	 
REQUEST	33	GET user request chaining	request_3	1641545809987	1641545810022	OK	 
REQUEST	42	GET user request chaining	request_3	1641545809987	1641545810027	OK	 
REQUEST	40	GET user request chaining	request_3	1641545809976	1641545810038	OK	 
REQUEST	16	GET user request chaining	request_3	1641545810927	1641545810972	OK	 
REQUEST	37	GET user request chaining	request_3	1641545810967	1641545811002	OK	 
REQUEST	15	1st User	GET 1 User Only Request	1641545803746	1641545811003	OK	 
REQUEST	7	GET user request chaining	request_4	1641545811497	1641545811537	OK	 
REQUEST	38	GET user request chaining	request_4	1641545811497	1641545811534	OK	 
REQUEST	14	GET user request chaining	request_4	1641545811498	1641545811534	OK	 
REQUEST	5	GET user request chaining	request_4	1641545811498	1641545811534	OK	 
REQUEST	50	GET user request chaining	request_4	1641545811497	1641545811536	OK	 
REQUEST	1	GET user request chaining	request_4	1641545811497	1641545811540	OK	 
REQUEST	26	GET user request chaining	request_4	1641545811498	1641545811537	OK	 
REQUEST	30	GET user request chaining	request_4	1641545811508	1641545811544	OK	 
REQUEST	36	GET user request chaining	request_4	1641545811508	1641545811545	OK	 
REQUEST	34	GET user request chaining	request_4	1641545811508	1641545811548	OK	 
REQUEST	43	GET user request chaining	request_4	1641545811508	1641545811549	OK	 
REQUEST	23	GET user request chaining	request_4	1641545811509	1641545811549	OK	 
REQUEST	10	GET user request chaining	request_4	1641545811508	1641545811552	OK	 
REQUEST	12	GET user request chaining	request_4	1641545811517	1641545811552	OK	 
REQUEST	45	GET user request chaining	request_4	1641545811508	1641545811553	OK	 
REQUEST	3	GET user request chaining	request_4	1641545811517	1641545811555	OK	 
REQUEST	32	GET user request chaining	request_4	1641545811518	1641545811555	OK	 
REQUEST	8	GET user request chaining	request_4	1641545811518	1641545811558	OK	 
REQUEST	19	GET user request chaining	request_4	1641545811517	1641545811558	OK	 
REQUEST	47	GET user request chaining	request_4	1641545811518	1641545811558	OK	 
REQUEST	35	GET user request chaining	request_4	1641545811518	1641545811560	OK	 
REQUEST	17	GET user request chaining	request_4	1641545811518	1641545811561	OK	 
REQUEST	22	GET user request chaining	request_4	1641545811549	1641545811586	OK	 
REQUEST	21	GET user request chaining	request_4	1641545811549	1641545811589	OK	 
REQUEST	24	GET user request chaining	request_4	1641545811558	1641545811600	OK	 
REQUEST	28	GET user request chaining	request_4	1641545811597	1641545811640	OK	 
REQUEST	9	GET user request chaining	request_4	1641545811927	1641545811967	OK	 
REQUEST	6	GET user request chaining	request_4	1641545811937	1641545811974	OK	 
REQUEST	2	GET user request chaining	request_4	1641545811947	1641545811981	OK	 
REQUEST	29	GET user request chaining	request_4	1641545811947	1641545811992	OK	 
REQUEST	39	GET user request chaining	request_4	1641545811967	1641545812005	OK	 
REQUEST	4	GET user request chaining	request_4	1641545811977	1641545812012	OK	 
REQUEST	31	GET user request chaining	request_4	1641545811977	1641545812012	OK	 
GROUP	15	1st User	1641545803746	1641545812016	7257	OK
REQUEST	46	GET user request chaining	request_4	1641545811987	1641545812025	OK	 
REQUEST	11	1st User	GET 1 User Only Request	1641545803742	1641545812032	OK	 
REQUEST	44	1st User	GET 1 User Only Request	1641545803770	1641545812044	OK	 
REQUEST	18	GET user request chaining	request_4	1641545812997	1641545813035	OK	 
REQUEST	13	GET user request chaining	request_4	1641545812997	1641545813035	OK	 
REQUEST	48	GET user request chaining	request_4	1641545813007	1641545813042	OK	 
REQUEST	20	GET user request chaining	request_4	1641545813007	1641545813044	OK	 
REQUEST	25	GET user request chaining	request_4	1641545813007	1641545813045	OK	 
GROUP	11	1st User	1641545803742	1641545813046	8290	OK
REQUEST	49	GET user request chaining	request_4	1641545813007	1641545813045	OK	 
REQUEST	33	GET user request chaining	request_4	1641545813016	1641545813050	OK	 
REQUEST	41	GET user request chaining	request_4	1641545813016	1641545813050	OK	 
GROUP	44	1st User	1641545803769	1641545813056	8274	OK
REQUEST	27	GET user request chaining	request_4	1641545813007	1641545813058	OK	 
REQUEST	42	GET user request chaining	request_4	1641545813026	1641545813062	OK	 
REQUEST	40	GET user request chaining	request_4	1641545813037	1641545813076	OK	 
REQUEST	16	GET user request chaining	request_4	1641545813967	1641545814008	OK	 
REQUEST	37	GET user request chaining	request_4	1641545813997	1641545814034	OK	 
REQUEST	15	GET user request chaining	request_3	1641545815027	1641545815065	OK	 
GROUP	5	GET user request chaining	1641545804888	1641545815536	641	OK
GROUP	7	GET user request chaining	1641545804906	1641545815536	626	OK
GROUP	38	GET user request chaining	1641545804936	1641545815536	593	OK
GROUP	36	GET user request chaining	1641545804916	1641545815536	621	OK
GROUP	30	GET user request chaining	1641545804926	1641545815536	605	OK
GROUP	1	GET user request chaining	1641545804898	1641545815547	648	OK
GROUP	14	GET user request chaining	1641545804897	1641545815546	641	OK
GROUP	50	GET user request chaining	1641545804936	1641545815547	595	OK
GROUP	26	GET user request chaining	1641545804926	1641545815548	604	OK
GROUP	34	GET user request chaining	1641545804916	1641545815548	629	OK
GROUP	43	GET user request chaining	1641545804926	1641545815553	624	OK
GROUP	3	GET user request chaining	1641545804898	1641545815553	659	OK
GROUP	12	GET user request chaining	1641545804896	1641545815554	657	OK
GROUP	45	GET user request chaining	1641545804916	1641545815556	630	OK
GROUP	10	GET user request chaining	1641545804896	1641545815557	658	OK
GROUP	23	GET user request chaining	1641545804936	1641545815557	607	OK
GROUP	19	GET user request chaining	1641545804936	1641545815557	610	OK
GROUP	47	GET user request chaining	1641545804926	1641545815558	633	OK
GROUP	8	GET user request chaining	1641545804897	1641545815566	666	OK
GROUP	32	GET user request chaining	1641545804916	1641545815566	653	OK
GROUP	35	GET user request chaining	1641545804936	1641545815566	618	OK
GROUP	17	GET user request chaining	1641545804926	1641545815566	627	OK
GROUP	22	GET user request chaining	1641545804896	1641545815576	677	OK
GROUP	21	GET user request chaining	1641545804966	1641545815586	617	OK
GROUP	24	GET user request chaining	1641545804926	1641545815596	663	OK
GROUP	28	GET user request chaining	1641545804926	1641545815646	708	OK
GROUP	6	GET user request chaining	1641545805896	1641545815976	72	OK
GROUP	9	GET user request chaining	1641545805886	1641545815976	77	OK
GROUP	2	GET user request chaining	1641545805907	1641545815986	70	OK
GROUP	29	GET user request chaining	1641545805896	1641545815986	80	OK
GROUP	4	GET user request chaining	1641545805936	1641545816006	70	OK
GROUP	31	GET user request chaining	1641545805936	1641545816016	71	OK
GROUP	39	GET user request chaining	1641545805926	1641545816016	74	OK
GROUP	46	GET user request chaining	1641545805946	1641545816036	76	OK
REQUEST	11	GET user request chaining	request_3	1641545816057	1641545816095	OK	 
REQUEST	44	GET user request chaining	request_3	1641545816067	1641545816111	OK	 
REQUEST	26	Update user Chaining	request_6	1641545815572	1641545816114	OK	 
REQUEST	38	Update user Chaining	request_6	1641545815568	1641545816129	OK	 
REQUEST	43	Update user Chaining	request_6	1641545815569	1641545816130	OK	 
REQUEST	7	Update user Chaining	request_6	1641545815563	1641545816131	OK	 
REQUEST	47	Update user Chaining	request_6	1641545815569	1641545816138	OK	 
REQUEST	1	Update user Chaining	request_6	1641545815568	1641545816141	OK	 
REQUEST	34	Update user Chaining	request_6	1641545815563	1641545816142	OK	 
REQUEST	22	Update user Chaining	request_6	1641545815577	1641545816146	OK	 
REQUEST	21	Update user Chaining	request_6	1641545815587	1641545816148	OK	 
REQUEST	45	Update user Chaining	request_6	1641545815568	1641545816174	OK	 
REQUEST	30	Update user Chaining	request_6	1641545815563	1641545816173	OK	 
REQUEST	5	Update user Chaining	request_6	1641545815564	1641545816174	OK	 
REQUEST	10	Update user Chaining	request_6	1641545815565	1641545816174	OK	 
REQUEST	35	Update user Chaining	request_6	1641545815567	1641545816174	OK	 
REQUEST	14	Update user Chaining	request_6	1641545815563	1641545816174	OK	 
REQUEST	36	Update user Chaining	request_6	1641545815565	1641545816174	OK	 
REQUEST	17	Update user Chaining	request_6	1641545815569	1641545816175	OK	 
REQUEST	19	Update user Chaining	request_6	1641545815563	1641545816180	OK	 
REQUEST	3	Update user Chaining	request_6	1641545815565	1641545816183	OK	 
REQUEST	23	Update user Chaining	request_6	1641545815569	1641545816195	OK	 
REQUEST	24	Update user Chaining	request_6	1641545815597	1641545816195	OK	 
REQUEST	8	Update user Chaining	request_6	1641545815567	1641545816201	OK	 
REQUEST	50	Update user Chaining	request_6	1641545815568	1641545816202	OK	 
REQUEST	32	Update user Chaining	request_6	1641545815567	1641545816204	OK	 
REQUEST	12	Update user Chaining	request_6	1641545815564	1641545816215	OK	 
REQUEST	28	Update user Chaining	request_6	1641545815647	1641545816228	OK	 
REQUEST	9	Update user Chaining	request_6	1641545815977	1641545816596	OK	 
REQUEST	39	Update user Chaining	request_6	1641545816017	1641545816597	OK	 
REQUEST	2	Update user Chaining	request_6	1641545815987	1641545816597	OK	 
REQUEST	4	Update user Chaining	request_6	1641545816006	1641545816597	OK	 
REQUEST	6	Update user Chaining	request_6	1641545815977	1641545816597	OK	 
REQUEST	31	Update user Chaining	request_6	1641545816017	1641545816598	OK	 
REQUEST	29	Update user Chaining	request_6	1641545815987	1641545816598	OK	 
REQUEST	46	Update user Chaining	request_6	1641545816038	1641545816600	OK	 
GROUP	48	GET user request chaining	1641545806957	1641545817036	72	OK
GROUP	13	GET user request chaining	1641545806958	1641545817046	74	OK
GROUP	20	GET user request chaining	1641545806957	1641545817047	79	OK
GROUP	18	GET user request chaining	1641545806947	1641545817046	80	OK
GROUP	25	GET user request chaining	1641545806957	1641545817047	75	OK
GROUP	41	GET user request chaining	1641545806966	1641545817047	75	OK
GROUP	49	GET user request chaining	1641545806957	1641545817047	75	OK
GROUP	33	GET user request chaining	1641545806977	1641545817056	69	OK
GROUP	42	GET user request chaining	1641545806977	1641545817056	76	OK
GROUP	27	GET user request chaining	1641545806957	1641545817056	90	OK
GROUP	40	GET user request chaining	1641545806966	1641545817077	101	OK
REQUEST	33	Update user Chaining	request_6	1641545817057	1641545817584	OK	 
REQUEST	18	Update user Chaining	request_6	1641545817047	1641545817595	OK	 
REQUEST	49	Update user Chaining	request_6	1641545817047	1641545817604	OK	 
REQUEST	13	Update user Chaining	request_6	1641545817047	1641545817612	OK	 
REQUEST	42	Update user Chaining	request_6	1641545817057	1641545817617	OK	 
REQUEST	48	Update user Chaining	request_6	1641545817037	1641545817621	OK	 
REQUEST	25	Update user Chaining	request_6	1641545817047	1641545817622	OK	 
REQUEST	41	Update user Chaining	request_6	1641545817047	1641545817636	OK	 
REQUEST	40	Update user Chaining	request_6	1641545817078	1641545817642	OK	 
REQUEST	20	Update user Chaining	request_6	1641545817047	1641545817662	OK	 
REQUEST	27	Update user Chaining	request_6	1641545817057	1641545817664	OK	 
GROUP	16	GET user request chaining	1641545807916	1641545818016	86	OK
GROUP	37	GET user request chaining	1641545807957	1641545818026	72	OK
REQUEST	15	GET user request chaining	request_4	1641545818066	1641545818103	OK	 
REQUEST	16	Update user Chaining	request_6	1641545818017	1641545818582	OK	 
REQUEST	37	Update user Chaining	request_6	1641545818027	1641545818598	OK	 
REQUEST	22	Update user Chaining	request_7	1641545818157	1641545818717	OK	 
REQUEST	47	Update user Chaining	request_7	1641545818138	1641545818725	OK	 
REQUEST	1	Update user Chaining	request_7	1641545818138	1641545818726	OK	 
REQUEST	43	Update user Chaining	request_7	1641545818127	1641545818728	OK	 
REQUEST	38	Update user Chaining	request_7	1641545818138	1641545818729	OK	 
REQUEST	35	Update user Chaining	request_7	1641545818177	1641545818731	OK	 
REQUEST	5	Update user Chaining	request_7	1641545818177	1641545818732	OK	 
REQUEST	23	Update user Chaining	request_7	1641545818197	1641545818736	OK	 
REQUEST	45	Update user Chaining	request_7	1641545818168	1641545818738	OK	 
REQUEST	19	Update user Chaining	request_7	1641545818177	1641545818738	OK	 
REQUEST	7	Update user Chaining	request_7	1641545818127	1641545818744	OK	 
REQUEST	14	Update user Chaining	request_7	1641545818168	1641545818748	OK	 
REQUEST	36	Update user Chaining	request_7	1641545818177	1641545818748	OK	 
REQUEST	26	Update user Chaining	request_7	1641545818117	1641545818750	OK	 
REQUEST	24	Update user Chaining	request_7	1641545818207	1641545818751	OK	 
REQUEST	30	Update user Chaining	request_7	1641545818177	1641545818753	OK	 
REQUEST	3	Update user Chaining	request_7	1641545818177	1641545818757	OK	 
REQUEST	12	Update user Chaining	request_7	1641545818207	1641545818766	OK	 
REQUEST	50	Update user Chaining	request_7	1641545818197	1641545818775	OK	 
REQUEST	8	Update user Chaining	request_7	1641545818197	1641545818787	OK	 
REQUEST	28	Update user Chaining	request_7	1641545818227	1641545818791	OK	 
REQUEST	32	Update user Chaining	request_7	1641545818197	1641545818797	OK	 
REQUEST	39	Update user Chaining	request_7	1641545818597	1641545819130	OK	 
REQUEST	2	Update user Chaining	request_7	1641545818597	1641545819136	OK	 
REQUEST	44	GET user request chaining	request_4	1641545819107	1641545819143	OK	 
REQUEST	11	GET user request chaining	request_4	1641545819097	1641545819145	OK	 
REQUEST	4	Update user Chaining	request_7	1641545818607	1641545819154	OK	 
REQUEST	29	Update user Chaining	request_7	1641545818607	1641545819160	OK	 
REQUEST	46	Update user Chaining	request_7	1641545818597	1641545819160	OK	 
REQUEST	31	Update user Chaining	request_7	1641545818597	1641545819177	OK	 
REQUEST	6	Update user Chaining	request_7	1641545818607	1641545819178	OK	 
REQUEST	9	Update user Chaining	request_7	1641545818597	1641545819184	OK	 
REQUEST	34	Update user Chaining	request_7	1641545818138	1641545819562	OK	 
REQUEST	17	Update user Chaining	request_7	1641545818168	1641545819715	OK	 
REQUEST	10	Update user Chaining	request_7	1641545818168	1641545819737	OK	 
REQUEST	21	Update user Chaining	request_7	1641545818167	1641545819766	OK	 
REQUEST	18	Update user Chaining	request_7	1641545819587	1641545820178	OK	 
REQUEST	25	Update user Chaining	request_7	1641545819617	1641545820178	OK	 
REQUEST	48	Update user Chaining	request_7	1641545819627	1641545820178	OK	 
REQUEST	49	Update user Chaining	request_7	1641545819597	1641545820178	OK	 
REQUEST	33	Update user Chaining	request_7	1641545819576	1641545820180	OK	 
REQUEST	13	Update user Chaining	request_7	1641545819606	1641545820185	OK	 
REQUEST	42	Update user Chaining	request_7	1641545819627	1641545820193	OK	 
REQUEST	41	Update user Chaining	request_7	1641545819646	1641545820195	OK	 
REQUEST	40	Update user Chaining	request_7	1641545819637	1641545820207	OK	 
REQUEST	27	Update user Chaining	request_7	1641545819657	1641545820218	OK	 
REQUEST	20	Update user Chaining	request_7	1641545819657	1641545820238	OK	 
REQUEST	16	Update user Chaining	request_7	1641545820577	1641545821147	OK	 
REQUEST	37	Update user Chaining	request_7	1641545820606	1641545821159	OK	 
REQUEST	43	Update user Chaining	request_7	1641545820727	1641545821270	OK	 
REQUEST	5	Update user Chaining	request_7	1641545820727	1641545821282	OK	 
REQUEST	1	Update user Chaining	request_7	1641545820737	1641545821289	OK	 
REQUEST	47	Update user Chaining	request_7	1641545820727	1641545821291	OK	 
REQUEST	45	Update user Chaining	request_7	1641545820747	1641545821296	OK	 
REQUEST	22	Update user Chaining	request_7	1641545820717	1641545821299	OK	 
REQUEST	7	Update user Chaining	request_7	1641545820747	1641545821306	OK	 
REQUEST	36	Update user Chaining	request_7	1641545820757	1641545821308	OK	 
REQUEST	35	Update user Chaining	request_7	1641545820727	1641545821318	OK	 
REQUEST	38	Update user Chaining	request_7	1641545820727	1641545821320	OK	 
REQUEST	26	Update user Chaining	request_7	1641545820747	1641545821323	OK	 
REQUEST	28	Update user Chaining	request_7	1641545820786	1641545821327	OK	 
REQUEST	14	Update user Chaining	request_7	1641545820757	1641545821327	OK	 
REQUEST	30	Update user Chaining	request_7	1641545820747	1641545821329	OK	 
REQUEST	19	Update user Chaining	request_7	1641545820748	1641545821334	OK	 
REQUEST	23	Update user Chaining	request_7	1641545820737	1641545821338	OK	 
REQUEST	32	Update user Chaining	request_7	1641545820806	1641545821345	OK	 
REQUEST	24	Update user Chaining	request_7	1641545820747	1641545821345	OK	 
REQUEST	12	Update user Chaining	request_7	1641545820777	1641545821347	OK	 
REQUEST	8	Update user Chaining	request_7	1641545820796	1641545821371	OK	 
REQUEST	50	Update user Chaining	request_7	1641545820777	1641545821382	OK	 
REQUEST	3	Update user Chaining	request_7	1641545820767	1641545821400	OK	 
REQUEST	39	Update user Chaining	request_7	1641545821127	1641545821704	OK	 
REQUEST	46	Update user Chaining	request_7	1641545821157	1641545821724	OK	 
REQUEST	2	Update user Chaining	request_7	1641545821147	1641545821724	OK	 
REQUEST	9	Update user Chaining	request_7	1641545821177	1641545821748	OK	 
REQUEST	6	Update user Chaining	request_7	1641545821177	1641545821754	OK	 
REQUEST	29	Update user Chaining	request_7	1641545821157	1641545821765	OK	 
REQUEST	31	Update user Chaining	request_7	1641545821187	1641545821792	OK	 
GROUP	15	GET user request chaining	1641545812016	1641545822096	75	OK
REQUEST	34	Update user Chaining	request_7	1641545821567	1641545822145	OK	 
REQUEST	17	Update user Chaining	request_7	1641545821717	1641545822291	OK	 
REQUEST	10	Update user Chaining	request_7	1641545821747	1641545822328	OK	 
REQUEST	21	Update user Chaining	request_7	1641545821757	1641545822333	OK	 
REQUEST	4	Update user Chaining	request_7	1641545821147	1641545822454	OK	 
REQUEST	15	Update user Chaining	request_6	1641545822097	1641545822702	OK	 
REQUEST	48	Update user Chaining	request_7	1641545822178	1641545822742	OK	 
REQUEST	13	Update user Chaining	request_7	1641545822178	1641545822746	OK	 
REQUEST	41	Update user Chaining	request_7	1641545822197	1641545822750	OK	 
REQUEST	33	Update user Chaining	request_7	1641545822187	1641545822759	OK	 
REQUEST	42	Update user Chaining	request_7	1641545822187	1641545822763	OK	 
REQUEST	49	Update user Chaining	request_7	1641545822187	1641545822765	OK	 
REQUEST	18	Update user Chaining	request_7	1641545822187	1641545822791	OK	 
REQUEST	25	Update user Chaining	request_7	1641545822178	1641545822800	OK	 
REQUEST	40	Update user Chaining	request_7	1641545822217	1641545822802	OK	 
REQUEST	27	Update user Chaining	request_7	1641545822227	1641545822814	OK	 
REQUEST	20	Update user Chaining	request_7	1641545822247	1641545822815	OK	 
REQUEST	43	Update user Chaining	request_8	1641545822267	1641545822827	OK	 
REQUEST	47	Update user Chaining	request_8	1641545822287	1641545822843	OK	 
REQUEST	1	Update user Chaining	request_8	1641545822287	1641545822869	OK	 
REQUEST	45	Update user Chaining	request_8	1641545822296	1641545822869	OK	 
REQUEST	5	Update user Chaining	request_8	1641545822287	1641545822870	OK	 
REQUEST	19	Update user Chaining	request_8	1641545822327	1641545822880	OK	 
REQUEST	7	Update user Chaining	request_8	1641545822317	1641545822880	OK	 
REQUEST	26	Update user Chaining	request_8	1641545822317	1641545822885	OK	 
REQUEST	35	Update user Chaining	request_8	1641545822327	1641545822886	OK	 
REQUEST	36	Update user Chaining	request_8	1641545822307	1641545822887	OK	 
REQUEST	28	Update user Chaining	request_8	1641545822337	1641545822888	OK	 
REQUEST	14	Update user Chaining	request_8	1641545822327	1641545822890	OK	 
REQUEST	12	Update user Chaining	request_8	1641545822347	1641545822894	OK	 
REQUEST	22	Update user Chaining	request_8	1641545822296	1641545822894	OK	 
REQUEST	23	Update user Chaining	request_8	1641545822337	1641545822895	OK	 
REQUEST	38	Update user Chaining	request_8	1641545822317	1641545822901	OK	 
REQUEST	8	Update user Chaining	request_8	1641545822366	1641545822927	OK	 
REQUEST	24	Update user Chaining	request_8	1641545822337	1641545822928	OK	 
REQUEST	32	Update user Chaining	request_8	1641545822337	1641545822940	OK	 
REQUEST	30	Update user Chaining	request_8	1641545822337	1641545822940	OK	 
REQUEST	50	Update user Chaining	request_8	1641545822386	1641545822968	OK	 
REQUEST	3	Update user Chaining	request_8	1641545822397	1641545822983	OK	 
GROUP	44	GET user request chaining	1641545813057	1641545823146	80	OK
GROUP	11	GET user request chaining	1641545813046	1641545823146	86	OK
REQUEST	39	Update user Chaining	request_8	1641545822697	1641545823267	OK	 
REQUEST	46	Update user Chaining	request_8	1641545822726	1641545823268	OK	 
REQUEST	2	Update user Chaining	request_8	1641545822717	1641545823300	OK	 
REQUEST	9	Update user Chaining	request_8	1641545822757	1641545823312	OK	 
REQUEST	29	Update user Chaining	request_8	1641545822757	1641545823346	OK	 
REQUEST	31	Update user Chaining	request_8	1641545822786	1641545823383	OK	 
REQUEST	34	Update user Chaining	request_8	1641545823147	1641545823741	OK	 
REQUEST	16	Update user Chaining	request_7	1641545823157	1641545823741	OK	 
REQUEST	11	Update user Chaining	request_6	1641545823147	1641545823741	OK	 
REQUEST	44	Update user Chaining	request_6	1641545823147	1641545823741	OK	 
REQUEST	37	Update user Chaining	request_7	1641545823157	1641545823758	OK	 
REQUEST	17	Update user Chaining	request_8	1641545823297	1641545823887	OK	 
REQUEST	21	Update user Chaining	request_8	1641545823327	1641545823890	OK	 
REQUEST	10	Update user Chaining	request_8	1641545823327	1641545823921	OK	 
REQUEST	4	Update user Chaining	request_8	1641545823456	1641545824001	OK	 
REQUEST	41	Update user Chaining	request_8	1641545823747	1641545824284	OK	 
REQUEST	48	Update user Chaining	request_8	1641545823737	1641545824299	OK	 
REQUEST	13	Update user Chaining	request_8	1641545823757	1641545824319	OK	 
REQUEST	33	Update user Chaining	request_8	1641545823766	1641545824321	OK	 
REQUEST	49	Update user Chaining	request_8	1641545823757	1641545824322	OK	 
REQUEST	42	Update user Chaining	request_8	1641545823766	1641545824343	OK	 
REQUEST	40	Update user Chaining	request_8	1641545823797	1641545824363	OK	 
REQUEST	20	Update user Chaining	request_8	1641545823817	1641545824371	OK	 
REQUEST	27	Update user Chaining	request_8	1641545823817	1641545824379	OK	 
REQUEST	25	Update user Chaining	request_8	1641545823797	1641545824385	OK	 
REQUEST	18	Update user Chaining	request_8	1641545823787	1641545824393	OK	 
REQUEST	6	Update user Chaining	request_8	1641545822747	1641545824734	OK	 
GROUP	43	Update user Chaining	1641545815553	1641545824836	2265	OK
GROUP	47	Update user Chaining	1641545815558	1641545824846	2276	OK
GROUP	45	Update user Chaining	1641545815558	1641545824867	2298	OK
GROUP	1	Update user Chaining	1641545815548	1641545824866	2295	OK
GROUP	5	Update user Chaining	1641545815536	1641545824876	2303	OK
GROUP	7	Update user Chaining	1641545815536	1641545824876	2307	OK
GROUP	19	Update user Chaining	1641545815557	1641545824886	2317	OK
GROUP	26	Update user Chaining	1641545815548	1641545824886	2319	OK
GROUP	35	Update user Chaining	1641545815566	1641545824886	2311	OK
GROUP	14	Update user Chaining	1641545815548	1641545824886	2324	OK
GROUP	22	Update user Chaining	1641545815576	1641545824886	2309	OK
GROUP	28	Update user Chaining	1641545815646	1641545824886	2237	OK
GROUP	12	Update user Chaining	1641545815554	1641545824886	2327	OK
GROUP	23	Update user Chaining	1641545815557	1641545824886	2324	OK
GROUP	36	Update user Chaining	1641545815536	1641545824896	2311	OK
GROUP	38	Update user Chaining	1641545815536	1641545824906	2329	OK
GROUP	8	Update user Chaining	1641545815566	1641545824926	2360	OK
GROUP	32	Update user Chaining	1641545815566	1641545824936	2379	OK
GROUP	30	Update user Chaining	1641545815536	1641545824936	2371	OK
GROUP	24	Update user Chaining	1641545815596	1641545824936	2331	OK
GROUP	50	Update user Chaining	1641545815548	1641545824966	2399	OK
GROUP	3	Update user Chaining	1641545815553	1641545824986	2417	OK
REQUEST	15	Update user Chaining	request_7	1641545824707	1641545825262	OK	 
GROUP	46	Update user Chaining	1641545816037	1641545825266	2234	OK
GROUP	39	Update user Chaining	1641545816016	1641545825276	2260	OK
GROUP	2	Update user Chaining	1641545815986	1641545825297	2309	OK
REQUEST	16	Update user Chaining	request_8	1641545824737	1641545825301	OK	 
GROUP	9	Update user Chaining	1641545815976	1641545825306	2332	OK
REQUEST	37	Update user Chaining	request_8	1641545824766	1641545825317	OK	 
GROUP	29	Update user Chaining	1641545815986	1641545825356	2361	OK
GROUP	31	Update user Chaining	1641545816016	1641545825376	2363	OK
GROUP	34	Update user Chaining	1641545815548	1641545825736	3175	OK
GROUP	17	Update user Chaining	1641545815567	1641545825887	3317	OK
GROUP	21	Update user Chaining	1641545815586	1641545825896	3299	OK
GROUP	10	Update user Chaining	1641545815557	1641545825916	3353	OK
GROUP	4	Update user Chaining	1641545816006	1641545826006	2990	OK
GROUP	41	Update user Chaining	1641545817047	1641545826276	2228	OK
GROUP	48	Update user Chaining	1641545817036	1641545826306	2261	OK
GROUP	33	Update user Chaining	1641545817056	1641545826316	2258	OK
GROUP	13	Update user Chaining	1641545817047	1641545826316	2274	OK
REQUEST	44	Update user Chaining	request_7	1641545825747	1641545826320	OK	 
REQUEST	11	Update user Chaining	request_7	1641545825736	1641545826320	OK	 
GROUP	49	Update user Chaining	1641545817047	1641545826326	2281	OK
GROUP	42	Update user Chaining	1641545817056	1641545826345	2279	OK
GROUP	40	Update user Chaining	1641545817077	1641545826356	2285	OK
GROUP	20	Update user Chaining	1641545817047	1641545826366	2318	OK
GROUP	27	Update user Chaining	1641545817056	1641545826376	2317	OK
GROUP	25	Update user Chaining	1641545817047	1641545826386	2346	OK
GROUP	18	Update user Chaining	1641545817047	1641545826386	2349	OK
GROUP	6	Update user Chaining	1641545815976	1641545826736	3755	OK
GROUP	16	Update user Chaining	1641545818016	1641545827306	2283	OK
GROUP	37	Update user Chaining	1641545818026	1641545827316	2276	OK
REQUEST	15	Update user Chaining	request_7	1641545827266	1641545827959	OK	 
REQUEST	44	Update user Chaining	request_7	1641545828317	1641545828961	OK	 
REQUEST	11	Update user Chaining	request_7	1641545828327	1641545828961	OK	 
REQUEST	15	Update user Chaining	request_8	1641545828957	1641545829598	OK	 
REQUEST	11	Update user Chaining	request_8	1641545829956	1641545830622	OK	 
REQUEST	44	Update user Chaining	request_8	1641545829966	1641545830622	OK	 
GROUP	15	Update user Chaining	1641545822097	1641545831597	2494	OK
GROUP	44	Update user Chaining	1641545823146	1641545832617	2467	OK
GROUP	11	Update user Chaining	1641545823147	1641545832626	2478	OK
GROUP	43	GET user request chaining	1641545824836	1641545834836	0	OK
GROUP	47	GET user request chaining	1641545824846	1641545834856	0	OK
GROUP	1	GET user request chaining	1641545824867	1641545834876	0	OK
GROUP	5	GET user request chaining	1641545824876	1641545834876	0	OK
GROUP	45	GET user request chaining	1641545824867	1641545834876	0	OK
GROUP	7	GET user request chaining	1641545824876	1641545834876	0	OK
GROUP	35	GET user request chaining	1641545824886	1641545834886	0	OK
GROUP	28	GET user request chaining	1641545824886	1641545834896	0	OK
GROUP	12	GET user request chaining	1641545824886	1641545834896	0	OK
GROUP	19	GET user request chaining	1641545824886	1641545834896	0	OK
GROUP	22	GET user request chaining	1641545824886	1641545834896	0	OK
GROUP	36	GET user request chaining	1641545824896	1641545834897	0	OK
GROUP	14	GET user request chaining	1641545824886	1641545834897	0	OK
GROUP	26	GET user request chaining	1641545824886	1641545834897	0	OK
GROUP	23	GET user request chaining	1641545824887	1641545834906	0	OK
GROUP	38	GET user request chaining	1641545824906	1641545834916	0	OK
GROUP	24	GET user request chaining	1641545824936	1641545834936	0	OK
GROUP	8	GET user request chaining	1641545824926	1641545834936	0	OK
GROUP	30	GET user request chaining	1641545824936	1641545834946	0	OK
GROUP	32	GET user request chaining	1641545824936	1641545834946	0	OK
GROUP	50	GET user request chaining	1641545824967	1641545834976	0	OK
GROUP	3	GET user request chaining	1641545824986	1641545834986	0	OK
GROUP	46	GET user request chaining	1641545825266	1641545835276	0	OK
GROUP	39	GET user request chaining	1641545825276	1641545835276	0	OK
GROUP	2	GET user request chaining	1641545825297	1641545835306	0	OK
GROUP	9	GET user request chaining	1641545825306	1641545835316	0	OK
GROUP	29	GET user request chaining	1641545825356	1641545835356	0	OK
GROUP	31	GET user request chaining	1641545825377	1641545835386	0	OK
REQUEST	14	Update user Chaining	request_6	1641545834897	1641545835451	OK	 
REQUEST	43	Update user Chaining	request_6	1641545834837	1641545835459	OK	 
REQUEST	1	Update user Chaining	request_6	1641545834877	1641545835463	OK	 
REQUEST	7	Update user Chaining	request_6	1641545834877	1641545835466	OK	 
REQUEST	5	Update user Chaining	request_6	1641545834877	1641545835479	OK	 
REQUEST	38	Update user Chaining	request_6	1641545834916	1641545835481	OK	 
REQUEST	47	Update user Chaining	request_6	1641545834856	1641545835492	OK	 
REQUEST	23	Update user Chaining	request_6	1641545834906	1641545835497	OK	 
REQUEST	36	Update user Chaining	request_6	1641545834897	1641545835504	OK	 
REQUEST	8	Update user Chaining	request_6	1641545834937	1641545835504	OK	 
REQUEST	12	Update user Chaining	request_6	1641545834897	1641545835506	OK	 
REQUEST	24	Update user Chaining	request_6	1641545834937	1641545835507	OK	 
REQUEST	28	Update user Chaining	request_6	1641545834897	1641545835516	OK	 
REQUEST	19	Update user Chaining	request_6	1641545834897	1641545835526	OK	 
REQUEST	32	Update user Chaining	request_6	1641545834947	1641545835532	OK	 
REQUEST	35	Update user Chaining	request_6	1641545834887	1641545835538	OK	 
REQUEST	30	Update user Chaining	request_6	1641545834947	1641545835551	OK	 
REQUEST	22	Update user Chaining	request_6	1641545834897	1641545835551	OK	 
REQUEST	50	Update user Chaining	request_6	1641545834976	1641545835580	OK	 
REQUEST	3	Update user Chaining	request_6	1641545834987	1641545835650	OK	 
GROUP	34	GET user request chaining	1641545825736	1641545835746	0	OK
REQUEST	46	Update user Chaining	request_6	1641545835277	1641545835823	OK	 
REQUEST	39	Update user Chaining	request_6	1641545835277	1641545835868	OK	 
REQUEST	2	Update user Chaining	request_6	1641545835307	1641545835885	OK	 
REQUEST	9	Update user Chaining	request_6	1641545835316	1641545835892	OK	 
GROUP	17	GET user request chaining	1641545825887	1641545835897	0	OK
REQUEST	29	Update user Chaining	request_6	1641545835357	1641545835900	OK	 
GROUP	21	GET user request chaining	1641545825896	1641545835906	0	OK
GROUP	10	GET user request chaining	1641545825916	1641545835926	0	OK
REQUEST	31	Update user Chaining	request_6	1641545835387	1641545835976	OK	 
GROUP	4	GET user request chaining	1641545826006	1641545836006	0	OK
GROUP	41	GET user request chaining	1641545826277	1641545836286	0	OK
REQUEST	34	Update user Chaining	request_6	1641545835746	1641545836291	OK	 
GROUP	48	GET user request chaining	1641545826306	1641545836316	0	OK
GROUP	13	GET user request chaining	1641545826316	1641545836326	0	OK
GROUP	33	GET user request chaining	1641545826316	1641545836326	0	OK
GROUP	49	GET user request chaining	1641545826327	1641545836336	0	OK
GROUP	42	GET user request chaining	1641545826346	1641545836346	0	OK
GROUP	40	GET user request chaining	1641545826356	1641545836366	0	OK
GROUP	20	GET user request chaining	1641545826366	1641545836376	0	OK
GROUP	27	GET user request chaining	1641545826376	1641545836386	0	OK
GROUP	25	GET user request chaining	1641545826386	1641545836396	0	OK
GROUP	18	GET user request chaining	1641545826386	1641545836396	0	OK
REQUEST	17	Update user Chaining	request_6	1641545835897	1641545836459	OK	 
REQUEST	45	Update user Chaining	request_6	1641545834877	1641545836493	OK	 
REQUEST	10	Update user Chaining	request_6	1641545835927	1641545836501	OK	 
REQUEST	21	Update user Chaining	request_6	1641545835906	1641545836510	OK	 
REQUEST	26	Update user Chaining	request_6	1641545834897	1641545836520	OK	 
REQUEST	4	Update user Chaining	request_6	1641545836007	1641545836589	OK	 
GROUP	6	GET user request chaining	1641545826736	1641545836747	0	OK
REQUEST	41	Update user Chaining	request_6	1641545836287	1641545836869	OK	 
REQUEST	33	Update user Chaining	request_6	1641545836326	1641545836878	OK	 
REQUEST	49	Update user Chaining	request_6	1641545836337	1641545836887	OK	 
REQUEST	48	Update user Chaining	request_6	1641545836316	1641545836892	OK	 
REQUEST	42	Update user Chaining	request_6	1641545836347	1641545836922	OK	 
REQUEST	13	Update user Chaining	request_6	1641545836327	1641545836925	OK	 
REQUEST	20	Update user Chaining	request_6	1641545836377	1641545836932	OK	 
REQUEST	27	Update user Chaining	request_6	1641545836387	1641545836935	OK	 
REQUEST	25	Update user Chaining	request_6	1641545836397	1641545836958	OK	 
REQUEST	40	Update user Chaining	request_6	1641545836366	1641545836960	OK	 
REQUEST	18	Update user Chaining	request_6	1641545836397	1641545836987	OK	 
GROUP	16	GET user request chaining	1641545827307	1641545837306	0	OK
GROUP	37	GET user request chaining	1641545827316	1641545837316	0	OK
REQUEST	6	Update user Chaining	request_6	1641545836747	1641545837357	OK	 
REQUEST	37	Update user Chaining	request_6	1641545837317	1641545837851	OK	 
REQUEST	16	Update user Chaining	request_6	1641545837306	1641545837864	OK	 
REQUEST	14	Update user Chaining	request_7	1641545837446	1641545837987	OK	 
REQUEST	43	Update user Chaining	request_7	1641545837457	1641545837989	OK	 
REQUEST	5	Update user Chaining	request_7	1641545837476	1641545838010	OK	 
REQUEST	47	Update user Chaining	request_7	1641545837476	1641545838030	OK	 
REQUEST	7	Update user Chaining	request_7	1641545837467	1641545838031	OK	 
REQUEST	23	Update user Chaining	request_7	1641545837497	1641545838033	OK	 
REQUEST	1	Update user Chaining	request_7	1641545837457	1641545838033	OK	 
REQUEST	36	Update user Chaining	request_7	1641545837497	1641545838051	OK	 
REQUEST	38	Update user Chaining	request_7	1641545837476	1641545838062	OK	 
REQUEST	24	Update user Chaining	request_7	1641545837507	1641545838068	OK	 
REQUEST	8	Update user Chaining	request_7	1641545837497	1641545838069	OK	 
REQUEST	28	Update user Chaining	request_7	1641545837507	1641545838072	OK	 
REQUEST	12	Update user Chaining	request_7	1641545837507	1641545838073	OK	 
REQUEST	32	Update user Chaining	request_7	1641545837526	1641545838079	OK	 
REQUEST	19	Update user Chaining	request_7	1641545837526	1641545838086	OK	 
REQUEST	35	Update user Chaining	request_7	1641545837536	1641545838100	OK	 
REQUEST	22	Update user Chaining	request_7	1641545837547	1641545838100	OK	 
REQUEST	30	Update user Chaining	request_7	1641545837547	1641545838131	OK	 
REQUEST	50	Update user Chaining	request_7	1641545837576	1641545838146	OK	 
REQUEST	3	Update user Chaining	request_7	1641545837647	1641545838221	OK	 
REQUEST	46	Update user Chaining	request_7	1641545837816	1641545838408	OK	 
REQUEST	2	Update user Chaining	request_7	1641545837876	1641545838458	OK	 
REQUEST	39	Update user Chaining	request_7	1641545837866	1641545838471	OK	 
REQUEST	29	Update user Chaining	request_7	1641545837897	1641545838485	OK	 
REQUEST	31	Update user Chaining	request_7	1641545837977	1641545838578	OK	 
REQUEST	34	Update user Chaining	request_7	1641545838287	1641545838871	OK	 
REQUEST	17	Update user Chaining	request_7	1641545838457	1641545839004	OK	 
REQUEST	21	Update user Chaining	request_7	1641545838507	1641545839050	OK	 
REQUEST	10	Update user Chaining	request_7	1641545838497	1641545839058	OK	 
REQUEST	45	Update user Chaining	request_7	1641545838486	1641545839069	OK	 
REQUEST	26	Update user Chaining	request_7	1641545838516	1641545839073	OK	 
REQUEST	4	Update user Chaining	request_7	1641545838586	1641545839150	OK	 
REQUEST	49	Update user Chaining	request_7	1641545838886	1641545839432	OK	 
REQUEST	41	Update user Chaining	request_7	1641545838867	1641545839445	OK	 
REQUEST	9	Update user Chaining	request_7	1641545837886	1641545839457	OK	 
REQUEST	48	Update user Chaining	request_7	1641545838886	1641545839458	OK	 
REQUEST	33	Update user Chaining	request_7	1641545838876	1641545839468	OK	 
REQUEST	20	Update user Chaining	request_7	1641545838926	1641545839486	OK	 
REQUEST	13	Update user Chaining	request_7	1641545838917	1641545839491	OK	 
REQUEST	42	Update user Chaining	request_7	1641545838926	1641545839508	OK	 
REQUEST	25	Update user Chaining	request_7	1641545838956	1641545839529	OK	 
REQUEST	27	Update user Chaining	request_7	1641545838936	1641545839534	OK	 
REQUEST	40	Update user Chaining	request_7	1641545838956	1641545839541	OK	 
REQUEST	18	Update user Chaining	request_7	1641545838987	1641545839590	OK	 
REQUEST	6	Update user Chaining	request_7	1641545839356	1641545839894	OK	 
REQUEST	16	Update user Chaining	request_7	1641545839857	1641545840431	OK	 
REQUEST	37	Update user Chaining	request_7	1641545839847	1641545840439	OK	 
REQUEST	14	Update user Chaining	request_7	1641545839987	1641545840580	OK	 
REQUEST	1	Update user Chaining	request_7	1641545840026	1641545840590	OK	 
REQUEST	47	Update user Chaining	request_7	1641545840036	1641545840594	OK	 
REQUEST	43	Update user Chaining	request_7	1641545839997	1641545840606	OK	 
REQUEST	23	Update user Chaining	request_7	1641545840026	1641545840608	OK	 
REQUEST	38	Update user Chaining	request_7	1641545840057	1641545840612	OK	 
REQUEST	5	Update user Chaining	request_7	1641545840016	1641545840618	OK	 
REQUEST	7	Update user Chaining	request_7	1641545840027	1641545840641	OK	 
REQUEST	36	Update user Chaining	request_7	1641545840057	1641545840644	OK	 
REQUEST	24	Update user Chaining	request_7	1641545840076	1641545840648	OK	 
REQUEST	8	Update user Chaining	request_7	1641545840076	1641545840651	OK	 
REQUEST	28	Update user Chaining	request_7	1641545840066	1641545840652	OK	 
REQUEST	19	Update user Chaining	request_7	1641545840076	1641545840654	OK	 
REQUEST	35	Update user Chaining	request_7	1641545840107	1641545840660	OK	 
REQUEST	12	Update user Chaining	request_7	1641545840066	1641545840661	OK	 
REQUEST	22	Update user Chaining	request_7	1641545840107	1641545840665	OK	 
REQUEST	32	Update user Chaining	request_7	1641545840086	1641545840665	OK	 
REQUEST	30	Update user Chaining	request_7	1641545840126	1641545840721	OK	 
REQUEST	50	Update user Chaining	request_7	1641545840147	1641545840738	OK	 
REQUEST	3	Update user Chaining	request_7	1641545840226	1641545840801	OK	 
REQUEST	46	Update user Chaining	request_7	1641545840417	1641545840980	OK	 
REQUEST	29	Update user Chaining	request_7	1641545840486	1641545841034	OK	 
REQUEST	2	Update user Chaining	request_7	1641545840467	1641545841034	OK	 
REQUEST	39	Update user Chaining	request_7	1641545840477	1641545841076	OK	 
REQUEST	31	Update user Chaining	request_7	1641545840576	1641545841141	OK	 
REQUEST	34	Update user Chaining	request_7	1641545840867	1641545841437	OK	 
REQUEST	17	Update user Chaining	request_7	1641545840997	1641545841571	OK	 
GROUP	15	GET user request chaining	1641545831597	1641545841606	0	OK
REQUEST	21	Update user Chaining	request_7	1641545841047	1641545841630	OK	 
REQUEST	26	Update user Chaining	request_7	1641545841076	1641545841631	OK	 
REQUEST	45	Update user Chaining	request_7	1641545841076	1641545841671	OK	 
REQUEST	10	Update user Chaining	request_7	1641545841067	1641545841680	OK	 
REQUEST	4	Update user Chaining	request_7	1641545841157	1641545841713	OK	 
REQUEST	49	Update user Chaining	request_7	1641545841426	1641545841992	OK	 
REQUEST	41	Update user Chaining	request_7	1641545841437	1641545842011	OK	 
REQUEST	33	Update user Chaining	request_7	1641545841466	1641545842018	OK	 
REQUEST	9	Update user Chaining	request_7	1641545841457	1641545842026	OK	 
REQUEST	48	Update user Chaining	request_7	1641545841457	1641545842027	OK	 
REQUEST	25	Update user Chaining	request_7	1641545841526	1641545842076	OK	 
REQUEST	20	Update user Chaining	request_7	1641545841487	1641545842079	OK	 
REQUEST	27	Update user Chaining	request_7	1641545841516	1641545842082	OK	 
REQUEST	13	Update user Chaining	request_7	1641545841497	1641545842100	OK	 
REQUEST	14	Update user Chaining	request_8	1641545841576	1641545842124	OK	 
REQUEST	40	Update user Chaining	request_7	1641545841547	1641545842125	OK	 
REQUEST	42	Update user Chaining	request_7	1641545841507	1641545842131	OK	 
REQUEST	1	Update user Chaining	request_8	1641545841597	1641545842145	OK	 
REQUEST	38	Update user Chaining	request_8	1641545841616	1641545842164	OK	 
REQUEST	47	Update user Chaining	request_8	1641545841597	1641545842167	OK	 
REQUEST	23	Update user Chaining	request_8	1641545841616	1641545842184	OK	 
REQUEST	18	Update user Chaining	request_7	1641545841586	1641545842189	OK	 
REQUEST	5	Update user Chaining	request_8	1641545841616	1641545842194	OK	 
REQUEST	7	Update user Chaining	request_8	1641545841647	1641545842202	OK	 
REQUEST	36	Update user Chaining	request_8	1641545841636	1641545842203	OK	 
REQUEST	32	Update user Chaining	request_8	1641545841657	1641545842207	OK	 
REQUEST	43	Update user Chaining	request_8	1641545841607	1641545842212	OK	 
REQUEST	15	Update user Chaining	request_6	1641545841607	1641545842214	OK	 
REQUEST	24	Update user Chaining	request_8	1641545841647	1641545842216	OK	 
REQUEST	12	Update user Chaining	request_8	1641545841666	1641545842221	OK	 
REQUEST	28	Update user Chaining	request_8	1641545841657	1641545842232	OK	 
REQUEST	19	Update user Chaining	request_8	1641545841657	1641545842240	OK	 
REQUEST	8	Update user Chaining	request_8	1641545841647	1641545842246	OK	 
REQUEST	22	Update user Chaining	request_8	1641545841657	1641545842246	OK	 
REQUEST	35	Update user Chaining	request_8	1641545841657	1641545842248	OK	 
REQUEST	30	Update user Chaining	request_8	1641545841727	1641545842286	OK	 
REQUEST	50	Update user Chaining	request_8	1641545841736	1641545842309	OK	 
REQUEST	3	Update user Chaining	request_8	1641545841796	1641545842388	OK	 
REQUEST	6	Update user Chaining	request_7	1641545841886	1641545842461	OK	 
REQUEST	46	Update user Chaining	request_8	1641545841977	1641545842581	OK	 
REQUEST	2	Update user Chaining	request_8	1641545842027	1641545842587	OK	 
REQUEST	29	Update user Chaining	request_8	1641545842036	1641545842600	OK	 
GROUP	44	GET user request chaining	1641545832617	1641545842626	0	OK
GROUP	11	GET user request chaining	1641545832626	1641545842636	0	OK
REQUEST	39	Update user Chaining	request_8	1641545842077	1641545842636	OK	 
REQUEST	31	Update user Chaining	request_8	1641545842146	1641545842707	OK	 
REQUEST	34	Update user Chaining	request_8	1641545842447	1641545843021	OK	 
REQUEST	16	Update user Chaining	request_7	1641545842437	1641545843028	OK	 
REQUEST	37	Update user Chaining	request_7	1641545842447	1641545843031	OK	 
REQUEST	17	Update user Chaining	request_8	1641545842577	1641545843134	OK	 
REQUEST	26	Update user Chaining	request_8	1641545842627	1641545843205	OK	 
REQUEST	45	Update user Chaining	request_8	1641545842667	1641545843219	OK	 
REQUEST	44	Update user Chaining	request_6	1641545842627	1641545843224	OK	 
REQUEST	11	Update user Chaining	request_6	1641545842637	1641545843225	OK	 
REQUEST	21	Update user Chaining	request_8	1641545842627	1641545843246	OK	 
REQUEST	10	Update user Chaining	request_8	1641545842677	1641545843246	OK	 
REQUEST	4	Update user Chaining	request_8	1641545842707	1641545843264	OK	 
REQUEST	49	Update user Chaining	request_8	1641545842986	1641545843577	OK	 
REQUEST	9	Update user Chaining	request_8	1641545843026	1641545843581	OK	 
REQUEST	33	Update user Chaining	request_8	1641545843016	1641545843592	OK	 
REQUEST	48	Update user Chaining	request_8	1641545843036	1641545843593	OK	 
REQUEST	41	Update user Chaining	request_8	1641545843016	1641545843612	OK	 
REQUEST	20	Update user Chaining	request_8	1641545843076	1641545843650	OK	 
REQUEST	27	Update user Chaining	request_8	1641545843086	1641545843651	OK	 
REQUEST	40	Update user Chaining	request_8	1641545843117	1641545843674	OK	 
REQUEST	25	Update user Chaining	request_8	1641545843076	1641545843682	OK	 
REQUEST	42	Update user Chaining	request_8	1641545843126	1641545843699	OK	 
REQUEST	18	Update user Chaining	request_8	1641545843196	1641545843795	OK	 
REQUEST	6	Update user Chaining	request_8	1641545843456	1641545844030	OK	 
GROUP	14	Update user Chaining	1641545834897	1641545844126	2236	OK
GROUP	1	Update user Chaining	1641545834876	1641545844146	2274	OK
GROUP	38	Update user Chaining	1641545834916	1641545844156	2254	OK
GROUP	47	Update user Chaining	1641545834856	1641545844166	2318	OK
GROUP	23	Update user Chaining	1641545834906	1641545844176	2277	OK
GROUP	5	Update user Chaining	1641545834876	1641545844186	2316	OK
GROUP	7	Update user Chaining	1641545834876	1641545844196	2322	OK
GROUP	43	Update user Chaining	1641545834836	1641545844206	2368	OK
GROUP	36	Update user Chaining	1641545834897	1641545844206	2315	OK
GROUP	32	Update user Chaining	1641545834946	1641545844216	2267	OK
GROUP	24	Update user Chaining	1641545834936	1641545844216	2272	OK
GROUP	12	Update user Chaining	1641545834897	1641545844226	2325	OK
GROUP	19	Update user Chaining	1641545834897	1641545844236	2350	OK
GROUP	28	Update user Chaining	1641545834897	1641545844236	2345	OK
GROUP	35	Update user Chaining	1641545834886	1641545844246	2359	OK
GROUP	8	Update user Chaining	1641545834936	1641545844246	2313	OK
GROUP	22	Update user Chaining	1641545834897	1641545844256	2354	OK
GROUP	30	Update user Chaining	1641545834946	1641545844296	2342	OK
GROUP	50	Update user Chaining	1641545834976	1641545844316	2338	OK
GROUP	3	Update user Chaining	1641545834986	1641545844396	2404	OK
REQUEST	13	Update user Chaining	request_8	1641545843096	1641545844549	OK	 
GROUP	46	Update user Chaining	1641545835276	1641545844576	2305	OK
REQUEST	16	Update user Chaining	request_8	1641545844036	1641545844584	OK	 
REQUEST	37	Update user Chaining	request_8	1641545844026	1641545844586	OK	 
GROUP	2	Update user Chaining	1641545835307	1641545844596	2287	OK
GROUP	29	Update user Chaining	1641545835357	1641545844606	2243	OK
GROUP	39	Update user Chaining	1641545835276	1641545844636	2354	OK
GROUP	31	Update user Chaining	1641545835386	1641545844706	2316	OK
REQUEST	15	Update user Chaining	request_7	1641545844206	1641545844830	OK	 
GROUP	34	Update user Chaining	1641545835746	1641545845016	2273	OK
GROUP	17	Update user Chaining	1641545835897	1641545845126	2240	OK
GROUP	26	Update user Chaining	1641545834897	1641545845216	3313	OK
GROUP	45	Update user Chaining	1641545834876	1641545845226	3346	OK
GROUP	10	Update user Chaining	1641545835926	1641545845246	2317	OK
GROUP	21	Update user Chaining	1641545835906	1641545845256	2349	OK
GROUP	4	Update user Chaining	1641545836007	1641545845266	2259	OK
GROUP	9	Update user Chaining	1641545835316	1641545845586	3271	OK
GROUP	49	Update user Chaining	1641545836336	1641545845586	2253	OK
GROUP	48	Update user Chaining	1641545836316	1641545845587	2275	OK
GROUP	33	Update user Chaining	1641545836326	1641545845596	2272	OK
GROUP	41	Update user Chaining	1641545836286	1641545845616	2330	OK
GROUP	20	Update user Chaining	1641545836376	1641545845656	2281	OK
GROUP	27	Update user Chaining	1641545836386	1641545845656	2277	OK
GROUP	25	Update user Chaining	1641545836396	1641545845676	2290	OK
GROUP	40	Update user Chaining	1641545836366	1641545845676	2314	OK
GROUP	42	Update user Chaining	1641545836346	1641545845706	2354	OK
GROUP	18	Update user Chaining	1641545836396	1641545845786	2395	OK
REQUEST	11	Update user Chaining	request_7	1641545845227	1641545845880	OK	 
REQUEST	44	Update user Chaining	request_7	1641545845217	1641545845880	OK	 
GROUP	6	Update user Chaining	1641545836747	1641545846036	2297	OK
GROUP	13	Update user Chaining	1641545836326	1641545846556	3228	OK
GROUP	16	Update user Chaining	1641545837306	1641545846576	2271	OK
GROUP	37	Update user Chaining	1641545837316	1641545846596	2270	OK
REQUEST	15	Update user Chaining	request_7	1641545846836	1641545847518	OK	 
REQUEST	11	Update user Chaining	request_7	1641545847877	1641545848521	OK	 
REQUEST	44	Update user Chaining	request_7	1641545847887	1641545848521	OK	 
REQUEST	15	Update user Chaining	request_8	1641545848516	1641545849156	OK	 
REQUEST	44	Update user Chaining	request_8	1641545849516	1641545850182	OK	 
REQUEST	11	Update user Chaining	request_8	1641545849516	1641545850182	OK	 
GROUP	15	Update user Chaining	1641545841607	1641545851156	2553	OK
GROUP	11	Update user Chaining	1641545842636	1641545852186	2551	OK
GROUP	44	Update user Chaining	1641545842627	1641545852186	2560	OK
GROUP	14	GET user request chaining	1641545844126	1641545854127	0	OK
GROUP	1	GET user request chaining	1641545844147	1641545854156	0	OK
GROUP	38	GET user request chaining	1641545844157	1641545854166	0	OK
GROUP	47	GET user request chaining	1641545844166	1641545854166	0	OK
GROUP	23	GET user request chaining	1641545844176	1641545854186	0	OK
GROUP	5	GET user request chaining	1641545844186	1641545854196	0	OK
GROUP	7	GET user request chaining	1641545844197	1641545854206	0	OK
GROUP	43	GET user request chaining	1641545844206	1641545854217	0	OK
GROUP	24	GET user request chaining	1641545844216	1641545854217	0	OK
GROUP	32	GET user request chaining	1641545844216	1641545854217	0	OK
GROUP	36	GET user request chaining	1641545844206	1641545854217	0	OK
GROUP	12	GET user request chaining	1641545844226	1641545854226	0	OK
GROUP	28	GET user request chaining	1641545844236	1641545854246	0	OK
GROUP	19	GET user request chaining	1641545844236	1641545854246	0	OK
GROUP	8	GET user request chaining	1641545844247	1641545854256	0	OK
GROUP	35	GET user request chaining	1641545844247	1641545854256	0	OK
GROUP	22	GET user request chaining	1641545844256	1641545854256	0	OK
GROUP	30	GET user request chaining	1641545844297	1641545854296	0	OK
GROUP	50	GET user request chaining	1641545844316	1641545854316	0	OK
GROUP	3	GET user request chaining	1641545844397	1641545854396	0	OK
GROUP	46	GET user request chaining	1641545844577	1641545854586	0	OK
GROUP	2	GET user request chaining	1641545844596	1641545854596	0	OK
GROUP	29	GET user request chaining	1641545844607	1641545854606	0	OK
GROUP	39	GET user request chaining	1641545844636	1641545854636	0	OK
GROUP	31	GET user request chaining	1641545844706	1641545854716	0	OK
REQUEST	14	Update user Chaining	request_6	1641545854127	1641545854730	OK	 
REQUEST	38	Update user Chaining	request_6	1641545854167	1641545854734	OK	 
REQUEST	47	Update user Chaining	request_6	1641545854167	1641545854736	OK	 
REQUEST	1	Update user Chaining	request_6	1641545854156	1641545854741	OK	 
REQUEST	7	Update user Chaining	request_6	1641545854207	1641545854771	OK	 
REQUEST	23	Update user Chaining	request_6	1641545854186	1641545854781	OK	 
REQUEST	43	Update user Chaining	request_6	1641545854217	1641545854786	OK	 
REQUEST	32	Update user Chaining	request_6	1641545854217	1641545854789	OK	 
REQUEST	35	Update user Chaining	request_6	1641545854257	1641545854806	OK	 
REQUEST	5	Update user Chaining	request_6	1641545854197	1641545854810	OK	 
REQUEST	24	Update user Chaining	request_6	1641545854217	1641545854818	OK	 
REQUEST	28	Update user Chaining	request_6	1641545854247	1641545854818	OK	 
REQUEST	8	Update user Chaining	request_6	1641545854257	1641545854821	OK	 
REQUEST	12	Update user Chaining	request_6	1641545854227	1641545854825	OK	 
REQUEST	19	Update user Chaining	request_6	1641545854247	1641545854832	OK	 
REQUEST	36	Update user Chaining	request_6	1641545854217	1641545854833	OK	 
REQUEST	22	Update user Chaining	request_6	1641545854257	1641545854875	OK	 
REQUEST	30	Update user Chaining	request_6	1641545854297	1641545854880	OK	 
GROUP	34	GET user request chaining	1641545845017	1641545855026	0	OK
REQUEST	50	Update user Chaining	request_6	1641545854316	1641545855089	OK	 
GROUP	17	GET user request chaining	1641545845126	1641545855136	0	OK
REQUEST	46	Update user Chaining	request_6	1641545854586	1641545855178	OK	 
REQUEST	2	Update user Chaining	request_6	1641545854597	1641545855182	OK	 
REQUEST	3	Update user Chaining	request_6	1641545854397	1641545855188	OK	 
REQUEST	29	Update user Chaining	request_6	1641545854607	1641545855191	OK	 
GROUP	26	GET user request chaining	1641545845216	1641545855216	0	OK
GROUP	45	GET user request chaining	1641545845227	1641545855226	0	OK
REQUEST	39	Update user Chaining	request_6	1641545854636	1641545855227	OK	 
GROUP	10	GET user request chaining	1641545845246	1641545855246	0	OK
GROUP	21	GET user request chaining	1641545845256	1641545855256	0	OK
GROUP	4	GET user request chaining	1641545845266	1641545855276	0	OK
REQUEST	31	Update user Chaining	request_6	1641545854716	1641545855314	OK	 
GROUP	9	GET user request chaining	1641545845587	1641545855586	0	OK
GROUP	49	GET user request chaining	1641545845587	1641545855586	0	OK
GROUP	48	GET user request chaining	1641545845587	1641545855596	0	OK
GROUP	33	GET user request chaining	1641545845596	1641545855596	0	OK
GROUP	41	GET user request chaining	1641545845617	1641545855616	0	OK
REQUEST	34	Update user Chaining	request_6	1641545855026	1641545855635	OK	 
GROUP	20	GET user request chaining	1641545845656	1641545855656	0	OK
GROUP	27	GET user request chaining	1641545845656	1641545855666	0	OK
GROUP	25	GET user request chaining	1641545845676	1641545855686	0	OK
GROUP	40	GET user request chaining	1641545845676	1641545855686	0	OK
GROUP	42	GET user request chaining	1641545845706	1641545855706	0	OK
REQUEST	17	Update user Chaining	request_6	1641545855137	1641545855707	OK	 
GROUP	18	GET user request chaining	1641545845786	1641545855796	0	OK
REQUEST	26	Update user Chaining	request_6	1641545855216	1641545855807	OK	 
REQUEST	45	Update user Chaining	request_6	1641545855226	1641545855815	OK	 
REQUEST	21	Update user Chaining	request_6	1641545855257	1641545855819	OK	 
REQUEST	10	Update user Chaining	request_6	1641545855247	1641545855843	OK	 
GROUP	6	GET user request chaining	1641545846037	1641545856046	0	OK
REQUEST	9	Update user Chaining	request_6	1641545855586	1641545856169	OK	 
REQUEST	41	Update user Chaining	request_6	1641545855616	1641545856179	OK	 
REQUEST	49	Update user Chaining	request_6	1641545855586	1641545856186	OK	 
REQUEST	48	Update user Chaining	request_6	1641545855597	1641545856190	OK	 
REQUEST	33	Update user Chaining	request_6	1641545855597	1641545856195	OK	 
REQUEST	20	Update user Chaining	request_6	1641545855657	1641545856229	OK	 
REQUEST	25	Update user Chaining	request_6	1641545855686	1641545856257	OK	 
REQUEST	27	Update user Chaining	request_6	1641545855667	1641545856269	OK	 
REQUEST	40	Update user Chaining	request_6	1641545855686	1641545856272	OK	 
REQUEST	42	Update user Chaining	request_6	1641545855707	1641545856310	OK	 
REQUEST	18	Update user Chaining	request_6	1641545855797	1641545856399	OK	 
GROUP	13	GET user request chaining	1641545846557	1641545856556	0	OK
GROUP	16	GET user request chaining	1641545846576	1641545856586	0	OK
REQUEST	4	Update user Chaining	request_6	1641545855276	1641545856589	OK	 
GROUP	37	GET user request chaining	1641545846596	1641545856596	0	OK
REQUEST	6	Update user Chaining	request_6	1641545856047	1641545856608	OK	 
REQUEST	13	Update user Chaining	request_6	1641545856557	1641545857149	OK	 
REQUEST	16	Update user Chaining	request_6	1641545856586	1641545857172	OK	 
REQUEST	37	Update user Chaining	request_6	1641545856596	1641545857175	OK	 
REQUEST	38	Update user Chaining	request_7	1641545856726	1641545857290	OK	 
REQUEST	14	Update user Chaining	request_7	1641545856726	1641545857310	OK	 
REQUEST	43	Update user Chaining	request_7	1641545856786	1641545857330	OK	 
REQUEST	7	Update user Chaining	request_7	1641545856766	1641545857332	OK	 
REQUEST	23	Update user Chaining	request_7	1641545856776	1641545857335	OK	 
REQUEST	1	Update user Chaining	request_7	1641545856736	1641545857340	OK	 
REQUEST	47	Update user Chaining	request_7	1641545856736	1641545857342	OK	 
REQUEST	32	Update user Chaining	request_7	1641545856786	1641545857357	OK	 
REQUEST	5	Update user Chaining	request_7	1641545856807	1641545857363	OK	 
REQUEST	8	Update user Chaining	request_7	1641545856817	1641545857374	OK	 
REQUEST	36	Update user Chaining	request_7	1641545856826	1641545857378	OK	 
REQUEST	12	Update user Chaining	request_7	1641545856826	1641545857382	OK	 
REQUEST	28	Update user Chaining	request_7	1641545856817	1641545857400	OK	 
REQUEST	24	Update user Chaining	request_7	1641545856817	1641545857401	OK	 
REQUEST	35	Update user Chaining	request_7	1641545856807	1641545857413	OK	 
REQUEST	30	Update user Chaining	request_7	1641545856876	1641545857433	OK	 
REQUEST	22	Update user Chaining	request_7	1641545856867	1641545857462	OK	 
REQUEST	50	Update user Chaining	request_7	1641545857087	1641545857674	OK	 
REQUEST	29	Update user Chaining	request_7	1641545857186	1641545857722	OK	 
REQUEST	2	Update user Chaining	request_7	1641545857176	1641545857736	OK	 
REQUEST	46	Update user Chaining	request_7	1641545857176	1641545857744	OK	 
REQUEST	3	Update user Chaining	request_7	1641545857186	1641545857772	OK	 
REQUEST	39	Update user Chaining	request_7	1641545857226	1641545857791	OK	 
REQUEST	31	Update user Chaining	request_7	1641545857307	1641545857856	OK	 
REQUEST	34	Update user Chaining	request_7	1641545857626	1641545858194	OK	 
REQUEST	17	Update user Chaining	request_7	1641545857707	1641545858271	OK	 
REQUEST	45	Update user Chaining	request_7	1641545857807	1641545858366	OK	 
REQUEST	21	Update user Chaining	request_7	1641545857817	1641545858375	OK	 
REQUEST	26	Update user Chaining	request_7	1641545857807	1641545858394	OK	 
REQUEST	10	Update user Chaining	request_7	1641545857836	1641545858403	OK	 
REQUEST	19	Update user Chaining	request_7	1641545856826	1641545858403	OK	 
REQUEST	9	Update user Chaining	request_7	1641545858167	1641545858702	OK	 
REQUEST	48	Update user Chaining	request_7	1641545858186	1641545858727	OK	 
REQUEST	41	Update user Chaining	request_7	1641545858177	1641545858758	OK	 
REQUEST	33	Update user Chaining	request_7	1641545858196	1641545858759	OK	 
REQUEST	49	Update user Chaining	request_7	1641545858186	1641545858779	OK	 
REQUEST	20	Update user Chaining	request_7	1641545858227	1641545858816	OK	 
REQUEST	27	Update user Chaining	request_7	1641545858267	1641545858825	OK	 
REQUEST	40	Update user Chaining	request_7	1641545858267	1641545858825	OK	 
REQUEST	25	Update user Chaining	request_7	1641545858257	1641545858856	OK	 
REQUEST	42	Update user Chaining	request_7	1641545858306	1641545858885	OK	 
REQUEST	18	Update user Chaining	request_7	1641545858397	1641545858950	OK	 
REQUEST	4	Update user Chaining	request_7	1641545858586	1641545859151	OK	 
REQUEST	6	Update user Chaining	request_7	1641545858607	1641545859192	OK	 
REQUEST	13	Update user Chaining	request_7	1641545859147	1641545859714	OK	 
REQUEST	16	Update user Chaining	request_7	1641545859166	1641545859722	OK	 
REQUEST	37	Update user Chaining	request_7	1641545859177	1641545859749	OK	 
REQUEST	38	Update user Chaining	request_7	1641545859296	1641545859854	OK	 
REQUEST	14	Update user Chaining	request_7	1641545859316	1641545859862	OK	 
REQUEST	23	Update user Chaining	request_7	1641545859326	1641545859874	OK	 
REQUEST	43	Update user Chaining	request_7	1641545859326	1641545859890	OK	 
REQUEST	47	Update user Chaining	request_7	1641545859336	1641545859898	OK	 
REQUEST	5	Update user Chaining	request_7	1641545859366	1641545859913	OK	 
REQUEST	32	Update user Chaining	request_7	1641545859357	1641545859920	OK	 
REQUEST	1	Update user Chaining	request_7	1641545859337	1641545859923	OK	 
REQUEST	7	Update user Chaining	request_7	1641545859336	1641545859938	OK	 
REQUEST	12	Update user Chaining	request_7	1641545859376	1641545859943	OK	 
REQUEST	8	Update user Chaining	request_7	1641545859366	1641545859948	OK	 
REQUEST	28	Update user Chaining	request_7	1641545859397	1641545859977	OK	 
REQUEST	36	Update user Chaining	request_7	1641545859386	1641545859985	OK	 
REQUEST	35	Update user Chaining	request_7	1641545859407	1641545859985	OK	 
REQUEST	24	Update user Chaining	request_7	1641545859407	1641545860015	OK	 
REQUEST	30	Update user Chaining	request_7	1641545859426	1641545860033	OK	 
REQUEST	22	Update user Chaining	request_7	1641545859467	1641545860043	OK	 
REQUEST	50	Update user Chaining	request_7	1641545859667	1641545860215	OK	 
REQUEST	29	Update user Chaining	request_7	1641545859727	1641545860289	OK	 
REQUEST	46	Update user Chaining	request_7	1641545859737	1641545860298	OK	 
REQUEST	2	Update user Chaining	request_7	1641545859746	1641545860311	OK	 
REQUEST	3	Update user Chaining	request_7	1641545859766	1641545860365	OK	 
REQUEST	39	Update user Chaining	request_7	1641545859797	1641545860392	OK	 
REQUEST	31	Update user Chaining	request_7	1641545859856	1641545860433	OK	 
REQUEST	34	Update user Chaining	request_7	1641545860197	1641545860747	OK	 
REQUEST	17	Update user Chaining	request_7	1641545860267	1641545860808	OK	 
REQUEST	21	Update user Chaining	request_7	1641545860367	1641545860921	OK	 
REQUEST	45	Update user Chaining	request_7	1641545860376	1641545860942	OK	 
REQUEST	10	Update user Chaining	request_7	1641545860407	1641545860945	OK	 
REQUEST	26	Update user Chaining	request_7	1641545860386	1641545860949	OK	 
REQUEST	19	Update user Chaining	request_7	1641545860407	1641545860960	OK	 
GROUP	15	GET user request chaining	1641545851157	1641545861166	0	OK
REQUEST	9	Update user Chaining	request_7	1641545860707	1641545861279	OK	 
REQUEST	48	Update user Chaining	request_7	1641545860727	1641545861309	OK	 
REQUEST	41	Update user Chaining	request_7	1641545860767	1641545861328	OK	 
REQUEST	33	Update user Chaining	request_7	1641545860767	1641545861336	OK	 
REQUEST	49	Update user Chaining	request_7	1641545860777	1641545861346	OK	 
REQUEST	40	Update user Chaining	request_7	1641545860836	1641545861393	OK	 
REQUEST	27	Update user Chaining	request_7	1641545860817	1641545861403	OK	 
REQUEST	25	Update user Chaining	request_7	1641545860857	1641545861414	OK	 
REQUEST	20	Update user Chaining	request_7	1641545860816	1641545861419	OK	 
REQUEST	38	Update user Chaining	request_8	1641545860856	1641545861427	OK	 
REQUEST	42	Update user Chaining	request_7	1641545860886	1641545861449	OK	 
REQUEST	14	Update user Chaining	request_8	1641545860856	1641545861450	OK	 
REQUEST	47	Update user Chaining	request_8	1641545860907	1641545861467	OK	 
REQUEST	23	Update user Chaining	request_8	1641545860876	1641545861480	OK	 
REQUEST	43	Update user Chaining	request_8	1641545860896	1641545861481	OK	 
REQUEST	1	Update user Chaining	request_8	1641545860926	1641545861496	OK	 
REQUEST	5	Update user Chaining	request_8	1641545860907	1641545861497	OK	 
REQUEST	7	Update user Chaining	request_8	1641545860936	1641545861506	OK	 
REQUEST	32	Update user Chaining	request_8	1641545860916	1641545861515	OK	 
REQUEST	18	Update user Chaining	request_7	1641545860957	1641545861517	OK	 
REQUEST	36	Update user Chaining	request_8	1641545860976	1641545861528	OK	 
REQUEST	12	Update user Chaining	request_8	1641545860946	1641545861529	OK	 
REQUEST	28	Update user Chaining	request_8	1641545860976	1641545861541	OK	 
REQUEST	35	Update user Chaining	request_8	1641545860986	1641545861565	OK	 
REQUEST	8	Update user Chaining	request_8	1641545860957	1641545861568	OK	 
REQUEST	30	Update user Chaining	request_8	1641545861037	1641545861625	OK	 
REQUEST	22	Update user Chaining	request_8	1641545861047	1641545861627	OK	 
REQUEST	4	Update user Chaining	request_7	1641545861146	1641545861711	OK	 
REQUEST	15	Update user Chaining	request_6	1641545861167	1641545861781	OK	 
REQUEST	6	Update user Chaining	request_7	1641545861193	1641545861792	OK	 
REQUEST	50	Update user Chaining	request_8	1641545861216	1641545861798	OK	 
REQUEST	29	Update user Chaining	request_8	1641545861287	1641545861831	OK	 
REQUEST	46	Update user Chaining	request_8	1641545861306	1641545861872	OK	 
REQUEST	2	Update user Chaining	request_8	1641545861306	1641545861874	OK	 
REQUEST	3	Update user Chaining	request_8	1641545861366	1641545861924	OK	 
REQUEST	39	Update user Chaining	request_8	1641545861387	1641545861969	OK	 
REQUEST	31	Update user Chaining	request_8	1641545861426	1641545862031	OK	 
GROUP	11	GET user request chaining	1641545852187	1641545862186	0	OK
GROUP	44	GET user request chaining	1641545852187	1641545862196	0	OK
REQUEST	16	Update user Chaining	request_7	1641545861717	1641545862295	OK	 
REQUEST	37	Update user Chaining	request_7	1641545861746	1641545862296	OK	 
REQUEST	34	Update user Chaining	request_8	1641545861746	1641545862330	OK	 
REQUEST	17	Update user Chaining	request_8	1641545861816	1641545862418	OK	 
REQUEST	10	Update user Chaining	request_8	1641545861946	1641545862513	OK	 
REQUEST	21	Update user Chaining	request_8	1641545861926	1641545862518	OK	 
REQUEST	19	Update user Chaining	request_8	1641545861957	1641545862524	OK	 
REQUEST	26	Update user Chaining	request_8	1641545861957	1641545862525	OK	 
REQUEST	13	Update user Chaining	request_7	1641545861717	1641545862552	OK	 
REQUEST	24	Update user Chaining	request_8	1641545861016	1641545862581	OK	 
REQUEST	11	Update user Chaining	request_6	1641545862187	1641545862765	OK	 
REQUEST	44	Update user Chaining	request_6	1641545862196	1641545862767	OK	 
REQUEST	9	Update user Chaining	request_8	1641545862276	1641545862836	OK	 
REQUEST	41	Update user Chaining	request_8	1641545862326	1641545862872	OK	 
REQUEST	33	Update user Chaining	request_8	1641545862336	1641545862901	OK	 
REQUEST	48	Update user Chaining	request_8	1641545862306	1641545862909	OK	 
REQUEST	49	Update user Chaining	request_8	1641545862357	1641545862927	OK	 
REQUEST	40	Update user Chaining	request_8	1641545862376	1641545862954	OK	 
REQUEST	25	Update user Chaining	request_8	1641545862407	1641545862978	OK	 
REQUEST	20	Update user Chaining	request_8	1641545862416	1641545862990	OK	 
REQUEST	27	Update user Chaining	request_8	1641545862407	1641545862993	OK	 
REQUEST	42	Update user Chaining	request_8	1641545862457	1641545863017	OK	 
REQUEST	18	Update user Chaining	request_8	1641545862517	1641545863088	OK	 
REQUEST	4	Update user Chaining	request_8	1641545862716	1641545863326	OK	 
REQUEST	6	Update user Chaining	request_8	1641545862787	1641545863385	OK	 
GROUP	38	Update user Chaining	1641545854166	1641545863436	2260	OK
GROUP	14	Update user Chaining	1641545854127	1641545863456	2327	OK
GROUP	47	Update user Chaining	1641545854166	1641545863466	2297	OK
GROUP	43	Update user Chaining	1641545854217	1641545863476	2262	OK
GROUP	23	Update user Chaining	1641545854186	1641545863486	2306	OK
GROUP	1	Update user Chaining	1641545854156	1641545863506	2345	OK
GROUP	5	Update user Chaining	1641545854196	1641545863506	2306	OK
GROUP	7	Update user Chaining	1641545854206	1641545863506	2302	OK
GROUP	32	Update user Chaining	1641545854217	1641545863516	2305	OK
GROUP	36	Update user Chaining	1641545854217	1641545863536	2319	OK
GROUP	12	Update user Chaining	1641545854226	1641545863536	2304	OK
GROUP	28	Update user Chaining	1641545854246	1641545863546	2299	OK
REQUEST	45	Update user Chaining	request_8	1641545861936	1641545863550	OK	 
GROUP	35	Update user Chaining	1641545854256	1641545863566	2312	OK
GROUP	8	Update user Chaining	1641545854256	1641545863566	2314	OK
GROUP	22	Update user Chaining	1641545854256	1641545863626	2369	OK
GROUP	30	Update user Chaining	1641545854297	1641545863626	2335	OK
GROUP	50	Update user Chaining	1641545854316	1641545863806	2490	OK
GROUP	29	Update user Chaining	1641545854606	1641545863836	2226	OK
REQUEST	16	Update user Chaining	request_8	1641545863297	1641545863848	OK	 
GROUP	46	Update user Chaining	1641545854586	1641545863866	2287	OK
GROUP	2	Update user Chaining	1641545854596	1641545863876	2278	OK
REQUEST	37	Update user Chaining	request_8	1641545863297	1641545863882	OK	 
GROUP	3	Update user Chaining	1641545854396	1641545863926	2534	OK
GROUP	39	Update user Chaining	1641545854636	1641545863976	2333	OK
GROUP	31	Update user Chaining	1641545854716	1641545864036	2329	OK
REQUEST	13	Update user Chaining	request_8	1641545863546	1641545864211	OK	 
REQUEST	15	Update user Chaining	request_7	1641545863777	1641545864331	OK	 
GROUP	34	Update user Chaining	1641545855026	1641545864336	2311	OK
GROUP	17	Update user Chaining	1641545855136	1641545864416	2277	OK
GROUP	10	Update user Chaining	1641545855246	1641545864516	2268	OK
GROUP	26	Update user Chaining	1641545855216	1641545864516	2309	OK
GROUP	19	Update user Chaining	1641545854246	1641545864526	3282	OK
GROUP	21	Update user Chaining	1641545855257	1641545864526	2266	OK
GROUP	24	Update user Chaining	1641545854217	1641545864576	3358	OK
GROUP	9	Update user Chaining	1641545855586	1641545864836	2250	OK
GROUP	41	Update user Chaining	1641545855616	1641545864866	2251	OK
GROUP	33	Update user Chaining	1641545855596	1641545864896	2295	OK
GROUP	48	Update user Chaining	1641545855596	1641545864906	2319	OK
GROUP	49	Update user Chaining	1641545855586	1641545864926	2332	OK
GROUP	3	GET user request chaining	1641545863926	1641545864936	0	OK
USER	Load_Test_Scenario	3	END	1641545803734	1641545864939
GROUP	40	Update user Chaining	1641545855686	1641545864956	2279	OK
GROUP	25	Update user Chaining	1641545855686	1641545864986	2298	OK
GROUP	27	Update user Chaining	1641545855666	1641545864986	2332	OK
GROUP	20	Update user Chaining	1641545855656	1641545864996	2338	OK
GROUP	42	Update user Chaining	1641545855707	1641545865016	2305	OK
GROUP	18	Update user Chaining	1641545855796	1641545865086	2286	OK
REQUEST	11	Update user Chaining	request_7	1641545864757	1641545865316	OK	 
GROUP	4	Update user Chaining	1641545855276	1641545865326	3053	OK
GROUP	34	GET user request chaining	1641545864337	1641545865336	0	OK
USER	Load_Test_Scenario	34	END	1641545803762	1641545865337
REQUEST	44	Update user Chaining	request_7	1641545864767	1641545865354	OK	 
GROUP	6	Update user Chaining	1641545856046	1641545865376	2343	OK
GROUP	17	GET user request chaining	1641545864416	1641545865416	0	OK
USER	Load_Test_Scenario	17	END	1641545803747	1641545865417
GROUP	10	GET user request chaining	1641545864517	1641545865516	0	OK
USER	Load_Test_Scenario	10	END	1641545803741	1641545865517
GROUP	26	GET user request chaining	1641545864517	1641545865526	0	OK
GROUP	21	GET user request chaining	1641545864526	1641545865526	0	OK
USER	Load_Test_Scenario	26	END	1641545803756	1641545865527
USER	Load_Test_Scenario	21	END	1641545803751	1641545865527
GROUP	19	GET user request chaining	1641545864526	1641545865536	0	OK
USER	Load_Test_Scenario	19	END	1641545803749	1641545865536
GROUP	45	Update user Chaining	1641545855226	1641545865556	3328	OK
USER	Load_Test_Scenario	45	END	1641545803770	1641545865557
GROUP	24	GET user request chaining	1641545864576	1641545865576	0	OK
USER	Load_Test_Scenario	24	END	1641545803754	1641545865577
GROUP	16	Update user Chaining	1641545856586	1641545865856	2271	OK
GROUP	37	Update user Chaining	1641545856596	1641545865876	2286	OK
GROUP	13	Update user Chaining	1641545856556	1641545866216	2659	OK
GROUP	4	GET user request chaining	1641545865326	1641545866327	0	OK
USER	Load_Test_Scenario	4	END	1641545803735	1641545866327
GROUP	6	GET user request chaining	1641545865376	1641545866386	0	OK
USER	Load_Test_Scenario	6	END	1641545803737	1641545866387
GROUP	38	GET user request chaining	1641545863436	1641545866436	0	OK
USER	Load_Test_Scenario	38	END	1641545803765	1641545866437
GROUP	14	GET user request chaining	1641545863456	1641545866466	0	OK
GROUP	47	GET user request chaining	1641545863467	1641545866466	0	OK
USER	Load_Test_Scenario	14	END	1641545803744	1641545866467
USER	Load_Test_Scenario	47	END	1641545803771	1641545866467
GROUP	43	GET user request chaining	1641545863476	1641545866486	0	OK
USER	Load_Test_Scenario	43	END	1641545803768	1641545866487
GROUP	23	GET user request chaining	1641545863486	1641545866495	0	OK
USER	Load_Test_Scenario	23	END	1641545803753	1641545866496
GROUP	1	GET user request chaining	1641545863506	1641545866506	0	OK
GROUP	5	GET user request chaining	1641545863506	1641545866506	0	OK
USER	Load_Test_Scenario	5	END	1641545803736	1641545866506
USER	Load_Test_Scenario	1	END	1641545803708	1641545866506
GROUP	7	GET user request chaining	1641545863507	1641545866516	0	OK
USER	Load_Test_Scenario	7	END	1641545803738	1641545866516
GROUP	32	GET user request chaining	1641545863517	1641545866526	0	OK
USER	Load_Test_Scenario	32	END	1641545803761	1641545866527
GROUP	36	GET user request chaining	1641545863536	1641545866536	0	OK
GROUP	12	GET user request chaining	1641545863536	1641545866536	0	OK
USER	Load_Test_Scenario	36	END	1641545803764	1641545866537
USER	Load_Test_Scenario	12	END	1641545803743	1641545866537
GROUP	28	GET user request chaining	1641545863546	1641545866546	0	OK
USER	Load_Test_Scenario	28	END	1641545803757	1641545866547
GROUP	8	GET user request chaining	1641545863567	1641545866576	0	OK
GROUP	35	GET user request chaining	1641545863567	1641545866576	0	OK
USER	Load_Test_Scenario	35	END	1641545803763	1641545866577
USER	Load_Test_Scenario	8	END	1641545803739	1641545866577
GROUP	22	GET user request chaining	1641545863627	1641545866636	0	OK
GROUP	30	GET user request chaining	1641545863627	1641545866636	0	OK
USER	Load_Test_Scenario	30	END	1641545803759	1641545866637
USER	Load_Test_Scenario	22	END	1641545803751	1641545866637
GROUP	50	GET user request chaining	1641545863806	1641545866806	0	OK
USER	Load_Test_Scenario	50	END	1641545803774	1641545866807
GROUP	29	GET user request chaining	1641545863837	1641545866836	0	OK
USER	Load_Test_Scenario	29	END	1641545803758	1641545866836
GROUP	46	GET user request chaining	1641545863867	1641545866876	0	OK
USER	Load_Test_Scenario	46	END	1641545803770	1641545866876
GROUP	2	GET user request chaining	1641545863877	1641545866886	0	OK
USER	Load_Test_Scenario	2	END	1641545803733	1641545866886
REQUEST	15	Update user Chaining	request_7	1641545866327	1641545866963	OK	 
GROUP	39	GET user request chaining	1641545863976	1641545866976	0	OK
USER	Load_Test_Scenario	39	END	1641545803766	1641545866976
GROUP	31	GET user request chaining	1641545864037	1641545867046	0	OK
USER	Load_Test_Scenario	31	END	1641545803759	1641545867047
GROUP	13	GET user request chaining	1641545866216	1641545867226	0	OK
USER	Load_Test_Scenario	13	END	1641545803744	1641545867227
GROUP	9	GET user request chaining	1641545864836	1641545867847	0	OK
USER	Load_Test_Scenario	9	END	1641545803740	1641545867847
GROUP	41	GET user request chaining	1641545864866	1641545867876	0	OK
USER	Load_Test_Scenario	41	END	1641545803767	1641545867876
GROUP	33	GET user request chaining	1641545864897	1641545867896	0	OK
USER	Load_Test_Scenario	33	END	1641545803761	1641545867896
REQUEST	11	Update user Chaining	request_7	1641545867327	1641545867900	OK	 
REQUEST	44	Update user Chaining	request_7	1641545867346	1641545867906	OK	 
GROUP	48	GET user request chaining	1641545864906	1641545867916	0	OK
USER	Load_Test_Scenario	48	END	1641545803772	1641545867917
GROUP	49	GET user request chaining	1641545864926	1641545867926	0	OK
USER	Load_Test_Scenario	49	END	1641545803773	1641545867927
GROUP	40	GET user request chaining	1641545864956	1641545867966	0	OK
USER	Load_Test_Scenario	40	END	1641545803766	1641545867967
GROUP	25	GET user request chaining	1641545864986	1641545867986	0	OK
USER	Load_Test_Scenario	25	END	1641545803755	1641545867986
GROUP	27	GET user request chaining	1641545864986	1641545867996	0	OK
GROUP	20	GET user request chaining	1641545864996	1641545867996	0	OK
USER	Load_Test_Scenario	20	END	1641545803750	1641545867997
USER	Load_Test_Scenario	27	END	1641545803756	1641545867997
GROUP	42	GET user request chaining	1641545865016	1641545868016	0	OK
USER	Load_Test_Scenario	42	END	1641545803768	1641545868017
GROUP	18	GET user request chaining	1641545865086	1641545868086	0	OK
USER	Load_Test_Scenario	18	END	1641545803748	1641545868087
REQUEST	15	Update user Chaining	request_8	1641545867967	1641545868515	OK	 
GROUP	16	GET user request chaining	1641545865856	1641545868856	0	OK
USER	Load_Test_Scenario	16	END	1641545803747	1641545868857
GROUP	37	GET user request chaining	1641545865876	1641545868886	0	OK
USER	Load_Test_Scenario	37	END	1641545803764	1641545868886
REQUEST	44	Update user Chaining	request_8	1641545868916	1641545869534	OK	 
REQUEST	11	Update user Chaining	request_8	1641545868896	1641545869534	OK	 
GROUP	15	Update user Chaining	1641545861166	1641545870506	2352	OK
GROUP	44	Update user Chaining	1641545862196	1641545871527	2336	OK
GROUP	11	Update user Chaining	1641545862187	1641545871536	2348	OK
GROUP	15	GET user request chaining	1641545870506	1641545873516	0	OK
USER	Load_Test_Scenario	15	END	1641545803745	1641545873517
GROUP	44	GET user request chaining	1641545871527	1641545874536	0	OK
USER	Load_Test_Scenario	44	END	1641545803769	1641545874537
GROUP	11	GET user request chaining	1641545871536	1641545874547	0	OK
USER	Load_Test_Scenario	11	END	1641545803742	1641545874547
