RUN	com.knoldus.MultipleScenarios	multiplescenarios	1641545603854	 	3.0.0
USER	at once users	1	START	1641545605291	1641545605291
USER	at once users	2	START	1641545605312	1641545605312
USER	at once users	3	START	1641545605313	1641545605313
USER	at once users	4	START	1641545605314	1641545605314
USER	at once users	5	START	1641545605315	1641545605315
USER	at once users	6	START	1641545605317	1641545605317
USER	at once users	7	START	1641545605318	1641545605318
USER	at once users	8	START	1641545605319	1641545605319
USER	at once users	9	START	1641545605320	1641545605320
USER	at once users	10	START	1641545605321	1641545605321
USER	at once users	11	START	1641545605322	1641545605322
USER	at once users	12	START	1641545605323	1641545605323
USER	at once users	13	START	1641545605324	1641545605324
USER	at once users	14	START	1641545605325	1641545605325
USER	at once users	15	START	1641545605326	1641545605326
USER	at once users	16	START	1641545605328	1641545605328
USER	at once users	17	START	1641545605328	1641545605328
USER	at once users	18	START	1641545605329	1641545605329
USER	at once users	19	START	1641545605330	1641545605330
USER	at once users	20	START	1641545605331	1641545605331
USER	at once users	21	START	1641545605332	1641545605332
USER	at once users	22	START	1641545605333	1641545605333
USER	at once users	23	START	1641545605333	1641545605333
USER	at once users	24	START	1641545605334	1641545605334
USER	at once users	25	START	1641545605335	1641545605335
USER	at once users	26	START	1641545605335	1641545605335
USER	at once users	27	START	1641545605336	1641545605336
USER	at once users	28	START	1641545605337	1641545605337
USER	at once users	29	START	1641545605337	1641545605337
USER	at once users	30	START	1641545605338	1641545605338
USER	ramp users	31	START	1641545605344	1641545605344
USER	constant users per second	36	START	1641545605348	1641545605348
USER	ramp users per second	57	START	1641545605350	1641545605350
USER	ramp users per second	58	START	1641545605351	1641545605351
USER	constant users per second	37	START	1641545605391	1641545605391
USER	ramp users per second	59	START	1641545605411	1641545605411
USER	ramp users per second	60	START	1641545605461	1641545605461
USER	constant users per second	38	START	1641545605491	1641545605491
USER	ramp users per second	61	START	1641545605512	1641545605512
REQUEST	26		request1	1641545605336	1641545605460	OK	 
REQUEST	11		request1	1641545605323	1641545605448	OK	 
REQUEST	2		request1	1641545605313	1641545605443	OK	 
REQUEST	36		request3	1641545605348	1641545605477	OK	 
REQUEST	16		request1	1641545605328	1641545605451	OK	 
REQUEST	21		request1	1641545605332	1641545605457	OK	 
REQUEST	6		request1	1641545605317	1641545605444	OK	 
REQUEST	13		request1	1641545605325	1641545605476	OK	 
REQUEST	19		request1	1641545605331	1641545605457	OK	 
REQUEST	7		request1	1641545605319	1641545605450	OK	 
REQUEST	9		request1	1641545605321	1641545605448	OK	 
REQUEST	28		request1	1641545605337	1641545605457	OK	 
REQUEST	30		request1	1641545605338	1641545605470	OK	 
REQUEST	57		request4	1641545605351	1641545605534	OK	 
REQUEST	1		request1	1641545605310	1641545605443	OK	 
REQUEST	15		request1	1641545605327	1641545605453	OK	 
USER	at once users	9	END	1641545605320	1641545605536
REQUEST	31		request2	1641545605345	1641545605541	OK	 
USER	at once users	28	END	1641545605337	1641545605536
USER	at once users	11	END	1641545605322	1641545605536
USER	ramp users per second	57	END	1641545605350	1641545605536
USER	at once users	1	END	1641545605291	1641545605537
USER	at once users	15	END	1641545605326	1641545605537
USER	at once users	21	END	1641545605332	1641545605539
USER	at once users	16	END	1641545605328	1641545605539
USER	at once users	6	END	1641545605317	1641545605540
USER	at once users	13	END	1641545605324	1641545605540
USER	at once users	7	END	1641545605318	1641545605541
USER	constant users per second	36	END	1641545605348	1641545605541
USER	at once users	30	END	1641545605338	1641545605541
USER	at once users	26	END	1641545605335	1641545605542
USER	at once users	2	END	1641545605312	1641545605542
USER	at once users	19	END	1641545605330	1641545605543
USER	ramp users	31	END	1641545605344	1641545605544
REQUEST	23		request1	1641545605334	1641545605544	OK	 
USER	at once users	23	END	1641545605333	1641545605546
USER	ramp users per second	62	START	1641545605562	1641545605562
REQUEST	37		request3	1641545605392	1641545605585	OK	 
USER	constant users per second	37	END	1641545605391	1641545605586
USER	constant users per second	39	START	1641545605591	1641545605591
REQUEST	59		request4	1641545605412	1641545605600	OK	 
USER	ramp users per second	59	END	1641545605411	1641545605601
USER	ramp users per second	63	START	1641545605622	1641545605622
REQUEST	38		request3	1641545605492	1641545605661	OK	 
USER	constant users per second	38	END	1641545605491	1641545605662
REQUEST	60		request4	1641545605462	1641545605667	OK	 
USER	ramp users per second	60	END	1641545605461	1641545605669
REQUEST	61		request4	1641545605512	1641545605668	OK	 
USER	ramp users per second	61	END	1641545605512	1641545605670
USER	ramp users per second	64	START	1641545605671	1641545605671
REQUEST	62		request4	1641545605562	1641545605689	OK	 
USER	ramp users per second	62	END	1641545605562	1641545605691
USER	constant users per second	40	START	1641545605691	1641545605691
USER	ramp users per second	65	START	1641545605722	1641545605722
REQUEST	39		request3	1641545605592	1641545605755	OK	 
USER	constant users per second	39	END	1641545605591	1641545605759
USER	ramp users per second	66	START	1641545605771	1641545605771
USER	constant users per second	41	START	1641545605792	1641545605792
USER	ramp users	32	START	1641545605802	1641545605802
REQUEST	63		request4	1641545605622	1641545605806	OK	 
USER	ramp users per second	63	END	1641545605622	1641545605809
USER	ramp users per second	67	START	1641545605831	1641545605831
USER	ramp users per second	68	START	1641545605881	1641545605881
USER	constant users per second	42	START	1641545605892	1641545605892
REQUEST	64		request4	1641545605672	1641545605891	OK	 
USER	ramp users per second	64	END	1641545605671	1641545605896
REQUEST	66		request4	1641545605773	1641545605917	OK	 
USER	ramp users per second	66	END	1641545605771	1641545605919
REQUEST	65		request4	1641545605723	1641545605923	OK	 
USER	ramp users per second	65	END	1641545605722	1641545605925
USER	ramp users per second	69	START	1641545605931	1641545605931
REQUEST	41		request3	1641545605793	1641545605931	OK	 
USER	constant users per second	41	END	1641545605792	1641545605934
REQUEST	32		request2	1641545605804	1641545605950	OK	 
USER	ramp users	32	END	1641545605802	1641545605951
REQUEST	67		request4	1641545605833	1641545605972	OK	 
USER	ramp users per second	67	END	1641545605831	1641545605974
USER	ramp users per second	70	START	1641545605982	1641545605982
USER	constant users per second	43	START	1641545605991	1641545605991
REQUEST	42		request3	1641545605894	1641545606026	OK	 
USER	constant users per second	42	END	1641545605892	1641545606028
REQUEST	68		request4	1641545605883	1641545606041	OK	 
USER	ramp users per second	71	START	1641545606042	1641545606042
USER	ramp users per second	68	END	1641545605881	1641545606043
REQUEST	69		request4	1641545605932	1641545606070	OK	 
USER	ramp users per second	69	END	1641545605931	1641545606073
USER	constant users per second	44	START	1641545606091	1641545606091
USER	ramp users per second	72	START	1641545606091	1641545606091
REQUEST	70		request4	1641545605983	1641545606113	OK	 
USER	ramp users per second	70	END	1641545605982	1641545606117
REQUEST	43		request3	1641545605992	1641545606132	OK	 
USER	constant users per second	43	END	1641545605991	1641545606133
USER	ramp users per second	73	START	1641545606141	1641545606141
REQUEST	71		request4	1641545606042	1641545606172	OK	 
USER	ramp users per second	71	END	1641545606042	1641545606173
USER	ramp users per second	74	START	1641545606192	1641545606192
USER	constant users per second	45	START	1641545606192	1641545606192
REQUEST	44		request3	1641545606093	1641545606222	OK	 
USER	constant users per second	44	END	1641545606091	1641545606223
USER	ramp users per second	75	START	1641545606252	1641545606252
REQUEST	73		request4	1641545606142	1641545606274	OK	 
USER	ramp users per second	73	END	1641545606141	1641545606276
USER	constant users per second	46	START	1641545606291	1641545606291
USER	ramp users	33	START	1641545606302	1641545606302
USER	ramp users per second	76	START	1641545606302	1641545606302
REQUEST	45		request3	1641545606193	1641545606313	OK	 
USER	constant users per second	45	END	1641545606192	1641545606315
USER	ramp users per second	77	START	1641545606331	1641545606331
USER	ramp users per second	78	START	1641545606351	1641545606351
REQUEST	75		request4	1641545606252	1641545606379	OK	 
USER	ramp users per second	75	END	1641545606252	1641545606380
USER	ramp users per second	79	START	1641545606382	1641545606382
USER	constant users per second	47	START	1641545606392	1641545606392
USER	ramp users per second	80	START	1641545606411	1641545606411
REQUEST	46		request3	1641545606293	1641545606420	OK	 
USER	constant users per second	46	END	1641545606291	1641545606421
REQUEST	33		request2	1641545606303	1641545606425	OK	 
USER	ramp users	33	END	1641545606302	1641545606426
USER	ramp users per second	81	START	1641545606441	1641545606441
REQUEST	77		request4	1641545606332	1641545606454	OK	 
USER	ramp users per second	77	END	1641545606331	1641545606455
REQUEST	12		request1	1641545605324	1641545606457	OK	 
USER	at once users	12	END	1641545605323	1641545606457
REQUEST	20		request1	1641545605332	1641545606461	OK	 
USER	ramp users per second	82	START	1641545606461	1641545606461
REQUEST	18		request1	1641545605330	1641545606461	OK	 
USER	at once users	20	END	1641545605331	1641545606462
USER	at once users	18	END	1641545605329	1641545606462
REQUEST	17		request1	1641545605329	1641545606462	OK	 
USER	at once users	17	END	1641545605328	1641545606463
REQUEST	58		request4	1641545605352	1641545606491	OK	 
USER	constant users per second	48	START	1641545606492	1641545606492
USER	ramp users per second	58	END	1641545605351	1641545606492
USER	ramp users per second	83	START	1641545606492	1641545606492
REQUEST	22		request1	1641545605333	1641545606494	OK	 
REQUEST	78		request4	1641545606352	1641545606494	OK	 
USER	at once users	22	END	1641545605333	1641545606495
USER	ramp users per second	78	END	1641545606351	1641545606495
USER	ramp users per second	84	START	1641545606521	1641545606521
REQUEST	47		request3	1641545606392	1641545606529	OK	 
USER	constant users per second	47	END	1641545606392	1641545606531
REQUEST	79		request4	1641545606382	1641545606533	OK	 
USER	ramp users per second	79	END	1641545606382	1641545606536
REQUEST	80		request4	1641545606412	1641545606540	OK	 
USER	ramp users per second	80	END	1641545606411	1641545606542
USER	ramp users per second	85	START	1641545606541	1641545606541
USER	ramp users per second	86	START	1641545606572	1641545606572
REQUEST	81		request4	1641545606442	1641545606573	OK	 
USER	ramp users per second	81	END	1641545606441	1641545606574
USER	constant users per second	49	START	1641545606591	1641545606591
REQUEST	82		request4	1641545606462	1641545606600	OK	 
USER	ramp users per second	82	END	1641545606461	1641545606604
USER	ramp users per second	87	START	1641545606601	1641545606601
USER	ramp users per second	88	START	1641545606622	1641545606622
REQUEST	48		request3	1641545606492	1641545606625	OK	 
USER	constant users per second	48	END	1641545606492	1641545606627
USER	ramp users per second	89	START	1641545606651	1641545606651
REQUEST	84		request4	1641545606522	1641545606660	OK	 
USER	ramp users per second	84	END	1641545606521	1641545606661
REQUEST	85		request4	1641545606543	1641545606667	OK	 
USER	ramp users per second	85	END	1641545606541	1641545606668
USER	ramp users per second	90	START	1641545606681	1641545606681
USER	constant users per second	50	START	1641545606692	1641545606692
REQUEST	86		request4	1641545606572	1641545606705	OK	 
USER	ramp users per second	86	END	1641545606572	1641545606708
USER	ramp users per second	91	START	1641545606712	1641545606712
REQUEST	49		request3	1641545606592	1641545606717	OK	 
USER	constant users per second	49	END	1641545606591	1641545606720
USER	ramp users per second	92	START	1641545606731	1641545606731
REQUEST	87		request4	1641545606603	1641545606742	OK	 
USER	ramp users per second	87	END	1641545606601	1641545606746
REQUEST	88		request4	1641545606622	1641545606747	OK	 
USER	ramp users per second	88	END	1641545606622	1641545606751
USER	ramp users per second	93	START	1641545606762	1641545606762
REQUEST	89		request4	1641545606651	1641545606783	OK	 
USER	ramp users per second	89	END	1641545606651	1641545606787
USER	constant users per second	51	START	1641545606791	1641545606791
USER	ramp users per second	94	START	1641545606791	1641545606791
USER	ramp users	34	START	1641545606802	1641545606802
REQUEST	90		request4	1641545606682	1641545606810	OK	 
USER	ramp users per second	95	START	1641545606812	1641545606812
USER	ramp users per second	90	END	1641545606681	1641545606815
REQUEST	50		request3	1641545606693	1641545606840	OK	 
REQUEST	91		request4	1641545606713	1641545606840	OK	 
USER	ramp users per second	91	END	1641545606712	1641545606844
USER	ramp users per second	96	START	1641545606842	1641545606842
USER	constant users per second	50	END	1641545606692	1641545606844
REQUEST	92		request4	1641545606733	1641545606867	OK	 
USER	ramp users per second	92	END	1641545606731	1641545606869
USER	ramp users per second	97	START	1641545606871	1641545606871
USER	constant users per second	52	START	1641545606891	1641545606891
USER	ramp users per second	98	START	1641545606891	1641545606891
REQUEST	93		request4	1641545606763	1641545606897	OK	 
USER	ramp users per second	93	END	1641545606762	1641545606898
REQUEST	51		request3	1641545606793	1641545606921	OK	 
USER	constant users per second	51	END	1641545606791	1641545606922
USER	ramp users per second	99	START	1641545606921	1641545606921
REQUEST	34		request2	1641545606803	1641545606927	OK	 
USER	ramp users	34	END	1641545606802	1641545606928
REQUEST	95		request4	1641545606814	1641545606938	OK	 
USER	ramp users per second	95	END	1641545606812	1641545606939
USER	ramp users per second	100	START	1641545606952	1641545606952
REQUEST	96		request4	1641545606844	1641545606966	OK	 
USER	ramp users per second	96	END	1641545606842	1641545606967
REQUEST	40		request3	1641545605692	1641545606976	OK	 
USER	constant users per second	40	END	1641545605691	1641545606976
USER	ramp users per second	101	START	1641545606982	1641545606982
USER	constant users per second	53	START	1641545606992	1641545606992
REQUEST	97		request4	1641545606872	1641545606996	OK	 
USER	ramp users per second	97	END	1641545606871	1641545606997
USER	ramp users per second	102	START	1641545607001	1641545607001
REQUEST	98		request4	1641545606892	1641545607010	OK	 
USER	ramp users per second	98	END	1641545606891	1641545607011
USER	ramp users per second	103	START	1641545607031	1641545607031
REQUEST	99		request4	1641545606922	1641545607045	OK	 
USER	ramp users per second	99	END	1641545606921	1641545607046
USER	ramp users per second	104	START	1641545607061	1641545607061
REQUEST	100		request4	1641545606952	1641545607081	OK	 
USER	ramp users per second	105	START	1641545607081	1641545607081
USER	ramp users per second	100	END	1641545606952	1641545607084
USER	constant users per second	54	START	1641545607092	1641545607092
REQUEST	101		request4	1641545606982	1641545607106	OK	 
USER	ramp users per second	101	END	1641545606982	1641545607109
USER	ramp users per second	106	START	1641545607111	1641545607111
REQUEST	53		request3	1641545606992	1641545607124	OK	 
USER	constant users per second	53	END	1641545606992	1641545607127
REQUEST	102		request4	1641545607001	1641545607128	OK	 
USER	ramp users per second	102	END	1641545607001	1641545607132
USER	ramp users per second	107	START	1641545607142	1641545607142
REQUEST	103		request4	1641545607032	1641545607157	OK	 
USER	ramp users per second	103	END	1641545607031	1641545607158
USER	ramp users per second	108	START	1641545607162	1641545607162
REQUEST	104		request4	1641545607062	1641545607187	OK	 
USER	ramp users per second	104	END	1641545607061	1641545607188
USER	constant users per second	55	START	1641545607191	1641545607191
USER	ramp users per second	109	START	1641545607191	1641545607191
REQUEST	105		request4	1641545607083	1641545607208	OK	 
USER	ramp users per second	105	END	1641545607081	1641545607210
USER	ramp users per second	110	START	1641545607221	1641545607221
REQUEST	54		request3	1641545607093	1641545607229	OK	 
USER	constant users per second	54	END	1641545607092	1641545607231
REQUEST	72		request4	1641545606093	1641545607240	OK	 
USER	ramp users per second	72	END	1641545606091	1641545607241
USER	ramp users per second	111	START	1641545607252	1641545607252
REQUEST	106		request4	1641545607113	1641545607258	OK	 
USER	ramp users per second	106	END	1641545607111	1641545607260
REQUEST	107		request4	1641545607143	1641545607271	OK	 
USER	ramp users per second	112	START	1641545607271	1641545607271
USER	ramp users per second	107	END	1641545607142	1641545607274
USER	constant users per second	56	START	1641545607292	1641545607292
REQUEST	108		request4	1641545607162	1641545607294	OK	 
USER	ramp users per second	108	END	1641545607162	1641545607297
USER	ramp users	35	START	1641545607302	1641545607302
USER	ramp users per second	113	START	1641545607302	1641545607302
REQUEST	109		request4	1641545607192	1641545607312	OK	 
USER	ramp users per second	109	END	1641545607191	1641545607315
USER	ramp users per second	114	START	1641545607321	1641545607321
USER	ramp users per second	115	START	1641545607342	1641545607342
USER	ramp users per second	116	START	1641545607352	1641545607352
REQUEST	74		request4	1641545606193	1641545607353	OK	 
USER	ramp users per second	74	END	1641545606192	1641545607355
USER	ramp users per second	117	START	1641545607371	1641545607371
USER	ramp users per second	130	START	1641545607391	1641545607391
REQUEST	111		request4	1641545607252	1641545607393	OK	 
USER	ramp users per second	111	END	1641545607252	1641545607395
USER	ramp users per second	131	START	1641545607402	1641545607402
USER	constant users per second	120	START	1641545607402	1641545607402
REQUEST	112		request4	1641545607272	1641545607408	OK	 
USER	ramp users per second	112	END	1641545607271	1641545607409
REQUEST	56		request3	1641545607293	1641545607416	OK	 
USER	constant users per second	56	END	1641545607292	1641545607417
USER	ramp users per second	132	START	1641545607421	1641545607421
REQUEST	35		request2	1641545607303	1641545607432	OK	 
USER	ramp users	35	END	1641545607302	1641545607433
USER	ramp users per second	133	START	1641545607441	1641545607441
REQUEST	76		request4	1641545606303	1641545607457	OK	 
USER	ramp users per second	76	END	1641545606302	1641545607457
USER	ramp users per second	134	START	1641545607461	1641545607461
REQUEST	14		request1	1641545605326	1641545607461	OK	 
USER	at once users	14	END	1641545605325	1641545607462
REQUEST	116		request4	1641545607353	1641545607477	OK	 
USER	ramp users per second	116	END	1641545607352	1641545607478
USER	ramp users per second	135	START	1641545607481	1641545607481
REQUEST	3		request1	1641545605314	1641545607484	OK	 
USER	at once users	3	END	1641545605313	1641545607485
REQUEST	5		request1	1641545605316	1641545607485	OK	 
REQUEST	115		request4	1641545607344	1641545607485	OK	 
USER	at once users	5	END	1641545605315	1641545607486
USER	ramp users per second	115	END	1641545607342	1641545607486
REQUEST	117		request4	1641545607372	1641545607497	OK	 
USER	ramp users per second	117	END	1641545607371	1641545607498
REQUEST	4		request1	1641545605315	1641545607499	OK	 
REQUEST	29		request1	1641545605338	1641545607499	OK	 
USER	at once users	4	END	1641545605314	1641545607500
USER	at once users	29	END	1641545605337	1641545607500
USER	ramp users per second	136	START	1641545607502	1641545607502
USER	constant users per second	121	START	1641545607502	1641545607502
REQUEST	10		request1	1641545605322	1641545607505	OK	 
USER	at once users	10	END	1641545605321	1641545607505
REQUEST	8		request1	1641545605320	1641545607509	OK	 
USER	at once users	8	END	1641545605319	1641545607510
USER	ramp users per second	137	START	1641545607512	1641545607512
REQUEST	130		request4	1641545607392	1641545607523	OK	 
REQUEST	120		request3	1641545607402	1641545607523	OK	 
USER	ramp users per second	130	END	1641545607391	1641545607524
USER	constant users per second	120	END	1641545607402	1641545607524
USER	ramp users per second	138	START	1641545607531	1641545607531
REQUEST	27		request1	1641545605337	1641545607534	OK	 
USER	at once users	27	END	1641545605336	1641545607534
REQUEST	132		request4	1641545607421	1641545607542	OK	 
USER	ramp users per second	132	END	1641545607421	1641545607542
USER	ramp users per second	139	START	1641545607551	1641545607551
REQUEST	133		request4	1641545607441	1641545607564	OK	 
USER	ramp users per second	133	END	1641545607441	1641545607565
USER	ramp users per second	140	START	1641545607572	1641545607572
REQUEST	134		request4	1641545607462	1641545607582	OK	 
USER	ramp users per second	134	END	1641545607461	1641545607583
USER	ramp users per second	141	START	1641545607591	1641545607591
USER	constant users per second	122	START	1641545607601	1641545607601
USER	ramp users per second	142	START	1641545607601	1641545607601
REQUEST	135		request4	1641545607482	1641545607603	OK	 
USER	ramp users per second	135	END	1641545607481	1641545607605
USER	ramp users per second	143	START	1641545607621	1641545607621
REQUEST	121		request3	1641545607502	1641545607626	OK	 
USER	constant users per second	121	END	1641545607502	1641545607628
REQUEST	137		request4	1641545607512	1641545607633	OK	 
USER	ramp users per second	137	END	1641545607512	1641545607635
REQUEST	83		request4	1641545606492	1641545607640	OK	 
USER	ramp users per second	83	END	1641545606492	1641545607641
USER	ramp users per second	144	START	1641545607642	1641545607642
USER	ramp users per second	145	START	1641545607661	1641545607661
REQUEST	138		request4	1641545607532	1641545607663	OK	 
USER	ramp users per second	138	END	1641545607531	1641545607665
REQUEST	139		request4	1641545607552	1641545607674	OK	 
USER	ramp users per second	139	END	1641545607551	1641545607676
USER	ramp users per second	146	START	1641545607681	1641545607681
REQUEST	140		request4	1641545607572	1641545607700	OK	 
USER	ramp users per second	140	END	1641545607572	1641545607701
USER	ramp users per second	147	START	1641545607702	1641545607702
USER	constant users per second	123	START	1641545607702	1641545607702
USER	ramp users per second	148	START	1641545607712	1641545607712
REQUEST	141		request4	1641545607591	1641545607718	OK	 
USER	ramp users per second	141	END	1641545607591	1641545607719
REQUEST	122		request3	1641545607602	1641545607719	OK	 
USER	constant users per second	122	END	1641545607601	1641545607720
USER	ramp users per second	149	START	1641545607731	1641545607731
REQUEST	143		request4	1641545607622	1641545607744	OK	 
USER	ramp users per second	143	END	1641545607621	1641545607745
USER	ramp users per second	150	START	1641545607751	1641545607751
REQUEST	144		request4	1641545607643	1641545607766	OK	 
USER	ramp users per second	144	END	1641545607642	1641545607767
USER	ramp users per second	151	START	1641545607771	1641545607771
REQUEST	145		request4	1641545607662	1641545607791	OK	 
USER	ramp users per second	152	START	1641545607792	1641545607792
USER	ramp users per second	145	END	1641545607661	1641545607793
USER	ramp users	118	START	1641545607802	1641545607802
USER	constant users per second	124	START	1641545607802	1641545607802
USER	ramp users per second	153	START	1641545607802	1641545607802
REQUEST	146		request4	1641545607682	1641545607811	OK	 
USER	ramp users per second	146	END	1641545607681	1641545607813
USER	ramp users per second	154	START	1641545607821	1641545607821
REQUEST	123		request3	1641545607702	1641545607825	OK	 
USER	constant users per second	123	END	1641545607702	1641545607827
REQUEST	148		request4	1641545607712	1641545607841	OK	 
USER	ramp users per second	148	END	1641545607712	1641545607842
USER	ramp users per second	155	START	1641545607842	1641545607842
USER	ramp users per second	156	START	1641545607862	1641545607862
REQUEST	149		request4	1641545607731	1641545607869	OK	 
USER	ramp users per second	149	END	1641545607731	1641545607870
REQUEST	150		request4	1641545607751	1641545607880	OK	 
USER	ramp users per second	150	END	1641545607751	1641545607881
USER	ramp users per second	157	START	1641545607881	1641545607881
REQUEST	151		request4	1641545607772	1641545607895	OK	 
USER	ramp users per second	151	END	1641545607771	1641545607896
USER	ramp users per second	158	START	1641545607901	1641545607901
USER	constant users per second	125	START	1641545607901	1641545607901
USER	ramp users per second	159	START	1641545607912	1641545607912
REQUEST	118		request2	1641545607803	1641545607920	OK	 
USER	ramp users	118	END	1641545607802	1641545607921
REQUEST	152		request4	1641545607793	1641545607924	OK	 
USER	ramp users per second	152	END	1641545607792	1641545607924
REQUEST	94		request4	1641545606793	1641545607930	OK	 
USER	ramp users per second	94	END	1641545606791	1641545607931
USER	ramp users per second	160	START	1641545607932	1641545607932
REQUEST	154		request4	1641545607823	1641545607949	OK	 
USER	ramp users per second	154	END	1641545607821	1641545607950
USER	ramp users per second	161	START	1641545607951	1641545607951
REQUEST	155		request4	1641545607842	1641545607964	OK	 
USER	ramp users per second	155	END	1641545607842	1641545607965
USER	ramp users per second	162	START	1641545607972	1641545607972
USER	ramp users per second	163	START	1641545607991	1641545607991
REQUEST	156		request4	1641545607862	1641545608000	OK	 
USER	ramp users per second	156	END	1641545607862	1641545608003
USER	ramp users per second	164	START	1641545608001	1641545608001
USER	constant users per second	126	START	1641545608001	1641545608001
REQUEST	157		request4	1641545607881	1641545608002	OK	 
USER	ramp users per second	157	END	1641545607881	1641545608004
USER	ramp users per second	165	START	1641545608022	1641545608022
REQUEST	52		request3	1641545606892	1641545608024	OK	 
USER	constant users per second	52	END	1641545606891	1641545608027
REQUEST	125		request3	1641545607902	1641545608027	OK	 
USER	constant users per second	125	END	1641545607901	1641545608029
REQUEST	159		request4	1641545607912	1641545608038	OK	 
USER	ramp users per second	159	END	1641545607912	1641545608041
USER	ramp users per second	166	START	1641545608042	1641545608042
REQUEST	160		request4	1641545607932	1641545608058	OK	 
USER	ramp users per second	160	END	1641545607932	1641545608059
USER	ramp users per second	167	START	1641545608061	1641545608061
REQUEST	161		request4	1641545607952	1641545608077	OK	 
USER	ramp users per second	161	END	1641545607951	1641545608077
USER	ramp users per second	168	START	1641545608081	1641545608081
USER	constant users per second	127	START	1641545608102	1641545608102
USER	ramp users per second	169	START	1641545608102	1641545608102
REQUEST	162		request4	1641545607972	1641545608106	OK	 
USER	ramp users per second	162	END	1641545607972	1641545608106
USER	ramp users per second	170	START	1641545608112	1641545608112
REQUEST	163		request4	1641545607992	1641545608114	OK	 
USER	ramp users per second	163	END	1641545607991	1641545608114
USER	ramp users per second	171	START	1641545608131	1641545608131
REQUEST	164		request4	1641545608003	1641545608142	OK	 
USER	ramp users per second	164	END	1641545608001	1641545608143
REQUEST	165		request4	1641545608023	1641545608146	OK	 
USER	ramp users per second	165	END	1641545608022	1641545608147
USER	ramp users per second	172	START	1641545608162	1641545608162
REQUEST	166		request4	1641545608043	1641545608163	OK	 
USER	ramp users per second	166	END	1641545608042	1641545608165
USER	ramp users per second	173	START	1641545608181	1641545608181
REQUEST	167		request4	1641545608062	1641545608182	OK	 
USER	ramp users per second	167	END	1641545608061	1641545608185
USER	constant users per second	128	START	1641545608201	1641545608201
USER	ramp users per second	174	START	1641545608201	1641545608201
REQUEST	168		request4	1641545608082	1641545608202	OK	 
USER	ramp users per second	168	END	1641545608081	1641545608205
USER	ramp users per second	175	START	1641545608211	1641545608211
REQUEST	169		request4	1641545608102	1641545608230	OK	 
USER	ramp users per second	169	END	1641545608102	1641545608231
USER	ramp users per second	176	START	1641545608232	1641545608232
REQUEST	170		request4	1641545608112	1641545608234	OK	 
USER	ramp users per second	170	END	1641545608112	1641545608235
USER	ramp users per second	177	START	1641545608252	1641545608252
REQUEST	171		request4	1641545608132	1641545608255	OK	 
USER	ramp users per second	171	END	1641545608131	1641545608258
USER	ramp users per second	178	START	1641545608271	1641545608271
USER	ramp users per second	179	START	1641545608292	1641545608292
REQUEST	172		request4	1641545608163	1641545608298	OK	 
USER	ramp users per second	172	END	1641545608162	1641545608300
USER	ramp users	119	START	1641545608301	1641545608301
USER	constant users per second	129	START	1641545608301	1641545608301
REQUEST	173		request4	1641545608182	1641545608302	OK	 
USER	ramp users per second	173	END	1641545608181	1641545608305
USER	ramp users per second	180	START	1641545608311	1641545608311
USER	ramp users per second	181	START	1641545608322	1641545608322
USER	ramp users per second	182	START	1641545608331	1641545608331
REQUEST	128		request3	1641545608202	1641545608334	OK	 
USER	constant users per second	128	END	1641545608201	1641545608336
REQUEST	175		request4	1641545608212	1641545608337	OK	 
USER	ramp users per second	175	END	1641545608211	1641545608340
USER	ramp users per second	195	START	1641545608341	1641545608341
REQUEST	55		request3	1641545607192	1641545608347	OK	 
USER	constant users per second	55	END	1641545607191	1641545608350
USER	ramp users per second	196	START	1641545608351	1641545608351
REQUEST	176		request4	1641545608232	1641545608359	OK	 
USER	ramp users per second	176	END	1641545608232	1641545608360
USER	ramp users per second	197	START	1641545608362	1641545608362
REQUEST	110		request4	1641545607222	1641545608373	OK	 
USER	ramp users per second	110	END	1641545607221	1641545608373
REQUEST	177		request4	1641545608253	1641545608375	OK	 
USER	ramp users per second	177	END	1641545608252	1641545608376
USER	ramp users per second	198	START	1641545608382	1641545608382
USER	ramp users per second	199	START	1641545608391	1641545608391
USER	ramp users per second	200	START	1641545608401	1641545608401
USER	constant users per second	185	START	1641545608401	1641545608401
REQUEST	178		request4	1641545608273	1641545608401	OK	 
USER	ramp users per second	178	END	1641545608271	1641545608402
REQUEST	179		request4	1641545608293	1641545608415	OK	 
USER	ramp users per second	179	END	1641545608292	1641545608415
USER	ramp users per second	201	START	1641545608421	1641545608421
REQUEST	113		request4	1641545607303	1641545608432	OK	 
USER	ramp users per second	202	START	1641545608432	1641545608432
USER	ramp users per second	113	END	1641545607302	1641545608432
REQUEST	180		request4	1641545608313	1641545608437	OK	 
USER	ramp users per second	180	END	1641545608311	1641545608438
REQUEST	119		request2	1641545608303	1641545608438	OK	 
USER	ramp users	119	END	1641545608301	1641545608439
USER	ramp users per second	203	START	1641545608442	1641545608442
REQUEST	181		request4	1641545608323	1641545608445	OK	 
USER	ramp users per second	181	END	1641545608322	1641545608446
REQUEST	182		request4	1641545608332	1641545608458	OK	 
USER	ramp users per second	182	END	1641545608331	1641545608460
USER	ramp users per second	204	START	1641545608461	1641545608461
REQUEST	114		request4	1641545607323	1641545608467	OK	 
USER	ramp users per second	114	END	1641545607321	1641545608468
USER	ramp users per second	205	START	1641545608471	1641545608471
REQUEST	196		request4	1641545608352	1641545608475	OK	 
USER	ramp users per second	196	END	1641545608351	1641545608476
REQUEST	197		request4	1641545608362	1641545608488	OK	 
USER	ramp users per second	197	END	1641545608362	1641545608497
USER	ramp users per second	206	START	1641545608497	1641545608497
REQUEST	25		request1	1641545605335	1641545608498	OK	 
USER	at once users	25	END	1641545605335	1641545608499
USER	constant users per second	186	START	1641545608501	1641545608501
USER	ramp users per second	207	START	1641545608501	1641545608501
REQUEST	24		request1	1641545605334	1641545608502	OK	 
REQUEST	198		request4	1641545608382	1641545608502	OK	 
USER	at once users	24	END	1641545605334	1641545608502
USER	ramp users per second	198	END	1641545608382	1641545608502
USER	ramp users per second	208	START	1641545608511	1641545608511
USER	ramp users per second	209	START	1641545608531	1641545608531
REQUEST	185		request3	1641545608402	1641545608533	OK	 
REQUEST	131		request4	1641545607402	1641545608533	OK	 
USER	constant users per second	185	END	1641545608401	1641545608533
USER	ramp users per second	131	END	1641545607402	1641545608533
USER	ramp users per second	210	START	1641545608541	1641545608541
USER	ramp users per second	211	START	1641545608551	1641545608551
REQUEST	199		request4	1641545608392	1641545608552	OK	 
USER	ramp users per second	199	END	1641545608391	1641545608553
REQUEST	203		request4	1641545608443	1641545608559	OK	 
USER	ramp users per second	203	END	1641545608442	1641545608559
REQUEST	201		request4	1641545608422	1641545608566	OK	 
USER	ramp users per second	201	END	1641545608421	1641545608566
USER	ramp users per second	212	START	1641545608572	1641545608572
USER	ramp users per second	213	START	1641545608582	1641545608582
REQUEST	204		request4	1641545608462	1641545608594	OK	 
USER	ramp users per second	204	END	1641545608461	1641545608594
REQUEST	205		request4	1641545608472	1641545608595	OK	 
USER	ramp users per second	205	END	1641545608471	1641545608595
USER	constant users per second	187	START	1641545608601	1641545608601
USER	ramp users per second	214	START	1641545608601	1641545608601
USER	ramp users per second	215	START	1641545608611	1641545608611
USER	ramp users per second	216	START	1641545608621	1641545608621
REQUEST	206		request4	1641545608498	1641545608622	OK	 
USER	ramp users per second	206	END	1641545608497	1641545608623
REQUEST	207		request4	1641545608501	1641545608629	OK	 
USER	ramp users per second	207	END	1641545608501	1641545608630
REQUEST	208		request4	1641545608511	1641545608630	OK	 
USER	ramp users per second	208	END	1641545608511	1641545608631
REQUEST	136		request4	1641545607502	1641545608640	OK	 
USER	ramp users per second	136	END	1641545607502	1641545608641
USER	ramp users per second	217	START	1641545608641	1641545608641
USER	ramp users per second	218	START	1641545608652	1641545608652
REQUEST	210		request4	1641545608542	1641545608661	OK	 
USER	ramp users per second	219	START	1641545608662	1641545608662
USER	ramp users per second	210	END	1641545608541	1641545608662
REQUEST	209		request4	1641545608532	1641545608670	OK	 
USER	ramp users per second	209	END	1641545608531	1641545608671
REQUEST	211		request4	1641545608552	1641545608679	OK	 
USER	ramp users per second	211	END	1641545608551	1641545608680
USER	ramp users per second	220	START	1641545608681	1641545608681
USER	ramp users per second	221	START	1641545608691	1641545608691
REQUEST	212		request4	1641545608572	1641545608699	OK	 
USER	ramp users per second	212	END	1641545608572	1641545608701
USER	ramp users per second	222	START	1641545608701	1641545608701
USER	constant users per second	188	START	1641545608701	1641545608701
REQUEST	213		request4	1641545608582	1641545608703	OK	 
USER	ramp users per second	213	END	1641545608582	1641545608705
USER	ramp users per second	223	START	1641545608722	1641545608722
REQUEST	187		request3	1641545608601	1641545608724	OK	 
USER	constant users per second	187	END	1641545608601	1641545608726
REQUEST	215		request4	1641545608612	1641545608727	OK	 
USER	ramp users per second	215	END	1641545608611	1641545608729
USER	ramp users per second	224	START	1641545608732	1641545608732
REQUEST	216		request4	1641545608622	1641545608744	OK	 
USER	ramp users per second	216	END	1641545608621	1641545608747
USER	ramp users per second	225	START	1641545608751	1641545608751
REQUEST	142		request4	1641545607602	1641545608752	OK	 
USER	ramp users per second	142	END	1641545607601	1641545608754
USER	ramp users per second	226	START	1641545608761	1641545608761
REQUEST	217		request4	1641545608642	1641545608762	OK	 
USER	ramp users per second	217	END	1641545608641	1641545608763
USER	ramp users per second	227	START	1641545608772	1641545608772
REQUEST	218		request4	1641545608652	1641545608777	OK	 
USER	ramp users per second	218	END	1641545608652	1641545608779
REQUEST	219		request4	1641545608662	1641545608787	OK	 
USER	ramp users per second	219	END	1641545608662	1641545608790
USER	ramp users per second	228	START	1641545608792	1641545608792
USER	ramp users per second	229	START	1641545608801	1641545608801
USER	ramp users	183	START	1641545608801	1641545608801
USER	constant users per second	189	START	1641545608801	1641545608801
USER	ramp users per second	230	START	1641545608811	1641545608811
REQUEST	221		request4	1641545608691	1641545608822	OK	 
USER	ramp users per second	221	END	1641545608691	1641545608824
USER	ramp users per second	231	START	1641545608832	1641545608832
REQUEST	188		request3	1641545608702	1641545608837	OK	 
USER	constant users per second	188	END	1641545608701	1641545608838
USER	ramp users per second	232	START	1641545608842	1641545608842
REQUEST	220		request4	1641545608681	1641545608842	OK	 
USER	ramp users per second	220	END	1641545608681	1641545608843
REQUEST	147		request4	1641545607702	1641545608848	OK	 
USER	ramp users per second	147	END	1641545607702	1641545608850
REQUEST	223		request4	1641545608723	1641545608849	OK	 
USER	ramp users per second	223	END	1641545608722	1641545608851
REQUEST	224		request4	1641545608733	1641545608855	OK	 
USER	ramp users per second	224	END	1641545608732	1641545608856
USER	ramp users per second	233	START	1641545608861	1641545608861
USER	ramp users per second	234	START	1641545608871	1641545608871
USER	ramp users per second	235	START	1641545608881	1641545608881
REQUEST	226		request4	1641545608762	1641545608883	OK	 
USER	ramp users per second	226	END	1641545608761	1641545608884
USER	constant users per second	190	START	1641545608901	1641545608901
USER	ramp users per second	236	START	1641545608901	1641545608901
REQUEST	227		request4	1641545608772	1641545608903	OK	 
USER	ramp users per second	227	END	1641545608772	1641545608904
USER	ramp users per second	237	START	1641545608912	1641545608912
REQUEST	225		request4	1641545608752	1641545608916	OK	 
USER	ramp users per second	225	END	1641545608751	1641545608917
REQUEST	228		request4	1641545608793	1641545608919	OK	 
USER	ramp users per second	228	END	1641545608792	1641545608920
USER	ramp users per second	238	START	1641545608922	1641545608922
REQUEST	183		request2	1641545608802	1641545608932	OK	 
USER	ramp users	183	END	1641545608801	1641545608933
REQUEST	230		request4	1641545608813	1641545608936	OK	 
USER	ramp users per second	230	END	1641545608811	1641545608936
USER	ramp users per second	239	START	1641545608941	1641545608941
REQUEST	153		request4	1641545607803	1641545608945	OK	 
USER	ramp users per second	153	END	1641545607802	1641545608945
USER	ramp users per second	240	START	1641545608951	1641545608951
REQUEST	231		request4	1641545608832	1641545608960	OK	 
USER	ramp users per second	231	END	1641545608832	1641545608960
REQUEST	232		request4	1641545608842	1641545608966	OK	 
USER	ramp users per second	232	END	1641545608842	1641545608966
USER	ramp users per second	241	START	1641545608972	1641545608972
USER	ramp users per second	242	START	1641545608982	1641545608982
REQUEST	233		request4	1641545608862	1641545608984	OK	 
USER	ramp users per second	233	END	1641545608861	1641545608986
USER	ramp users per second	243	START	1641545608991	1641545608991
REQUEST	235		request4	1641545608882	1641545608998	OK	 
USER	ramp users per second	235	END	1641545608881	1641545608999
USER	constant users per second	191	START	1641545609001	1641545609001
USER	ramp users per second	244	START	1641545609012	1641545609012
REQUEST	234		request4	1641545608872	1641545609017	OK	 
USER	ramp users per second	234	END	1641545608871	1641545609019
REQUEST	190		request3	1641545608902	1641545609021	OK	 
USER	constant users per second	190	END	1641545608901	1641545609022
USER	ramp users per second	245	START	1641545609022	1641545609022
USER	ramp users per second	246	START	1641545609032	1641545609032
REQUEST	237		request4	1641545608912	1641545609034	OK	 
USER	ramp users per second	237	END	1641545608912	1641545609036
USER	ramp users per second	247	START	1641545609051	1641545609051
REQUEST	238		request4	1641545608922	1641545609053	OK	 
USER	ramp users per second	238	END	1641545608922	1641545609054
USER	ramp users per second	248	START	1641545609061	1641545609061
REQUEST	239		request4	1641545608942	1641545609066	OK	 
USER	ramp users per second	239	END	1641545608941	1641545609068
USER	ramp users per second	249	START	1641545609072	1641545609072
REQUEST	240		request4	1641545608952	1641545609077	OK	 
USER	ramp users per second	240	END	1641545608951	1641545609079
USER	ramp users per second	250	START	1641545609091	1641545609091
REQUEST	241		request4	1641545608972	1641545609099	OK	 
USER	ramp users per second	241	END	1641545608972	1641545609102
USER	constant users per second	192	START	1641545609101	1641545609101
USER	ramp users per second	251	START	1641545609101	1641545609101
REQUEST	242		request4	1641545608983	1641545609109	OK	 
USER	ramp users per second	242	END	1641545608982	1641545609111
USER	ramp users per second	252	START	1641545609122	1641545609122
REQUEST	191		request3	1641545609002	1641545609129	OK	 
USER	constant users per second	191	END	1641545609001	1641545609130
USER	ramp users per second	253	START	1641545609132	1641545609132
REQUEST	126		request3	1641545608003	1641545609138	OK	 
USER	constant users per second	126	END	1641545608001	1641545609139
USER	ramp users per second	254	START	1641545609142	1641545609142
REQUEST	244		request4	1641545609012	1641545609142	OK	 
USER	ramp users per second	244	END	1641545609012	1641545609143
REQUEST	246		request4	1641545609033	1641545609152	OK	 
USER	ramp users per second	246	END	1641545609032	1641545609153
REQUEST	245		request4	1641545609023	1641545609154	OK	 
USER	ramp users per second	245	END	1641545609022	1641545609154
USER	ramp users per second	255	START	1641545609161	1641545609161
USER	ramp users per second	256	START	1641545609171	1641545609171
USER	ramp users per second	257	START	1641545609181	1641545609181
REQUEST	248		request4	1641545609062	1641545609186	OK	 
USER	ramp users per second	248	END	1641545609061	1641545609187
REQUEST	247		request4	1641545609052	1641545609197	OK	 
USER	ramp users per second	247	END	1641545609051	1641545609197
USER	constant users per second	193	START	1641545609201	1641545609201
USER	ramp users per second	258	START	1641545609201	1641545609201
REQUEST	249		request4	1641545609072	1641545609202	OK	 
USER	ramp users per second	249	END	1641545609072	1641545609202
USER	ramp users per second	259	START	1641545609211	1641545609211
REQUEST	250		request4	1641545609092	1641545609218	OK	 
USER	ramp users per second	250	END	1641545609091	1641545609219
REQUEST	127		request3	1641545608102	1641545609229	OK	 
USER	constant users per second	127	END	1641545608102	1641545609230
REQUEST	192		request3	1641545609102	1641545609230	OK	 
USER	constant users per second	192	END	1641545609101	1641545609230
USER	ramp users per second	260	START	1641545609232	1641545609232
USER	ramp users per second	261	START	1641545609242	1641545609242
REQUEST	253		request4	1641545609132	1641545609251	OK	 
USER	ramp users per second	262	START	1641545609251	1641545609251
USER	ramp users per second	253	END	1641545609132	1641545609253
REQUEST	252		request4	1641545609122	1641545609252	OK	 
USER	ramp users per second	252	END	1641545609122	1641545609254
REQUEST	251		request4	1641545609102	1641545609266	OK	 
USER	ramp users per second	251	END	1641545609101	1641545609268
USER	ramp users per second	263	START	1641545609272	1641545609272
REQUEST	254		request4	1641545609142	1641545609272	OK	 
USER	ramp users per second	254	END	1641545609142	1641545609274
USER	ramp users per second	264	START	1641545609291	1641545609291
REQUEST	255		request4	1641545609161	1641545609292	OK	 
USER	ramp users per second	255	END	1641545609161	1641545609294
REQUEST	256		request4	1641545609171	1641545609296	OK	 
USER	ramp users per second	256	END	1641545609171	1641545609298
USER	constant users per second	194	START	1641545609301	1641545609301
USER	ramp users per second	265	START	1641545609301	1641545609301
USER	ramp users	184	START	1641545609301	1641545609301
USER	ramp users per second	266	START	1641545609312	1641545609312
REQUEST	174		request4	1641545608202	1641545609325	OK	 
USER	ramp users per second	174	END	1641545608201	1641545609327
REQUEST	193		request3	1641545609202	1641545609327	OK	 
USER	constant users per second	193	END	1641545609201	1641545609328
USER	ramp users per second	278	START	1641545609332	1641545609332
USER	ramp users per second	267	START	1641545609332	1641545609332
REQUEST	259		request4	1641545609212	1641545609334	OK	 
USER	ramp users per second	259	END	1641545609211	1641545609336
REQUEST	257		request4	1641545609181	1641545609343	OK	 
USER	ramp users per second	279	START	1641545609341	1641545609341
USER	ramp users per second	257	END	1641545609181	1641545609345
USER	ramp users per second	280	START	1641545609351	1641545609351
REQUEST	260		request4	1641545609232	1641545609353	OK	 
USER	ramp users per second	260	END	1641545609232	1641545609355
USER	ramp users per second	281	START	1641545609361	1641545609361
REQUEST	258		request4	1641545609202	1641545609369	OK	 
USER	ramp users per second	258	END	1641545609201	1641545609370
USER	ramp users per second	282	START	1641545609372	1641545609372
REQUEST	262		request4	1641545609252	1641545609377	OK	 
USER	ramp users per second	262	END	1641545609251	1641545609377
USER	ramp users per second	283	START	1641545609382	1641545609382
USER	constant users per second	269	START	1641545609401	1641545609401
USER	ramp users per second	284	START	1641545609401	1641545609401
REQUEST	263		request4	1641545609273	1641545609401	OK	 
USER	ramp users per second	263	END	1641545609272	1641545609402
USER	ramp users per second	285	START	1641545609411	1641545609411
REQUEST	261		request4	1641545609243	1641545609415	OK	 
USER	ramp users per second	261	END	1641545609242	1641545609416
REQUEST	264		request4	1641545609292	1641545609416	OK	 
USER	ramp users per second	264	END	1641545609291	1641545609417
USER	ramp users per second	286	START	1641545609421	1641545609421
REQUEST	265		request4	1641545609302	1641545609422	OK	 
USER	ramp users per second	265	END	1641545609301	1641545609423
USER	ramp users per second	287	START	1641545609431	1641545609431
REQUEST	266		request4	1641545609312	1641545609433	OK	 
REQUEST	194		request3	1641545609302	1641545609433	OK	 
USER	ramp users per second	266	END	1641545609312	1641545609433
USER	constant users per second	194	END	1641545609301	1641545609433
USER	ramp users per second	288	START	1641545609441	1641545609441
REQUEST	129		request3	1641545608303	1641545609449	OK	 
USER	constant users per second	129	END	1641545608301	1641545609450
USER	ramp users per second	289	START	1641545609451	1641545609451
REQUEST	278		request4	1641545609333	1641545609460	OK	 
USER	ramp users per second	278	END	1641545609332	1641545609461
USER	ramp users per second	290	START	1641545609461	1641545609461
REQUEST	279		request4	1641545609342	1641545609471	OK	 
USER	ramp users per second	279	END	1641545609341	1641545609471
USER	ramp users per second	291	START	1641545609472	1641545609472
REQUEST	280		request4	1641545609352	1641545609475	OK	 
USER	ramp users per second	280	END	1641545609351	1641545609476
USER	ramp users per second	292	START	1641545609482	1641545609482
REQUEST	281		request4	1641545609362	1641545609490	OK	 
REQUEST	282		request4	1641545609372	1641545609490	OK	 
USER	ramp users per second	281	END	1641545609361	1641545609491
USER	ramp users per second	282	END	1641545609372	1641545609491
USER	ramp users per second	293	START	1641545609491	1641545609491
USER	constant users per second	270	START	1641545609501	1641545609501
REQUEST	283		request4	1641545609382	1641545609504	OK	 
USER	ramp users per second	283	END	1641545609382	1641545609504
USER	ramp users per second	294	START	1641545609511	1641545609511
USER	ramp users per second	295	START	1641545609521	1641545609521
REQUEST	269		request3	1641545609401	1641545609522	OK	 
USER	constant users per second	269	END	1641545609401	1641545609523
USER	ramp users per second	296	START	1641545609531	1641545609531
REQUEST	285		request4	1641545609411	1641545609536	OK	 
USER	ramp users per second	285	END	1641545609411	1641545609540
USER	ramp users per second	297	START	1641545609541	1641545609541
USER	ramp users per second	298	START	1641545609551	1641545609551
REQUEST	287		request4	1641545609432	1641545609552	OK	 
USER	ramp users per second	287	END	1641545609431	1641545609553
REQUEST	200		request4	1641545608402	1641545609560	OK	 
USER	ramp users per second	200	END	1641545608401	1641545609561
USER	ramp users per second	299	START	1641545609561	1641545609561
REQUEST	288		request4	1641545609442	1641545609568	OK	 
USER	ramp users per second	288	END	1641545609441	1641545609569
USER	ramp users per second	300	START	1641545609572	1641545609572
REQUEST	289		request4	1641545609452	1641545609578	OK	 
USER	ramp users per second	289	END	1641545609451	1641545609578
USER	ramp users per second	301	START	1641545609582	1641545609582
REQUEST	290		request4	1641545609462	1641545609582	OK	 
USER	ramp users per second	290	END	1641545609461	1641545609583
REQUEST	286		request4	1641545609421	1641545609585	OK	 
USER	ramp users per second	286	END	1641545609421	1641545609586
USER	ramp users per second	302	START	1641545609591	1641545609591
REQUEST	291		request4	1641545609472	1641545609598	OK	 
USER	ramp users per second	291	END	1641545609472	1641545609598
USER	ramp users per second	303	START	1641545609601	1641545609601
USER	constant users per second	271	START	1641545609601	1641545609601
REQUEST	292		request4	1641545609482	1641545609608	OK	 
USER	ramp users per second	292	END	1641545609482	1641545609608
REQUEST	293		request4	1641545609491	1641545609616	OK	 
USER	ramp users per second	293	END	1641545609491	1641545609618
REQUEST	270		request3	1641545609501	1641545609620	OK	 
USER	constant users per second	270	END	1641545609501	1641545609622
USER	ramp users per second	304	START	1641545609621	1641545609621
USER	ramp users per second	305	START	1641545609631	1641545609631
REQUEST	294		request4	1641545609511	1641545609633	OK	 
USER	ramp users per second	294	END	1641545609511	1641545609635
USER	ramp users per second	306	START	1641545609642	1641545609642
REQUEST	295		request4	1641545609521	1641545609643	OK	 
USER	ramp users per second	295	END	1641545609521	1641545609645
REQUEST	186		request3	1641545608501	1641545609646	OK	 
USER	constant users per second	186	END	1641545608501	1641545609647
USER	ramp users per second	307	START	1641545609652	1641545609652
USER	ramp users per second	308	START	1641545609661	1641545609661
REQUEST	296		request4	1641545609532	1641545609665	OK	 
USER	ramp users per second	296	END	1641545609531	1641545609666
REQUEST	297		request4	1641545609542	1641545609669	OK	 
USER	ramp users per second	297	END	1641545609541	1641545609671
USER	ramp users per second	309	START	1641545609671	1641545609671
REQUEST	298		request4	1641545609552	1641545609675	OK	 
USER	ramp users per second	298	END	1641545609551	1641545609677
USER	ramp users per second	310	START	1641545609682	1641545609682
REQUEST	299		request4	1641545609562	1641545609686	OK	 
USER	ramp users per second	299	END	1641545609561	1641545609688
USER	ramp users per second	311	START	1641545609692	1641545609692
REQUEST	300		request4	1641545609572	1641545609696	OK	 
USER	ramp users per second	300	END	1641545609572	1641545609698
USER	ramp users per second	312	START	1641545609702	1641545609702
USER	constant users per second	272	START	1641545609702	1641545609702
REQUEST	301		request4	1641545609582	1641545609705	OK	 
USER	ramp users per second	301	END	1641545609582	1641545609707
USER	ramp users per second	313	START	1641545609711	1641545609711
REQUEST	302		request4	1641545609591	1641545609718	OK	 
USER	ramp users per second	302	END	1641545609591	1641545609720
REQUEST	271		request3	1641545609601	1641545609721	OK	 
USER	constant users per second	271	END	1641545609601	1641545609722
USER	ramp users per second	314	START	1641545609732	1641545609732
REQUEST	214		request4	1641545608601	1641545609733	OK	 
USER	ramp users per second	214	END	1641545608601	1641545609734
USER	ramp users per second	315	START	1641545609741	1641545609741
REQUEST	304		request4	1641545609622	1641545609745	OK	 
USER	ramp users per second	304	END	1641545609621	1641545609746
USER	ramp users per second	316	START	1641545609751	1641545609751
REQUEST	305		request4	1641545609632	1641545609759	OK	 
USER	ramp users per second	305	END	1641545609631	1641545609759
USER	ramp users per second	317	START	1641545609761	1641545609761
REQUEST	306		request4	1641545609643	1641545609765	OK	 
USER	ramp users per second	306	END	1641545609642	1641545609765
USER	ramp users per second	318	START	1641545609771	1641545609771
USER	ramp users per second	319	START	1641545609782	1641545609782
REQUEST	308		request4	1641545609662	1641545609782	OK	 
USER	ramp users per second	308	END	1641545609661	1641545609783
USER	ramp users per second	320	START	1641545609792	1641545609792
REQUEST	307		request4	1641545609653	1641545609793	OK	 
USER	ramp users per second	307	END	1641545609652	1641545609793
USER	constant users per second	273	START	1641545609802	1641545609802
USER	ramp users per second	321	START	1641545609802	1641545609802
USER	ramp users	268	START	1641545609802	1641545609802
REQUEST	310		request4	1641545609683	1641545609804	OK	 
USER	ramp users per second	310	END	1641545609682	1641545609804
REQUEST	309		request4	1641545609672	1641545609810	OK	 
USER	ramp users per second	309	END	1641545609671	1641545609810
USER	ramp users per second	322	START	1641545609811	1641545609811
USER	ramp users per second	323	START	1641545609821	1641545609821
REQUEST	312		request4	1641545609703	1641545609823	OK	 
USER	ramp users per second	312	END	1641545609702	1641545609824
REQUEST	313		request4	1641545609712	1641545609833	OK	 
USER	ramp users per second	313	END	1641545609711	1641545609833
REQUEST	311		request4	1641545609693	1641545609841	OK	 
USER	ramp users per second	311	END	1641545609692	1641545609841
USER	ramp users per second	324	START	1641545609841	1641545609841
USER	ramp users per second	325	START	1641545609851	1641545609851
REQUEST	222		request4	1641545608702	1641545609854	OK	 
REQUEST	314		request4	1641545609733	1641545609854	OK	 
USER	ramp users per second	222	END	1641545608701	1641545609855
USER	ramp users per second	314	END	1641545609732	1641545609855
USER	ramp users per second	326	START	1641545609861	1641545609861
REQUEST	315		request4	1641545609742	1641545609862	OK	 
USER	ramp users per second	315	END	1641545609741	1641545609863
USER	ramp users per second	327	START	1641545609872	1641545609872
USER	ramp users per second	328	START	1641545609882	1641545609882
REQUEST	316		request4	1641545609752	1641545609882	OK	 
USER	ramp users per second	316	END	1641545609751	1641545609883
REQUEST	317		request4	1641545609762	1641545609888	OK	 
USER	ramp users per second	317	END	1641545609761	1641545609889
USER	ramp users per second	329	START	1641545609892	1641545609892
REQUEST	318		request4	1641545609772	1641545609893	OK	 
USER	ramp users per second	318	END	1641545609771	1641545609894
USER	constant users per second	274	START	1641545609901	1641545609901
USER	ramp users per second	330	START	1641545609901	1641545609901
REQUEST	319		request4	1641545609782	1641545609901	OK	 
USER	ramp users per second	319	END	1641545609782	1641545609902
USER	ramp users per second	331	START	1641545609911	1641545609911
REQUEST	320		request4	1641545609792	1641545609915	OK	 
USER	ramp users per second	320	END	1641545609792	1641545609916
USER	ramp users per second	332	START	1641545609921	1641545609921
REQUEST	268		request2	1641545609802	1641545609921	OK	 
USER	ramp users	268	END	1641545609802	1641545609922
REQUEST	322		request4	1641545609811	1641545609930	OK	 
USER	ramp users per second	322	END	1641545609811	1641545609931
USER	ramp users per second	333	START	1641545609931	1641545609931
REQUEST	189		request3	1641545608802	1641545609939	OK	 
USER	constant users per second	189	END	1641545608801	1641545609940
REQUEST	229		request4	1641545608802	1641545609943	OK	 
USER	ramp users per second	229	END	1641545608801	1641545609944
USER	ramp users per second	334	START	1641545609952	1641545609952
USER	ramp users per second	335	START	1641545609962	1641545609962
REQUEST	324		request4	1641545609842	1641545609969	OK	 
USER	ramp users per second	324	END	1641545609841	1641545609970
USER	ramp users per second	336	START	1641545609972	1641545609972
REQUEST	325		request4	1641545609852	1641545609974	OK	 
USER	ramp users per second	325	END	1641545609851	1641545609975
USER	ramp users per second	337	START	1641545609981	1641545609981
USER	ramp users per second	338	START	1641545609991	1641545609991
REQUEST	326		request4	1641545609862	1641545609992	OK	 
USER	ramp users per second	326	END	1641545609861	1641545609994
REQUEST	327		request4	1641545609872	1641545609993	OK	 
REQUEST	124		request3	1641545607803	1641545609993	OK	 
USER	ramp users per second	327	END	1641545609872	1641545609995
USER	constant users per second	124	END	1641545607802	1641545609995
USER	ramp users per second	339	START	1641545610001	1641545610001
USER	constant users per second	275	START	1641545610001	1641545610001
REQUEST	328		request4	1641545609882	1641545610002	OK	 
USER	ramp users per second	328	END	1641545609882	1641545610004
USER	ramp users per second	340	START	1641545610012	1641545610012
USER	ramp users per second	341	START	1641545610022	1641545610022
REQUEST	274		request3	1641545609901	1641545610027	OK	 
USER	constant users per second	274	END	1641545609901	1641545610029
USER	ramp users per second	342	START	1641545610031	1641545610031
REQUEST	331		request4	1641545609912	1641545610036	OK	 
USER	ramp users per second	331	END	1641545609911	1641545610038
USER	ramp users per second	343	START	1641545610041	1641545610041
REQUEST	332		request4	1641545609922	1641545610047	OK	 
USER	ramp users per second	332	END	1641545609921	1641545610049
REQUEST	329		request4	1641545609892	1641545610054	OK	 
USER	ramp users per second	329	END	1641545609892	1641545610056
REQUEST	236		request4	1641545608902	1641545610059	OK	 
USER	ramp users per second	236	END	1641545608901	1641545610061
USER	ramp users per second	344	START	1641545610061	1641545610061
USER	ramp users per second	345	START	1641545610072	1641545610072
REQUEST	334		request4	1641545609952	1641545610072	OK	 
USER	ramp users per second	334	END	1641545609952	1641545610073
USER	ramp users per second	346	START	1641545610082	1641545610082
REQUEST	335		request4	1641545609962	1641545610089	OK	 
USER	ramp users per second	335	END	1641545609962	1641545610090
USER	ramp users per second	347	START	1641545610091	1641545610091
USER	constant users per second	276	START	1641545610101	1641545610101
USER	ramp users per second	348	START	1641545610101	1641545610101
REQUEST	337		request4	1641545609982	1641545610102	OK	 
USER	ramp users per second	337	END	1641545609981	1641545610103
REQUEST	336		request4	1641545609972	1641545610105	OK	 
USER	ramp users per second	336	END	1641545609972	1641545610106
REQUEST	158		request4	1641545607902	1641545610107	OK	 
USER	ramp users per second	158	END	1641545607901	1641545610108
USER	ramp users per second	349	START	1641545610111	1641545610111
REQUEST	338		request4	1641545609993	1641545610116	OK	 
USER	ramp users per second	338	END	1641545609991	1641545610117
USER	ramp users per second	350	START	1641545610121	1641545610121
REQUEST	339		request4	1641545610003	1641545610129	OK	 
USER	ramp users per second	339	END	1641545610001	1641545610130
USER	ramp users per second	351	START	1641545610131	1641545610131
REQUEST	340		request4	1641545610013	1641545610136	OK	 
USER	ramp users per second	340	END	1641545610012	1641545610137
USER	ramp users per second	352	START	1641545610142	1641545610142
REQUEST	342		request4	1641545610032	1641545610149	OK	 
USER	ramp users per second	342	END	1641545610031	1641545610150
USER	ramp users per second	353	START	1641545610152	1641545610152
REQUEST	341		request4	1641545610023	1641545610155	OK	 
USER	ramp users per second	341	END	1641545610022	1641545610156
REQUEST	243		request4	1641545608992	1641545610162	OK	 
USER	ramp users per second	243	END	1641545608991	1641545610163
REQUEST	343		request4	1641545610042	1641545610168	OK	 
USER	ramp users per second	343	END	1641545610041	1641545610170
USER	ramp users per second	354	START	1641545610171	1641545610171
USER	ramp users per second	355	START	1641545610181	1641545610181
USER	ramp users per second	356	START	1641545610191	1641545610191
REQUEST	344		request4	1641545610062	1641545610193	OK	 
USER	ramp users per second	344	END	1641545610061	1641545610194
REQUEST	345		request4	1641545610072	1641545610201	OK	 
USER	ramp users per second	357	START	1641545610201	1641545610201
USER	ramp users per second	345	END	1641545610072	1641545610202
USER	constant users per second	277	START	1641545610201	1641545610201
REQUEST	346		request4	1641545610083	1641545610205	OK	 
USER	ramp users per second	346	END	1641545610082	1641545610206
USER	ramp users per second	358	START	1641545610212	1641545610212
REQUEST	347		request4	1641545610092	1641545610220	OK	 
USER	ramp users per second	347	END	1641545610091	1641545610221
USER	ramp users per second	359	START	1641545610222	1641545610222
REQUEST	276		request3	1641545610102	1641545610225	OK	 
USER	constant users per second	276	END	1641545610101	1641545610226
USER	ramp users per second	360	START	1641545610232	1641545610232
USER	ramp users per second	361	START	1641545610241	1641545610241
REQUEST	350		request4	1641545610122	1641545610242	OK	 
USER	ramp users per second	350	END	1641545610121	1641545610243
REQUEST	349		request4	1641545610112	1641545610247	OK	 
USER	ramp users per second	349	END	1641545610111	1641545610247
USER	ramp users per second	362	START	1641545610251	1641545610251
REQUEST	351		request4	1641545610132	1641545610253	OK	 
USER	ramp users per second	351	END	1641545610131	1641545610253
USER	ramp users per second	363	START	1641545610261	1641545610261
USER	ramp users per second	364	START	1641545610281	1641545610281
REQUEST	353		request4	1641545610152	1641545610282	OK	 
USER	ramp users per second	353	END	1641545610152	1641545610282
USER	ramp users per second	365	START	1641545610292	1641545610292
REQUEST	354		request4	1641545610172	1641545610294	OK	 
USER	ramp users per second	354	END	1641545610171	1641545610294
REQUEST	352		request4	1641545610142	1641545610298	OK	 
USER	ramp users per second	352	END	1641545610142	1641545610298
REQUEST	355		request4	1641545610182	1641545610308	OK	 
USER	ramp users per second	355	END	1641545610181	1641545610309
REQUEST	277		request3	1641545610202	1641545610331	OK	 
USER	constant users per second	277	END	1641545610201	1641545610332
REQUEST	358		request4	1641545610212	1641545610335	OK	 
USER	ramp users per second	358	END	1641545610212	1641545610336
REQUEST	359		request4	1641545610222	1641545610338	OK	 
USER	ramp users per second	359	END	1641545610222	1641545610338
REQUEST	356		request4	1641545610192	1641545610349	OK	 
USER	ramp users per second	356	END	1641545610191	1641545610349
REQUEST	360		request4	1641545610232	1641545610351	OK	 
USER	ramp users per second	360	END	1641545610232	1641545610352
REQUEST	361		request4	1641545610241	1641545610356	OK	 
USER	ramp users per second	361	END	1641545610241	1641545610356
REQUEST	362		request4	1641545610251	1641545610378	OK	 
USER	ramp users per second	362	END	1641545610251	1641545610378
REQUEST	363		request4	1641545610262	1641545610382	OK	 
USER	ramp users per second	363	END	1641545610261	1641545610382
REQUEST	364		request4	1641545610282	1641545610401	OK	 
USER	ramp users per second	364	END	1641545610281	1641545610401
REQUEST	184		request2	1641545609302	1641545610442	OK	 
USER	ramp users	184	END	1641545609301	1641545610442
REQUEST	365		request4	1641545610292	1641545610458	OK	 
USER	ramp users per second	365	END	1641545610292	1641545610459
REQUEST	267		request4	1641545609333	1641545610485	OK	 
USER	ramp users per second	267	END	1641545609332	1641545610486
REQUEST	284		request4	1641545609401	1641545610523	OK	 
USER	ramp users per second	284	END	1641545609401	1641545610525
REQUEST	195		request4	1641545608343	1641545610524	OK	 
USER	ramp users per second	195	END	1641545608341	1641545610525
REQUEST	202		request4	1641545608432	1641545610638	OK	 
USER	ramp users per second	202	END	1641545608432	1641545610640
REQUEST	303		request4	1641545609601	1641545610777	OK	 
USER	ramp users per second	303	END	1641545609601	1641545610778
REQUEST	272		request3	1641545609703	1641545610846	OK	 
USER	constant users per second	272	END	1641545609702	1641545610847
REQUEST	321		request4	1641545609802	1641545610928	OK	 
USER	ramp users per second	321	END	1641545609802	1641545610930
REQUEST	273		request3	1641545609802	1641545610931	OK	 
USER	constant users per second	273	END	1641545609802	1641545610932
REQUEST	323		request4	1641545609821	1641545610965	OK	 
USER	ramp users per second	323	END	1641545609821	1641545610967
REQUEST	330		request4	1641545609901	1641545611023	OK	 
USER	ramp users per second	330	END	1641545609901	1641545611025
REQUEST	333		request4	1641545609932	1641545611056	OK	 
USER	ramp users per second	333	END	1641545609931	1641545611058
REQUEST	275		request3	1641545610003	1641545611158	OK	 
USER	constant users per second	275	END	1641545610001	1641545611160
REQUEST	348		request4	1641545610102	1641545611239	OK	 
USER	ramp users per second	348	END	1641545610101	1641545611241
REQUEST	357		request4	1641545610202	1641545611326	OK	 
USER	ramp users per second	357	END	1641545610201	1641545611328
