RUN	com.knoldus.MultipleScenarios	multiplescenarios	1641545876990	 	3.0.0
USER	at once users	1	START	1641545878454	1641545878454
USER	at once users	2	START	1641545878476	1641545878476
USER	at once users	3	START	1641545878477	1641545878477
USER	at once users	4	START	1641545878477	1641545878477
USER	at once users	5	START	1641545878478	1641545878478
USER	at once users	6	START	1641545878479	1641545878479
USER	at once users	7	START	1641545878480	1641545878480
USER	at once users	8	START	1641545878481	1641545878481
USER	at once users	9	START	1641545878482	1641545878482
USER	at once users	10	START	1641545878483	1641545878483
USER	at once users	11	START	1641545878484	1641545878484
USER	at once users	12	START	1641545878484	1641545878484
USER	at once users	13	START	1641545878485	1641545878485
USER	at once users	14	START	1641545878486	1641545878486
USER	at once users	15	START	1641545878487	1641545878487
USER	at once users	16	START	1641545878488	1641545878488
USER	at once users	17	START	1641545878489	1641545878489
USER	at once users	18	START	1641545878490	1641545878490
USER	at once users	19	START	1641545878491	1641545878491
USER	at once users	20	START	1641545878491	1641545878491
USER	at once users	21	START	1641545878492	1641545878492
USER	at once users	22	START	1641545878493	1641545878493
USER	at once users	23	START	1641545878494	1641545878494
USER	at once users	24	START	1641545878495	1641545878495
USER	at once users	25	START	1641545878495	1641545878495
USER	at once users	26	START	1641545878496	1641545878496
USER	at once users	27	START	1641545878497	1641545878497
USER	at once users	28	START	1641545878497	1641545878497
USER	at once users	29	START	1641545878498	1641545878498
USER	at once users	30	START	1641545878499	1641545878499
USER	ramp users	31	START	1641545878503	1641545878503
USER	constant users per second	36	START	1641545878509	1641545878509
USER	ramp users per second	57	START	1641545878511	1641545878511
USER	ramp users per second	58	START	1641545878512	1641545878512
USER	constant users per second	37	START	1641545878559	1641545878559
USER	ramp users per second	59	START	1641545878568	1641545878568
USER	ramp users per second	60	START	1641545878619	1641545878619
USER	constant users per second	38	START	1641545878658	1641545878658
USER	ramp users per second	61	START	1641545878669	1641545878669
USER	ramp users per second	62	START	1641545878729	1641545878729
USER	constant users per second	39	START	1641545878758	1641545878758
USER	ramp users per second	63	START	1641545878779	1641545878779
USER	ramp users per second	64	START	1641545878829	1641545878829
USER	constant users per second	40	START	1641545878863	1641545878863
USER	ramp users per second	65	START	1641545878878	1641545878878
REQUEST	36		request3	1641545878510	1641545878637	OK	 
REQUEST	58		request4	1641545878513	1641545878641	OK	 
REQUEST	38		request3	1641545878660	1641545878878	OK	 
REQUEST	15		request1	1641545878488	1641545878651	OK	 
REQUEST	12		request1	1641545878485	1641545878636	OK	 
REQUEST	27		request1	1641545878497	1641545878644	OK	 
USER	constant users per second	36	END	1641545878509	1641545878881
USER	at once users	15	END	1641545878487	1641545878882
REQUEST	57		request4	1641545878512	1641545878640	OK	 
USER	at once users	27	END	1641545878497	1641545878882
USER	at once users	12	END	1641545878484	1641545878883
USER	constant users per second	38	END	1641545878658	1641545878884
USER	ramp users per second	58	END	1641545878512	1641545878884
USER	ramp users per second	57	END	1641545878511	1641545878884
REQUEST	62		request4	1641545878731	1641545878884	OK	 
USER	ramp users per second	62	END	1641545878729	1641545878886
REQUEST	37		request3	1641545878560	1641545878819	OK	 
USER	constant users per second	37	END	1641545878559	1641545878887
REQUEST	39		request3	1641545878760	1641545878916	OK	 
USER	constant users per second	39	END	1641545878758	1641545878917
REQUEST	59		request4	1641545878569	1641545878930	OK	 
USER	ramp users per second	59	END	1641545878568	1641545878932
USER	ramp users per second	66	START	1641545878939	1641545878939
USER	constant users per second	41	START	1641545878958	1641545878958
USER	ramp users	32	START	1641545878958	1641545878958
REQUEST	64		request4	1641545878832	1641545878959	OK	 
USER	ramp users per second	64	END	1641545878829	1641545878961
REQUEST	60		request4	1641545878620	1641545878987	OK	 
USER	ramp users per second	60	END	1641545878619	1641545878989
USER	ramp users per second	67	START	1641545878989	1641545878989
REQUEST	40		request3	1641545878864	1641545878992	OK	 
USER	constant users per second	40	END	1641545878863	1641545878994
REQUEST	65		request4	1641545878879	1641545879013	OK	 
USER	ramp users per second	65	END	1641545878878	1641545879016
REQUEST	63		request4	1641545878781	1641545879015	OK	 
USER	ramp users per second	63	END	1641545878779	1641545879018
USER	ramp users per second	68	START	1641545879038	1641545879038
USER	constant users per second	42	START	1641545879059	1641545879059
USER	ramp users per second	69	START	1641545879089	1641545879089
REQUEST	66		request4	1641545878939	1641545879099	OK	 
REQUEST	41		request3	1641545878959	1641545879099	OK	 
USER	ramp users per second	66	END	1641545878939	1641545879102
USER	constant users per second	41	END	1641545878958	1641545879102
REQUEST	32		request2	1641545878959	1641545879105	OK	 
USER	ramp users	32	END	1641545878958	1641545879108
REQUEST	67		request4	1641545878989	1641545879113	OK	 
USER	ramp users per second	67	END	1641545878989	1641545879116
USER	ramp users per second	70	START	1641545879149	1641545879149
USER	constant users per second	43	START	1641545879159	1641545879159
REQUEST	68		request4	1641545879039	1641545879180	OK	 
USER	ramp users per second	68	END	1641545879038	1641545879183
REQUEST	42		request3	1641545879059	1641545879196	OK	 
USER	constant users per second	42	END	1641545879059	1641545879199
USER	ramp users per second	71	START	1641545879199	1641545879199
REQUEST	69		request4	1641545879090	1641545879237	OK	 
USER	ramp users per second	69	END	1641545879089	1641545879238
USER	ramp users per second	72	START	1641545879248	1641545879248
USER	constant users per second	44	START	1641545879258	1641545879258
REQUEST	70		request4	1641545879150	1641545879278	OK	 
USER	ramp users per second	70	END	1641545879149	1641545879279
REQUEST	43		request3	1641545879160	1641545879297	OK	 
USER	constant users per second	43	END	1641545879159	1641545879298
USER	ramp users per second	73	START	1641545879299	1641545879299
REQUEST	71		request4	1641545879200	1641545879332	OK	 
USER	ramp users per second	71	END	1641545879199	1641545879336
USER	ramp users per second	74	START	1641545879359	1641545879359
USER	constant users per second	45	START	1641545879359	1641545879359
REQUEST	72		request4	1641545879249	1641545879379	OK	 
USER	ramp users per second	72	END	1641545879248	1641545879382
REQUEST	44		request3	1641545879259	1641545879400	OK	 
USER	constant users per second	44	END	1641545879258	1641545879403
USER	ramp users per second	75	START	1641545879408	1641545879408
REQUEST	73		request4	1641545879299	1641545879445	OK	 
USER	ramp users per second	73	END	1641545879299	1641545879446
USER	ramp users per second	76	START	1641545879458	1641545879458
USER	constant users per second	46	START	1641545879458	1641545879458
USER	ramp users	33	START	1641545879468	1641545879468
USER	ramp users per second	77	START	1641545879489	1641545879489
USER	ramp users per second	78	START	1641545879518	1641545879518
REQUEST	45		request3	1641545879360	1641545879518	OK	 
USER	constant users per second	45	END	1641545879359	1641545879522
REQUEST	75		request4	1641545879409	1641545879534	OK	 
USER	ramp users per second	75	END	1641545879408	1641545879538
USER	ramp users per second	79	START	1641545879539	1641545879539
USER	constant users per second	47	START	1641545879558	1641545879558
USER	ramp users per second	80	START	1641545879568	1641545879568
REQUEST	76		request4	1641545879459	1641545879588	OK	 
USER	ramp users per second	76	END	1641545879458	1641545879590
REQUEST	33		request2	1641545879469	1641545879592	OK	 
USER	ramp users	33	END	1641545879468	1641545879594
USER	ramp users per second	81	START	1641545879599	1641545879599
REQUEST	77		request4	1641545879491	1641545879617	OK	 
USER	ramp users per second	77	END	1641545879489	1641545879618
USER	ramp users per second	82	START	1641545879619	1641545879619
REQUEST	20		request1	1641545878492	1641545879637	OK	 
USER	at once users	20	END	1641545878491	1641545879638
REQUEST	1		request1	1641545878473	1641545879640	OK	 
USER	at once users	1	END	1641545878454	1641545879641
REQUEST	8		request1	1641545878481	1641545879643	OK	 
USER	at once users	8	END	1641545878481	1641545879643
USER	ramp users per second	83	START	1641545879648	1641545879648
USER	constant users per second	48	START	1641545879658	1641545879658
REQUEST	78		request4	1641545879520	1641545879660	OK	 
REQUEST	9		request1	1641545878482	1641545879660	OK	 
USER	ramp users per second	78	END	1641545879518	1641545879663
USER	at once users	9	END	1641545878482	1641545879663
REQUEST	79		request4	1641545879540	1641545879668	OK	 
USER	ramp users per second	79	END	1641545879539	1641545879671
USER	ramp users per second	84	START	1641545879679	1641545879679
REQUEST	47		request3	1641545879559	1641545879697	OK	 
USER	constant users per second	47	END	1641545879558	1641545879698
REQUEST	80		request4	1641545879569	1641545879698	OK	 
USER	ramp users per second	80	END	1641545879568	1641545879699
USER	ramp users per second	85	START	1641545879708	1641545879708
USER	ramp users per second	86	START	1641545879729	1641545879729
REQUEST	81		request4	1641545879599	1641545879730	OK	 
USER	ramp users per second	81	END	1641545879599	1641545879731
USER	constant users per second	49	START	1641545879758	1641545879758
USER	ramp users per second	87	START	1641545879758	1641545879758
REQUEST	82		request4	1641545879619	1641545879763	OK	 
USER	ramp users per second	82	END	1641545879619	1641545879764
USER	ramp users per second	88	START	1641545879788	1641545879788
REQUEST	61		request4	1641545878669	1641545879791	OK	 
USER	ramp users per second	61	END	1641545878669	1641545879791
REQUEST	83		request4	1641545879648	1641545879792	OK	 
USER	ramp users per second	83	END	1641545879648	1641545879793
REQUEST	48		request3	1641545879660	1641545879795	OK	 
USER	constant users per second	48	END	1641545879658	1641545879796
REQUEST	84		request4	1641545879680	1641545879802	OK	 
USER	ramp users per second	84	END	1641545879679	1641545879803
USER	ramp users per second	89	START	1641545879809	1641545879809
USER	ramp users per second	90	START	1641545879838	1641545879838
REQUEST	86		request4	1641545879729	1641545879848	OK	 
REQUEST	85		request4	1641545879709	1641545879848	OK	 
USER	ramp users per second	86	END	1641545879729	1641545879849
USER	ramp users per second	85	END	1641545879708	1641545879849
USER	constant users per second	50	START	1641545879858	1641545879858
USER	ramp users per second	91	START	1641545879868	1641545879868
USER	ramp users per second	92	START	1641545879889	1641545879889
REQUEST	49		request3	1641545879758	1641545879896	OK	 
USER	constant users per second	49	END	1641545879758	1641545879900
USER	ramp users per second	93	START	1641545879918	1641545879918
REQUEST	89		request4	1641545879809	1641545879936	OK	 
USER	ramp users per second	89	END	1641545879809	1641545879940
USER	ramp users per second	94	START	1641545879948	1641545879948
USER	constant users per second	51	START	1641545879959	1641545879959
USER	ramp users	34	START	1641545879969	1641545879969
USER	ramp users per second	95	START	1641545879978	1641545879978
REQUEST	90		request4	1641545879839	1641545879986	OK	 
USER	ramp users per second	90	END	1641545879838	1641545879987
REQUEST	91		request4	1641545879869	1641545879993	OK	 
USER	ramp users per second	91	END	1641545879868	1641545879994
REQUEST	50		request3	1641545879859	1641545879995	OK	 
USER	constant users per second	50	END	1641545879858	1641545879997
USER	ramp users per second	96	START	1641545879998	1641545879998
REQUEST	88		request4	1641545879789	1641545880017	OK	 
USER	ramp users per second	88	END	1641545879788	1641545880019
REQUEST	92		request4	1641545879890	1641545880019	OK	 
USER	ramp users per second	92	END	1641545879889	1641545880020
USER	ramp users per second	97	START	1641545880029	1641545880029
REQUEST	93		request4	1641545879920	1641545880049	OK	 
USER	ramp users per second	93	END	1641545879918	1641545880051
USER	ramp users per second	98	START	1641545880058	1641545880058
USER	constant users per second	52	START	1641545880058	1641545880058
USER	ramp users per second	99	START	1641545880078	1641545880078
REQUEST	51		request3	1641545879959	1641545880083	OK	 
USER	constant users per second	51	END	1641545879959	1641545880085
REQUEST	95		request4	1641545879979	1641545880108	OK	 
USER	ramp users per second	95	END	1641545879978	1641545880110
USER	ramp users per second	100	START	1641545880109	1641545880109
REQUEST	94		request4	1641545879949	1641545880111	OK	 
USER	ramp users per second	94	END	1641545879948	1641545880114
REQUEST	34		request2	1641545879970	1641545880136	OK	 
USER	ramp users	34	END	1641545879969	1641545880138
USER	ramp users per second	101	START	1641545880138	1641545880138
REQUEST	96		request4	1641545879999	1641545880146	OK	 
USER	ramp users per second	96	END	1641545879998	1641545880148
USER	ramp users per second	102	START	1641545880158	1641545880158
USER	constant users per second	53	START	1641545880158	1641545880158
REQUEST	97		request4	1641545880030	1641545880171	OK	 
USER	ramp users per second	97	END	1641545880029	1641545880172
REQUEST	52		request3	1641545880059	1641545880186	OK	 
USER	constant users per second	52	END	1641545880058	1641545880186
USER	ramp users per second	103	START	1641545880189	1641545880189
REQUEST	99		request4	1641545880079	1641545880206	OK	 
USER	ramp users per second	99	END	1641545880078	1641545880207
USER	ramp users per second	104	START	1641545880218	1641545880218
USER	ramp users per second	105	START	1641545880249	1641545880249
REQUEST	101		request4	1641545880139	1641545880257	OK	 
USER	ramp users per second	101	END	1641545880138	1641545880258
USER	constant users per second	54	START	1641545880259	1641545880259
USER	ramp users per second	106	START	1641545880268	1641545880268
REQUEST	53		request3	1641545880159	1641545880280	OK	 
USER	constant users per second	53	END	1641545880158	1641545880283
REQUEST	100		request4	1641545880110	1641545880286	OK	 
USER	ramp users per second	100	END	1641545880109	1641545880288
USER	ramp users per second	107	START	1641545880299	1641545880299
REQUEST	103		request4	1641545880189	1641545880313	OK	 
USER	ramp users per second	103	END	1641545880189	1641545880317
USER	ramp users per second	108	START	1641545880329	1641545880329
USER	ramp users per second	109	START	1641545880349	1641545880349
REQUEST	104		request4	1641545880219	1641545880338	OK	 
USER	ramp users per second	104	END	1641545880218	1641545880354
USER	constant users per second	55	START	1641545880358	1641545880358
REQUEST	105		request4	1641545880249	1641545880377	OK	 
USER	ramp users per second	105	END	1641545880249	1641545880378
USER	ramp users per second	110	START	1641545880378	1641545880378
REQUEST	54		request3	1641545880259	1641545880394	OK	 
USER	constant users per second	54	END	1641545880259	1641545880395
REQUEST	106		request4	1641545880269	1641545880397	OK	 
USER	ramp users per second	106	END	1641545880268	1641545880398
USER	ramp users per second	111	START	1641545880409	1641545880409
USER	ramp users per second	112	START	1641545880428	1641545880428
REQUEST	107		request4	1641545880300	1641545880428	OK	 
USER	ramp users per second	107	END	1641545880299	1641545880429
USER	constant users per second	56	START	1641545880458	1641545880458
USER	ramp users per second	113	START	1641545880458	1641545880458
REQUEST	108		request4	1641545880330	1641545880460	OK	 
USER	ramp users per second	108	END	1641545880329	1641545880461
USER	ramp users	35	START	1641545880468	1641545880468
USER	ramp users per second	114	START	1641545880479	1641545880479
REQUEST	109		request4	1641545880351	1641545880489	OK	 
REQUEST	55		request3	1641545880360	1641545880489	OK	 
USER	ramp users per second	109	END	1641545880349	1641545880490
USER	constant users per second	55	END	1641545880358	1641545880490
REQUEST	74		request4	1641545879360	1641545880493	OK	 
USER	ramp users per second	74	END	1641545879359	1641545880494
USER	ramp users per second	115	START	1641545880499	1641545880499
REQUEST	110		request4	1641545880379	1641545880504	OK	 
USER	ramp users per second	110	END	1641545880378	1641545880506
USER	ramp users per second	116	START	1641545880518	1641545880518
REQUEST	111		request4	1641545880409	1641545880529	OK	 
USER	ramp users per second	111	END	1641545880409	1641545880530
USER	ramp users per second	129	START	1641545880538	1641545880538
USER	ramp users per second	130	START	1641545880549	1641545880549
USER	constant users per second	119	START	1641545880560	1641545880560
REQUEST	112		request4	1641545880428	1641545880560	OK	 
USER	ramp users per second	112	END	1641545880428	1641545880562
USER	ramp users per second	131	START	1641545880568	1641545880568
REQUEST	113		request4	1641545880459	1641545880579	OK	 
USER	ramp users per second	113	END	1641545880458	1641545880581
USER	ramp users per second	132	START	1641545880589	1641545880589
REQUEST	114		request4	1641545880479	1641545880599	OK	 
USER	ramp users per second	114	END	1641545880479	1641545880600
REQUEST	46		request3	1641545879459	1641545880602	OK	 
USER	constant users per second	46	END	1641545879458	1641545880603
REQUEST	35		request2	1641545880469	1641545880607	OK	 
USER	ramp users	35	END	1641545880468	1641545880608
USER	ramp users per second	133	START	1641545880608	1641545880608
REQUEST	115		request4	1641545880499	1641545880624	OK	 
USER	ramp users per second	115	END	1641545880499	1641545880625
USER	ramp users per second	134	START	1641545880628	1641545880628
REQUEST	116		request4	1641545880519	1641545880638	OK	 
USER	ramp users per second	116	END	1641545880518	1641545880639
REQUEST	4		request1	1641545878478	1641545880643	OK	 
USER	at once users	4	END	1641545878477	1641545880644
USER	ramp users per second	135	START	1641545880648	1641545880648
USER	constant users per second	120	START	1641545880658	1641545880658
USER	ramp users per second	136	START	1641545880658	1641545880658
REQUEST	2		request1	1641545878476	1641545880659	OK	 
REQUEST	23		request1	1641545878495	1641545880659	OK	 
REQUEST	129		request4	1641545880539	1641545880659	OK	 
USER	ramp users per second	129	END	1641545880538	1641545880660
USER	at once users	2	END	1641545878476	1641545880660
USER	at once users	23	END	1641545878494	1641545880661
REQUEST	29		request1	1641545878498	1641545880669	OK	 
USER	at once users	29	END	1641545878498	1641545880670
REQUEST	130		request4	1641545880549	1641545880670	OK	 
USER	ramp users per second	130	END	1641545880549	1641545880671
USER	ramp users per second	137	START	1641545880679	1641545880679
REQUEST	5		request1	1641545878478	1641545880682	OK	 
USER	at once users	5	END	1641545878478	1641545880682
REQUEST	10		request1	1641545878483	1641545880684	OK	 
USER	at once users	10	END	1641545878483	1641545880685
REQUEST	119		request3	1641545880561	1641545880687	OK	 
USER	constant users per second	119	END	1641545880560	1641545880687
REQUEST	131		request4	1641545880569	1641545880689	OK	 
USER	ramp users per second	131	END	1641545880568	1641545880690
REQUEST	3		request1	1641545878477	1641545880690	OK	 
USER	at once users	3	END	1641545878477	1641545880691
REQUEST	22		request1	1641545878494	1641545880692	OK	 
USER	at once users	22	END	1641545878493	1641545880692
REQUEST	18		request1	1641545878490	1641545880693	OK	 
USER	at once users	18	END	1641545878490	1641545880694
USER	ramp users per second	138	START	1641545880698	1641545880698
REQUEST	17		request1	1641545878490	1641545880700	OK	 
USER	at once users	17	END	1641545878489	1641545880701
REQUEST	26		request1	1641545878497	1641545880701	OK	 
USER	at once users	26	END	1641545878496	1641545880702
REQUEST	6		request1	1641545878479	1641545880709	OK	 
USER	at once users	6	END	1641545878479	1641545880710
REQUEST	132		request4	1641545880589	1641545880714	OK	 
USER	ramp users per second	132	END	1641545880589	1641545880714
USER	ramp users per second	139	START	1641545880718	1641545880718
REQUEST	133		request4	1641545880608	1641545880729	OK	 
USER	ramp users per second	133	END	1641545880608	1641545880730
USER	ramp users per second	140	START	1641545880738	1641545880738
USER	ramp users per second	141	START	1641545880749	1641545880749
REQUEST	134		request4	1641545880629	1641545880758	OK	 
USER	constant users per second	121	START	1641545880759	1641545880759
USER	ramp users per second	134	END	1641545880628	1641545880759
REQUEST	135		request4	1641545880649	1641545880766	OK	 
USER	ramp users per second	135	END	1641545880648	1641545880767
USER	ramp users per second	142	START	1641545880769	1641545880769
REQUEST	136		request4	1641545880659	1641545880784	OK	 
USER	ramp users per second	136	END	1641545880658	1641545880784
USER	ramp users per second	143	START	1641545880788	1641545880788
REQUEST	137		request4	1641545880679	1641545880801	OK	 
USER	ramp users per second	137	END	1641545880679	1641545880802
USER	ramp users per second	144	START	1641545880809	1641545880809
REQUEST	138		request4	1641545880698	1641545880820	OK	 
USER	ramp users per second	138	END	1641545880698	1641545880822
USER	ramp users per second	145	START	1641545880829	1641545880829
USER	ramp users per second	146	START	1641545880848	1641545880848
USER	ramp users per second	147	START	1641545880858	1641545880858
USER	constant users per second	122	START	1641545880858	1641545880858
REQUEST	140		request4	1641545880739	1641545880866	OK	 
USER	ramp users per second	140	END	1641545880738	1641545880866
REQUEST	141		request4	1641545880749	1641545880870	OK	 
USER	ramp users per second	141	END	1641545880749	1641545880871
USER	ramp users per second	148	START	1641545880879	1641545880879
REQUEST	121		request3	1641545880759	1641545880883	OK	 
USER	constant users per second	121	END	1641545880759	1641545880883
REQUEST	142		request4	1641545880769	1641545880893	OK	 
USER	ramp users per second	142	END	1641545880769	1641545880895
USER	ramp users per second	149	START	1641545880898	1641545880898
USER	ramp users per second	150	START	1641545880918	1641545880918
REQUEST	143		request4	1641545880788	1641545880924	OK	 
USER	ramp users per second	143	END	1641545880788	1641545880925
REQUEST	144		request4	1641545880809	1641545880933	OK	 
USER	ramp users per second	144	END	1641545880809	1641545880933
USER	ramp users per second	151	START	1641545880939	1641545880939
USER	ramp users per second	152	START	1641545880948	1641545880948
REQUEST	145		request4	1641545880831	1641545880948	OK	 
USER	ramp users per second	145	END	1641545880829	1641545880950
USER	constant users per second	123	START	1641545880958	1641545880958
USER	ramp users	117	START	1641545880958	1641545880958
USER	ramp users per second	153	START	1641545880969	1641545880969
REQUEST	146		request4	1641545880849	1641545880970	OK	 
USER	ramp users per second	146	END	1641545880848	1641545880973
REQUEST	147		request4	1641545880859	1641545880983	OK	 
USER	ramp users per second	147	END	1641545880858	1641545880984
USER	ramp users per second	154	START	1641545880988	1641545880988
REQUEST	148		request4	1641545880879	1641545880999	OK	 
USER	ramp users per second	148	END	1641545880879	1641545881000
USER	ramp users per second	155	START	1641545881009	1641545881009
REQUEST	149		request4	1641545880898	1641545881017	OK	 
USER	ramp users per second	149	END	1641545880898	1641545881018
USER	ramp users per second	156	START	1641545881029	1641545881029
REQUEST	150		request4	1641545880919	1641545881041	OK	 
USER	ramp users per second	150	END	1641545880918	1641545881042
USER	ramp users per second	157	START	1641545881048	1641545881048
USER	ramp users per second	158	START	1641545881058	1641545881058
USER	constant users per second	124	START	1641545881058	1641545881058
REQUEST	151		request4	1641545880940	1641545881068	OK	 
USER	ramp users per second	151	END	1641545880939	1641545881070
REQUEST	152		request4	1641545880949	1641545881072	OK	 
USER	ramp users per second	152	END	1641545880948	1641545881074
USER	ramp users per second	159	START	1641545881079	1641545881079
REQUEST	153		request4	1641545880971	1641545881096	OK	 
USER	ramp users per second	153	END	1641545880969	1641545881098
USER	ramp users per second	160	START	1641545881098	1641545881098
REQUEST	117		request2	1641545880960	1641545881100	OK	 
USER	ramp users	117	END	1641545880958	1641545881103
REQUEST	154		request4	1641545880989	1641545881116	OK	 
USER	ramp users per second	154	END	1641545880988	1641545881118
USER	ramp users per second	161	START	1641545881119	1641545881119
USER	ramp users per second	162	START	1641545881139	1641545881139
REQUEST	155		request4	1641545881009	1641545881140	OK	 
USER	ramp users per second	155	END	1641545881009	1641545881141
USER	ramp users per second	163	START	1641545881148	1641545881148
REQUEST	156		request4	1641545881029	1641545881153	OK	 
USER	ramp users per second	156	END	1641545881029	1641545881154
USER	constant users per second	125	START	1641545881158	1641545881158
USER	ramp users per second	164	START	1641545881168	1641545881168
REQUEST	157		request4	1641545881049	1641545881176	OK	 
USER	ramp users per second	157	END	1641545881048	1641545881177
REQUEST	124		request3	1641545881059	1641545881185	OK	 
USER	constant users per second	124	END	1641545881058	1641545881186
USER	ramp users per second	165	START	1641545881188	1641545881188
REQUEST	98		request4	1641545880059	1641545881206	OK	 
USER	ramp users per second	98	END	1641545880058	1641545881206
REQUEST	159		request4	1641545881080	1641545881208	OK	 
USER	ramp users per second	159	END	1641545881079	1641545881209
USER	ramp users per second	166	START	1641545881209	1641545881209
REQUEST	158		request4	1641545881059	1641545881209	OK	 
USER	ramp users per second	158	END	1641545881058	1641545881210
REQUEST	160		request4	1641545881100	1641545881223	OK	 
USER	ramp users per second	160	END	1641545881098	1641545881224
USER	ramp users per second	167	START	1641545881229	1641545881229
REQUEST	161		request4	1641545881119	1641545881244	OK	 
USER	ramp users per second	161	END	1641545881119	1641545881245
USER	ramp users per second	168	START	1641545881248	1641545881248
USER	ramp users per second	169	START	1641545881258	1641545881258
USER	constant users per second	126	START	1641545881258	1641545881258
REQUEST	162		request4	1641545881139	1641545881262	OK	 
USER	ramp users per second	162	END	1641545881139	1641545881263
REQUEST	163		request4	1641545881148	1641545881271	OK	 
USER	ramp users per second	163	END	1641545881148	1641545881272
USER	ramp users per second	170	START	1641545881279	1641545881279
REQUEST	164		request4	1641545881168	1641545881293	OK	 
USER	ramp users per second	164	END	1641545881168	1641545881295
USER	ramp users per second	171	START	1641545881299	1641545881299
REQUEST	102		request4	1641545880159	1641545881306	OK	 
USER	ramp users per second	102	END	1641545880158	1641545881308
USER	ramp users per second	172	START	1641545881318	1641545881318
REQUEST	125		request3	1641545881158	1641545881325	OK	 
REQUEST	165		request4	1641545881189	1641545881325	OK	 
USER	ramp users per second	165	END	1641545881188	1641545881327
USER	constant users per second	125	END	1641545881158	1641545881327
REQUEST	166		request4	1641545881209	1641545881330	OK	 
USER	ramp users per second	166	END	1641545881209	1641545881331
USER	ramp users per second	173	START	1641545881339	1641545881339
USER	ramp users per second	174	START	1641545881349	1641545881349
REQUEST	167		request4	1641545881229	1641545881359	OK	 
USER	constant users per second	127	START	1641545881359	1641545881359
USER	ramp users per second	167	END	1641545881229	1641545881359
USER	ramp users per second	175	START	1641545881368	1641545881368
REQUEST	168		request4	1641545881249	1641545881371	OK	 
USER	ramp users per second	168	END	1641545881248	1641545881372
REQUEST	169		request4	1641545881259	1641545881384	OK	 
USER	ramp users per second	169	END	1641545881258	1641545881385
USER	ramp users per second	176	START	1641545881388	1641545881388
REQUEST	170		request4	1641545881279	1641545881404	OK	 
USER	ramp users per second	170	END	1641545881279	1641545881405
USER	ramp users per second	177	START	1641545881408	1641545881408
REQUEST	171		request4	1641545881300	1641545881422	OK	 
USER	ramp users per second	171	END	1641545881299	1641545881424
USER	ramp users per second	178	START	1641545881429	1641545881429
REQUEST	172		request4	1641545881319	1641545881442	OK	 
USER	ramp users per second	172	END	1641545881318	1641545881443
USER	ramp users per second	179	START	1641545881448	1641545881448
USER	ramp users per second	180	START	1641545881458	1641545881458
USER	ramp users	118	START	1641545881458	1641545881458
USER	constant users per second	128	START	1641545881458	1641545881458
REQUEST	173		request4	1641545881339	1641545881461	OK	 
USER	ramp users per second	173	END	1641545881339	1641545881462
REQUEST	174		request4	1641545881349	1641545881472	OK	 
USER	ramp users per second	174	END	1641545881349	1641545881473
USER	ramp users per second	181	START	1641545881478	1641545881478
REQUEST	175		request4	1641545881368	1641545881486	OK	 
USER	ramp users per second	175	END	1641545881368	1641545881487
USER	ramp users per second	182	START	1641545881489	1641545881489
REQUEST	127		request3	1641545881359	1641545881490	OK	 
USER	constant users per second	127	END	1641545881359	1641545881491
USER	ramp users per second	195	START	1641545881499	1641545881499
REQUEST	176		request4	1641545881389	1641545881510	OK	 
USER	ramp users per second	176	END	1641545881388	1641545881511
USER	ramp users per second	196	START	1641545881518	1641545881518
REQUEST	177		request4	1641545881409	1641545881528	OK	 
USER	ramp users per second	197	START	1641545881528	1641545881528
USER	ramp users per second	177	END	1641545881408	1641545881529
USER	ramp users per second	198	START	1641545881548	1641545881548
REQUEST	178		request4	1641545881429	1641545881557	OK	 
USER	ramp users per second	178	END	1641545881429	1641545881557
USER	constant users per second	185	START	1641545881559	1641545881559
USER	ramp users per second	199	START	1641545881559	1641545881559
USER	ramp users per second	200	START	1641545881569	1641545881569
REQUEST	179		request4	1641545881449	1641545881570	OK	 
USER	ramp users per second	179	END	1641545881448	1641545881571
REQUEST	118		request2	1641545881459	1641545881586	OK	 
USER	ramp users	118	END	1641545881458	1641545881587
USER	ramp users per second	201	START	1641545881588	1641545881588
REQUEST	56		request3	1641545880459	1641545881591	OK	 
USER	constant users per second	56	END	1641545880458	1641545881592
REQUEST	181		request4	1641545881479	1641545881597	OK	 
USER	ramp users per second	181	END	1641545881478	1641545881599
USER	ramp users per second	202	START	1641545881598	1641545881598
USER	ramp users per second	203	START	1641545881608	1641545881608
REQUEST	182		request4	1641545881489	1641545881614	OK	 
USER	ramp users per second	182	END	1641545881489	1641545881616
REQUEST	195		request4	1641545881499	1641545881627	OK	 
USER	ramp users per second	195	END	1641545881499	1641545881630
USER	ramp users per second	204	START	1641545881629	1641545881629
USER	ramp users per second	205	START	1641545881639	1641545881639
USER	ramp users per second	206	START	1641545881648	1641545881648
REQUEST	19		request1	1641545878491	1641545881655	OK	 
USER	at once users	19	END	1641545878491	1641545881657
USER	constant users per second	186	START	1641545881658	1641545881658
USER	ramp users per second	207	START	1641545881669	1641545881669
REQUEST	24		request1	1641545878495	1641545881671	OK	 
USER	at once users	24	END	1641545878495	1641545881673
REQUEST	198		request4	1641545881549	1641545881677	OK	 
USER	ramp users per second	198	END	1641545881548	1641545881678
USER	ramp users per second	208	START	1641545881679	1641545881679
REQUEST	185		request3	1641545881559	1641545881686	OK	 
USER	constant users per second	185	END	1641545881559	1641545881688
REQUEST	196		request4	1641545881518	1641545881695	OK	 
USER	ramp users per second	196	END	1641545881518	1641545881697
USER	ramp users per second	209	START	1641545881698	1641545881698
USER	ramp users per second	210	START	1641545881708	1641545881708
REQUEST	201		request4	1641545881588	1641545881715	OK	 
USER	ramp users per second	201	END	1641545881588	1641545881716
USER	ramp users per second	211	START	1641545881719	1641545881719
REQUEST	202		request4	1641545881599	1641545881727	OK	 
USER	ramp users per second	202	END	1641545881598	1641545881728
REQUEST	203		request4	1641545881610	1641545881732	OK	 
USER	ramp users per second	203	END	1641545881608	1641545881733
REQUEST	200		request4	1641545881569	1641545881736	OK	 
USER	ramp users per second	200	END	1641545881569	1641545881736
USER	ramp users per second	212	START	1641545881739	1641545881739
USER	ramp users per second	213	START	1641545881749	1641545881749
USER	constant users per second	187	START	1641545881759	1641545881759
USER	ramp users per second	214	START	1641545881759	1641545881759
REQUEST	204		request4	1641545881630	1641545881763	OK	 
USER	ramp users per second	204	END	1641545881629	1641545881763
REQUEST	205		request4	1641545881640	1641545881767	OK	 
USER	ramp users per second	205	END	1641545881639	1641545881767
REQUEST	206		request4	1641545881649	1641545881774	OK	 
USER	ramp users per second	206	END	1641545881648	1641545881775
USER	ramp users per second	215	START	1641545881778	1641545881778
USER	ramp users per second	216	START	1641545881788	1641545881788
REQUEST	186		request3	1641545881660	1641545881793	OK	 
USER	constant users per second	186	END	1641545881658	1641545881793
REQUEST	207		request4	1641545881669	1641545881798	OK	 
USER	ramp users per second	207	END	1641545881669	1641545881798
REQUEST	208		request4	1641545881679	1641545881801	OK	 
USER	ramp users per second	208	END	1641545881679	1641545881802
USER	ramp users per second	217	START	1641545881809	1641545881809
REQUEST	120		request3	1641545880659	1641545881817	OK	 
USER	constant users per second	120	END	1641545880658	1641545881818
USER	ramp users per second	218	START	1641545881819	1641545881819
USER	ramp users per second	219	START	1641545881828	1641545881828
REQUEST	210		request4	1641545881709	1641545881832	OK	 
USER	ramp users per second	210	END	1641545881708	1641545881833
REQUEST	211		request4	1641545881720	1641545881843	OK	 
USER	ramp users per second	211	END	1641545881719	1641545881845
USER	ramp users per second	220	START	1641545881848	1641545881848
USER	ramp users per second	221	START	1641545881859	1641545881859
USER	ramp users per second	222	START	1641545881871	1641545881871
USER	constant users per second	188	START	1641545881859	1641545881859
REQUEST	213		request4	1641545881749	1641545881877	OK	 
USER	ramp users per second	213	END	1641545881749	1641545881878
USER	ramp users per second	223	START	1641545881889	1641545881889
REQUEST	212		request4	1641545881739	1641545881891	OK	 
USER	ramp users per second	212	END	1641545881739	1641545881891
REQUEST	214		request4	1641545881759	1641545881895	OK	 
USER	ramp users per second	214	END	1641545881759	1641545881896
USER	ramp users per second	224	START	1641545881899	1641545881899
REQUEST	215		request4	1641545881779	1641545881909	OK	 
USER	ramp users per second	215	END	1641545881778	1641545881910
REQUEST	216		request4	1641545881789	1641545881912	OK	 
REQUEST	209		request4	1641545881700	1641545881912	OK	 
USER	ramp users per second	209	END	1641545881698	1641545881913
USER	ramp users per second	216	END	1641545881788	1641545881913
USER	ramp users per second	225	START	1641545881918	1641545881918
REQUEST	87		request4	1641545879758	1641545881921	OK	 
USER	ramp users per second	87	END	1641545879758	1641545881922
USER	ramp users per second	226	START	1641545881928	1641545881928
USER	ramp users per second	227	START	1641545881938	1641545881938
REQUEST	219		request4	1641545881829	1641545881945	OK	 
USER	ramp users per second	219	END	1641545881828	1641545881946
REQUEST	217		request4	1641545881809	1641545881957	OK	 
USER	ramp users per second	217	END	1641545881809	1641545881957
USER	constant users per second	189	START	1641545881959	1641545881959
USER	ramp users per second	228	START	1641545881959	1641545881959
USER	ramp users	183	START	1641545881959	1641545881959
USER	ramp users per second	229	START	1641545881969	1641545881969
REQUEST	220		request4	1641545881849	1641545881969	OK	 
USER	ramp users per second	220	END	1641545881848	1641545881970
USER	ramp users per second	230	START	1641545881979	1641545881979
REQUEST	218		request4	1641545881819	1641545881981	OK	 
USER	ramp users per second	218	END	1641545881819	1641545881982
REQUEST	222		request4	1641545881872	1641545881988	OK	 
USER	ramp users per second	222	END	1641545881871	1641545881989
USER	ramp users per second	231	START	1641545881998	1641545881998
REQUEST	122		request3	1641545880859	1641545882006	OK	 
USER	constant users per second	122	END	1641545880858	1641545882007
USER	ramp users per second	232	START	1641545882008	1641545882008
REQUEST	223		request4	1641545881889	1641545882018	OK	 
USER	ramp users per second	223	END	1641545881889	1641545882018
USER	ramp users per second	233	START	1641545882018	1641545882018
REQUEST	224		request4	1641545881899	1641545882022	OK	 
USER	ramp users per second	224	END	1641545881899	1641545882023
USER	ramp users per second	234	START	1641545882038	1641545882038
REQUEST	225		request4	1641545881918	1641545882039	OK	 
USER	ramp users per second	225	END	1641545881918	1641545882040
USER	ramp users per second	235	START	1641545882049	1641545882049
REQUEST	226		request4	1641545881928	1641545882057	OK	 
USER	ramp users per second	226	END	1641545881928	1641545882058
USER	constant users per second	190	START	1641545882059	1641545882059
REQUEST	227		request4	1641545881939	1641545882067	OK	 
USER	ramp users per second	227	END	1641545881938	1641545882067
USER	ramp users per second	236	START	1641545882069	1641545882069
REQUEST	228		request4	1641545881959	1641545882078	OK	 
USER	ramp users per second	228	END	1641545881959	1641545882078
USER	ramp users per second	237	START	1641545882079	1641545882079
USER	ramp users per second	238	START	1641545882089	1641545882089
REQUEST	229		request4	1641545881969	1641545882093	OK	 
REQUEST	123		request3	1641545880960	1641545882093	OK	 
USER	ramp users per second	229	END	1641545881969	1641545882093
USER	constant users per second	123	END	1641545880958	1641545882093
USER	ramp users per second	239	START	1641545882108	1641545882108
REQUEST	230		request4	1641545881979	1641545882109	OK	 
USER	ramp users per second	230	END	1641545881979	1641545882110
REQUEST	231		request4	1641545881998	1641545882116	OK	 
USER	ramp users per second	231	END	1641545881998	1641545882117
USER	ramp users per second	240	START	1641545882118	1641545882118
USER	ramp users per second	241	START	1641545882128	1641545882128
REQUEST	232		request4	1641545882009	1641545882133	OK	 
USER	ramp users per second	232	END	1641545882008	1641545882133
REQUEST	233		request4	1641545882019	1641545882143	OK	 
USER	ramp users per second	233	END	1641545882018	1641545882145
USER	ramp users per second	242	START	1641545882149	1641545882149
USER	constant users per second	191	START	1641545882159	1641545882159
USER	ramp users per second	243	START	1641545882159	1641545882159
REQUEST	234		request4	1641545882039	1641545882164	OK	 
USER	ramp users per second	234	END	1641545882038	1641545882166
USER	ramp users per second	244	START	1641545882178	1641545882178
REQUEST	235		request4	1641545882049	1641545882183	OK	 
USER	ramp users per second	235	END	1641545882049	1641545882185
REQUEST	190		request3	1641545882059	1641545882185	OK	 
USER	constant users per second	190	END	1641545882059	1641545882187
USER	ramp users per second	245	START	1641545882188	1641545882188
REQUEST	236		request4	1641545882069	1641545882192	OK	 
USER	ramp users per second	236	END	1641545882069	1641545882194
USER	ramp users per second	246	START	1641545882199	1641545882199
REQUEST	237		request4	1641545882079	1641545882209	OK	 
USER	ramp users per second	237	END	1641545882079	1641545882211
REQUEST	238		request4	1641545882089	1641545882217	OK	 
USER	ramp users per second	238	END	1641545882089	1641545882219
USER	ramp users per second	247	START	1641545882219	1641545882219
USER	ramp users per second	248	START	1641545882228	1641545882228
USER	ramp users per second	249	START	1641545882238	1641545882238
REQUEST	239		request4	1641545882109	1641545882239	OK	 
USER	ramp users per second	239	END	1641545882108	1641545882241
USER	constant users per second	192	START	1641545882259	1641545882259
USER	ramp users per second	250	START	1641545882259	1641545882259
REQUEST	241		request4	1641545882129	1641545882259	OK	 
USER	ramp users per second	241	END	1641545882128	1641545882262
USER	ramp users per second	251	START	1641545882269	1641545882269
REQUEST	242		request4	1641545882149	1641545882279	OK	 
REQUEST	240		request4	1641545882118	1641545882279	OK	 
USER	ramp users per second	252	START	1641545882279	1641545882279
USER	ramp users per second	242	END	1641545882149	1641545882281
USER	ramp users per second	240	END	1641545882118	1641545882281
REQUEST	191		request3	1641545882160	1641545882287	OK	 
USER	constant users per second	191	END	1641545882159	1641545882289
USER	ramp users per second	253	START	1641545882298	1641545882298
USER	ramp users per second	254	START	1641545882308	1641545882308
REQUEST	244		request4	1641545882179	1641545882315	OK	 
USER	ramp users per second	244	END	1641545882178	1641545882316
REQUEST	246		request4	1641545882199	1641545882323	OK	 
REQUEST	245		request4	1641545882189	1641545882323	OK	 
USER	ramp users per second	245	END	1641545882188	1641545882324
USER	ramp users per second	246	END	1641545882199	1641545882324
USER	ramp users per second	255	START	1641545882329	1641545882329
USER	ramp users per second	256	START	1641545882339	1641545882339
REQUEST	247		request4	1641545882220	1641545882345	OK	 
USER	ramp users per second	247	END	1641545882219	1641545882346
USER	ramp users per second	257	START	1641545882349	1641545882349
REQUEST	248		request4	1641545882229	1641545882351	OK	 
USER	ramp users per second	248	END	1641545882228	1641545882351
USER	constant users per second	193	START	1641545882358	1641545882358
REQUEST	249		request4	1641545882239	1641545882361	OK	 
USER	ramp users per second	249	END	1641545882238	1641545882362
USER	ramp users per second	258	START	1641545882368	1641545882368
USER	ramp users per second	259	START	1641545882378	1641545882378
REQUEST	192		request3	1641545882260	1641545882379	OK	 
USER	constant users per second	192	END	1641545882259	1641545882380
REQUEST	126		request3	1641545881259	1641545882388	OK	 
USER	constant users per second	126	END	1641545881258	1641545882389
USER	ramp users per second	260	START	1641545882388	1641545882388
REQUEST	251		request4	1641545882270	1641545882398	OK	 
USER	ramp users per second	251	END	1641545882269	1641545882399
USER	ramp users per second	261	START	1641545882408	1641545882408
REQUEST	252		request4	1641545882280	1641545882410	OK	 
USER	ramp users per second	252	END	1641545882279	1641545882411
REQUEST	250		request4	1641545882260	1641545882415	OK	 
USER	ramp users per second	250	END	1641545882259	1641545882416
USER	ramp users per second	262	START	1641545882419	1641545882419
REQUEST	253		request4	1641545882299	1641545882423	OK	 
USER	ramp users per second	253	END	1641545882298	1641545882424
REQUEST	254		request4	1641545882309	1641545882434	OK	 
USER	ramp users per second	254	END	1641545882308	1641545882435
USER	ramp users per second	263	START	1641545882439	1641545882439
REQUEST	255		request4	1641545882329	1641545882444	OK	 
USER	ramp users per second	255	END	1641545882329	1641545882445
USER	ramp users per second	264	START	1641545882448	1641545882448
USER	ramp users	184	START	1641545882458	1641545882458
USER	ramp users per second	265	START	1641545882458	1641545882458
USER	constant users per second	194	START	1641545882458	1641545882458
REQUEST	256		request4	1641545882339	1641545882463	OK	 
USER	ramp users per second	256	END	1641545882339	1641545882466
USER	ramp users per second	266	START	1641545882468	1641545882468
USER	ramp users per second	278	START	1641545882471	1641545882471
REQUEST	257		request4	1641545882349	1641545882476	OK	 
USER	ramp users per second	267	START	1641545882479	1641545882479
USER	ramp users per second	257	END	1641545882349	1641545882478
REQUEST	258		request4	1641545882368	1641545882497	OK	 
USER	ramp users per second	258	END	1641545882368	1641545882498
REQUEST	193		request3	1641545882358	1641545882500	OK	 
USER	constant users per second	193	END	1641545882358	1641545882500
REQUEST	259		request4	1641545882379	1641545882501	OK	 
USER	ramp users per second	259	END	1641545882378	1641545882502
REQUEST	260		request4	1641545882389	1641545882505	OK	 
USER	ramp users per second	260	END	1641545882388	1641545882506
USER	ramp users per second	279	START	1641545882508	1641545882508
USER	ramp users per second	280	START	1641545882518	1641545882518
USER	ramp users per second	281	START	1641545882528	1641545882528
REQUEST	261		request4	1641545882409	1641545882532	OK	 
USER	ramp users per second	261	END	1641545882408	1641545882533
USER	ramp users per second	282	START	1641545882538	1641545882538
REQUEST	262		request4	1641545882419	1641545882544	OK	 
USER	ramp users per second	262	END	1641545882419	1641545882545
USER	ramp users per second	283	START	1641545882549	1641545882549
USER	ramp users per second	284	START	1641545882559	1641545882559
USER	constant users per second	269	START	1641545882559	1641545882559
USER	ramp users per second	285	START	1641545882569	1641545882569
REQUEST	264		request4	1641545882449	1641545882569	OK	 
USER	ramp users per second	264	END	1641545882448	1641545882571
USER	ramp users per second	286	START	1641545882578	1641545882578
REQUEST	184		request2	1641545882459	1641545882579	OK	 
USER	ramp users	184	END	1641545882458	1641545882580
USER	ramp users per second	287	START	1641545882588	1641545882588
REQUEST	263		request4	1641545882439	1641545882589	OK	 
USER	ramp users per second	263	END	1641545882439	1641545882590
REQUEST	266		request4	1641545882470	1641545882592	OK	 
USER	ramp users per second	266	END	1641545882468	1641545882594
REQUEST	278		request4	1641545882472	1641545882594	OK	 
USER	ramp users per second	278	END	1641545882471	1641545882595
REQUEST	267		request4	1641545882480	1641545882598	OK	 
USER	ramp users per second	267	END	1641545882479	1641545882599
USER	ramp users per second	288	START	1641545882598	1641545882598
REQUEST	180		request4	1641545881459	1641545882612	OK	 
USER	ramp users per second	180	END	1641545881458	1641545882613
USER	ramp users per second	289	START	1641545882619	1641545882619
USER	ramp users per second	290	START	1641545882629	1641545882629
REQUEST	279		request4	1641545882508	1641545882632	OK	 
USER	ramp users per second	279	END	1641545882508	1641545882633
USER	ramp users per second	291	START	1641545882639	1641545882639
USER	ramp users per second	292	START	1641545882648	1641545882648
USER	ramp users per second	293	START	1641545882658	1641545882658
USER	constant users per second	270	START	1641545882658	1641545882658
REQUEST	280		request4	1641545882518	1641545882659	OK	 
USER	ramp users per second	280	END	1641545882518	1641545882660
REQUEST	282		request4	1641545882539	1641545882663	OK	 
USER	ramp users per second	282	END	1641545882538	1641545882664
USER	ramp users per second	294	START	1641545882668	1641545882668
REQUEST	281		request4	1641545882529	1641545882671	OK	 
USER	ramp users per second	281	END	1641545882528	1641545882672
USER	ramp users per second	295	START	1641545882678	1641545882678
REQUEST	284		request4	1641545882559	1641545882681	OK	 
USER	ramp users per second	284	END	1641545882559	1641545882682
REQUEST	197		request4	1641545881529	1641545882685	OK	 
USER	ramp users per second	197	END	1641545881528	1641545882686
USER	ramp users per second	296	START	1641545882688	1641545882688
REQUEST	285		request4	1641545882570	1641545882690	OK	 
USER	ramp users per second	285	END	1641545882569	1641545882691
USER	ramp users per second	297	START	1641545882699	1641545882699
REQUEST	286		request4	1641545882579	1641545882705	OK	 
USER	ramp users per second	286	END	1641545882578	1641545882706
USER	ramp users per second	298	START	1641545882709	1641545882709
REQUEST	199		request4	1641545881559	1641545882714	OK	 
USER	ramp users per second	199	END	1641545881559	1641545882714
REQUEST	288		request4	1641545882599	1641545882728	OK	 
USER	ramp users per second	299	START	1641545882729	1641545882729
USER	ramp users per second	288	END	1641545882598	1641545882729
REQUEST	289		request4	1641545882619	1641545882736	OK	 
USER	ramp users per second	289	END	1641545882619	1641545882737
USER	ramp users per second	300	START	1641545882738	1641545882738
USER	ramp users per second	301	START	1641545882748	1641545882748
REQUEST	290		request4	1641545882629	1641545882750	OK	 
USER	ramp users per second	290	END	1641545882629	1641545882751
USER	ramp users per second	302	START	1641545882758	1641545882758
USER	constant users per second	271	START	1641545882758	1641545882758
REQUEST	292		request4	1641545882648	1641545882767	OK	 
REQUEST	291		request4	1641545882639	1641545882767	OK	 
USER	ramp users per second	291	END	1641545882639	1641545882768
USER	ramp users per second	292	END	1641545882648	1641545882768
USER	ramp users per second	303	START	1641545882768	1641545882768
REQUEST	270		request3	1641545882659	1641545882777	OK	 
USER	constant users per second	270	END	1641545882658	1641545882778
USER	ramp users per second	304	START	1641545882778	1641545882778
USER	ramp users per second	305	START	1641545882789	1641545882789
REQUEST	294		request4	1641545882669	1641545882790	OK	 
USER	ramp users per second	294	END	1641545882668	1641545882790
USER	ramp users per second	306	START	1641545882799	1641545882799
REQUEST	295		request4	1641545882679	1641545882803	OK	 
USER	ramp users per second	295	END	1641545882678	1641545882804
USER	ramp users per second	307	START	1641545882809	1641545882809
REQUEST	296		request4	1641545882689	1641545882812	OK	 
USER	ramp users per second	296	END	1641545882688	1641545882813
USER	ramp users per second	308	START	1641545882818	1641545882818
REQUEST	297		request4	1641545882699	1641545882820	OK	 
USER	ramp users per second	297	END	1641545882699	1641545882821
REQUEST	298		request4	1641545882709	1641545882832	OK	 
USER	ramp users per second	298	END	1641545882709	1641545882832
USER	ramp users per second	309	START	1641545882838	1641545882838
USER	ramp users per second	310	START	1641545882848	1641545882848
REQUEST	299		request4	1641545882729	1641545882853	OK	 
USER	ramp users per second	299	END	1641545882729	1641545882854
REQUEST	300		request4	1641545882738	1641545882856	OK	 
USER	ramp users per second	300	END	1641545882738	1641545882856
USER	constant users per second	272	START	1641545882858	1641545882858
USER	ramp users per second	311	START	1641545882858	1641545882858
USER	ramp users per second	312	START	1641545882868	1641545882868
REQUEST	301		request4	1641545882748	1641545882870	OK	 
USER	ramp users per second	301	END	1641545882748	1641545882870
USER	ramp users per second	313	START	1641545882879	1641545882879
REQUEST	271		request3	1641545882758	1641545882881	OK	 
USER	constant users per second	271	END	1641545882758	1641545882881
USER	ramp users per second	314	START	1641545882889	1641545882889
REQUEST	304		request4	1641545882779	1641545882896	OK	 
USER	ramp users per second	304	END	1641545882778	1641545882896
USER	ramp users per second	315	START	1641545882899	1641545882899
REQUEST	187		request3	1641545881759	1641545882908	OK	 
REQUEST	305		request4	1641545882789	1641545882908	OK	 
USER	ramp users per second	316	START	1641545882908	1641545882908
USER	ramp users per second	305	END	1641545882789	1641545882914
USER	constant users per second	187	END	1641545881759	1641545882914
USER	ramp users per second	317	START	1641545882918	1641545882918
REQUEST	307		request4	1641545882809	1641545882925	OK	 
USER	ramp users per second	307	END	1641545882809	1641545882925
REQUEST	306		request4	1641545882799	1641545882927	OK	 
USER	ramp users per second	306	END	1641545882799	1641545882928
USER	ramp users per second	318	START	1641545882928	1641545882928
REQUEST	308		request4	1641545882818	1641545882942	OK	 
USER	ramp users per second	308	END	1641545882818	1641545882943
USER	ramp users per second	319	START	1641545882948	1641545882948
REQUEST	309		request4	1641545882839	1641545882957	OK	 
USER	ramp users per second	309	END	1641545882838	1641545882959
USER	ramp users	268	START	1641545882959	1641545882959
USER	ramp users per second	320	START	1641545882959	1641545882959
USER	constant users per second	273	START	1641545882959	1641545882959
USER	ramp users per second	321	START	1641545882969	1641545882969
USER	ramp users per second	322	START	1641545882979	1641545882979
REQUEST	310		request4	1641545882849	1641545882979	OK	 
USER	ramp users per second	310	END	1641545882848	1641545882981
USER	ramp users per second	323	START	1641545882988	1641545882988
REQUEST	312		request4	1641545882869	1641545882990	OK	 
USER	ramp users per second	312	END	1641545882868	1641545882992
USER	ramp users per second	324	START	1641545882998	1641545882998
REQUEST	313		request4	1641545882879	1641545883003	OK	 
USER	ramp users per second	313	END	1641545882879	1641545883005
USER	ramp users per second	325	START	1641545883008	1641545883008
REQUEST	314		request4	1641545882889	1641545883009	OK	 
USER	ramp users per second	314	END	1641545882889	1641545883011
REQUEST	272		request3	1641545882859	1641545883018	OK	 
USER	ramp users per second	326	START	1641545883019	1641545883019
USER	constant users per second	272	END	1641545882858	1641545883020
REQUEST	315		request4	1641545882899	1641545883023	OK	 
USER	ramp users per second	315	END	1641545882899	1641545883024
USER	ramp users per second	327	START	1641545883029	1641545883029
REQUEST	188		request3	1641545881872	1641545883035	OK	 
USER	constant users per second	188	END	1641545881859	1641545883036
REQUEST	316		request4	1641545882908	1641545883036	OK	 
USER	ramp users per second	316	END	1641545882908	1641545883037
USER	ramp users per second	328	START	1641545883039	1641545883039
REQUEST	317		request4	1641545882918	1641545883043	OK	 
USER	ramp users per second	317	END	1641545882918	1641545883044
REQUEST	318		request4	1641545882928	1641545883049	OK	 
USER	ramp users per second	318	END	1641545882928	1641545883049
USER	constant users per second	274	START	1641545883058	1641545883058
USER	ramp users per second	329	START	1641545883058	1641545883058
USER	ramp users per second	330	START	1641545883068	1641545883068
REQUEST	319		request4	1641545882949	1641545883076	OK	 
USER	ramp users per second	319	END	1641545882948	1641545883077
USER	ramp users per second	331	START	1641545883078	1641545883078
REQUEST	273		request3	1641545882960	1641545883087	OK	 
USER	constant users per second	273	END	1641545882959	1641545883088
USER	ramp users per second	332	START	1641545883088	1641545883088
REQUEST	183		request2	1641545881959	1641545883090	OK	 
USER	ramp users	183	END	1641545881959	1641545883091
USER	ramp users per second	333	START	1641545883099	1641545883099
REQUEST	321		request4	1641545882970	1641545883107	OK	 
USER	ramp users per second	321	END	1641545882969	1641545883108
USER	ramp users per second	334	START	1641545883109	1641545883109
REQUEST	323		request4	1641545882989	1641545883113	OK	 
USER	ramp users per second	323	END	1641545882988	1641545883114
USER	ramp users per second	335	START	1641545883119	1641545883119
REQUEST	324		request4	1641545882999	1641545883121	OK	 
USER	ramp users per second	324	END	1641545882998	1641545883122
USER	ramp users per second	336	START	1641545883129	1641545883129
REQUEST	325		request4	1641545883010	1641545883135	OK	 
USER	ramp users per second	325	END	1641545883008	1641545883136
USER	ramp users per second	337	START	1641545883138	1641545883138
REQUEST	322		request4	1641545882980	1641545883139	OK	 
USER	ramp users per second	322	END	1641545882979	1641545883140
REQUEST	326		request4	1641545883020	1641545883141	OK	 
USER	ramp users per second	326	END	1641545883019	1641545883142
USER	ramp users per second	338	START	1641545883148	1641545883148
REQUEST	327		request4	1641545883029	1641545883157	OK	 
USER	ramp users per second	327	END	1641545883029	1641545883158
USER	constant users per second	275	START	1641545883158	1641545883158
USER	ramp users per second	339	START	1641545883168	1641545883168
REQUEST	328		request4	1641545883039	1641545883173	OK	 
USER	ramp users per second	328	END	1641545883039	1641545883174
USER	ramp users per second	340	START	1641545883179	1641545883179
REQUEST	274		request3	1641545883059	1641545883187	OK	 
USER	constant users per second	274	END	1641545883058	1641545883188
USER	ramp users per second	341	START	1641545883189	1641545883189
REQUEST	330		request4	1641545883069	1641545883191	OK	 
USER	ramp users per second	330	END	1641545883068	1641545883191
USER	ramp users per second	342	START	1641545883199	1641545883199
REQUEST	331		request4	1641545883079	1641545883209	OK	 
USER	ramp users per second	343	START	1641545883209	1641545883209
USER	ramp users per second	331	END	1641545883078	1641545883210
REQUEST	332		request4	1641545883089	1641545883212	OK	 
USER	ramp users per second	332	END	1641545883088	1641545883213
USER	ramp users per second	344	START	1641545883218	1641545883218
REQUEST	333		request4	1641545883099	1641545883220	OK	 
USER	ramp users per second	333	END	1641545883099	1641545883221
USER	ramp users per second	345	START	1641545883228	1641545883228
USER	ramp users per second	346	START	1641545883238	1641545883238
REQUEST	335		request4	1641545883119	1641545883247	OK	 
REQUEST	336		request4	1641545883129	1641545883247	OK	 
USER	ramp users per second	336	END	1641545883129	1641545883247
USER	ramp users per second	335	END	1641545883119	1641545883247
USER	ramp users per second	347	START	1641545883248	1641545883248
USER	constant users per second	276	START	1641545883259	1641545883259
USER	ramp users per second	348	START	1641545883259	1641545883259
REQUEST	337		request4	1641545883139	1641545883260	OK	 
USER	ramp users per second	337	END	1641545883138	1641545883261
USER	ramp users per second	349	START	1641545883279	1641545883279
REQUEST	334		request4	1641545883109	1641545883279	OK	 
USER	ramp users per second	334	END	1641545883109	1641545883280
REQUEST	338		request4	1641545883149	1641545883285	OK	 
USER	ramp users per second	338	END	1641545883148	1641545883286
USER	ramp users per second	350	START	1641545883288	1641545883288
REQUEST	275		request3	1641545883159	1641545883296	OK	 
USER	constant users per second	275	END	1641545883158	1641545883297
USER	ramp users per second	351	START	1641545883298	1641545883298
REQUEST	340		request4	1641545883179	1641545883303	OK	 
USER	ramp users per second	340	END	1641545883179	1641545883304
REQUEST	243		request4	1641545882160	1641545883307	OK	 
USER	ramp users per second	243	END	1641545882159	1641545883308
USER	ramp users per second	352	START	1641545883308	1641545883308
REQUEST	339		request4	1641545883169	1641545883310	OK	 
USER	ramp users per second	339	END	1641545883168	1641545883311
USER	ramp users per second	353	START	1641545883318	1641545883318
REQUEST	341		request4	1641545883189	1641545883323	OK	 
USER	ramp users per second	341	END	1641545883189	1641545883324
USER	ramp users per second	354	START	1641545883328	1641545883328
REQUEST	343		request4	1641545883210	1641545883331	OK	 
USER	ramp users per second	343	END	1641545883209	1641545883332
USER	ramp users per second	355	START	1641545883339	1641545883339
REQUEST	342		request4	1641545883199	1641545883347	OK	 
USER	ramp users per second	342	END	1641545883199	1641545883347
REQUEST	344		request4	1641545883219	1641545883348	OK	 
USER	ramp users per second	344	END	1641545883218	1641545883348
USER	ramp users per second	356	START	1641545883349	1641545883349
USER	constant users per second	277	START	1641545883359	1641545883359
USER	ramp users per second	357	START	1641545883359	1641545883359
REQUEST	345		request4	1641545883229	1641545883361	OK	 
USER	ramp users per second	345	END	1641545883228	1641545883362
USER	ramp users per second	358	START	1641545883368	1641545883368
REQUEST	347		request4	1641545883249	1641545883371	OK	 
USER	ramp users per second	347	END	1641545883248	1641545883372
REQUEST	346		request4	1641545883239	1641545883372	OK	 
USER	ramp users per second	346	END	1641545883238	1641545883373
REQUEST	348		request4	1641545883259	1641545883380	OK	 
USER	ramp users per second	348	END	1641545883259	1641545883381
USER	ramp users per second	359	START	1641545883388	1641545883388
USER	ramp users per second	360	START	1641545883398	1641545883398
USER	ramp users per second	361	START	1641545883408	1641545883408
REQUEST	350		request4	1641545883288	1641545883411	OK	 
USER	ramp users per second	350	END	1641545883288	1641545883412
REQUEST	349		request4	1641545883279	1641545883413	OK	 
USER	ramp users per second	349	END	1641545883279	1641545883414
USER	ramp users per second	362	START	1641545883419	1641545883419
REQUEST	351		request4	1641545883299	1641545883426	OK	 
USER	ramp users per second	351	END	1641545883298	1641545883427
USER	ramp users per second	363	START	1641545883429	1641545883429
REQUEST	352		request4	1641545883309	1641545883434	OK	 
USER	ramp users per second	352	END	1641545883308	1641545883435
REQUEST	353		request4	1641545883319	1641545883439	OK	 
USER	ramp users per second	364	START	1641545883439	1641545883439
USER	ramp users per second	353	END	1641545883318	1641545883439
REQUEST	354		request4	1641545883329	1641545883449	OK	 
USER	ramp users per second	354	END	1641545883328	1641545883450
USER	ramp users per second	365	START	1641545883458	1641545883458
REQUEST	355		request4	1641545883339	1641545883464	OK	 
USER	ramp users per second	355	END	1641545883339	1641545883465
REQUEST	356		request4	1641545883349	1641545883477	OK	 
USER	ramp users per second	356	END	1641545883349	1641545883478
REQUEST	277		request3	1641545883359	1641545883483	OK	 
USER	constant users per second	277	END	1641545883359	1641545883484
REQUEST	358		request4	1641545883368	1641545883501	OK	 
USER	ramp users per second	358	END	1641545883368	1641545883502
REQUEST	359		request4	1641545883389	1641545883508	OK	 
USER	ramp users per second	359	END	1641545883388	1641545883509
REQUEST	360		request4	1641545883399	1641545883522	OK	 
USER	ramp users per second	360	END	1641545883398	1641545883523
REQUEST	362		request4	1641545883419	1641545883540	OK	 
USER	ramp users per second	362	END	1641545883419	1641545883541
REQUEST	363		request4	1641545883429	1641545883556	OK	 
USER	ramp users per second	363	END	1641545883429	1641545883557
REQUEST	364		request4	1641545883439	1641545883558	OK	 
USER	ramp users per second	364	END	1641545883439	1641545883559
REQUEST	361		request4	1641545883409	1641545883561	OK	 
USER	ramp users per second	361	END	1641545883408	1641545883563
REQUEST	365		request4	1641545883459	1641545883582	OK	 
USER	ramp users per second	365	END	1641545883458	1641545883583
REQUEST	194		request3	1641545882460	1641545883592	OK	 
USER	constant users per second	194	END	1641545882458	1641545883593
REQUEST	265		request4	1641545882460	1641545883608	OK	 
USER	ramp users per second	265	END	1641545882458	1641545883609
REQUEST	128		request3	1641545881459	1641545883660	OK	 
USER	constant users per second	128	END	1641545881458	1641545883662
REQUEST	283		request4	1641545882549	1641545883672	OK	 
USER	ramp users per second	283	END	1641545882549	1641545883673
REQUEST	269		request3	1641545882559	1641545883689	OK	 
USER	constant users per second	269	END	1641545882559	1641545883691
REQUEST	287		request4	1641545882589	1641545883735	OK	 
USER	ramp users per second	287	END	1641545882588	1641545883737
REQUEST	293		request4	1641545882659	1641545883784	OK	 
USER	ramp users per second	293	END	1641545882658	1641545883786
REQUEST	302		request4	1641545882758	1641545883892	OK	 
USER	ramp users per second	302	END	1641545882758	1641545883893
REQUEST	139		request4	1641545880719	1641545883910	OK	 
USER	ramp users per second	139	END	1641545880718	1641545883910
REQUEST	303		request4	1641545882769	1641545883930	OK	 
USER	ramp users per second	303	END	1641545882768	1641545883931
REQUEST	311		request4	1641545882859	1641545884057	OK	 
USER	ramp users per second	311	END	1641545882858	1641545884059
REQUEST	221		request4	1641545881872	1641545884076	OK	 
USER	ramp users per second	221	END	1641545881859	1641545884078
REQUEST	268		request2	1641545882960	1641545884098	OK	 
USER	ramp users	268	END	1641545882959	1641545884100
REQUEST	189		request3	1641545881959	1641545884178	OK	 
USER	constant users per second	189	END	1641545881959	1641545884179
REQUEST	329		request4	1641545883059	1641545884201	OK	 
USER	ramp users per second	329	END	1641545883058	1641545884202
REQUEST	276		request3	1641545883259	1641545884407	OK	 
USER	constant users per second	276	END	1641545883259	1641545884409
REQUEST	357		request4	1641545883359	1641545884513	OK	 
USER	ramp users per second	357	END	1641545883359	1641545884515
REQUEST	320		request4	1641545882960	1641545885192	OK	 
USER	ramp users per second	320	END	1641545882959	1641545885193
REQUEST	14		request1	1641545878487	1641545885750	OK	 
USER	at once users	14	END	1641545878486	1641545885751
REQUEST	30		request1	1641545878499	1641545886753	OK	 
USER	at once users	30	END	1641545878499	1641545886755
REQUEST	7		request1	1641545878480	1641545886757	OK	 
USER	at once users	7	END	1641545878480	1641545886758
REQUEST	21		request1	1641545878493	1641545886768	OK	 
USER	at once users	21	END	1641545878492	1641545886769
REQUEST	28		request1	1641545878498	1641545886774	OK	 
USER	at once users	28	END	1641545878497	1641545886776
REQUEST	11		request1	1641545878484	1641545886784	OK	 
REQUEST	16		request1	1641545878489	1641545886784	OK	 
USER	at once users	11	END	1641545878484	1641545886786
USER	at once users	16	END	1641545878488	1641545886786
REQUEST	25		request1	1641545878496	1641545886787	OK	 
USER	at once users	25	END	1641545878495	1641545886789
REQUEST	13		request1	1641545878486	1641545886791	OK	 
USER	at once users	13	END	1641545878485	1641545886793
REQUEST	31		request2	1641545878504	1641545886802	OK	 
USER	ramp users	31	END	1641545878503	1641545886803
