RUN	com.knoldus.Chaining	chaining	1641545529335	 	3.0.0
USER	Load_Test_Scenario	1	START	1641545530807	1641545530807
USER	Load_Test_Scenario	2	START	1641545530832	1641545530832
USER	Load_Test_Scenario	3	START	1641545530833	1641545530833
USER	Load_Test_Scenario	4	START	1641545530834	1641545530834
USER	Load_Test_Scenario	5	START	1641545530835	1641545530835
USER	Load_Test_Scenario	6	START	1641545530836	1641545530836
USER	Load_Test_Scenario	7	START	1641545530837	1641545530837
USER	Load_Test_Scenario	8	START	1641545530838	1641545530838
USER	Load_Test_Scenario	9	START	1641545530839	1641545530839
USER	Load_Test_Scenario	10	START	1641545530840	1641545530840
USER	Load_Test_Scenario	11	START	1641545530841	1641545530841
USER	Load_Test_Scenario	12	START	1641545530842	1641545530842
USER	Load_Test_Scenario	13	START	1641545530844	1641545530844
USER	Load_Test_Scenario	14	START	1641545530844	1641545530844
USER	Load_Test_Scenario	15	START	1641545530845	1641545530845
USER	Load_Test_Scenario	16	START	1641545530846	1641545530846
USER	Load_Test_Scenario	17	START	1641545530847	1641545530847
USER	Load_Test_Scenario	18	START	1641545530848	1641545530848
USER	Load_Test_Scenario	19	START	1641545530850	1641545530850
USER	Load_Test_Scenario	20	START	1641545530852	1641545530852
USER	Load_Test_Scenario	21	START	1641545530853	1641545530853
USER	Load_Test_Scenario	22	START	1641545530854	1641545530854
USER	Load_Test_Scenario	23	START	1641545530855	1641545530855
USER	Load_Test_Scenario	24	START	1641545530856	1641545530856
USER	Load_Test_Scenario	25	START	1641545530857	1641545530857
USER	Load_Test_Scenario	26	START	1641545530857	1641545530857
USER	Load_Test_Scenario	27	START	1641545530858	1641545530858
USER	Load_Test_Scenario	28	START	1641545530859	1641545530859
USER	Load_Test_Scenario	29	START	1641545530860	1641545530860
USER	Load_Test_Scenario	30	START	1641545530861	1641545530861
USER	Load_Test_Scenario	31	START	1641545530863	1641545530863
USER	Load_Test_Scenario	32	START	1641545530864	1641545530864
USER	Load_Test_Scenario	33	START	1641545530864	1641545530864
USER	Load_Test_Scenario	34	START	1641545530866	1641545530866
USER	Load_Test_Scenario	35	START	1641545530866	1641545530866
USER	Load_Test_Scenario	36	START	1641545530867	1641545530867
USER	Load_Test_Scenario	37	START	1641545530869	1641545530869
USER	Load_Test_Scenario	38	START	1641545530870	1641545530870
USER	Load_Test_Scenario	39	START	1641545530870	1641545530870
USER	Load_Test_Scenario	40	START	1641545530872	1641545530872
USER	Load_Test_Scenario	41	START	1641545530874	1641545530874
USER	Load_Test_Scenario	42	START	1641545530875	1641545530875
USER	Load_Test_Scenario	43	START	1641545530876	1641545530876
USER	Load_Test_Scenario	44	START	1641545530877	1641545530877
USER	Load_Test_Scenario	45	START	1641545530879	1641545530879
USER	Load_Test_Scenario	46	START	1641545530879	1641545530879
USER	Load_Test_Scenario	47	START	1641545530880	1641545530880
USER	Load_Test_Scenario	48	START	1641545530881	1641545530881
USER	Load_Test_Scenario	49	START	1641545530882	1641545530882
USER	Load_Test_Scenario	50	START	1641545530883	1641545530883
REQUEST	13	1st User	GET 1 User Only Request	1641545530844	1641545531516	OK	 
REQUEST	1	1st User	GET 1 User Only Request	1641545530830	1641545531538	OK	 
REQUEST	6	1st User	GET 1 User Only Request	1641545530837	1641545531516	OK	 
REQUEST	9	1st User	GET 1 User Only Request	1641545530840	1641545531544	OK	 
REQUEST	45	1st User	GET 1 User Only Request	1641545530879	1641545531545	OK	 
REQUEST	4	1st User	GET 1 User Only Request	1641545530835	1641545531973	OK	 
REQUEST	7	1st User	GET 1 User Only Request	1641545530838	1641545531978	OK	 
REQUEST	5	1st User	GET 1 User Only Request	1641545530836	1641545531986	OK	 
REQUEST	34	1st User	GET 1 User Only Request	1641545530866	1641545531999	OK	 
REQUEST	26	1st User	GET 1 User Only Request	1641545530858	1641545531999	OK	 
REQUEST	41	1st User	GET 1 User Only Request	1641545530874	1641545532006	OK	 
REQUEST	48	1st User	GET 1 User Only Request	1641545530882	1641545532010	OK	 
REQUEST	2	1st User	GET 1 User Only Request	1641545530833	1641545532034	OK	 
REQUEST	46	1st User	GET 1 User Only Request	1641545530880	1641545532040	OK	 
REQUEST	27	1st User	GET 1 User Only Request	1641545530859	1641545532042	OK	 
REQUEST	43	1st User	GET 1 User Only Request	1641545530877	1641545532047	OK	 
REQUEST	20	1st User	GET 1 User Only Request	1641545530852	1641545532047	OK	 
REQUEST	40	1st User	GET 1 User Only Request	1641545530873	1641545532057	OK	 
REQUEST	18	1st User	GET 1 User Only Request	1641545530849	1641545532062	OK	 
REQUEST	32	1st User	GET 1 User Only Request	1641545530864	1641545532085	OK	 
REQUEST	35	1st User	GET 1 User Only Request	1641545530867	1641545532085	OK	 
REQUEST	19	1st User	GET 1 User Only Request	1641545530851	1641545532091	OK	 
REQUEST	17	1st User	GET 1 User Only Request	1641545530848	1641545532103	OK	 
REQUEST	47	1st User	GET 1 User Only Request	1641545530881	1641545532105	OK	 
REQUEST	16	1st User	GET 1 User Only Request	1641545530847	1641545532120	OK	 
REQUEST	3	1st User	GET 1 User Only Request	1641545530834	1641545532539	OK	 
REQUEST	11	1st User	GET 1 User Only Request	1641545530842	1641545532539	OK	 
REQUEST	23	1st User	GET 1 User Only Request	1641545530856	1641545532539	OK	 
REQUEST	25	1st User	GET 1 User Only Request	1641545530857	1641545532539	OK	 
REQUEST	37	1st User	GET 1 User Only Request	1641545530869	1641545532539	OK	 
GROUP	6	1st User	1641545530836	1641545532541	679	OK
GROUP	13	1st User	1641545530844	1641545532542	672	OK
REQUEST	21	1st User	GET 1 User Only Request	1641545530854	1641545532547	OK	 
REQUEST	42	1st User	GET 1 User Only Request	1641545530875	1641545532558	OK	 
GROUP	1	1st User	1641545530810	1641545532561	708	OK
GROUP	45	1st User	1641545530879	1641545532561	666	OK
GROUP	9	1st User	1641545530839	1641545532561	704	OK
REQUEST	49	1st User	GET 1 User Only Request	1641545530882	1641545532562	OK	 
REQUEST	29	1st User	GET 1 User Only Request	1641545530860	1641545532579	OK	 
REQUEST	31	1st User	GET 1 User Only Request	1641545530863	1641545532587	OK	 
GROUP	7	1st User	1641545530837	1641545532991	1140	OK
GROUP	4	1st User	1641545530835	1641545532991	1138	OK
GROUP	5	1st User	1641545530835	1641545533001	1150	OK
GROUP	34	1st User	1641545530866	1641545533011	1133	OK
GROUP	26	1st User	1641545530858	1641545533011	1141	OK
REQUEST	15	1st User	GET 1 User Only Request	1641545530846	1641545533018	OK	 
GROUP	41	1st User	1641545530874	1641545533020	1132	OK
GROUP	48	1st User	1641545530881	1641545533030	1128	OK
REQUEST	30	1st User	GET 1 User Only Request	1641545530862	1641545533032	OK	 
REQUEST	10	1st User	GET 1 User Only Request	1641545530841	1641545533034	OK	 
REQUEST	22	1st User	GET 1 User Only Request	1641545530855	1641545533036	OK	 
GROUP	2	1st User	1641545530833	1641545533051	1201	OK
GROUP	46	1st User	1641545530880	1641545533061	1160	OK
GROUP	27	1st User	1641545530858	1641545533061	1183	OK
GROUP	20	1st User	1641545530852	1641545533061	1195	OK
GROUP	43	1st User	1641545530876	1641545533061	1170	OK
REQUEST	8	1st User	GET 1 User Only Request	1641545530839	1641545533063	OK	 
GROUP	40	1st User	1641545530873	1641545533071	1184	OK
REQUEST	39	1st User	GET 1 User Only Request	1641545530871	1641545533071	OK	 
REQUEST	28	1st User	GET 1 User Only Request	1641545530859	1641545533071	OK	 
REQUEST	36	1st User	GET 1 User Only Request	1641545530868	1641545533074	OK	 
REQUEST	33	1st User	GET 1 User Only Request	1641545530865	1641545533080	OK	 
GROUP	18	1st User	1641545530849	1641545533081	1213	OK
REQUEST	50	1st User	GET 1 User Only Request	1641545530883	1641545533092	OK	 
GROUP	32	1st User	1641545530864	1641545533101	1221	OK
GROUP	35	1st User	1641545530867	1641545533101	1218	OK
REQUEST	24	1st User	GET 1 User Only Request	1641545530856	1641545533103	OK	 
GROUP	19	1st User	1641545530850	1641545533111	1240	OK
GROUP	17	1st User	1641545530847	1641545533121	1255	OK
GROUP	47	1st User	1641545530880	1641545533121	1224	OK
GROUP	16	1st User	1641545530846	1641545533131	1273	OK
GROUP	3	1st User	1641545530834	1641545533561	1705	OK
GROUP	23	1st User	1641545530855	1641545533561	1683	OK
GROUP	11	1st User	1641545530841	1641545533561	1697	OK
GROUP	37	1st User	1641545530869	1641545533561	1670	OK
GROUP	21	1st User	1641545530853	1641545533562	1693	OK
GROUP	25	1st User	1641545530857	1641545533561	1682	OK
GROUP	42	1st User	1641545530875	1641545533571	1683	OK
GROUP	49	1st User	1641545530882	1641545533581	1680	OK
GROUP	29	1st User	1641545530860	1641545533591	1719	OK
GROUP	31	1st User	1641545530863	1641545533601	1724	OK
REQUEST	12	1st User	GET 1 User Only Request	1641545530843	1641545534010	OK	 
GROUP	15	1st User	1641545530845	1641545534031	2172	OK
REQUEST	38	1st User	GET 1 User Only Request	1641545530870	1641545534045	OK	 
GROUP	22	1st User	1641545530854	1641545534051	2181	OK
GROUP	10	1st User	1641545530840	1641545534051	2193	OK
GROUP	30	1st User	1641545530861	1641545534051	2170	OK
GROUP	8	1st User	1641545530838	1641545534081	2224	OK
GROUP	28	1st User	1641545530859	1641545534091	2212	OK
GROUP	39	1st User	1641545530871	1641545534091	2200	OK
GROUP	36	1st User	1641545530867	1641545534091	2206	OK
GROUP	33	1st User	1641545530865	1641545534091	2215	OK
GROUP	50	1st User	1641545530883	1641545534111	2209	OK
GROUP	24	1st User	1641545530856	1641545534121	2247	OK
GROUP	12	1st User	1641545530843	1641545535021	3167	OK
GROUP	38	1st User	1641545530870	1641545535061	3175	OK
REQUEST	13	GET user request chaining	request_3	1641545535542	1641545536094	OK	 
REQUEST	27	GET user request chaining	request_3	1641545536073	1641545536109	OK	 
REQUEST	43	GET user request chaining	request_3	1641545536073	1641545536113	OK	 
REQUEST	20	GET user request chaining	request_3	1641545536073	1641545536118	OK	 
REQUEST	46	GET user request chaining	request_3	1641545536073	1641545536120	OK	 
REQUEST	40	GET user request chaining	request_3	1641545536082	1641545536121	OK	 
REQUEST	18	GET user request chaining	request_3	1641545536092	1641545536128	OK	 
REQUEST	1	GET user request chaining	request_3	1641545535562	1641545536152	OK	 
REQUEST	32	GET user request chaining	request_3	1641545536112	1641545536152	OK	 
REQUEST	35	GET user request chaining	request_3	1641545536112	1641545536158	OK	 
REQUEST	19	GET user request chaining	request_3	1641545536122	1641545536160	OK	 
REQUEST	45	GET user request chaining	request_3	1641545535571	1641545536162	OK	 
REQUEST	17	GET user request chaining	request_3	1641545536132	1641545536168	OK	 
REQUEST	47	GET user request chaining	request_3	1641545536132	1641545536170	OK	 
REQUEST	16	GET user request chaining	request_3	1641545536153	1641545536197	OK	 
REQUEST	3	GET user request chaining	request_3	1641545536573	1641545536612	OK	 
REQUEST	37	GET user request chaining	request_3	1641545536574	1641545536614	OK	 
REQUEST	25	GET user request chaining	request_3	1641545536573	1641545536617	OK	 
REQUEST	42	GET user request chaining	request_3	1641545536582	1641545536617	OK	 
REQUEST	11	GET user request chaining	request_3	1641545536574	1641545536617	OK	 
REQUEST	23	GET user request chaining	request_3	1641545536573	1641545536617	OK	 
REQUEST	21	GET user request chaining	request_3	1641545536573	1641545536620	OK	 
REQUEST	49	GET user request chaining	request_3	1641545536592	1641545536629	OK	 
REQUEST	29	GET user request chaining	request_3	1641545536602	1641545536642	OK	 
REQUEST	31	GET user request chaining	request_3	1641545536612	1641545536649	OK	 
REQUEST	5	GET user request chaining	request_3	1641545536013	1641545536671	OK	 
REQUEST	2	GET user request chaining	request_3	1641545536062	1641545536695	OK	 
REQUEST	15	GET user request chaining	request_3	1641545537042	1641545537083	OK	 
REQUEST	4	GET user request chaining	request_3	1641545536003	1641545537088	OK	 
REQUEST	30	GET user request chaining	request_3	1641545537062	1641545537097	OK	 
REQUEST	22	GET user request chaining	request_3	1641545537062	1641545537097	OK	 
REQUEST	10	GET user request chaining	request_3	1641545537062	1641545537100	OK	 
REQUEST	34	GET user request chaining	request_3	1641545536022	1641545537105	OK	 
REQUEST	48	GET user request chaining	request_3	1641545536032	1641545537113	OK	 
REQUEST	8	GET user request chaining	request_3	1641545537092	1641545537129	OK	 
REQUEST	41	GET user request chaining	request_3	1641545536032	1641545537132	OK	 
REQUEST	6	GET user request chaining	request_3	1641545535552	1641545537136	OK	 
REQUEST	39	GET user request chaining	request_3	1641545537101	1641545537136	OK	 
REQUEST	36	GET user request chaining	request_3	1641545537101	1641545537139	OK	 
REQUEST	28	GET user request chaining	request_3	1641545537101	1641545537148	OK	 
REQUEST	26	GET user request chaining	request_3	1641545536022	1641545537149	OK	 
REQUEST	7	GET user request chaining	request_3	1641545536003	1641545537153	OK	 
REQUEST	9	GET user request chaining	request_3	1641545535571	1641545537154	OK	 
REQUEST	50	GET user request chaining	request_3	1641545537121	1641545537155	OK	 
REQUEST	33	GET user request chaining	request_3	1641545537111	1641545537158	OK	 
REQUEST	24	GET user request chaining	request_3	1641545537131	1641545537169	OK	 
REQUEST	12	GET user request chaining	request_3	1641545538042	1641545538077	OK	 
REQUEST	44	1st User	GET 1 User Only Request	1641545530878	1641545538109	OK	 
REQUEST	38	GET user request chaining	request_3	1641545538072	1641545538121	OK	 
GROUP	44	1st User	1641545530878	1641545539122	7231	OK
REQUEST	14	1st User	GET 1 User Only Request	1641545530845	1641545539141	OK	 
REQUEST	29	GET user request chaining	request_4	1641545539652	1641545539714	OK	 
REQUEST	1	GET user request chaining	request_4	1641545539152	1641545539714	OK	 
REQUEST	13	GET user request chaining	request_4	1641545539091	1641545539725	OK	 
REQUEST	2	GET user request chaining	request_4	1641545539691	1641545539735	OK	 
REQUEST	40	GET user request chaining	request_4	1641545539124	1641545539736	OK	 
REQUEST	15	GET user request chaining	request_4	1641545540082	1641545540119	OK	 
REQUEST	4	GET user request chaining	request_4	1641545540082	1641545540120	OK	 
REQUEST	30	GET user request chaining	request_4	1641545540092	1641545540127	OK	 
REQUEST	22	GET user request chaining	request_4	1641545540092	1641545540135	OK	 
REQUEST	10	GET user request chaining	request_4	1641545540102	1641545540139	OK	 
REQUEST	34	GET user request chaining	request_4	1641545540102	1641545540143	OK	 
GROUP	14	1st User	1641545530845	1641545540161	8296	OK
REQUEST	8	GET user request chaining	request_4	1641545540122	1641545540161	OK	 
REQUEST	41	GET user request chaining	request_4	1641545540132	1641545540167	OK	 
REQUEST	39	GET user request chaining	request_4	1641545540132	1641545540167	OK	 
REQUEST	48	GET user request chaining	request_4	1641545540111	1641545540169	OK	 
REQUEST	6	GET user request chaining	request_4	1641545540132	1641545540169	OK	 
REQUEST	36	GET user request chaining	request_4	1641545540132	1641545540172	OK	 
REQUEST	26	GET user request chaining	request_4	1641545540141	1641545540178	OK	 
REQUEST	28	GET user request chaining	request_4	1641545540141	1641545540178	OK	 
REQUEST	33	GET user request chaining	request_4	1641545540152	1641545540188	OK	 
REQUEST	9	GET user request chaining	request_4	1641545540152	1641545540189	OK	 
REQUEST	7	GET user request chaining	request_4	1641545540152	1641545540189	OK	 
REQUEST	50	GET user request chaining	request_4	1641545540152	1641545540195	OK	 
REQUEST	24	GET user request chaining	request_4	1641545540161	1641545540197	OK	 
REQUEST	21	GET user request chaining	request_4	1641545539622	1641545540245	OK	 
REQUEST	19	GET user request chaining	request_4	1641545539163	1641545540247	OK	 
REQUEST	45	GET user request chaining	request_4	1641545539163	1641545540254	OK	 
REQUEST	5	GET user request chaining	request_4	1641545539671	1641545540272	OK	 
REQUEST	47	GET user request chaining	request_4	1641545539163	1641545540280	OK	 
REQUEST	16	GET user request chaining	request_4	1641545539182	1641545540289	OK	 
REQUEST	37	GET user request chaining	request_4	1641545539602	1641545540730	OK	 
REQUEST	27	GET user request chaining	request_4	1641545539102	1641545540729	OK	 
REQUEST	49	GET user request chaining	request_4	1641545539622	1641545540730	OK	 
REQUEST	20	GET user request chaining	request_4	1641545539112	1641545540730	OK	 
REQUEST	46	GET user request chaining	request_4	1641545539112	1641545540730	OK	 
REQUEST	23	GET user request chaining	request_4	1641545539612	1641545540731	OK	 
REQUEST	3	GET user request chaining	request_4	1641545539602	1641545540732	OK	 
REQUEST	42	GET user request chaining	request_4	1641545539622	1641545540733	OK	 
REQUEST	25	GET user request chaining	request_4	1641545539602	1641545540733	OK	 
REQUEST	43	GET user request chaining	request_4	1641545539112	1641545540733	OK	 
REQUEST	11	GET user request chaining	request_4	1641545539612	1641545540734	OK	 
REQUEST	31	GET user request chaining	request_4	1641545539642	1641545540739	OK	 
REQUEST	35	GET user request chaining	request_4	1641545539152	1641545540741	OK	 
REQUEST	17	GET user request chaining	request_4	1641545539163	1641545540742	OK	 
REQUEST	18	GET user request chaining	request_4	1641545539124	1641545540742	OK	 
REQUEST	32	GET user request chaining	request_4	1641545539152	1641545540769	OK	 
REQUEST	12	GET user request chaining	request_4	1641545541062	1641545541107	OK	 
REQUEST	38	GET user request chaining	request_4	1641545541122	1641545541160	OK	 
REQUEST	44	GET user request chaining	request_3	1641545542132	1641545542170	OK	 
REQUEST	14	GET user request chaining	request_3	1641545543172	1641545543212	OK	 
GROUP	29	GET user request chaining	1641545533591	1641545543711	102	OK
GROUP	1	GET user request chaining	1641545532561	1641545543711	1152	OK
GROUP	13	GET user request chaining	1641545532545	1641545543731	1186	OK
GROUP	2	GET user request chaining	1641545533051	1641545543731	677	OK
GROUP	40	GET user request chaining	1641545533071	1641545543731	651	OK
GROUP	15	GET user request chaining	1641545534031	1641545544121	78	OK
GROUP	4	GET user request chaining	1641545532991	1641545544121	1123	OK
GROUP	30	GET user request chaining	1641545534051	1641545544121	70	OK
GROUP	22	GET user request chaining	1641545534051	1641545544141	78	OK
GROUP	10	GET user request chaining	1641545534051	1641545544141	75	OK
GROUP	34	GET user request chaining	1641545533011	1641545544151	1124	OK
GROUP	6	GET user request chaining	1641545532545	1641545544161	1621	OK
GROUP	41	GET user request chaining	1641545533020	1641545544161	1135	OK
GROUP	39	GET user request chaining	1641545534092	1641545544161	70	OK
GROUP	48	GET user request chaining	1641545533031	1641545544172	1139	OK
GROUP	8	GET user request chaining	1641545534081	1641545544172	76	OK
GROUP	36	GET user request chaining	1641545534092	1641545544181	78	OK
GROUP	28	GET user request chaining	1641545534092	1641545544181	84	OK
GROUP	26	GET user request chaining	1641545533011	1641545544181	1164	OK
GROUP	33	GET user request chaining	1641545534092	1641545544181	83	OK
GROUP	50	GET user request chaining	1641545534111	1641545544191	77	OK
GROUP	9	GET user request chaining	1641545532561	1641545544191	1620	OK
GROUP	7	GET user request chaining	1641545532991	1641545544201	1187	OK
GROUP	24	GET user request chaining	1641545534122	1641545544201	74	OK
GROUP	19	GET user request chaining	1641545533112	1641545544241	1122	OK
GROUP	21	GET user request chaining	1641545533563	1641545544241	670	OK
GROUP	45	GET user request chaining	1641545532561	1641545544251	1682	OK
GROUP	5	GET user request chaining	1641545533001	1641545544271	1259	OK
GROUP	47	GET user request chaining	1641545533122	1641545544281	1155	OK
REQUEST	1	Update user Chaining	request_6	1641545543726	1641545544281	OK	 
GROUP	16	GET user request chaining	1641545533131	1641545544291	1151	OK
REQUEST	2	Update user Chaining	request_6	1641545543732	1641545544329	OK	 
REQUEST	29	Update user Chaining	request_6	1641545543726	1641545544350	OK	 
REQUEST	13	Update user Chaining	request_6	1641545543732	1641545544353	OK	 
REQUEST	40	Update user Chaining	request_6	1641545543732	1641545544397	OK	 
REQUEST	15	Update user Chaining	request_6	1641545544122	1641545544678	OK	 
REQUEST	30	Update user Chaining	request_6	1641545544122	1641545544702	OK	 
REQUEST	39	Update user Chaining	request_6	1641545544162	1641545544710	OK	 
REQUEST	34	Update user Chaining	request_6	1641545544152	1641545544717	OK	 
REQUEST	4	Update user Chaining	request_6	1641545544122	1641545544720	OK	 
REQUEST	8	Update user Chaining	request_6	1641545544173	1641545544724	OK	 
GROUP	27	GET user request chaining	1641545533061	1641545544731	1663	OK
GROUP	23	GET user request chaining	1641545533562	1641545544731	1163	OK
GROUP	42	GET user request chaining	1641545533571	1641545544731	1146	OK
GROUP	11	GET user request chaining	1641545533562	1641545544731	1165	OK
GROUP	43	GET user request chaining	1641545533061	1641545544731	1661	OK
REQUEST	50	Update user Chaining	request_6	1641545544192	1641545544737	OK	 
GROUP	49	GET user request chaining	1641545533582	1641545544741	1145	OK
GROUP	3	GET user request chaining	1641545533563	1641545544741	1169	OK
GROUP	37	GET user request chaining	1641545533562	1641545544741	1168	OK
GROUP	20	GET user request chaining	1641545533061	1641545544741	1663	OK
GROUP	46	GET user request chaining	1641545533061	1641545544741	1665	OK
REQUEST	6	Update user Chaining	request_6	1641545544162	1641545544743	OK	 
GROUP	18	GET user request chaining	1641545533082	1641545544742	1654	OK
GROUP	31	GET user request chaining	1641545533602	1641545544745	1134	OK
GROUP	25	GET user request chaining	1641545533563	1641545544744	1175	OK
GROUP	17	GET user request chaining	1641545533122	1641545544752	1615	OK
GROUP	35	GET user request chaining	1641545533101	1641545544752	1635	OK
REQUEST	28	Update user Chaining	request_6	1641545544182	1641545544759	OK	 
REQUEST	33	Update user Chaining	request_6	1641545544182	1641545544760	OK	 
GROUP	32	GET user request chaining	1641545533101	1641545544761	1657	OK
REQUEST	24	Update user Chaining	request_6	1641545544203	1641545544766	OK	 
REQUEST	26	Update user Chaining	request_6	1641545544182	1641545544775	OK	 
REQUEST	36	Update user Chaining	request_6	1641545544182	1641545544783	OK	 
REQUEST	7	Update user Chaining	request_6	1641545544203	1641545544796	OK	 
REQUEST	41	Update user Chaining	request_6	1641545544162	1641545544802	OK	 
REQUEST	19	Update user Chaining	request_6	1641545544242	1641545544802	OK	 
REQUEST	5	Update user Chaining	request_6	1641545544272	1641545544820	OK	 
REQUEST	45	Update user Chaining	request_6	1641545544252	1641545544833	OK	 
REQUEST	21	Update user Chaining	request_6	1641545544242	1641545544837	OK	 
REQUEST	47	Update user Chaining	request_6	1641545544282	1641545544868	OK	 
REQUEST	16	Update user Chaining	request_6	1641545544292	1641545544900	OK	 
GROUP	12	GET user request chaining	1641545535021	1641545545111	80	OK
GROUP	38	GET user request chaining	1641545535062	1641545545161	87	OK
REQUEST	44	GET user request chaining	request_4	1641545545182	1641545545223	OK	 
REQUEST	43	Update user Chaining	request_6	1641545544732	1641545545284	OK	 
REQUEST	37	Update user Chaining	request_6	1641545544743	1641545545293	OK	 
REQUEST	49	Update user Chaining	request_6	1641545544742	1641545545293	OK	 
REQUEST	25	Update user Chaining	request_6	1641545544747	1641545545296	OK	 
REQUEST	27	Update user Chaining	request_6	1641545544732	1641545545301	OK	 
REQUEST	31	Update user Chaining	request_6	1641545544746	1641545545303	OK	 
REQUEST	42	Update user Chaining	request_6	1641545544732	1641545545304	OK	 
REQUEST	23	Update user Chaining	request_6	1641545544732	1641545545308	OK	 
REQUEST	11	Update user Chaining	request_6	1641545544733	1641545545313	OK	 
REQUEST	3	Update user Chaining	request_6	1641545544743	1641545545314	OK	 
REQUEST	18	Update user Chaining	request_6	1641545544745	1641545545319	OK	 
REQUEST	46	Update user Chaining	request_6	1641545544743	1641545545322	OK	 
REQUEST	17	Update user Chaining	request_6	1641545544753	1641545545324	OK	 
REQUEST	32	Update user Chaining	request_6	1641545544762	1641545545325	OK	 
REQUEST	35	Update user Chaining	request_6	1641545544752	1641545545347	OK	 
REQUEST	22	Update user Chaining	request_6	1641545544141	1641545545541	OK	 
REQUEST	20	Update user Chaining	request_6	1641545544742	1641545545571	OK	 
REQUEST	38	Update user Chaining	request_6	1641545545162	1641545545706	OK	 
REQUEST	12	Update user Chaining	request_6	1641545545112	1641545545734	OK	 
REQUEST	10	Update user Chaining	request_6	1641545544141	1641545545740	OK	 
REQUEST	9	Update user Chaining	request_6	1641545544192	1641545545752	OK	 
REQUEST	48	Update user Chaining	request_6	1641545544173	1641545546053	OK	 
REQUEST	14	GET user request chaining	request_4	1641545546212	1641545546249	OK	 
REQUEST	1	Update user Chaining	request_7	1641545546282	1641545546886	OK	 
REQUEST	2	Update user Chaining	request_7	1641545546331	1641545546895	OK	 
REQUEST	29	Update user Chaining	request_7	1641545546342	1641545546906	OK	 
REQUEST	13	Update user Chaining	request_7	1641545546352	1641545546926	OK	 
REQUEST	40	Update user Chaining	request_7	1641545546402	1641545547001	OK	 
REQUEST	15	Update user Chaining	request_7	1641545546672	1641545547282	OK	 
REQUEST	39	Update user Chaining	request_7	1641545546712	1641545547287	OK	 
REQUEST	8	Update user Chaining	request_7	1641545546722	1641545547287	OK	 
REQUEST	30	Update user Chaining	request_7	1641545546712	1641545547293	OK	 
REQUEST	34	Update user Chaining	request_7	1641545546712	1641545547295	OK	 
REQUEST	50	Update user Chaining	request_7	1641545546742	1641545547297	OK	 
REQUEST	28	Update user Chaining	request_7	1641545546752	1641545547310	OK	 
REQUEST	6	Update user Chaining	request_7	1641545546752	1641545547313	OK	 
REQUEST	26	Update user Chaining	request_7	1641545546781	1641545547322	OK	 
REQUEST	4	Update user Chaining	request_7	1641545546722	1641545547329	OK	 
REQUEST	33	Update user Chaining	request_7	1641545546772	1641545547340	OK	 
REQUEST	24	Update user Chaining	request_7	1641545546762	1641545547353	OK	 
REQUEST	7	Update user Chaining	request_7	1641545546781	1641545547371	OK	 
REQUEST	36	Update user Chaining	request_7	1641545546781	1641545547375	OK	 
REQUEST	19	Update user Chaining	request_7	1641545546802	1641545547377	OK	 
REQUEST	45	Update user Chaining	request_7	1641545546832	1641545547394	OK	 
REQUEST	41	Update user Chaining	request_7	1641545546812	1641545547406	OK	 
REQUEST	5	Update user Chaining	request_7	1641545546821	1641545547447	OK	 
REQUEST	16	Update user Chaining	request_7	1641545546911	1641545547507	OK	 
REQUEST	25	Update user Chaining	request_7	1641545547291	1641545547842	OK	 
REQUEST	37	Update user Chaining	request_7	1641545547291	1641545547844	OK	 
REQUEST	31	Update user Chaining	request_7	1641545547302	1641545547854	OK	 
REQUEST	43	Update user Chaining	request_7	1641545547291	1641545547865	OK	 
REQUEST	46	Update user Chaining	request_7	1641545547321	1641545547869	OK	 
REQUEST	49	Update user Chaining	request_7	1641545547291	1641545547871	OK	 
REQUEST	3	Update user Chaining	request_7	1641545547312	1641545547878	OK	 
REQUEST	18	Update user Chaining	request_7	1641545547312	1641545547881	OK	 
REQUEST	27	Update user Chaining	request_7	1641545547302	1641545547885	OK	 
REQUEST	32	Update user Chaining	request_7	1641545547331	1641545547885	OK	 
REQUEST	17	Update user Chaining	request_7	1641545547322	1641545547888	OK	 
REQUEST	42	Update user Chaining	request_7	1641545547302	1641545547891	OK	 
REQUEST	23	Update user Chaining	request_7	1641545547302	1641545547900	OK	 
REQUEST	35	Update user Chaining	request_7	1641545547341	1641545547914	OK	 
REQUEST	11	Update user Chaining	request_7	1641545547321	1641545547927	OK	 
REQUEST	22	Update user Chaining	request_7	1641545547542	1641545548104	OK	 
REQUEST	20	Update user Chaining	request_7	1641545547572	1641545548132	OK	 
REQUEST	38	Update user Chaining	request_7	1641545547702	1641545548306	OK	 
REQUEST	10	Update user Chaining	request_7	1641545547742	1641545548306	OK	 
REQUEST	9	Update user Chaining	request_7	1641545547752	1641545548315	OK	 
REQUEST	12	Update user Chaining	request_7	1641545547742	1641545548325	OK	 
REQUEST	47	Update user Chaining	request_7	1641545546876	1641545548511	OK	 
REQUEST	21	Update user Chaining	request_7	1641545546876	1641545548511	OK	 
REQUEST	48	Update user Chaining	request_7	1641545548052	1641545548610	OK	 
GROUP	44	GET user request chaining	1641545539122	1641545549211	79	OK
REQUEST	1	Update user Chaining	request_7	1641545548893	1641545549450	OK	 
REQUEST	2	Update user Chaining	request_7	1641545548902	1641545549470	OK	 
REQUEST	29	Update user Chaining	request_7	1641545548912	1641545549483	OK	 
REQUEST	13	Update user Chaining	request_7	1641545548932	1641545549531	OK	 
REQUEST	40	Update user Chaining	request_7	1641545549001	1641545549568	OK	 
REQUEST	44	Update user Chaining	request_6	1641545549212	1641545549842	OK	 
REQUEST	8	Update user Chaining	request_7	1641545549281	1641545549856	OK	 
REQUEST	15	Update user Chaining	request_7	1641545549292	1641545549859	OK	 
REQUEST	50	Update user Chaining	request_7	1641545549292	1641545549868	OK	 
REQUEST	34	Update user Chaining	request_7	1641545549301	1641545549875	OK	 
REQUEST	30	Update user Chaining	request_7	1641545549292	1641545549881	OK	 
REQUEST	39	Update user Chaining	request_7	1641545549292	1641545549883	OK	 
REQUEST	4	Update user Chaining	request_7	1641545549322	1641545549885	OK	 
REQUEST	26	Update user Chaining	request_7	1641545549322	1641545549890	OK	 
REQUEST	6	Update user Chaining	request_7	1641545549311	1641545549901	OK	 
REQUEST	24	Update user Chaining	request_7	1641545549362	1641545549918	OK	 
REQUEST	36	Update user Chaining	request_7	1641545549373	1641545549943	OK	 
REQUEST	41	Update user Chaining	request_7	1641545549402	1641545549950	OK	 
REQUEST	7	Update user Chaining	request_7	1641545549381	1641545549951	OK	 
REQUEST	19	Update user Chaining	request_7	1641545549373	1641545549952	OK	 
REQUEST	33	Update user Chaining	request_7	1641545549332	1641545549957	OK	 
REQUEST	45	Update user Chaining	request_7	1641545549402	1641545549958	OK	 
REQUEST	5	Update user Chaining	request_7	1641545549441	1641545550028	OK	 
REQUEST	16	Update user Chaining	request_7	1641545549502	1641545550061	OK	 
GROUP	14	GET user request chaining	1641545540161	1641545550241	77	OK
REQUEST	37	Update user Chaining	request_7	1641545549842	1641545550405	OK	 
REQUEST	46	Update user Chaining	request_7	1641545549862	1641545550419	OK	 
REQUEST	25	Update user Chaining	request_7	1641545549852	1641545550428	OK	 
REQUEST	49	Update user Chaining	request_7	1641545549872	1641545550455	OK	 
REQUEST	18	Update user Chaining	request_7	1641545549891	1641545550458	OK	 
REQUEST	27	Update user Chaining	request_7	1641545549881	1641545550463	OK	 
REQUEST	31	Update user Chaining	request_7	1641545549862	1641545550466	OK	 
REQUEST	35	Update user Chaining	request_7	1641545549911	1641545550468	OK	 
REQUEST	17	Update user Chaining	request_7	1641545549881	1641545550484	OK	 
REQUEST	32	Update user Chaining	request_7	1641545549891	1641545550485	OK	 
REQUEST	42	Update user Chaining	request_7	1641545549891	1641545550486	OK	 
REQUEST	23	Update user Chaining	request_7	1641545549901	1641545550492	OK	 
REQUEST	11	Update user Chaining	request_7	1641545549922	1641545550524	OK	 
REQUEST	22	Update user Chaining	request_7	1641545550102	1641545550675	OK	 
REQUEST	28	Update user Chaining	request_7	1641545549311	1641545550677	OK	 
REQUEST	14	Update user Chaining	request_6	1641545550242	1641545550856	OK	 
REQUEST	38	Update user Chaining	request_7	1641545550312	1641545550883	OK	 
REQUEST	10	Update user Chaining	request_7	1641545550302	1641545550887	OK	 
REQUEST	9	Update user Chaining	request_7	1641545550312	1641545550891	OK	 
REQUEST	12	Update user Chaining	request_7	1641545550321	1641545550892	OK	 
REQUEST	1	Update user Chaining	request_8	1641545550451	1641545550994	OK	 
REQUEST	2	Update user Chaining	request_8	1641545550472	1641545551016	OK	 
REQUEST	29	Update user Chaining	request_8	1641545550482	1641545551046	OK	 
REQUEST	21	Update user Chaining	request_7	1641545550512	1641545551067	OK	 
REQUEST	47	Update user Chaining	request_7	1641545550512	1641545551092	OK	 
REQUEST	13	Update user Chaining	request_8	1641545550531	1641545551097	OK	 
REQUEST	40	Update user Chaining	request_8	1641545550562	1641545551128	OK	 
REQUEST	48	Update user Chaining	request_7	1641545550622	1641545551170	OK	 
REQUEST	3	Update user Chaining	request_7	1641545549872	1641545551212	OK	 
REQUEST	43	Update user Chaining	request_7	1641545549862	1641545551230	OK	 
REQUEST	15	Update user Chaining	request_8	1641545550852	1641545551430	OK	 
REQUEST	8	Update user Chaining	request_8	1641545550862	1641545551436	OK	 
REQUEST	50	Update user Chaining	request_8	1641545550872	1641545551448	OK	 
REQUEST	34	Update user Chaining	request_8	1641545550871	1641545551450	OK	 
REQUEST	24	Update user Chaining	request_8	1641545550912	1641545551458	OK	 
REQUEST	6	Update user Chaining	request_8	1641545550912	1641545551463	OK	 
REQUEST	26	Update user Chaining	request_8	1641545550892	1641545551463	OK	 
REQUEST	20	Update user Chaining	request_7	1641545550132	1641545551465	OK	 
REQUEST	30	Update user Chaining	request_8	1641545550882	1641545551468	OK	 
REQUEST	39	Update user Chaining	request_8	1641545550892	1641545551473	OK	 
REQUEST	41	Update user Chaining	request_8	1641545550941	1641545551499	OK	 
REQUEST	36	Update user Chaining	request_8	1641545550952	1641545551503	OK	 
REQUEST	33	Update user Chaining	request_8	1641545550962	1641545551525	OK	 
REQUEST	19	Update user Chaining	request_8	1641545550962	1641545551526	OK	 
REQUEST	7	Update user Chaining	request_8	1641545550952	1641545551538	OK	 
REQUEST	45	Update user Chaining	request_8	1641545550952	1641545551543	OK	 
REQUEST	5	Update user Chaining	request_8	1641545551032	1641545551616	OK	 
REQUEST	16	Update user Chaining	request_8	1641545551062	1641545551634	OK	 
REQUEST	46	Update user Chaining	request_8	1641545551422	1641545551985	OK	 
REQUEST	37	Update user Chaining	request_8	1641545551412	1641545551992	OK	 
REQUEST	25	Update user Chaining	request_8	1641545551422	1641545552000	OK	 
REQUEST	18	Update user Chaining	request_8	1641545551451	1641545552004	OK	 
REQUEST	32	Update user Chaining	request_8	1641545551482	1641545552036	OK	 
REQUEST	31	Update user Chaining	request_8	1641545551461	1641545552038	OK	 
REQUEST	27	Update user Chaining	request_8	1641545551472	1641545552039	OK	 
REQUEST	35	Update user Chaining	request_8	1641545551472	1641545552050	OK	 
REQUEST	49	Update user Chaining	request_8	1641545551451	1641545552057	OK	 
REQUEST	23	Update user Chaining	request_8	1641545551501	1641545552068	OK	 
REQUEST	17	Update user Chaining	request_8	1641545551491	1641545552075	OK	 
REQUEST	11	Update user Chaining	request_8	1641545551522	1641545552091	OK	 
REQUEST	22	Update user Chaining	request_8	1641545551671	1641545552226	OK	 
REQUEST	28	Update user Chaining	request_8	1641545551682	1641545552242	OK	 
REQUEST	4	Update user Chaining	request_8	1641545550893	1641545552254	OK	 
REQUEST	42	Update user Chaining	request_8	1641545551482	1641545552311	OK	 
REQUEST	44	Update user Chaining	request_7	1641545551851	1641545552465	OK	 
REQUEST	10	Update user Chaining	request_8	1641545551882	1641545552466	OK	 
REQUEST	12	Update user Chaining	request_8	1641545551901	1641545552489	OK	 
REQUEST	9	Update user Chaining	request_8	1641545551901	1641545552505	OK	 
REQUEST	21	Update user Chaining	request_8	1641545552061	1641545552709	OK	 
REQUEST	47	Update user Chaining	request_8	1641545552092	1641545552709	OK	 
REQUEST	48	Update user Chaining	request_8	1641545552161	1641545552753	OK	 
REQUEST	3	Update user Chaining	request_8	1641545552221	1641545552799	OK	 
REQUEST	43	Update user Chaining	request_8	1641545552221	1641545552838	OK	 
GROUP	1	Update user Chaining	1641545543711	1641545552991	2259	OK
GROUP	2	Update user Chaining	1641545543731	1641545553011	2273	OK
GROUP	29	Update user Chaining	1641545543711	1641545553051	2323	OK
GROUP	13	Update user Chaining	1641545543731	1641545553091	2360	OK
REQUEST	20	Update user Chaining	request_8	1641545552461	1641545553119	OK	 
GROUP	40	Update user Chaining	1641545543731	1641545553131	2397	OK
GROUP	8	Update user Chaining	1641545544172	1641545553431	2265	OK
GROUP	15	Update user Chaining	1641545544121	1641545553441	2311	OK
GROUP	34	Update user Chaining	1641545544151	1641545553450	2301	OK
GROUP	50	Update user Chaining	1641545544191	1641545553450	2252	OK
GROUP	6	Update user Chaining	1641545544161	1641545553461	2283	OK
GROUP	24	Update user Chaining	1641545544202	1641545553461	2256	OK
GROUP	26	Update user Chaining	1641545544181	1641545553461	2273	OK
GROUP	30	Update user Chaining	1641545544121	1641545553461	2336	OK
GROUP	39	Update user Chaining	1641545544161	1641545553471	2295	OK
GROUP	41	Update user Chaining	1641545544161	1641545553502	2340	OK
GROUP	36	Update user Chaining	1641545544181	1641545553502	2316	OK
GROUP	19	Update user Chaining	1641545544241	1641545553521	2278	OK
GROUP	33	Update user Chaining	1641545544181	1641545553521	2334	OK
REQUEST	14	Update user Chaining	request_7	1641545552861	1641545553528	OK	 
GROUP	7	Update user Chaining	1641545544202	1641545553531	2339	OK
REQUEST	38	Update user Chaining	request_8	1641545551882	1641545553533	OK	 
GROUP	45	Update user Chaining	1641545544252	1641545553551	2290	OK
GROUP	5	Update user Chaining	1641545544271	1641545553611	2345	OK
GROUP	16	Update user Chaining	1641545544292	1641545553641	2335	OK
GROUP	37	Update user Chaining	1641545544741	1641545553992	2246	OK
GROUP	46	Update user Chaining	1641545544743	1641545553992	2247	OK
GROUP	25	Update user Chaining	1641545544746	1641545553992	2254	OK
GROUP	18	Update user Chaining	1641545544744	1641545554010	2263	OK
GROUP	32	Update user Chaining	1641545544761	1641545554031	2265	OK
GROUP	27	Update user Chaining	1641545544731	1641545554031	2301	OK
GROUP	31	Update user Chaining	1641545544745	1641545554041	2290	OK
GROUP	35	Update user Chaining	1641545544752	1641545554051	2303	OK
GROUP	49	Update user Chaining	1641545544741	1641545554051	2320	OK
GROUP	23	Update user Chaining	1641545544731	1641545554061	2332	OK
GROUP	17	Update user Chaining	1641545544752	1641545554071	2324	OK
GROUP	11	Update user Chaining	1641545544731	1641545554102	2357	OK
GROUP	22	Update user Chaining	1641545544141	1641545554231	3090	OK
GROUP	28	Update user Chaining	1641545544181	1641545554251	3061	OK
GROUP	4	Update user Chaining	1641545544121	1641545554261	3129	OK
GROUP	42	Update user Chaining	1641545544731	1641545554321	2585	OK
GROUP	10	Update user Chaining	1641545544141	1641545554471	3332	OK
GROUP	12	Update user Chaining	1641545545111	1641545554481	2364	OK
GROUP	9	Update user Chaining	1641545544191	1641545554501	3306	OK
GROUP	47	Update user Chaining	1641545544281	1641545554701	3418	OK
GROUP	21	Update user Chaining	1641545544241	1641545554711	3433	OK
GROUP	48	Update user Chaining	1641545544172	1641545554761	3578	OK
GROUP	3	Update user Chaining	1641545544741	1641545554792	3055	OK
GROUP	43	Update user Chaining	1641545544731	1641545554841	3111	OK
GROUP	20	Update user Chaining	1641545544741	1641545555121	3380	OK
REQUEST	44	Update user Chaining	request_7	1641545554462	1641545555167	OK	 
GROUP	38	Update user Chaining	1641545545161	1641545555541	3370	OK
REQUEST	14	Update user Chaining	request_7	1641545555522	1641545556089	OK	 
REQUEST	44	Update user Chaining	request_8	1641545556161	1641545556757	OK	 
REQUEST	14	Update user Chaining	request_8	1641545557091	1641545557650	OK	 
GROUP	44	Update user Chaining	1641545549211	1641545558761	2545	OK
GROUP	14	Update user Chaining	1641545550241	1641545559651	2407	OK
GROUP	1	GET user request chaining	1641545552991	1641545563001	0	OK
GROUP	2	GET user request chaining	1641545553012	1641545563021	0	OK
GROUP	29	GET user request chaining	1641545553051	1641545563061	0	OK
GROUP	13	GET user request chaining	1641545553091	1641545563101	0	OK
GROUP	40	GET user request chaining	1641545553131	1641545563142	0	OK
GROUP	15	GET user request chaining	1641545553441	1641545563441	0	OK
GROUP	8	GET user request chaining	1641545553431	1641545563441	0	OK
GROUP	50	GET user request chaining	1641545553451	1641545563461	0	OK
GROUP	6	GET user request chaining	1641545553461	1641545563461	0	OK
GROUP	34	GET user request chaining	1641545553451	1641545563461	0	OK
GROUP	24	GET user request chaining	1641545553461	1641545563471	0	OK
GROUP	26	GET user request chaining	1641545553461	1641545563471	0	OK
GROUP	30	GET user request chaining	1641545553461	1641545563471	0	OK
GROUP	39	GET user request chaining	1641545553471	1641545563471	0	OK
GROUP	36	GET user request chaining	1641545553502	1641545563501	0	OK
GROUP	41	GET user request chaining	1641545553502	1641545563521	0	OK
GROUP	19	GET user request chaining	1641545553521	1641545563531	0	OK
GROUP	33	GET user request chaining	1641545553521	1641545563531	0	OK
GROUP	7	GET user request chaining	1641545553531	1641545563541	0	OK
GROUP	45	GET user request chaining	1641545553551	1641545563551	0	OK
REQUEST	1	Update user Chaining	request_6	1641545563001	1641545563595	OK	 
REQUEST	2	Update user Chaining	request_6	1641545563022	1641545563600	OK	 
GROUP	5	GET user request chaining	1641545553611	1641545563621	0	OK
REQUEST	29	Update user Chaining	request_6	1641545563062	1641545563638	OK	 
GROUP	16	GET user request chaining	1641545553641	1641545563641	0	OK
REQUEST	13	Update user Chaining	request_6	1641545563101	1641545563653	OK	 
REQUEST	40	Update user Chaining	request_6	1641545563142	1641545563737	OK	 
GROUP	46	GET user request chaining	1641545553992	1641545563991	0	OK
GROUP	37	GET user request chaining	1641545553992	1641545564001	0	OK
GROUP	25	GET user request chaining	1641545553992	1641545564011	0	OK
REQUEST	50	Update user Chaining	request_6	1641545563462	1641545564011	OK	 
REQUEST	8	Update user Chaining	request_6	1641545563442	1641545564020	OK	 
GROUP	18	GET user request chaining	1641545554011	1641545564021	0	OK
REQUEST	15	Update user Chaining	request_6	1641545563442	1641545564021	OK	 
REQUEST	39	Update user Chaining	request_6	1641545563472	1641545564028	OK	 
REQUEST	34	Update user Chaining	request_6	1641545563462	1641545564038	OK	 
GROUP	32	GET user request chaining	1641545554031	1641545564041	0	OK
GROUP	27	GET user request chaining	1641545554031	1641545564041	0	OK
GROUP	31	GET user request chaining	1641545554041	1641545564051	0	OK
REQUEST	26	Update user Chaining	request_6	1641545563472	1641545564057	OK	 
GROUP	49	GET user request chaining	1641545554052	1641545564061	0	OK
GROUP	35	GET user request chaining	1641545554052	1641545564061	0	OK
REQUEST	24	Update user Chaining	request_6	1641545563472	1641545564065	OK	 
GROUP	23	GET user request chaining	1641545554061	1641545564070	0	OK
REQUEST	30	Update user Chaining	request_6	1641545563472	1641545564076	OK	 
GROUP	17	GET user request chaining	1641545554071	1641545564081	0	OK
REQUEST	33	Update user Chaining	request_6	1641545563532	1641545564095	OK	 
REQUEST	36	Update user Chaining	request_6	1641545563501	1641545564096	OK	 
REQUEST	6	Update user Chaining	request_6	1641545563462	1641545564100	OK	 
GROUP	11	GET user request chaining	1641545554102	1641545564101	0	OK
REQUEST	41	Update user Chaining	request_6	1641545563522	1641545564109	OK	 
REQUEST	19	Update user Chaining	request_6	1641545563532	1641545564109	OK	 
REQUEST	7	Update user Chaining	request_6	1641545563542	1641545564118	OK	 
REQUEST	45	Update user Chaining	request_6	1641545563552	1641545564141	OK	 
REQUEST	5	Update user Chaining	request_6	1641545563622	1641545564186	OK	 
GROUP	22	GET user request chaining	1641545554231	1641545564241	0	OK
REQUEST	16	Update user Chaining	request_6	1641545563641	1641545564247	OK	 
GROUP	28	GET user request chaining	1641545554251	1641545564251	0	OK
GROUP	4	GET user request chaining	1641545554261	1641545564261	0	OK
GROUP	42	GET user request chaining	1641545554321	1641545564321	0	OK
GROUP	10	GET user request chaining	1641545554471	1641545564471	0	OK
GROUP	12	GET user request chaining	1641545554482	1641545564491	0	OK
GROUP	9	GET user request chaining	1641545554501	1641545564501	0	OK
REQUEST	46	Update user Chaining	request_6	1641545563992	1641545564562	OK	 
REQUEST	18	Update user Chaining	request_6	1641545564022	1641545564570	OK	 
REQUEST	37	Update user Chaining	request_6	1641545564001	1641545564578	OK	 
REQUEST	27	Update user Chaining	request_6	1641545564042	1641545564598	OK	 
REQUEST	25	Update user Chaining	request_6	1641545564012	1641545564598	OK	 
REQUEST	31	Update user Chaining	request_6	1641545564052	1641545564602	OK	 
REQUEST	32	Update user Chaining	request_6	1641545564042	1641545564618	OK	 
REQUEST	49	Update user Chaining	request_6	1641545564062	1641545564628	OK	 
REQUEST	35	Update user Chaining	request_6	1641545564062	1641545564641	OK	 
REQUEST	17	Update user Chaining	request_6	1641545564081	1641545564650	OK	 
REQUEST	11	Update user Chaining	request_6	1641545564101	1641545564684	OK	 
GROUP	47	GET user request chaining	1641545554701	1641545564711	0	OK
GROUP	21	GET user request chaining	1641545554711	1641545564721	0	OK
GROUP	48	GET user request chaining	1641545554761	1641545564761	0	OK
REQUEST	22	Update user Chaining	request_6	1641545564242	1641545564798	OK	 
GROUP	3	GET user request chaining	1641545554792	1641545564801	0	OK
REQUEST	28	Update user Chaining	request_6	1641545564252	1641545564817	OK	 
REQUEST	4	Update user Chaining	request_6	1641545564261	1641545564841	OK	 
GROUP	43	GET user request chaining	1641545554841	1641545564851	0	OK
REQUEST	42	Update user Chaining	request_6	1641545564322	1641545564898	OK	 
REQUEST	12	Update user Chaining	request_6	1641545564492	1641545565101	OK	 
REQUEST	10	Update user Chaining	request_6	1641545564472	1641545565101	OK	 
REQUEST	9	Update user Chaining	request_6	1641545564502	1641545565101	OK	 
GROUP	20	GET user request chaining	1641545555122	1641545565131	0	OK
REQUEST	21	Update user Chaining	request_6	1641545564722	1641545565259	OK	 
REQUEST	47	Update user Chaining	request_6	1641545564712	1641545565280	OK	 
REQUEST	48	Update user Chaining	request_6	1641545564762	1641545565320	OK	 
REQUEST	3	Update user Chaining	request_6	1641545564801	1641545565389	OK	 
REQUEST	43	Update user Chaining	request_6	1641545564852	1641545565401	OK	 
GROUP	38	GET user request chaining	1641545555541	1641545565541	0	OK
REQUEST	20	Update user Chaining	request_6	1641545565132	1641545565721	OK	 
REQUEST	23	Update user Chaining	request_6	1641545564071	1641545566007	OK	 
REQUEST	38	Update user Chaining	request_6	1641545565542	1641545566106	OK	 
REQUEST	2	Update user Chaining	request_7	1641545565601	1641545566176	OK	 
REQUEST	1	Update user Chaining	request_7	1641545565591	1641545566191	OK	 
REQUEST	29	Update user Chaining	request_7	1641545565622	1641545566208	OK	 
REQUEST	13	Update user Chaining	request_7	1641545565651	1641545566241	OK	 
REQUEST	40	Update user Chaining	request_7	1641545565732	1641545566293	OK	 
REQUEST	15	Update user Chaining	request_7	1641545566021	1641545566569	OK	 
REQUEST	8	Update user Chaining	request_7	1641545566011	1641545566609	OK	 
REQUEST	50	Update user Chaining	request_7	1641545566002	1641545566609	OK	 
REQUEST	39	Update user Chaining	request_7	1641545566021	1641545566609	OK	 
REQUEST	34	Update user Chaining	request_7	1641545566032	1641545566609	OK	 
REQUEST	24	Update user Chaining	request_7	1641545566061	1641545566616	OK	 
REQUEST	30	Update user Chaining	request_7	1641545566071	1641545566618	OK	 
REQUEST	26	Update user Chaining	request_7	1641545566051	1641545566622	OK	 
REQUEST	41	Update user Chaining	request_7	1641545566092	1641545566655	OK	 
REQUEST	33	Update user Chaining	request_7	1641545566092	1641545566660	OK	 
REQUEST	6	Update user Chaining	request_7	1641545566092	1641545566662	OK	 
REQUEST	7	Update user Chaining	request_7	1641545566111	1641545566665	OK	 
REQUEST	19	Update user Chaining	request_7	1641545566101	1641545566672	OK	 
REQUEST	36	Update user Chaining	request_7	1641545566092	1641545566691	OK	 
REQUEST	45	Update user Chaining	request_7	1641545566142	1641545566739	OK	 
REQUEST	5	Update user Chaining	request_7	1641545566182	1641545566752	OK	 
REQUEST	16	Update user Chaining	request_7	1641545566241	1641545566801	OK	 
REQUEST	46	Update user Chaining	request_7	1641545566561	1641545567131	OK	 
REQUEST	37	Update user Chaining	request_7	1641545566561	1641545567146	OK	 
REQUEST	49	Update user Chaining	request_7	1641545566621	1641545567173	OK	 
REQUEST	27	Update user Chaining	request_7	1641545566609	1641545567179	OK	 
REQUEST	25	Update user Chaining	request_7	1641545566609	1641545567184	OK	 
REQUEST	18	Update user Chaining	request_7	1641545566608	1641545567184	OK	 
REQUEST	32	Update user Chaining	request_7	1641545566611	1641545567186	OK	 
REQUEST	35	Update user Chaining	request_7	1641545566641	1641545567207	OK	 
REQUEST	31	Update user Chaining	request_7	1641545566609	1641545567212	OK	 
REQUEST	17	Update user Chaining	request_7	1641545566641	1641545567216	OK	 
REQUEST	11	Update user Chaining	request_7	1641545566681	1641545567265	OK	 
REQUEST	22	Update user Chaining	request_7	1641545566791	1641545567360	OK	 
REQUEST	28	Update user Chaining	request_7	1641545566812	1641545567372	OK	 
REQUEST	4	Update user Chaining	request_7	1641545566841	1641545567425	OK	 
REQUEST	42	Update user Chaining	request_7	1641545566892	1641545567454	OK	 
REQUEST	9	Update user Chaining	request_7	1641545567101	1641545567726	OK	 
REQUEST	10	Update user Chaining	request_7	1641545567101	1641545567726	OK	 
REQUEST	12	Update user Chaining	request_7	1641545567101	1641545567726	OK	 
REQUEST	21	Update user Chaining	request_7	1641545567261	1641545567832	OK	 
REQUEST	47	Update user Chaining	request_7	1641545567282	1641545567866	OK	 
REQUEST	48	Update user Chaining	request_7	1641545567322	1641545567874	OK	 
REQUEST	3	Update user Chaining	request_7	1641545567381	1641545567928	OK	 
REQUEST	43	Update user Chaining	request_7	1641545567401	1641545567981	OK	 
REQUEST	20	Update user Chaining	request_7	1641545567722	1641545568303	OK	 
REQUEST	23	Update user Chaining	request_7	1641545568002	1641545568572	OK	 
REQUEST	38	Update user Chaining	request_7	1641545568102	1641545568669	OK	 
REQUEST	2	Update user Chaining	request_7	1641545568172	1641545568739	OK	 
GROUP	44	GET user request chaining	1641545558761	1641545568771	0	OK
REQUEST	1	Update user Chaining	request_7	1641545568201	1641545568772	OK	 
REQUEST	29	Update user Chaining	request_7	1641545568211	1641545568795	OK	 
REQUEST	13	Update user Chaining	request_7	1641545568242	1641545568850	OK	 
REQUEST	40	Update user Chaining	request_7	1641545568291	1641545568880	OK	 
REQUEST	15	Update user Chaining	request_7	1641545568562	1641545569137	OK	 
REQUEST	39	Update user Chaining	request_7	1641545568612	1641545569152	OK	 
REQUEST	34	Update user Chaining	request_7	1641545568601	1641545569157	OK	 
REQUEST	24	Update user Chaining	request_7	1641545568612	1641545569174	OK	 
REQUEST	30	Update user Chaining	request_7	1641545568621	1641545569174	OK	 
REQUEST	50	Update user Chaining	request_7	1641545568611	1641545569189	OK	 
REQUEST	8	Update user Chaining	request_7	1641545568611	1641545569189	OK	 
REQUEST	41	Update user Chaining	request_7	1641545568661	1641545569207	OK	 
REQUEST	26	Update user Chaining	request_7	1641545568632	1641545569226	OK	 
REQUEST	19	Update user Chaining	request_7	1641545568682	1641545569236	OK	 
REQUEST	33	Update user Chaining	request_7	1641545568661	1641545569242	OK	 
REQUEST	7	Update user Chaining	request_7	1641545568672	1641545569252	OK	 
REQUEST	6	Update user Chaining	request_7	1641545568671	1641545569261	OK	 
REQUEST	36	Update user Chaining	request_7	1641545568701	1641545569262	OK	 
REQUEST	45	Update user Chaining	request_7	1641545568732	1641545569296	OK	 
REQUEST	5	Update user Chaining	request_7	1641545568751	1641545569315	OK	 
REQUEST	16	Update user Chaining	request_7	1641545568812	1641545569397	OK	 
GROUP	14	GET user request chaining	1641545559651	1641545569661	0	OK
REQUEST	44	Update user Chaining	request_6	1641545568772	1641545569667	OK	 
REQUEST	46	Update user Chaining	request_7	1641545569131	1641545569694	OK	 
REQUEST	37	Update user Chaining	request_7	1641545569152	1641545569710	OK	 
REQUEST	49	Update user Chaining	request_7	1641545569181	1641545569735	OK	 
REQUEST	27	Update user Chaining	request_7	1641545569162	1641545569740	OK	 
REQUEST	18	Update user Chaining	request_7	1641545569181	1641545569751	OK	 
REQUEST	25	Update user Chaining	request_7	1641545569172	1641545569762	OK	 
REQUEST	35	Update user Chaining	request_7	1641545569202	1641545569766	OK	 
REQUEST	32	Update user Chaining	request_7	1641545569191	1641545569785	OK	 
REQUEST	17	Update user Chaining	request_7	1641545569221	1641545569790	OK	 
REQUEST	31	Update user Chaining	request_7	1641545569201	1641545569797	OK	 
REQUEST	11	Update user Chaining	request_7	1641545569261	1641545569842	OK	 
REQUEST	22	Update user Chaining	request_7	1641545569352	1641545569927	OK	 
REQUEST	28	Update user Chaining	request_7	1641545569381	1641545569964	OK	 
REQUEST	4	Update user Chaining	request_7	1641545569421	1641545569998	OK	 
REQUEST	42	Update user Chaining	request_7	1641545569462	1641545570022	OK	 
REQUEST	14	Update user Chaining	request_6	1641545569662	1641545570229	OK	 
REQUEST	12	Update user Chaining	request_7	1641545569721	1641545570289	OK	 
REQUEST	9	Update user Chaining	request_7	1641545569732	1641545570294	OK	 
REQUEST	2	Update user Chaining	request_8	1641545569732	1641545570304	OK	 
REQUEST	10	Update user Chaining	request_7	1641545569732	1641545570305	OK	 
REQUEST	1	Update user Chaining	request_8	1641545569771	1641545570330	OK	 
REQUEST	29	Update user Chaining	request_8	1641545569802	1641545570383	OK	 
REQUEST	21	Update user Chaining	request_7	1641545569832	1641545570402	OK	 
REQUEST	47	Update user Chaining	request_7	1641545569862	1641545570421	OK	 
REQUEST	48	Update user Chaining	request_7	1641545569872	1641545570421	OK	 
REQUEST	13	Update user Chaining	request_8	1641545569851	1641545570422	OK	 
REQUEST	40	Update user Chaining	request_8	1641545569881	1641545570440	OK	 
REQUEST	3	Update user Chaining	request_7	1641545569931	1641545570586	OK	 
REQUEST	43	Update user Chaining	request_7	1641545569981	1641545570586	OK	 
REQUEST	15	Update user Chaining	request_8	1641545570142	1641545570719	OK	 
REQUEST	30	Update user Chaining	request_8	1641545570172	1641545570729	OK	 
REQUEST	39	Update user Chaining	request_8	1641545570161	1641545570735	OK	 
REQUEST	24	Update user Chaining	request_8	1641545570181	1641545570755	OK	 
REQUEST	34	Update user Chaining	request_8	1641545570162	1641545570755	OK	 
REQUEST	50	Update user Chaining	request_8	1641545570181	1641545570761	OK	 
REQUEST	8	Update user Chaining	request_8	1641545570191	1641545570772	OK	 
REQUEST	19	Update user Chaining	request_8	1641545570231	1641545570792	OK	 
REQUEST	41	Update user Chaining	request_8	1641545570212	1641545570802	OK	 
REQUEST	33	Update user Chaining	request_8	1641545570241	1641545570807	OK	 
REQUEST	26	Update user Chaining	request_8	1641545570221	1641545570824	OK	 
REQUEST	6	Update user Chaining	request_8	1641545570262	1641545570829	OK	 
REQUEST	36	Update user Chaining	request_8	1641545570262	1641545570830	OK	 
REQUEST	45	Update user Chaining	request_8	1641545570302	1641545570870	OK	 
REQUEST	20	Update user Chaining	request_7	1641545570302	1641545570878	OK	 
REQUEST	5	Update user Chaining	request_8	1641545570321	1641545570902	OK	 
REQUEST	16	Update user Chaining	request_8	1641545570391	1641545570956	OK	 
REQUEST	7	Update user Chaining	request_8	1641545570252	1641545571072	OK	 
REQUEST	23	Update user Chaining	request_7	1641545570582	1641545571161	OK	 
REQUEST	38	Update user Chaining	request_7	1641545570662	1641545571246	OK	 
REQUEST	46	Update user Chaining	request_8	1641545570692	1641545571254	OK	 
REQUEST	49	Update user Chaining	request_8	1641545570732	1641545571286	OK	 
REQUEST	27	Update user Chaining	request_8	1641545570741	1641545571290	OK	 
REQUEST	18	Update user Chaining	request_8	1641545570752	1641545571308	OK	 
REQUEST	25	Update user Chaining	request_8	1641545570761	1641545571310	OK	 
REQUEST	35	Update user Chaining	request_8	1641545570761	1641545571338	OK	 
REQUEST	32	Update user Chaining	request_8	1641545570791	1641545571359	OK	 
REQUEST	11	Update user Chaining	request_8	1641545570852	1641545571431	OK	 
REQUEST	22	Update user Chaining	request_8	1641545570931	1641545571474	OK	 
REQUEST	28	Update user Chaining	request_8	1641545570962	1641545571505	OK	 
REQUEST	4	Update user Chaining	request_8	1641545570991	1641545571560	OK	 
REQUEST	42	Update user Chaining	request_8	1641545571021	1641545571600	OK	 
REQUEST	12	Update user Chaining	request_8	1641545571292	1641545571847	OK	 
REQUEST	9	Update user Chaining	request_8	1641545571292	1641545571850	OK	 
REQUEST	10	Update user Chaining	request_8	1641545571301	1641545571851	OK	 
REQUEST	21	Update user Chaining	request_8	1641545571402	1641545571972	OK	 
REQUEST	47	Update user Chaining	request_8	1641545571431	1641545572001	OK	 
REQUEST	48	Update user Chaining	request_8	1641545571421	1641545572086	OK	 
REQUEST	43	Update user Chaining	request_8	1641545571581	1641545572141	OK	 
REQUEST	3	Update user Chaining	request_8	1641545571581	1641545572141	OK	 
REQUEST	44	Update user Chaining	request_7	1641545571662	1641545572231	OK	 
GROUP	2	Update user Chaining	1641545563021	1641545572311	2292	OK
GROUP	1	Update user Chaining	1641545563001	1641545572331	2324	OK
REQUEST	31	Update user Chaining	request_8	1641545570792	1641545572342	OK	 
GROUP	29	Update user Chaining	1641545563061	1641545572381	2327	OK
GROUP	13	Update user Chaining	1641545563101	1641545572421	2321	OK
REQUEST	20	Update user Chaining	request_8	1641545571871	1641545572438	OK	 
GROUP	40	Update user Chaining	1641545563142	1641545572440	2304	OK
REQUEST	37	Update user Chaining	request_8	1641545570721	1641545572678	OK	 
REQUEST	17	Update user Chaining	request_8	1641545570791	1641545572678	OK	 
GROUP	15	Update user Chaining	1641545563442	1641545572711	2279	OK
GROUP	30	Update user Chaining	1641545563471	1641545572731	2261	OK
GROUP	39	Update user Chaining	1641545563471	1641545572731	2258	OK
REQUEST	23	Update user Chaining	request_8	1641545572161	1641545572744	OK	 
GROUP	24	Update user Chaining	1641545563471	1641545572751	2284	OK
GROUP	34	Update user Chaining	1641545563461	1641545572762	2302	OK
GROUP	50	Update user Chaining	1641545563461	1641545572771	2314	OK
GROUP	8	Update user Chaining	1641545563442	1641545572771	2335	OK
REQUEST	14	Update user Chaining	request_7	1641545572222	1641545572787	OK	 
GROUP	19	Update user Chaining	1641545563531	1641545572791	2263	OK
GROUP	41	Update user Chaining	1641545563521	1641545572801	2286	OK
GROUP	33	Update user Chaining	1641545563531	1641545572811	2278	OK
REQUEST	38	Update user Chaining	request_8	1641545572251	1641545572813	OK	 
GROUP	6	Update user Chaining	1641545563461	1641545572821	2365	OK
GROUP	26	Update user Chaining	1641545563471	1641545572821	2353	OK
GROUP	36	Update user Chaining	1641545563501	1641545572821	2323	OK
GROUP	45	Update user Chaining	1641545563551	1641545572871	2318	OK
GROUP	5	Update user Chaining	1641545563621	1641545572901	2279	OK
GROUP	16	Update user Chaining	1641545563641	1641545572951	2316	OK
GROUP	7	Update user Chaining	1641545563542	1641545573071	2530	OK
GROUP	46	Update user Chaining	1641545563992	1641545573261	2265	OK
GROUP	49	Update user Chaining	1641545564061	1641545573281	2226	OK
GROUP	27	Update user Chaining	1641545564041	1641545573291	2253	OK
GROUP	18	Update user Chaining	1641545564021	1641545573301	2250	OK
GROUP	25	Update user Chaining	1641545564011	1641545573301	2300	OK
GROUP	35	Update user Chaining	1641545564061	1641545573341	2286	OK
GROUP	32	Update user Chaining	1641545564041	1641545573351	2313	OK
GROUP	11	Update user Chaining	1641545564101	1641545573431	2327	OK
GROUP	22	Update user Chaining	1641545564241	1641545573481	2243	OK
GROUP	28	Update user Chaining	1641545564251	1641545573501	2251	OK
GROUP	4	Update user Chaining	1641545564261	1641545573571	2310	OK
GROUP	42	Update user Chaining	1641545564321	1641545573591	2277	OK
GROUP	12	Update user Chaining	1641545564491	1641545573841	2357	OK
GROUP	9	Update user Chaining	1641545564501	1641545573851	2344	OK
GROUP	10	Update user Chaining	1641545564472	1641545573861	2377	OK
GROUP	21	Update user Chaining	1641545564721	1641545573971	2248	OK
GROUP	47	Update user Chaining	1641545564711	1641545574000	2281	OK
GROUP	48	Update user Chaining	1641545564761	1641545574081	2324	OK
GROUP	3	Update user Chaining	1641545564801	1641545574151	2350	OK
GROUP	43	Update user Chaining	1641545564851	1641545574151	2294	OK
GROUP	31	Update user Chaining	1641545564051	1641545574352	3299	OK
GROUP	20	Update user Chaining	1641545565131	1641545574441	2313	OK
GROUP	37	Update user Chaining	1641545564001	1641545574671	3677	OK
GROUP	17	Update user Chaining	1641545564081	1641545574671	3600	OK
GROUP	23	Update user Chaining	1641545564070	1641545574741	3668	OK
REQUEST	44	Update user Chaining	request_7	1641545574232	1641545574798	OK	 
GROUP	38	Update user Chaining	1641545565541	1641545574821	2277	OK
REQUEST	14	Update user Chaining	request_7	1641545574791	1641545575442	OK	 
REQUEST	44	Update user Chaining	request_8	1641545575791	1641545576445	OK	 
REQUEST	14	Update user Chaining	request_8	1641545576441	1641545577080	OK	 
GROUP	44	Update user Chaining	1641545568771	1641545578451	2684	OK
GROUP	14	Update user Chaining	1641545569662	1641545579072	2422	OK
GROUP	2	GET user request chaining	1641545572312	1641545582321	0	OK
GROUP	1	GET user request chaining	1641545572331	1641545582332	0	OK
GROUP	29	GET user request chaining	1641545572381	1641545582391	0	OK
GROUP	13	GET user request chaining	1641545572421	1641545582421	0	OK
GROUP	40	GET user request chaining	1641545572441	1641545582450	0	OK
GROUP	15	GET user request chaining	1641545572711	1641545582721	0	OK
GROUP	39	GET user request chaining	1641545572731	1641545582741	0	OK
GROUP	30	GET user request chaining	1641545572731	1641545582741	0	OK
GROUP	34	GET user request chaining	1641545572762	1641545582761	0	OK
GROUP	24	GET user request chaining	1641545572751	1641545582761	0	OK
GROUP	8	GET user request chaining	1641545572771	1641545582781	0	OK
GROUP	50	GET user request chaining	1641545572771	1641545582781	0	OK
GROUP	41	GET user request chaining	1641545572801	1641545582801	0	OK
GROUP	19	GET user request chaining	1641545572792	1641545582801	0	OK
GROUP	33	GET user request chaining	1641545572811	1641545582821	0	OK
GROUP	36	GET user request chaining	1641545572821	1641545582831	0	OK
GROUP	6	GET user request chaining	1641545572821	1641545582831	0	OK
GROUP	26	GET user request chaining	1641545572821	1641545582831	0	OK
REQUEST	2	Update user Chaining	request_6	1641545582322	1641545582875	OK	 
GROUP	45	GET user request chaining	1641545572872	1641545582881	0	OK
GROUP	5	GET user request chaining	1641545572901	1641545582901	0	OK
REQUEST	1	Update user Chaining	request_6	1641545582332	1641545582924	OK	 
REQUEST	29	Update user Chaining	request_6	1641545582392	1641545582935	OK	 
GROUP	16	GET user request chaining	1641545572951	1641545582961	0	OK
REQUEST	13	Update user Chaining	request_6	1641545582421	1641545582962	OK	 
REQUEST	40	Update user Chaining	request_6	1641545582451	1641545583035	OK	 
GROUP	7	GET user request chaining	1641545573072	1641545583081	0	OK
GROUP	46	GET user request chaining	1641545573261	1641545583261	0	OK
GROUP	49	GET user request chaining	1641545573282	1641545583291	0	OK
REQUEST	30	Update user Chaining	request_6	1641545582742	1641545583301	OK	 
GROUP	27	GET user request chaining	1641545573291	1641545583301	0	OK
REQUEST	39	Update user Chaining	request_6	1641545582742	1641545583303	OK	 
REQUEST	15	Update user Chaining	request_6	1641545582721	1641545583310	OK	 
GROUP	25	GET user request chaining	1641545573301	1641545583311	0	OK
GROUP	18	GET user request chaining	1641545573301	1641545583311	0	OK
REQUEST	24	Update user Chaining	request_6	1641545582761	1641545583334	OK	 
REQUEST	34	Update user Chaining	request_6	1641545582761	1641545583334	OK	 
REQUEST	8	Update user Chaining	request_6	1641545582782	1641545583340	OK	 
REQUEST	50	Update user Chaining	request_6	1641545582782	1641545583342	OK	 
GROUP	35	GET user request chaining	1641545573341	1641545583351	0	OK
REQUEST	19	Update user Chaining	request_6	1641545582802	1641545583357	OK	 
GROUP	32	GET user request chaining	1641545573352	1641545583361	0	OK
REQUEST	41	Update user Chaining	request_6	1641545582802	1641545583362	OK	 
REQUEST	26	Update user Chaining	request_6	1641545582832	1641545583390	OK	 
REQUEST	6	Update user Chaining	request_6	1641545582832	1641545583401	OK	 
REQUEST	33	Update user Chaining	request_6	1641545582821	1641545583405	OK	 
GROUP	11	GET user request chaining	1641545573431	1641545583431	0	OK
REQUEST	36	Update user Chaining	request_6	1641545582832	1641545583431	OK	 
REQUEST	45	Update user Chaining	request_6	1641545582882	1641545583455	OK	 
GROUP	22	GET user request chaining	1641545573481	1641545583481	0	OK
REQUEST	5	Update user Chaining	request_6	1641545582901	1641545583483	OK	 
GROUP	28	GET user request chaining	1641545573501	1641545583511	0	OK
REQUEST	16	Update user Chaining	request_6	1641545582961	1641545583552	OK	 
GROUP	4	GET user request chaining	1641545573571	1641545583571	0	OK
GROUP	42	GET user request chaining	1641545573592	1641545583611	0	OK
REQUEST	7	Update user Chaining	request_6	1641545583082	1641545583652	OK	 
REQUEST	46	Update user Chaining	request_6	1641545583261	1641545583839	OK	 
REQUEST	49	Update user Chaining	request_6	1641545583292	1641545583845	OK	 
GROUP	12	GET user request chaining	1641545573841	1641545583850	0	OK
GROUP	10	GET user request chaining	1641545573862	1641545583861	0	OK
GROUP	9	GET user request chaining	1641545573851	1641545583861	0	OK
REQUEST	18	Update user Chaining	request_6	1641545583312	1641545583871	OK	 
REQUEST	25	Update user Chaining	request_6	1641545583312	1641545583896	OK	 
REQUEST	35	Update user Chaining	request_6	1641545583352	1641545583929	OK	 
REQUEST	32	Update user Chaining	request_6	1641545583362	1641545583947	OK	 
GROUP	21	GET user request chaining	1641545573971	1641545583971	0	OK
REQUEST	11	Update user Chaining	request_6	1641545583431	1641545583995	OK	 
GROUP	47	GET user request chaining	1641545574001	1641545584001	0	OK
REQUEST	22	Update user Chaining	request_6	1641545583481	1641545584028	OK	 
GROUP	48	GET user request chaining	1641545574081	1641545584092	0	OK
REQUEST	28	Update user Chaining	request_6	1641545583512	1641545584094	OK	 
GROUP	43	GET user request chaining	1641545574151	1641545584151	0	OK
GROUP	3	GET user request chaining	1641545574151	1641545584151	0	OK
REQUEST	4	Update user Chaining	request_6	1641545583572	1641545584159	OK	 
REQUEST	42	Update user Chaining	request_6	1641545583612	1641545584188	OK	 
GROUP	31	GET user request chaining	1641545574352	1641545584351	0	OK
REQUEST	10	Update user Chaining	request_6	1641545583861	1641545584418	OK	 
REQUEST	12	Update user Chaining	request_6	1641545583851	1641545584432	OK	 
REQUEST	9	Update user Chaining	request_6	1641545583861	1641545584437	OK	 
GROUP	20	GET user request chaining	1641545574441	1641545584451	0	OK
REQUEST	21	Update user Chaining	request_6	1641545583972	1641545584515	OK	 
REQUEST	47	Update user Chaining	request_6	1641545584001	1641545584572	OK	 
REQUEST	48	Update user Chaining	request_6	1641545584092	1641545584668	OK	 
GROUP	37	GET user request chaining	1641545574671	1641545584681	0	OK
GROUP	17	GET user request chaining	1641545574671	1641545584681	0	OK
REQUEST	3	Update user Chaining	request_6	1641545584152	1641545584701	OK	 
REQUEST	43	Update user Chaining	request_6	1641545584152	1641545584708	OK	 
GROUP	23	GET user request chaining	1641545574741	1641545584751	0	OK
GROUP	38	GET user request chaining	1641545574821	1641545584821	0	OK
REQUEST	27	Update user Chaining	request_6	1641545583302	1641545584877	OK	 
REQUEST	31	Update user Chaining	request_6	1641545584352	1641545584923	OK	 
REQUEST	20	Update user Chaining	request_6	1641545584452	1641545585033	OK	 
REQUEST	17	Update user Chaining	request_6	1641545584681	1641545585272	OK	 
REQUEST	37	Update user Chaining	request_6	1641545584681	1641545585272	OK	 
REQUEST	23	Update user Chaining	request_6	1641545584751	1641545585340	OK	 
REQUEST	38	Update user Chaining	request_6	1641545584821	1641545585381	OK	 
REQUEST	2	Update user Chaining	request_7	1641545584871	1641545585428	OK	 
REQUEST	1	Update user Chaining	request_7	1641545584921	1641545585470	OK	 
REQUEST	29	Update user Chaining	request_7	1641545584931	1641545585514	OK	 
REQUEST	13	Update user Chaining	request_7	1641545584971	1641545585547	OK	 
REQUEST	40	Update user Chaining	request_7	1641545585032	1641545585594	OK	 
REQUEST	30	Update user Chaining	request_7	1641545585292	1641545585843	OK	 
REQUEST	39	Update user Chaining	request_7	1641545585301	1641545585849	OK	 
REQUEST	15	Update user Chaining	request_7	1641545585301	1641545585854	OK	 
REQUEST	8	Update user Chaining	request_7	1641545585332	1641545585907	OK	 
REQUEST	50	Update user Chaining	request_7	1641545585341	1641545585910	OK	 
REQUEST	34	Update user Chaining	request_7	1641545585332	1641545585916	OK	 
REQUEST	19	Update user Chaining	request_7	1641545585351	1641545585917	OK	 
REQUEST	24	Update user Chaining	request_7	1641545585332	1641545585922	OK	 
REQUEST	26	Update user Chaining	request_7	1641545585381	1641545585952	OK	 
REQUEST	41	Update user Chaining	request_7	1641545585361	1641545585952	OK	 
REQUEST	33	Update user Chaining	request_7	1641545585391	1641545585957	OK	 
REQUEST	6	Update user Chaining	request_7	1641545585401	1641545585963	OK	 
REQUEST	45	Update user Chaining	request_7	1641545585451	1641545586011	OK	 
REQUEST	5	Update user Chaining	request_7	1641545585482	1641545586039	OK	 
REQUEST	16	Update user Chaining	request_7	1641545585551	1641545586149	OK	 
REQUEST	7	Update user Chaining	request_7	1641545585651	1641545586196	OK	 
REQUEST	46	Update user Chaining	request_7	1641545585832	1641545586399	OK	 
REQUEST	49	Update user Chaining	request_7	1641545585842	1641545586412	OK	 
REQUEST	18	Update user Chaining	request_7	1641545585872	1641545586450	OK	 
REQUEST	25	Update user Chaining	request_7	1641545585891	1641545586471	OK	 
REQUEST	35	Update user Chaining	request_7	1641545585921	1641545586485	OK	 
REQUEST	32	Update user Chaining	request_7	1641545585952	1641545586540	OK	 
REQUEST	11	Update user Chaining	request_7	1641545585991	1641545586572	OK	 
REQUEST	22	Update user Chaining	request_7	1641545586021	1641545586572	OK	 
REQUEST	28	Update user Chaining	request_7	1641545586092	1641545586678	OK	 
REQUEST	4	Update user Chaining	request_7	1641545586152	1641545586720	OK	 
REQUEST	42	Update user Chaining	request_7	1641545586181	1641545586794	OK	 
REQUEST	10	Update user Chaining	request_7	1641545586412	1641545586962	OK	 
REQUEST	36	Update user Chaining	request_7	1641545585432	1641545586984	OK	 
REQUEST	12	Update user Chaining	request_7	1641545586431	1641545586991	OK	 
REQUEST	9	Update user Chaining	request_7	1641545586431	1641545587004	OK	 
REQUEST	21	Update user Chaining	request_7	1641545586511	1641545587087	OK	 
REQUEST	48	Update user Chaining	request_7	1641545586662	1641545587275	OK	 
REQUEST	3	Update user Chaining	request_7	1641545586701	1641545587275	OK	 
REQUEST	47	Update user Chaining	request_7	1641545586572	1641545587409	OK	 
REQUEST	27	Update user Chaining	request_7	1641545586871	1641545587443	OK	 
REQUEST	31	Update user Chaining	request_7	1641545586922	1641545587512	OK	 
REQUEST	20	Update user Chaining	request_7	1641545587032	1641545587620	OK	 
REQUEST	17	Update user Chaining	request_7	1641545587272	1641545587845	OK	 
REQUEST	37	Update user Chaining	request_7	1641545587272	1641545587845	OK	 
REQUEST	23	Update user Chaining	request_7	1641545587332	1641545587891	OK	 
REQUEST	38	Update user Chaining	request_7	1641545587382	1641545587944	OK	 
REQUEST	2	Update user Chaining	request_7	1641545587421	1641545588003	OK	 
REQUEST	1	Update user Chaining	request_7	1641545587461	1641545588040	OK	 
REQUEST	29	Update user Chaining	request_7	1641545587511	1641545588075	OK	 
REQUEST	13	Update user Chaining	request_7	1641545587541	1641545588125	OK	 
REQUEST	40	Update user Chaining	request_7	1641545587592	1641545588164	OK	 
REQUEST	30	Update user Chaining	request_7	1641545587852	1641545588423	OK	 
REQUEST	15	Update user Chaining	request_7	1641545587861	1641545588435	OK	 
GROUP	44	GET user request chaining	1641545578451	1641545588461	0	OK
REQUEST	19	Update user Chaining	request_7	1641545587912	1641545588466	OK	 
REQUEST	8	Update user Chaining	request_7	1641545587912	1641545588471	OK	 
REQUEST	50	Update user Chaining	request_7	1641545587902	1641545588484	OK	 
REQUEST	24	Update user Chaining	request_7	1641545587941	1641545588498	OK	 
REQUEST	34	Update user Chaining	request_7	1641545587921	1641545588501	OK	 
REQUEST	6	Update user Chaining	request_7	1641545587961	1641545588519	OK	 
REQUEST	41	Update user Chaining	request_7	1641545587961	1641545588536	OK	 
REQUEST	33	Update user Chaining	request_7	1641545587961	1641545588537	OK	 
REQUEST	26	Update user Chaining	request_7	1641545587961	1641545588546	OK	 
REQUEST	43	Update user Chaining	request_7	1641545586701	1641545588570	OK	 
REQUEST	45	Update user Chaining	request_7	1641545588013	1641545588590	OK	 
REQUEST	5	Update user Chaining	request_7	1641545588031	1641545588591	OK	 
REQUEST	7	Update user Chaining	request_7	1641545588191	1641545588767	OK	 
REQUEST	49	Update user Chaining	request_7	1641545588412	1641545588986	OK	 
REQUEST	18	Update user Chaining	request_7	1641545588441	1641545589009	OK	 
REQUEST	25	Update user Chaining	request_7	1641545588481	1641545589070	OK	 
GROUP	14	GET user request chaining	1641545579072	1641545589081	0	OK
REQUEST	35	Update user Chaining	request_7	1641545588491	1641545589086	OK	 
REQUEST	32	Update user Chaining	request_7	1641545588521	1641545589092	OK	 
REQUEST	22	Update user Chaining	request_7	1641545588582	1641545589149	OK	 
REQUEST	28	Update user Chaining	request_7	1641545588672	1641545589243	OK	 
REQUEST	46	Update user Chaining	request_7	1641545588401	1641545589253	OK	 
REQUEST	4	Update user Chaining	request_7	1641545588731	1641545589301	OK	 
REQUEST	42	Update user Chaining	request_7	1641545588791	1641545589343	OK	 
REQUEST	39	Update user Chaining	request_7	1641545587842	1641545589411	OK	 
REQUEST	2	Update user Chaining	request_8	1641545589011	1641545589563	OK	 
REQUEST	9	Update user Chaining	request_7	1641545589001	1641545589567	OK	 
REQUEST	12	Update user Chaining	request_7	1641545589001	1641545589577	OK	 
REQUEST	1	Update user Chaining	request_8	1641545589041	1641545589616	OK	 
REQUEST	21	Update user Chaining	request_7	1641545589092	1641545589641	OK	 
REQUEST	29	Update user Chaining	request_8	1641545589071	1641545589658	OK	 
REQUEST	14	Update user Chaining	request_6	1641545589082	1641545589664	OK	 
REQUEST	13	Update user Chaining	request_8	1641545589121	1641545589699	OK	 
REQUEST	16	Update user Chaining	request_7	1641545588141	1641545589717	OK	 
REQUEST	40	Update user Chaining	request_8	1641545589171	1641545589747	OK	 
REQUEST	48	Update user Chaining	request_7	1641545589272	1641545589839	OK	 
REQUEST	3	Update user Chaining	request_7	1641545589272	1641545589860	OK	 
REQUEST	30	Update user Chaining	request_8	1641545589421	1641545589980	OK	 
REQUEST	47	Update user Chaining	request_7	1641545589401	1641545589984	OK	 
REQUEST	27	Update user Chaining	request_7	1641545589451	1641545590027	OK	 
REQUEST	8	Update user Chaining	request_8	1641545589471	1641545590046	OK	 
REQUEST	44	Update user Chaining	request_6	1641545588462	1641545590053	OK	 
REQUEST	19	Update user Chaining	request_8	1641545589472	1641545590067	OK	 
REQUEST	24	Update user Chaining	request_8	1641545589471	1641545590070	OK	 
REQUEST	50	Update user Chaining	request_8	1641545589492	1641545590087	OK	 
REQUEST	34	Update user Chaining	request_8	1641545589501	1641545590087	OK	 
REQUEST	31	Update user Chaining	request_7	1641545589511	1641545590090	OK	 
REQUEST	41	Update user Chaining	request_8	1641545589532	1641545590099	OK	 
REQUEST	33	Update user Chaining	request_8	1641545589541	1641545590120	OK	 
REQUEST	26	Update user Chaining	request_8	1641545589541	1641545590133	OK	 
REQUEST	45	Update user Chaining	request_8	1641545589581	1641545590163	OK	 
REQUEST	20	Update user Chaining	request_7	1641545589611	1641545590184	OK	 
REQUEST	5	Update user Chaining	request_8	1641545589601	1641545590186	OK	 
REQUEST	7	Update user Chaining	request_8	1641545589771	1641545590330	OK	 
REQUEST	37	Update user Chaining	request_7	1641545589841	1641545590427	OK	 
REQUEST	23	Update user Chaining	request_7	1641545589891	1641545590473	OK	 
REQUEST	11	Update user Chaining	request_7	1641545588571	1641545590480	OK	 
REQUEST	38	Update user Chaining	request_7	1641545589941	1641545590506	OK	 
REQUEST	10	Update user Chaining	request_7	1641545588971	1641545590536	OK	 
REQUEST	36	Update user Chaining	request_7	1641545588982	1641545590544	OK	 
REQUEST	49	Update user Chaining	request_8	1641545589991	1641545590573	OK	 
REQUEST	18	Update user Chaining	request_8	1641545590011	1641545590589	OK	 
REQUEST	25	Update user Chaining	request_8	1641545590061	1641545590615	OK	 
REQUEST	35	Update user Chaining	request_8	1641545590081	1641545590640	OK	 
REQUEST	22	Update user Chaining	request_8	1641545590142	1641545590704	OK	 
REQUEST	28	Update user Chaining	request_8	1641545590251	1641545590821	OK	 
REQUEST	46	Update user Chaining	request_8	1641545590262	1641545590839	OK	 
REQUEST	4	Update user Chaining	request_8	1641545590301	1641545590884	OK	 
REQUEST	42	Update user Chaining	request_8	1641545590351	1641545590932	OK	 
REQUEST	39	Update user Chaining	request_8	1641545590421	1641545590985	OK	 
REQUEST	15	Update user Chaining	request_8	1641545589442	1641545591043	OK	 
REQUEST	43	Update user Chaining	request_7	1641545590572	1641545591114	OK	 
REQUEST	9	Update user Chaining	request_8	1641545590572	1641545591142	OK	 
REQUEST	12	Update user Chaining	request_8	1641545590572	1641545591152	OK	 
REQUEST	21	Update user Chaining	request_8	1641545590641	1641545591207	OK	 
REQUEST	16	Update user Chaining	request_8	1641545590721	1641545591300	OK	 
REQUEST	48	Update user Chaining	request_8	1641545590841	1641545591404	OK	 
REQUEST	17	Update user Chaining	request_7	1641545589841	1641545591419	OK	 
REQUEST	6	Update user Chaining	request_8	1641545589511	1641545591439	OK	 
REQUEST	3	Update user Chaining	request_8	1641545590872	1641545591443	OK	 
REQUEST	32	Update user Chaining	request_8	1641545590101	1641545591557	OK	 
GROUP	2	Update user Chaining	1641545582321	1641545591561	2244	OK
REQUEST	27	Update user Chaining	request_8	1641545591022	1641545591568	OK	 
REQUEST	47	Update user Chaining	request_8	1641545590991	1641545591610	OK	 
REQUEST	31	Update user Chaining	request_8	1641545591081	1641545591620	OK	 
GROUP	1	Update user Chaining	1641545582332	1641545591621	2295	OK
GROUP	29	Update user Chaining	1641545582391	1641545591661	2277	OK
GROUP	13	Update user Chaining	1641545582421	1641545591700	2279	OK
GROUP	40	Update user Chaining	1641545582451	1641545591741	2294	OK
REQUEST	20	Update user Chaining	request_8	1641545591191	1641545591744	OK	 
GROUP	30	Update user Chaining	1641545582741	1641545591971	2240	OK
REQUEST	37	Update user Chaining	request_8	1641545591421	1641545592000	OK	 
GROUP	8	Update user Chaining	1641545582781	1641545592041	2267	OK
REQUEST	23	Update user Chaining	request_8	1641545591471	1641545592044	OK	 
GROUP	19	Update user Chaining	1641545582801	1641545592061	2270	OK
GROUP	24	Update user Chaining	1641545582761	1641545592071	2319	OK
GROUP	34	Update user Chaining	1641545582761	1641545592081	2323	OK
GROUP	50	Update user Chaining	1641545582781	1641545592081	2306	OK
REQUEST	38	Update user Chaining	request_8	1641545591511	1641545592085	OK	 
GROUP	41	Update user Chaining	1641545582801	1641545592091	2293	OK
REQUEST	10	Update user Chaining	request_8	1641545591532	1641545592093	OK	 
REQUEST	36	Update user Chaining	request_8	1641545591542	1641545592110	OK	 
GROUP	33	Update user Chaining	1641545582821	1641545592111	2305	OK
GROUP	26	Update user Chaining	1641545582831	1641545592131	2306	OK
GROUP	45	Update user Chaining	1641545582881	1641545592171	2292	OK
GROUP	5	Update user Chaining	1641545582901	1641545592181	2284	OK
REQUEST	14	Update user Chaining	request_7	1641545591661	1641545592207	OK	 
GROUP	7	Update user Chaining	1641545583081	1641545592321	2250	OK
GROUP	49	Update user Chaining	1641545583291	1641545592571	2279	OK
GROUP	18	Update user Chaining	1641545583312	1641545592591	2283	OK
GROUP	25	Update user Chaining	1641545583312	1641545592621	2307	OK
REQUEST	44	Update user Chaining	request_7	1641545592052	1641545592622	OK	 
GROUP	1	GET user request chaining	1641545591621	1641545592631	0	OK
USER	Load_Test_Scenario	1	END	1641545530807	1641545592639
GROUP	35	Update user Chaining	1641545583351	1641545592651	2295	OK
REQUEST	43	Update user Chaining	request_8	1641545592121	1641545592657	OK	 
GROUP	22	Update user Chaining	1641545583481	1641545592711	2227	OK
GROUP	13	GET user request chaining	1641545591701	1641545592711	0	OK
USER	Load_Test_Scenario	13	END	1641545530844	1641545592712
GROUP	28	Update user Chaining	1641545583511	1641545592821	2309	OK
GROUP	46	Update user Chaining	1641545583261	1641545592831	2574	OK
GROUP	4	Update user Chaining	1641545583571	1641545592881	2308	OK
GROUP	42	Update user Chaining	1641545583611	1641545592931	2322	OK
GROUP	39	Update user Chaining	1641545582741	1641545592981	3242	OK
REQUEST	17	Update user Chaining	request_8	1641545592422	1641545592986	OK	 
REQUEST	11	Update user Chaining	request_8	1641545591481	1641545593036	OK	 
GROUP	15	Update user Chaining	1641545582721	1641545593041	3317	OK
GROUP	34	GET user request chaining	1641545592081	1641545593091	0	OK
USER	Load_Test_Scenario	34	END	1641545530866	1641545593091
GROUP	41	GET user request chaining	1641545592091	1641545593101	0	OK
USER	Load_Test_Scenario	41	END	1641545530874	1641545593101
GROUP	9	Update user Chaining	1641545583861	1641545593141	2285	OK
GROUP	26	GET user request chaining	1641545592131	1641545593141	0	OK
USER	Load_Test_Scenario	9	END	1641545530839	1641545593141
USER	Load_Test_Scenario	26	END	1641545530857	1641545593141
GROUP	12	Update user Chaining	1641545583851	1641545593151	2297	OK
GROUP	45	GET user request chaining	1641545592171	1641545593171	0	OK
USER	Load_Test_Scenario	45	END	1641545530879	1641545593172
GROUP	5	GET user request chaining	1641545592181	1641545593191	0	OK
USER	Load_Test_Scenario	5	END	1641545530835	1641545593191
GROUP	21	Update user Chaining	1641545583971	1641545593201	2234	OK
GROUP	16	Update user Chaining	1641545582961	1641545593301	3344	OK
USER	Load_Test_Scenario	16	END	1641545530846	1641545593302
GROUP	7	GET user request chaining	1641545592321	1641545593331	0	OK
USER	Load_Test_Scenario	7	END	1641545530837	1641545593332
GROUP	48	Update user Chaining	1641545584092	1641545593411	2319	OK
USER	Load_Test_Scenario	48	END	1641545530881	1641545593412
GROUP	3	Update user Chaining	1641545584151	1641545593441	2282	OK
GROUP	6	Update user Chaining	1641545582831	1641545593441	3617	OK
USER	Load_Test_Scenario	6	END	1641545530836	1641545593441
GROUP	32	Update user Chaining	1641545583361	1641545593562	3200	OK
USER	Load_Test_Scenario	32	END	1641545530864	1641545593562
GROUP	27	Update user Chaining	1641545583301	1641545593571	3269	OK
USER	Load_Test_Scenario	27	END	1641545530858	1641545593572
GROUP	18	GET user request chaining	1641545592591	1641545593601	0	OK
USER	Load_Test_Scenario	18	END	1641545530848	1641545593602
GROUP	47	Update user Chaining	1641545584001	1641545593611	2610	OK
USER	Load_Test_Scenario	47	END	1641545530880	1641545593611
GROUP	31	Update user Chaining	1641545584351	1641545593621	2279	OK
GROUP	25	GET user request chaining	1641545592621	1641545593621	0	OK
USER	Load_Test_Scenario	31	END	1641545530863	1641545593621
USER	Load_Test_Scenario	25	END	1641545530857	1641545593621
GROUP	35	GET user request chaining	1641545592651	1641545593651	0	OK
USER	Load_Test_Scenario	35	END	1641545530866	1641545593652
GROUP	20	Update user Chaining	1641545584451	1641545593741	2295	OK
USER	Load_Test_Scenario	20	END	1641545530852	1641545593742
GROUP	46	GET user request chaining	1641545592831	1641545593841	0	OK
USER	Load_Test_Scenario	46	END	1641545530879	1641545593842
GROUP	4	GET user request chaining	1641545592881	1641545593881	0	OK
USER	Load_Test_Scenario	4	END	1641545530834	1641545593881
GROUP	42	GET user request chaining	1641545592931	1641545593931	0	OK
USER	Load_Test_Scenario	42	END	1641545530875	1641545593932
GROUP	37	Update user Chaining	1641545584681	1641545594011	2329	OK
USER	Load_Test_Scenario	37	END	1641545530869	1641545594012
GROUP	15	GET user request chaining	1641545593041	1641545594041	0	OK
USER	Load_Test_Scenario	15	END	1641545530845	1641545594041
GROUP	23	Update user Chaining	1641545584751	1641545594051	2303	OK
USER	Load_Test_Scenario	23	END	1641545530855	1641545594051
GROUP	38	Update user Chaining	1641545584821	1641545594081	2261	OK
GROUP	10	Update user Chaining	1641545583861	1641545594090	3233	OK
USER	Load_Test_Scenario	10	END	1641545530840	1641545594091
GROUP	36	Update user Chaining	1641545582831	1641545594111	4281	OK
USER	Load_Test_Scenario	36	END	1641545530867	1641545594111
GROUP	21	GET user request chaining	1641545593201	1641545594211	0	OK
USER	Load_Test_Scenario	21	END	1641545530853	1641545594211
GROUP	3	GET user request chaining	1641545593441	1641545594441	0	OK
USER	Load_Test_Scenario	3	END	1641545530833	1641545594441
GROUP	2	GET user request chaining	1641545591561	1641545594561	0	OK
USER	Load_Test_Scenario	2	END	1641545530832	1641545594562
GROUP	43	Update user Chaining	1641545584152	1641545594651	3503	OK
USER	Load_Test_Scenario	43	END	1641545530876	1641545594652
GROUP	29	GET user request chaining	1641545591661	1641545594671	0	OK
USER	Load_Test_Scenario	29	END	1641545530860	1641545594671
GROUP	40	GET user request chaining	1641545591742	1641545594751	0	OK
USER	Load_Test_Scenario	40	END	1641545530872	1641545594751
REQUEST	14	Update user Chaining	request_7	1641545594211	1641545594816	OK	 
GROUP	17	Update user Chaining	1641545584681	1641545594981	3306	OK
GROUP	30	GET user request chaining	1641545591971	1641545594981	0	OK
USER	Load_Test_Scenario	17	END	1641545530847	1641545594982
USER	Load_Test_Scenario	30	END	1641545530861	1641545594982
GROUP	11	Update user Chaining	1641545583431	1641545595031	4609	OK
USER	Load_Test_Scenario	11	END	1641545530841	1641545595032
GROUP	8	GET user request chaining	1641545592041	1641545595051	0	OK
USER	Load_Test_Scenario	8	END	1641545530838	1641545595052
GROUP	19	GET user request chaining	1641545592061	1641545595071	0	OK
USER	Load_Test_Scenario	19	END	1641545530850	1641545595072
GROUP	38	GET user request chaining	1641545594081	1641545595081	0	OK
GROUP	24	GET user request chaining	1641545592071	1641545595081	0	OK
USER	Load_Test_Scenario	24	END	1641545530856	1641545595082
USER	Load_Test_Scenario	38	END	1641545530870	1641545595082
GROUP	50	GET user request chaining	1641545592081	1641545595091	0	OK
USER	Load_Test_Scenario	50	END	1641545530883	1641545595092
GROUP	33	GET user request chaining	1641545592111	1641545595121	0	OK
USER	Load_Test_Scenario	33	END	1641545530864	1641545595121
REQUEST	44	Update user Chaining	request_7	1641545594621	1641545595191	OK	 
GROUP	49	GET user request chaining	1641545592572	1641545595571	0	OK
USER	Load_Test_Scenario	49	END	1641545530882	1641545595572
GROUP	22	GET user request chaining	1641545592711	1641545595711	0	OK
USER	Load_Test_Scenario	22	END	1641545530854	1641545595712
GROUP	28	GET user request chaining	1641545592822	1641545595821	0	OK
USER	Load_Test_Scenario	28	END	1641545530859	1641545595822
GROUP	39	GET user request chaining	1641545592981	1641545595982	0	OK
USER	Load_Test_Scenario	39	END	1641545530870	1641545595982
GROUP	12	GET user request chaining	1641545593151	1641545596151	0	OK
USER	Load_Test_Scenario	12	END	1641545530842	1641545596152
REQUEST	14	Update user Chaining	request_8	1641545595811	1641545596378	OK	 
REQUEST	44	Update user Chaining	request_8	1641545596192	1641545596844	OK	 
GROUP	14	Update user Chaining	1641545589081	1641545598381	2300	OK
GROUP	44	Update user Chaining	1641545588461	1641545598841	3383	OK
GROUP	44	GET user request chaining	1641545598841	1641545599851	0	OK
USER	Load_Test_Scenario	44	END	1641545530877	1641545599852
GROUP	14	GET user request chaining	1641545598382	1641545601391	0	OK
USER	Load_Test_Scenario	14	END	1641545530844	1641545601392
