RUN	com.knoldus.Chaining	chaining	1627379749390	 	3.0.0
USER	Load_Test_Scenario	1	START	1627379750877	1627379750877
REQUEST	1	1st User	GET 1 User Only Request	1627379750900	1627379751581	OK	 
GROUP	1	1st User	1627379750880	1627379752610	681	OK
REQUEST	1	GET user request chaining	request_1	1627379752614	1627379752940	OK	 
REQUEST	1	GET user request chaining	request_3	1627379755943	1627379756419	OK	 
REQUEST	1	GET user request chaining	request_4	1627379759412	1627379759772	OK	 
GROUP	1	GET user request chaining	1627379752613	1627379763780	1162	OK
REQUEST	1	Update user Chaining	request_6	1627379763784	1627379764112	OK	 
REQUEST	1	Update user Chaining	request_7	1627379766113	1627379766440	OK	 
REQUEST	1	Update user Chaining	request_7	1627379768444	1627379768883	OK	 
REQUEST	1	Update user Chaining	request_8	1627379769881	1627379770219	OK	 
GROUP	1	Update user Chaining	1627379763780	1627379772221	1432	OK
GROUP	1	GET user request chaining	1627379772222	1627379782231	0	OK
REQUEST	1	Update user Chaining	request_6	1627379782234	1627379782706	OK	 
REQUEST	1	Update user Chaining	request_7	1627379784713	1627379785121	OK	 
REQUEST	1	Update user Chaining	request_7	1627379787123	1627379787520	OK	 
REQUEST	1	Update user Chaining	request_8	1627379788522	1627379788852	OK	 
GROUP	1	Update user Chaining	1627379782231	1627379790851	1607	OK
GROUP	1	GET user request chaining	1627379790851	1627379800861	0	OK
REQUEST	1	Update user Chaining	request_6	1627379800863	1627379801343	OK	 
REQUEST	1	Update user Chaining	request_7	1627379803342	1627379803699	OK	 
REQUEST	1	Update user Chaining	request_7	1627379805691	1627379806054	OK	 
REQUEST	1	Update user Chaining	request_8	1627379807063	1627379807488	OK	 
GROUP	1	Update user Chaining	1627379800861	1627379809481	1625	OK
GROUP	1	GET user request chaining	1627379809484	1627379815500	0	OK
REQUEST	1	Update user Chaining	request_6	1627379815507	1627379815884	OK	 
REQUEST	1	Update user Chaining	request_7	1627379817883	1627379818239	OK	 
REQUEST	1	Update user Chaining	request_7	1627379820243	1627379820695	OK	 
REQUEST	1	Update user Chaining	request_8	1627379821692	1627379822028	OK	 
GROUP	1	Update user Chaining	1627379815505	1627379824031	1521	OK
USER	Load_Test_Scenario	1	END	1627379750877	1627379824035
