RUN	com.knoldus.MultipleScenarios	multiplescenarios	1627379832131	 	3.0.0
USER	at once users	1	START	1627379833594	1627379833594
USER	at once users	2	START	1627379833617	1627379833617
USER	at once users	3	START	1627379833618	1627379833618
USER	at once users	4	START	1627379833619	1627379833619
USER	at once users	5	START	1627379833619	1627379833619
USER	at once users	6	START	1627379833620	1627379833620
USER	at once users	7	START	1627379833621	1627379833621
USER	at once users	8	START	1627379833622	1627379833622
USER	at once users	9	START	1627379833622	1627379833622
USER	at once users	10	START	1627379833623	1627379833623
USER	at once users	11	START	1627379833624	1627379833624
USER	at once users	12	START	1627379833625	1627379833625
USER	at once users	13	START	1627379833625	1627379833625
USER	at once users	14	START	1627379833626	1627379833626
USER	at once users	15	START	1627379833627	1627379833627
USER	at once users	16	START	1627379833628	1627379833628
USER	at once users	17	START	1627379833628	1627379833628
USER	at once users	18	START	1627379833629	1627379833629
USER	at once users	19	START	1627379833629	1627379833629
USER	at once users	20	START	1627379833630	1627379833630
USER	at once users	21	START	1627379833631	1627379833631
USER	at once users	22	START	1627379833632	1627379833632
USER	at once users	23	START	1627379833632	1627379833632
USER	at once users	24	START	1627379833633	1627379833633
USER	at once users	25	START	1627379833633	1627379833633
USER	at once users	26	START	1627379833634	1627379833634
USER	at once users	27	START	1627379833634	1627379833634
USER	at once users	28	START	1627379833635	1627379833635
USER	at once users	29	START	1627379833635	1627379833635
USER	at once users	30	START	1627379833636	1627379833636
USER	ramp users	31	START	1627379833639	1627379833639
USER	constant users per second	36	START	1627379833643	1627379833643
USER	ramp users per second	57	START	1627379833646	1627379833646
USER	ramp users per second	58	START	1627379833649	1627379833649
USER	ramp users per second	59	START	1627379833704	1627379833704
USER	constant users per second	37	START	1627379833704	1627379833704
USER	ramp users per second	60	START	1627379833754	1627379833754
USER	constant users per second	38	START	1627379833805	1627379833805
USER	ramp users per second	61	START	1627379833815	1627379833815
USER	ramp users per second	62	START	1627379833864	1627379833864
USER	constant users per second	39	START	1627379833904	1627379833904
USER	ramp users per second	63	START	1627379833915	1627379833915
REQUEST	31		request2	1627379833640	1627379833908	OK	 
REQUEST	6		request1	1627379833621	1627379833889	OK	 
REQUEST	58		request4	1627379833649	1627379833916	OK	 
REQUEST	16		request1	1627379833628	1627379833916	OK	 
REQUEST	12		request1	1627379833625	1627379833891	OK	 
REQUEST	1		request1	1627379833614	1627379833916	OK	 
REQUEST	9		request1	1627379833623	1627379833871	OK	 
REQUEST	14		request1	1627379833626	1627379833871	OK	 
REQUEST	23		request1	1627379833633	1627379833877	OK	 
USER	at once users	9	END	1627379833622	1627379833959
USER	at once users	6	END	1627379833620	1627379833959
USER	at once users	23	END	1627379833632	1627379833959
USER	ramp users per second	58	END	1627379833649	1627379833959
REQUEST	28		request1	1627379833635	1627379833959	OK	 
USER	ramp users	31	END	1627379833639	1627379833959
USER	at once users	12	END	1627379833625	1627379833959
USER	at once users	1	END	1627379833594	1627379833960
REQUEST	25		request1	1627379833634	1627379833959	OK	 
USER	at once users	28	END	1627379833635	1627379833961
USER	at once users	25	END	1627379833633	1627379833961
REQUEST	19		request1	1627379833630	1627379833893	OK	 
USER	at once users	19	END	1627379833629	1627379833962
REQUEST	3		request1	1627379833618	1627379833963	OK	 
USER	ramp users per second	64	START	1627379833964	1627379833964
USER	at once users	3	END	1627379833618	1627379833964
USER	at once users	16	END	1627379833628	1627379833966
REQUEST	15		request1	1627379833627	1627379833967	OK	 
USER	at once users	15	END	1627379833627	1627379833969
USER	at once users	14	END	1627379833626	1627379833972
REQUEST	30		request1	1627379833636	1627379833971	OK	 
USER	at once users	30	END	1627379833636	1627379833973
REQUEST	59		request4	1627379833705	1627379833982	OK	 
USER	ramp users per second	59	END	1627379833704	1627379833983
USER	constant users per second	40	START	1627379834005	1627379834005
REQUEST	60		request4	1627379833755	1627379834016	OK	 
USER	ramp users per second	60	END	1627379833754	1627379834017
USER	ramp users per second	65	START	1627379834024	1627379834024
REQUEST	5		request1	1627379833620	1627379834024	OK	 
USER	at once users	5	END	1627379833619	1627379834025
REQUEST	11		request1	1627379833624	1627379834027	OK	 
USER	at once users	11	END	1627379833624	1627379834028
REQUEST	13		request1	1627379833626	1627379834042	OK	 
USER	at once users	13	END	1627379833625	1627379834043
REQUEST	29		request1	1627379833636	1627379834046	OK	 
USER	at once users	29	END	1627379833635	1627379834047
REQUEST	27		request1	1627379833635	1627379834049	OK	 
USER	at once users	27	END	1627379833634	1627379834050
REQUEST	21		request1	1627379833632	1627379834050	OK	 
USER	at once users	21	END	1627379833631	1627379834051
REQUEST	24		request1	1627379833633	1627379834051	OK	 
USER	at once users	24	END	1627379833633	1627379834052
REQUEST	20		request1	1627379833631	1627379834053	OK	 
USER	at once users	20	END	1627379833630	1627379834054
REQUEST	8		request1	1627379833622	1627379834060	OK	 
USER	at once users	8	END	1627379833622	1627379834061
REQUEST	22		request1	1627379833632	1627379834065	OK	 
USER	at once users	22	END	1627379833632	1627379834066
REQUEST	2		request1	1627379833617	1627379834067	OK	 
USER	at once users	2	END	1627379833617	1627379834068
USER	ramp users per second	66	START	1627379834074	1627379834074
REQUEST	38		request3	1627379833806	1627379834077	OK	 
REQUEST	26		request1	1627379833634	1627379834077	OK	 
REQUEST	36		request3	1627379833644	1627379834077	OK	 
USER	constant users per second	36	END	1627379833643	1627379834078
USER	at once users	26	END	1627379833634	1627379834078
USER	constant users per second	38	END	1627379833805	1627379834078
REQUEST	7		request1	1627379833621	1627379834081	OK	 
USER	at once users	7	END	1627379833621	1627379834082
REQUEST	17		request1	1627379833628	1627379834085	OK	 
USER	at once users	17	END	1627379833628	1627379834086
REQUEST	4		request1	1627379833619	1627379834094	OK	 
USER	at once users	4	END	1627379833619	1627379834095
USER	constant users per second	41	START	1627379834105	1627379834105
USER	ramp users	32	START	1627379834105	1627379834105
REQUEST	10		request1	1627379833623	1627379834112	OK	 
USER	at once users	10	END	1627379833623	1627379834113
REQUEST	18		request1	1627379833629	1627379834118	OK	 
USER	at once users	18	END	1627379833629	1627379834119
USER	ramp users per second	67	START	1627379834124	1627379834124
REQUEST	37		request3	1627379833705	1627379834132	OK	 
USER	constant users per second	37	END	1627379833704	1627379834133
USER	ramp users per second	68	START	1627379834175	1627379834175
REQUEST	63		request4	1627379833915	1627379834186	OK	 
REQUEST	57		request4	1627379833647	1627379834187	OK	 
USER	ramp users per second	63	END	1627379833915	1627379834189
USER	ramp users per second	57	END	1627379833646	1627379834190
REQUEST	39		request3	1627379833905	1627379834191	OK	 
USER	constant users per second	39	END	1627379833904	1627379834194
REQUEST	64		request4	1627379833965	1627379834201	OK	 
USER	ramp users per second	64	END	1627379833964	1627379834205
USER	constant users per second	42	START	1627379834204	1627379834204
USER	ramp users per second	69	START	1627379834235	1627379834235
REQUEST	61		request4	1627379833817	1627379834238	OK	 
USER	ramp users per second	61	END	1627379833815	1627379834241
REQUEST	65		request4	1627379834024	1627379834281	OK	 
USER	ramp users per second	65	END	1627379834024	1627379834284
REQUEST	62		request4	1627379833865	1627379834283	OK	 
USER	ramp users per second	62	END	1627379833864	1627379834286
USER	ramp users per second	70	START	1627379834285	1627379834285
USER	constant users per second	43	START	1627379834304	1627379834304
USER	ramp users per second	71	START	1627379834335	1627379834335
USER	ramp users per second	72	START	1627379834395	1627379834395
REQUEST	40		request3	1627379834005	1627379834401	OK	 
USER	constant users per second	40	END	1627379834005	1627379834404
USER	constant users per second	44	START	1627379834405	1627379834405
USER	ramp users per second	73	START	1627379834445	1627379834445
REQUEST	69		request4	1627379834236	1627379834458	OK	 
USER	ramp users per second	69	END	1627379834235	1627379834459
REQUEST	66		request4	1627379834075	1627379834468	OK	 
USER	ramp users per second	66	END	1627379834074	1627379834469
REQUEST	32		request2	1627379834105	1627379834477	OK	 
USER	ramp users	32	END	1627379834105	1627379834479
USER	ramp users per second	74	START	1627379834494	1627379834494
USER	constant users per second	45	START	1627379834504	1627379834504
REQUEST	41		request3	1627379834105	1627379834527	OK	 
USER	constant users per second	41	END	1627379834105	1627379834530
REQUEST	67		request4	1627379834124	1627379834536	OK	 
USER	ramp users per second	67	END	1627379834124	1627379834540
USER	ramp users per second	75	START	1627379834544	1627379834544
REQUEST	71		request4	1627379834336	1627379834560	OK	 
USER	ramp users per second	71	END	1627379834335	1627379834562
REQUEST	42		request3	1627379834206	1627379834582	OK	 
USER	constant users per second	42	END	1627379834204	1627379834583
REQUEST	68		request4	1627379834176	1627379834586	OK	 
USER	ramp users per second	68	END	1627379834175	1627379834587
USER	ramp users	33	START	1627379834604	1627379834604
USER	ramp users per second	76	START	1627379834604	1627379834604
USER	constant users per second	46	START	1627379834604	1627379834604
USER	ramp users per second	77	START	1627379834624	1627379834624
REQUEST	44		request3	1627379834406	1627379834630	OK	 
USER	constant users per second	44	END	1627379834405	1627379834634
REQUEST	73		request4	1627379834445	1627379834633	OK	 
USER	ramp users per second	73	END	1627379834445	1627379834636
REQUEST	70		request4	1627379834286	1627379834648	OK	 
USER	ramp users per second	70	END	1627379834285	1627379834650
USER	ramp users per second	78	START	1627379834655	1627379834655
USER	ramp users per second	79	START	1627379834684	1627379834684
REQUEST	43		request3	1627379834306	1627379834689	OK	 
USER	constant users per second	43	END	1627379834304	1627379834691
USER	ramp users per second	80	START	1627379834704	1627379834704
USER	constant users per second	47	START	1627379834704	1627379834704
REQUEST	74		request4	1627379834495	1627379834706	OK	 
USER	ramp users per second	74	END	1627379834494	1627379834708
USER	ramp users per second	81	START	1627379834734	1627379834734
REQUEST	75		request4	1627379834545	1627379834759	OK	 
USER	ramp users per second	75	END	1627379834544	1627379834761
USER	ramp users per second	82	START	1627379834764	1627379834764
REQUEST	46		request3	1627379834604	1627379834785	OK	 
USER	constant users per second	46	END	1627379834604	1627379834787
REQUEST	72		request4	1627379834396	1627379834792	OK	 
USER	ramp users per second	72	END	1627379834395	1627379834794
USER	ramp users per second	83	START	1627379834795	1627379834795
REQUEST	33		request2	1627379834604	1627379834801	OK	 
USER	ramp users	33	END	1627379834604	1627379834803
USER	constant users per second	48	START	1627379834804	1627379834804
USER	ramp users per second	84	START	1627379834814	1627379834814
USER	ramp users per second	85	START	1627379834845	1627379834845
USER	ramp users per second	86	START	1627379834874	1627379834874
REQUEST	45		request3	1627379834505	1627379834892	OK	 
USER	constant users per second	45	END	1627379834504	1627379834895
USER	ramp users per second	87	START	1627379834895	1627379834895
USER	constant users per second	49	START	1627379834905	1627379834905
USER	ramp users per second	88	START	1627379834924	1627379834924
REQUEST	80		request4	1627379834705	1627379834927	OK	 
USER	ramp users per second	80	END	1627379834704	1627379834929
REQUEST	81		request4	1627379834734	1627379834929	OK	 
USER	ramp users per second	81	END	1627379834734	1627379834932
USER	ramp users per second	89	START	1627379834954	1627379834954
USER	ramp users per second	90	START	1627379834975	1627379834975
REQUEST	76		request4	1627379834604	1627379834992	OK	 
USER	ramp users per second	76	END	1627379834604	1627379834995
USER	ramp users per second	91	START	1627379835004	1627379835004
USER	constant users per second	50	START	1627379835004	1627379835004
REQUEST	77		request4	1627379834626	1627379835008	OK	 
USER	ramp users per second	77	END	1627379834624	1627379835011
USER	ramp users per second	92	START	1627379835035	1627379835035
REQUEST	78		request4	1627379834655	1627379835040	OK	 
USER	ramp users per second	78	END	1627379834655	1627379835043
REQUEST	85		request4	1627379834845	1627379835054	OK	 
USER	ramp users per second	85	END	1627379834845	1627379835057
REQUEST	79		request4	1627379834685	1627379835063	OK	 
USER	ramp users per second	93	START	1627379835064	1627379835064
USER	ramp users per second	79	END	1627379834684	1627379835067
USER	ramp users per second	94	START	1627379835085	1627379835085
USER	ramp users	34	START	1627379835104	1627379835104
USER	constant users per second	51	START	1627379835104	1627379835104
REQUEST	47		request3	1627379834705	1627379835112	OK	 
USER	constant users per second	47	END	1627379834704	1627379835113
USER	ramp users per second	95	START	1627379835114	1627379835114
REQUEST	86		request4	1627379834875	1627379835121	OK	 
USER	ramp users per second	86	END	1627379834874	1627379835122
REQUEST	88		request4	1627379834926	1627379835134	OK	 
USER	ramp users per second	88	END	1627379834924	1627379835135
USER	ramp users per second	96	START	1627379835145	1627379835145
REQUEST	82		request4	1627379834765	1627379835156	OK	 
USER	ramp users per second	82	END	1627379834764	1627379835157
USER	ramp users per second	97	START	1627379835164	1627379835164
REQUEST	83		request4	1627379834796	1627379835185	OK	 
USER	ramp users per second	83	END	1627379834795	1627379835187
USER	ramp users per second	98	START	1627379835194	1627379835194
REQUEST	48		request3	1627379834805	1627379835196	OK	 
USER	constant users per second	48	END	1627379834804	1627379835198
REQUEST	84		request4	1627379834815	1627379835199	OK	 
USER	ramp users per second	84	END	1627379834814	1627379835201
USER	constant users per second	52	START	1627379835204	1627379835204
USER	ramp users per second	99	START	1627379835225	1627379835225
REQUEST	50		request3	1627379835006	1627379835236	OK	 
USER	constant users per second	50	END	1627379835004	1627379835237
USER	ramp users per second	100	START	1627379835244	1627379835244
REQUEST	92		request4	1627379835036	1627379835244	OK	 
USER	ramp users per second	92	END	1627379835035	1627379835246
REQUEST	87		request4	1627379834896	1627379835265	OK	 
USER	ramp users per second	87	END	1627379834895	1627379835268
USER	ramp users per second	101	START	1627379835274	1627379835274
USER	ramp users per second	102	START	1627379835304	1627379835304
USER	constant users per second	53	START	1627379835304	1627379835304
REQUEST	51		request3	1627379835105	1627379835308	OK	 
USER	constant users per second	51	END	1627379835104	1627379835310
REQUEST	94		request4	1627379835085	1627379835314	OK	 
USER	ramp users per second	94	END	1627379835085	1627379835315
REQUEST	95		request4	1627379835115	1627379835317	OK	 
USER	ramp users per second	95	END	1627379835114	1627379835318
USER	ramp users per second	103	START	1627379835334	1627379835334
REQUEST	34		request2	1627379835105	1627379835345	OK	 
USER	ramp users	34	END	1627379835104	1627379835346
USER	ramp users per second	104	START	1627379835355	1627379835355
REQUEST	89		request4	1627379834955	1627379835356	OK	 
USER	ramp users per second	89	END	1627379834954	1627379835357
REQUEST	96		request4	1627379835145	1627379835363	OK	 
USER	ramp users per second	96	END	1627379835145	1627379835364
REQUEST	97		request4	1627379835165	1627379835371	OK	 
USER	ramp users per second	97	END	1627379835164	1627379835372
REQUEST	90		request4	1627379834976	1627379835373	OK	 
USER	ramp users per second	90	END	1627379834975	1627379835374
USER	ramp users per second	105	START	1627379835385	1627379835385
REQUEST	98		request4	1627379835195	1627379835403	OK	 
USER	ramp users per second	98	END	1627379835194	1627379835404
USER	constant users per second	54	START	1627379835405	1627379835405
USER	ramp users per second	106	START	1627379835414	1627379835414
REQUEST	52		request3	1627379835205	1627379835419	OK	 
USER	constant users per second	52	END	1627379835204	1627379835422
REQUEST	91		request4	1627379835006	1627379835422	OK	 
REQUEST	99		request4	1627379835225	1627379835423	OK	 
USER	ramp users per second	91	END	1627379835004	1627379835424
USER	ramp users per second	99	END	1627379835225	1627379835425
USER	ramp users per second	107	START	1627379835434	1627379835434
REQUEST	93		request4	1627379835066	1627379835451	OK	 
USER	ramp users per second	93	END	1627379835064	1627379835453
USER	ramp users per second	108	START	1627379835465	1627379835465
REQUEST	100		request4	1627379835245	1627379835471	OK	 
USER	ramp users per second	100	END	1627379835244	1627379835473
REQUEST	102		request4	1627379835305	1627379835479	OK	 
USER	ramp users per second	102	END	1627379835304	1627379835482
USER	ramp users per second	109	START	1627379835494	1627379835494
REQUEST	53		request3	1627379835305	1627379835496	OK	 
USER	constant users per second	53	END	1627379835304	1627379835498
USER	constant users per second	55	START	1627379835505	1627379835505
USER	ramp users per second	110	START	1627379835515	1627379835515
USER	ramp users per second	111	START	1627379835544	1627379835544
REQUEST	103		request4	1627379835335	1627379835544	OK	 
USER	ramp users per second	103	END	1627379835334	1627379835547
USER	ramp users per second	112	START	1627379835574	1627379835574
USER	ramp users	35	START	1627379835605	1627379835605
USER	constant users per second	56	START	1627379835605	1627379835605
USER	ramp users per second	113	START	1627379835605	1627379835605
USER	ramp users per second	114	START	1627379835614	1627379835614
USER	ramp users per second	115	START	1627379835634	1627379835634
REQUEST	101		request4	1627379835276	1627379835645	OK	 
USER	ramp users per second	101	END	1627379835274	1627379835646
USER	ramp users per second	116	START	1627379835654	1627379835654
USER	ramp users per second	129	START	1627379835674	1627379835674
USER	ramp users per second	130	START	1627379835684	1627379835684
USER	ramp users per second	131	START	1627379835705	1627379835705
USER	constant users per second	119	START	1627379835705	1627379835705
REQUEST	55		request3	1627379835506	1627379835705	OK	 
USER	constant users per second	55	END	1627379835505	1627379835708
USER	ramp users per second	132	START	1627379835724	1627379835724
REQUEST	110		request4	1627379835516	1627379835729	OK	 
USER	ramp users per second	110	END	1627379835515	1627379835732
USER	ramp users per second	133	START	1627379835744	1627379835744
REQUEST	104		request4	1627379835355	1627379835757	OK	 
USER	ramp users per second	104	END	1627379835355	1627379835758
REQUEST	105		request4	1627379835385	1627379835761	OK	 
USER	ramp users per second	105	END	1627379835385	1627379835763
USER	ramp users per second	134	START	1627379835765	1627379835765
USER	ramp users per second	135	START	1627379835774	1627379835774
REQUEST	106		request4	1627379835415	1627379835784	OK	 
USER	ramp users per second	106	END	1627379835414	1627379835785
USER	ramp users per second	136	START	1627379835794	1627379835794
REQUEST	54		request3	1627379835405	1627379835800	OK	 
USER	constant users per second	54	END	1627379835405	1627379835800
REQUEST	35		request2	1627379835606	1627379835802	OK	 
USER	ramp users	35	END	1627379835605	1627379835803
USER	constant users per second	120	START	1627379835804	1627379835804
USER	ramp users per second	137	START	1627379835815	1627379835815
USER	ramp users per second	138	START	1627379835834	1627379835834
REQUEST	107		request4	1627379835436	1627379835836	OK	 
USER	ramp users per second	107	END	1627379835434	1627379835837
USER	ramp users per second	139	START	1627379835854	1627379835854
REQUEST	108		request4	1627379835466	1627379835863	OK	 
USER	ramp users per second	108	END	1627379835465	1627379835864
REQUEST	109		request4	1627379835495	1627379835870	OK	 
USER	ramp users per second	109	END	1627379835494	1627379835871
REQUEST	130		request4	1627379835685	1627379835873	OK	 
USER	ramp users per second	130	END	1627379835684	1627379835874
USER	ramp users per second	140	START	1627379835874	1627379835874
USER	ramp users per second	141	START	1627379835884	1627379835884
USER	constant users per second	121	START	1627379835905	1627379835905
USER	ramp users per second	142	START	1627379835905	1627379835905
REQUEST	119		request3	1627379835706	1627379835910	OK	 
USER	constant users per second	119	END	1627379835705	1627379835912
USER	ramp users per second	143	START	1627379835924	1627379835924
REQUEST	131		request4	1627379835706	1627379835938	OK	 
USER	ramp users per second	131	END	1627379835705	1627379835939
USER	ramp users per second	144	START	1627379835945	1627379835945
REQUEST	112		request4	1627379835575	1627379835963	OK	 
USER	ramp users per second	112	END	1627379835574	1627379835965
USER	ramp users per second	145	START	1627379835964	1627379835964
REQUEST	111		request4	1627379835546	1627379835970	OK	 
USER	ramp users per second	111	END	1627379835544	1627379835972
USER	ramp users per second	146	START	1627379835974	1627379835974
REQUEST	113		request4	1627379835606	1627379835979	OK	 
USER	ramp users per second	113	END	1627379835605	1627379835981
REQUEST	56		request3	1627379835606	1627379835988	OK	 
USER	constant users per second	56	END	1627379835605	1627379835989
USER	ramp users per second	147	START	1627379835995	1627379835995
USER	constant users per second	122	START	1627379836004	1627379836004
REQUEST	114		request4	1627379835615	1627379836004	OK	 
USER	ramp users per second	114	END	1627379835614	1627379836007
USER	ramp users per second	148	START	1627379836014	1627379836014
REQUEST	120		request3	1627379835805	1627379836018	OK	 
USER	constant users per second	120	END	1627379835804	1627379836019
REQUEST	138		request4	1627379835835	1627379836030	OK	 
USER	ramp users per second	138	END	1627379835834	1627379836032
USER	ramp users per second	149	START	1627379836034	1627379836034
USER	ramp users per second	150	START	1627379836055	1627379836055
REQUEST	116		request4	1627379835654	1627379836066	OK	 
REQUEST	115		request4	1627379835635	1627379836066	OK	 
USER	ramp users per second	115	END	1627379835634	1627379836068
USER	ramp users per second	116	END	1627379835654	1627379836069
REQUEST	129		request4	1627379835675	1627379836068	OK	 
USER	ramp users per second	129	END	1627379835674	1627379836070
USER	ramp users per second	151	START	1627379836074	1627379836074
USER	ramp users per second	152	START	1627379836084	1627379836084
REQUEST	141		request4	1627379835885	1627379836086	OK	 
USER	ramp users per second	141	END	1627379835884	1627379836088
USER	ramp users	117	START	1627379836104	1627379836104
USER	constant users per second	123	START	1627379836104	1627379836104
USER	ramp users per second	153	START	1627379836104	1627379836104
REQUEST	133		request4	1627379835745	1627379836113	OK	 
REQUEST	132		request4	1627379835725	1627379836113	OK	 
USER	ramp users per second	133	END	1627379835744	1627379836114
USER	ramp users per second	132	END	1627379835724	1627379836114
REQUEST	140		request4	1627379835875	1627379836122	OK	 
USER	ramp users per second	140	END	1627379835874	1627379836123
USER	ramp users per second	154	START	1627379836125	1627379836125
USER	ramp users per second	155	START	1627379836144	1627379836144
REQUEST	135		request4	1627379835774	1627379836160	OK	 
USER	ramp users per second	135	END	1627379835774	1627379836160
USER	ramp users per second	156	START	1627379836164	1627379836164
USER	ramp users per second	157	START	1627379836175	1627379836175
REQUEST	144		request4	1627379835945	1627379836175	OK	 
REQUEST	134		request4	1627379835765	1627379836176	OK	 
USER	ramp users per second	144	END	1627379835945	1627379836178
USER	ramp users per second	134	END	1627379835765	1627379836179
REQUEST	136		request4	1627379835795	1627379836179	OK	 
USER	ramp users per second	136	END	1627379835794	1627379836185
USER	ramp users per second	158	START	1627379836195	1627379836195
USER	constant users per second	124	START	1627379836204	1627379836204
USER	ramp users per second	159	START	1627379836214	1627379836214
REQUEST	139		request4	1627379835855	1627379836215	OK	 
USER	ramp users per second	139	END	1627379835854	1627379836216
REQUEST	137		request4	1627379835815	1627379836217	OK	 
USER	ramp users per second	137	END	1627379835815	1627379836218
REQUEST	147		request4	1627379835995	1627379836228	OK	 
USER	ramp users per second	147	END	1627379835995	1627379836229
USER	ramp users per second	160	START	1627379836235	1627379836235
REQUEST	149		request4	1627379836035	1627379836242	OK	 
USER	ramp users per second	149	END	1627379836034	1627379836243
USER	ramp users per second	161	START	1627379836254	1627379836254
USER	ramp users per second	162	START	1627379836274	1627379836274
REQUEST	150		request4	1627379836055	1627379836276	OK	 
USER	ramp users per second	150	END	1627379836055	1627379836277
USER	ramp users per second	163	START	1627379836284	1627379836284
REQUEST	143		request4	1627379835925	1627379836293	OK	 
USER	ramp users per second	143	END	1627379835924	1627379836294
REQUEST	142		request4	1627379835906	1627379836295	OK	 
USER	ramp users per second	142	END	1627379835905	1627379836297
REQUEST	117		request2	1627379836105	1627379836298	OK	 
USER	ramp users	117	END	1627379836104	1627379836300
USER	ramp users per second	164	START	1627379836304	1627379836304
USER	constant users per second	125	START	1627379836304	1627379836304
REQUEST	153		request4	1627379836105	1627379836308	OK	 
USER	ramp users per second	153	END	1627379836104	1627379836310
REQUEST	121		request3	1627379835906	1627379836314	OK	 
USER	constant users per second	121	END	1627379835905	1627379836316
USER	ramp users per second	165	START	1627379836325	1627379836325
USER	ramp users per second	166	START	1627379836344	1627379836344
REQUEST	154		request4	1627379836125	1627379836347	OK	 
USER	ramp users per second	154	END	1627379836125	1627379836349
USER	ramp users per second	167	START	1627379836364	1627379836364
REQUEST	145		request4	1627379835965	1627379836373	OK	 
REQUEST	155		request4	1627379836144	1627379836373	OK	 
USER	ramp users per second	145	END	1627379835964	1627379836375
USER	ramp users per second	168	START	1627379836375	1627379836375
USER	ramp users per second	155	END	1627379836144	1627379836376
REQUEST	157		request4	1627379836176	1627379836377	OK	 
USER	ramp users per second	157	END	1627379836175	1627379836379
REQUEST	49		request3	1627379834906	1627379836385	OK	 
USER	constant users per second	49	END	1627379834905	1627379836387
REQUEST	158		request4	1627379836196	1627379836387	OK	 
USER	ramp users per second	158	END	1627379836195	1627379836389
REQUEST	156		request4	1627379836165	1627379836388	OK	 
USER	ramp users per second	156	END	1627379836164	1627379836390
USER	ramp users per second	169	START	1627379836394	1627379836394
REQUEST	146		request4	1627379835975	1627379836396	OK	 
USER	ramp users per second	146	END	1627379835974	1627379836398
USER	constant users per second	126	START	1627379836404	1627379836404
REQUEST	148		request4	1627379836015	1627379836410	OK	 
USER	ramp users per second	148	END	1627379836014	1627379836411
USER	ramp users per second	170	START	1627379836414	1627379836414
REQUEST	122		request3	1627379836005	1627379836415	OK	 
USER	constant users per second	122	END	1627379836004	1627379836416
REQUEST	160		request4	1627379836235	1627379836422	OK	 
USER	ramp users per second	160	END	1627379836235	1627379836422
USER	ramp users per second	171	START	1627379836435	1627379836435
REQUEST	124		request3	1627379836205	1627379836435	OK	 
USER	constant users per second	124	END	1627379836204	1627379836436
USER	ramp users per second	172	START	1627379836454	1627379836454
REQUEST	162		request4	1627379836274	1627379836464	OK	 
REQUEST	151		request4	1627379836075	1627379836464	OK	 
USER	ramp users per second	162	END	1627379836274	1627379836465
USER	ramp users per second	151	END	1627379836074	1627379836465
REQUEST	152		request4	1627379836085	1627379836471	OK	 
USER	ramp users per second	152	END	1627379836084	1627379836472
USER	ramp users per second	173	START	1627379836474	1627379836474
USER	ramp users per second	174	START	1627379836484	1627379836484
REQUEST	163		request4	1627379836285	1627379836484	OK	 
USER	ramp users per second	163	END	1627379836284	1627379836485
USER	ramp users per second	175	START	1627379836505	1627379836505
USER	constant users per second	127	START	1627379836505	1627379836505
USER	ramp users per second	176	START	1627379836524	1627379836524
REQUEST	123		request3	1627379836105	1627379836533	OK	 
USER	constant users per second	123	END	1627379836104	1627379836534
REQUEST	165		request4	1627379836326	1627379836539	OK	 
USER	ramp users per second	165	END	1627379836325	1627379836541
USER	ramp users per second	177	START	1627379836544	1627379836544
USER	ramp users per second	178	START	1627379836565	1627379836565
REQUEST	168		request4	1627379836376	1627379836571	OK	 
USER	ramp users per second	168	END	1627379836375	1627379836573
USER	ramp users per second	179	START	1627379836574	1627379836574
REQUEST	159		request4	1627379836215	1627379836587	OK	 
USER	ramp users per second	159	END	1627379836214	1627379836589
USER	ramp users per second	180	START	1627379836594	1627379836594
REQUEST	126		request3	1627379836405	1627379836595	OK	 
USER	constant users per second	126	END	1627379836404	1627379836597
USER	ramp users	118	START	1627379836605	1627379836605
USER	constant users per second	128	START	1627379836605	1627379836605
USER	ramp users per second	181	START	1627379836614	1627379836614
USER	ramp users per second	182	START	1627379836624	1627379836624
USER	ramp users per second	195	START	1627379836634	1627379836634
REQUEST	161		request4	1627379836254	1627379836654	OK	 
USER	ramp users per second	161	END	1627379836254	1627379836656
USER	ramp users per second	196	START	1627379836655	1627379836655
USER	ramp users per second	197	START	1627379836664	1627379836664
REQUEST	172		request4	1627379836454	1627379836670	OK	 
USER	ramp users per second	172	END	1627379836454	1627379836672
USER	ramp users per second	198	START	1627379836684	1627379836684
REQUEST	173		request4	1627379836475	1627379836686	OK	 
USER	ramp users per second	173	END	1627379836474	1627379836688
USER	ramp users per second	199	START	1627379836695	1627379836695
USER	constant users per second	185	START	1627379836695	1627379836695
REQUEST	127		request3	1627379836505	1627379836703	OK	 
USER	constant users per second	127	END	1627379836505	1627379836704
USER	ramp users per second	200	START	1627379836704	1627379836704
REQUEST	164		request4	1627379836306	1627379836704	OK	 
USER	ramp users per second	164	END	1627379836304	1627379836705
REQUEST	125		request3	1627379836306	1627379836707	OK	 
USER	constant users per second	125	END	1627379836304	1627379836707
USER	ramp users per second	201	START	1627379836724	1627379836724
REQUEST	166		request4	1627379836345	1627379836729	OK	 
USER	ramp users per second	166	END	1627379836344	1627379836730
USER	ramp users per second	202	START	1627379836734	1627379836734
USER	ramp users per second	203	START	1627379836744	1627379836744
REQUEST	175		request4	1627379836505	1627379836745	OK	 
REQUEST	174		request4	1627379836485	1627379836745	OK	 
USER	ramp users per second	175	END	1627379836505	1627379836746
USER	ramp users per second	174	END	1627379836484	1627379836746
USER	ramp users per second	204	START	1627379836765	1627379836765
USER	ramp users per second	205	START	1627379836775	1627379836775
REQUEST	167		request4	1627379836365	1627379836779	OK	 
USER	ramp users per second	167	END	1627379836364	1627379836781
USER	ramp users per second	206	START	1627379836784	1627379836784
REQUEST	170		request4	1627379836415	1627379836785	OK	 
USER	ramp users per second	170	END	1627379836414	1627379836787
REQUEST	179		request4	1627379836575	1627379836790	OK	 
USER	ramp users per second	179	END	1627379836574	1627379836792
USER	constant users per second	186	START	1627379836794	1627379836794
USER	ramp users per second	207	START	1627379836804	1627379836804
USER	ramp users per second	208	START	1627379836815	1627379836815
REQUEST	171		request4	1627379836435	1627379836826	OK	 
USER	ramp users per second	171	END	1627379836435	1627379836827
USER	ramp users per second	209	START	1627379836834	1627379836834
REQUEST	118		request2	1627379836606	1627379836840	OK	 
USER	ramp users	118	END	1627379836605	1627379836842
USER	ramp users per second	210	START	1627379836844	1627379836844
USER	ramp users per second	211	START	1627379836854	1627379836854
USER	ramp users per second	212	START	1627379836875	1627379836875
USER	ramp users per second	213	START	1627379836885	1627379836885
USER	ramp users per second	214	START	1627379836894	1627379836894
USER	constant users per second	187	START	1627379836894	1627379836894
REQUEST	199		request4	1627379836696	1627379836898	OK	 
USER	ramp users per second	199	END	1627379836695	1627379836899
USER	ramp users per second	215	START	1627379836914	1627379836914
USER	ramp users per second	216	START	1627379836925	1627379836925
REQUEST	202		request4	1627379836735	1627379836928	OK	 
USER	ramp users per second	202	END	1627379836734	1627379836931
REQUEST	177		request4	1627379836545	1627379836934	OK	 
USER	ramp users per second	177	END	1627379836544	1627379836936
REQUEST	198		request4	1627379836686	1627379836938	OK	 
USER	ramp users per second	198	END	1627379836684	1627379836941
USER	ramp users per second	217	START	1627379836944	1627379836944
USER	ramp users per second	218	START	1627379836954	1627379836954
USER	ramp users per second	219	START	1627379836975	1627379836975
REQUEST	201		request4	1627379836724	1627379836975	OK	 
REQUEST	176		request4	1627379836525	1627379836975	OK	 
USER	ramp users per second	201	END	1627379836724	1627379836976
USER	ramp users per second	176	END	1627379836524	1627379836976
REQUEST	128		request3	1627379836606	1627379836977	OK	 
USER	constant users per second	128	END	1627379836605	1627379836978
USER	ramp users per second	220	START	1627379836984	1627379836984
REQUEST	180		request4	1627379836596	1627379836986	OK	 
USER	ramp users per second	180	END	1627379836594	1627379836987
REQUEST	178		request4	1627379836566	1627379836991	OK	 
REQUEST	205		request4	1627379836776	1627379836991	OK	 
USER	ramp users per second	205	END	1627379836775	1627379836991
USER	ramp users per second	178	END	1627379836565	1627379836991
REQUEST	186		request3	1627379836795	1627379836993	OK	 
USER	constant users per second	186	END	1627379836794	1627379836994
USER	constant users per second	188	START	1627379836994	1627379836994
USER	ramp users per second	221	START	1627379836994	1627379836994
REQUEST	182		request4	1627379836625	1627379837004	OK	 
USER	ramp users per second	222	START	1627379837004	1627379837004
USER	ramp users per second	182	END	1627379836624	1627379837005
REQUEST	206		request4	1627379836785	1627379837014	OK	 
USER	ramp users per second	206	END	1627379836784	1627379837015
REQUEST	195		request4	1627379836636	1627379837015	OK	 
USER	ramp users per second	195	END	1627379836634	1627379837016
REQUEST	181		request4	1627379836615	1627379837021	OK	 
REQUEST	169		request4	1627379836395	1627379837021	OK	 
USER	ramp users per second	169	END	1627379836394	1627379837022
USER	ramp users per second	181	END	1627379836614	1627379837022
USER	ramp users per second	223	START	1627379837025	1627379837025
USER	ramp users per second	224	START	1627379837035	1627379837035
USER	ramp users per second	225	START	1627379837054	1627379837054
USER	ramp users per second	226	START	1627379837064	1627379837064
USER	ramp users per second	227	START	1627379837074	1627379837074
REQUEST	197		request4	1627379836665	1627379837085	OK	 
USER	ramp users per second	197	END	1627379836664	1627379837087
REQUEST	196		request4	1627379836656	1627379837092	OK	 
USER	ramp users per second	196	END	1627379836655	1627379837093
USER	constant users per second	189	START	1627379837095	1627379837095
USER	ramp users per second	228	START	1627379837095	1627379837095
USER	ramp users	183	START	1627379837104	1627379837104
USER	ramp users per second	229	START	1627379837104	1627379837104
REQUEST	213		request4	1627379836885	1627379837106	OK	 
USER	ramp users per second	213	END	1627379836885	1627379837106
REQUEST	187		request3	1627379836895	1627379837109	OK	 
USER	constant users per second	187	END	1627379836894	1627379837110
USER	ramp users per second	230	START	1627379837114	1627379837114
REQUEST	214		request4	1627379836895	1627379837118	OK	 
USER	ramp users per second	214	END	1627379836894	1627379837118
REQUEST	185		request3	1627379836696	1627379837122	OK	 
USER	constant users per second	185	END	1627379836695	1627379837123
REQUEST	203		request4	1627379836745	1627379837126	OK	 
USER	ramp users per second	203	END	1627379836744	1627379837126
USER	ramp users per second	231	START	1627379837134	1627379837134
USER	ramp users per second	232	START	1627379837144	1627379837144
USER	ramp users per second	233	START	1627379837154	1627379837154
REQUEST	215		request4	1627379836916	1627379837155	OK	 
USER	ramp users per second	215	END	1627379836914	1627379837156
REQUEST	217		request4	1627379836945	1627379837155	OK	 
USER	ramp users per second	217	END	1627379836944	1627379837156
USER	ramp users per second	234	START	1627379837174	1627379837174
USER	ramp users per second	235	START	1627379837185	1627379837185
REQUEST	220		request4	1627379836985	1627379837189	OK	 
USER	ramp users per second	220	END	1627379836984	1627379837189
REQUEST	204		request4	1627379836765	1627379837191	OK	 
USER	ramp users per second	204	END	1627379836765	1627379837191
USER	constant users per second	190	START	1627379837195	1627379837195
USER	ramp users per second	236	START	1627379837204	1627379837204
REQUEST	221		request4	1627379836995	1627379837205	OK	 
USER	ramp users per second	221	END	1627379836994	1627379837205
REQUEST	200		request4	1627379836704	1627379837214	OK	 
USER	ramp users per second	237	START	1627379837214	1627379837214
USER	ramp users per second	200	END	1627379836704	1627379837214
REQUEST	223		request4	1627379837025	1627379837217	OK	 
USER	ramp users per second	223	END	1627379837025	1627379837218
REQUEST	207		request4	1627379836805	1627379837224	OK	 
REQUEST	208		request4	1627379836815	1627379837224	OK	 
USER	ramp users per second	207	END	1627379836804	1627379837224
USER	ramp users per second	208	END	1627379836815	1627379837224
USER	ramp users per second	238	START	1627379837224	1627379837224
REQUEST	222		request4	1627379837005	1627379837232	OK	 
USER	ramp users per second	222	END	1627379837004	1627379837233
REQUEST	210		request4	1627379836845	1627379837238	OK	 
USER	ramp users per second	210	END	1627379836844	1627379837238
REQUEST	211		request4	1627379836855	1627379837239	OK	 
USER	ramp users per second	211	END	1627379836854	1627379837239
USER	ramp users per second	239	START	1627379837244	1627379837244
REQUEST	209		request4	1627379836835	1627379837245	OK	 
USER	ramp users per second	209	END	1627379836834	1627379837246
USER	ramp users per second	240	START	1627379837254	1627379837254
USER	ramp users per second	241	START	1627379837265	1627379837265
USER	ramp users per second	242	START	1627379837284	1627379837284
REQUEST	212		request4	1627379836875	1627379837284	OK	 
USER	ramp users per second	212	END	1627379836875	1627379837285
USER	constant users per second	191	START	1627379837294	1627379837294
USER	ramp users per second	243	START	1627379837294	1627379837294
USER	ramp users per second	244	START	1627379837314	1627379837314
REQUEST	228		request4	1627379837095	1627379837320	OK	 
USER	ramp users per second	228	END	1627379837095	1627379837322
USER	ramp users per second	245	START	1627379837325	1627379837325
REQUEST	227		request4	1627379837075	1627379837326	OK	 
USER	ramp users per second	227	END	1627379837074	1627379837328
USER	ramp users per second	246	START	1627379837334	1627379837334
REQUEST	233		request4	1627379837155	1627379837351	OK	 
USER	ramp users per second	233	END	1627379837154	1627379837353
REQUEST	230		request4	1627379837114	1627379837353	OK	 
USER	ramp users per second	230	END	1627379837114	1627379837355
USER	ramp users per second	247	START	1627379837354	1627379837354
USER	ramp users per second	248	START	1627379837364	1627379837364
REQUEST	216		request4	1627379836926	1627379837368	OK	 
USER	ramp users per second	216	END	1627379836925	1627379837370
USER	ramp users per second	249	START	1627379837374	1627379837374
REQUEST	219		request4	1627379836976	1627379837393	OK	 
USER	ramp users per second	219	END	1627379836975	1627379837394
USER	ramp users per second	250	START	1627379837395	1627379837395
USER	constant users per second	192	START	1627379837395	1627379837395
REQUEST	218		request4	1627379836955	1627379837400	OK	 
USER	ramp users per second	218	END	1627379836954	1627379837401
USER	ramp users per second	251	START	1627379837404	1627379837404
REQUEST	190		request3	1627379837195	1627379837408	OK	 
USER	constant users per second	190	END	1627379837195	1627379837409
USER	ramp users per second	252	START	1627379837414	1627379837414
REQUEST	237		request4	1627379837214	1627379837417	OK	 
USER	ramp users per second	237	END	1627379837214	1627379837418
REQUEST	188		request3	1627379836995	1627379837419	OK	 
USER	constant users per second	188	END	1627379836994	1627379837419
REQUEST	225		request4	1627379837054	1627379837430	OK	 
USER	ramp users per second	225	END	1627379837054	1627379837430
USER	ramp users per second	253	START	1627379837434	1627379837434
USER	ramp users per second	254	START	1627379837444	1627379837444
REQUEST	226		request4	1627379837065	1627379837451	OK	 
USER	ramp users per second	226	END	1627379837064	1627379837451
REQUEST	239		request4	1627379837245	1627379837456	OK	 
USER	ramp users per second	239	END	1627379837244	1627379837457
USER	ramp users per second	255	START	1627379837465	1627379837465
REQUEST	241		request4	1627379837265	1627379837472	OK	 
USER	ramp users per second	241	END	1627379837265	1627379837473
REQUEST	224		request4	1627379837035	1627379837474	OK	 
USER	ramp users per second	256	START	1627379837475	1627379837475
USER	ramp users per second	224	END	1627379837035	1627379837475
USER	ramp users per second	257	START	1627379837484	1627379837484
REQUEST	243		request4	1627379837295	1627379837487	OK	 
USER	ramp users per second	243	END	1627379837294	1627379837489
USER	constant users per second	193	START	1627379837494	1627379837494
USER	ramp users per second	258	START	1627379837504	1627379837504
REQUEST	229		request4	1627379837104	1627379837509	OK	 
USER	ramp users per second	229	END	1627379837104	1627379837511
USER	ramp users per second	259	START	1627379837514	1627379837514
USER	ramp users per second	260	START	1627379837524	1627379837524
REQUEST	183		request2	1627379837104	1627379837527	OK	 
USER	ramp users	183	END	1627379837104	1627379837528
REQUEST	232		request4	1627379837144	1627379837532	OK	 
USER	ramp users per second	232	END	1627379837144	1627379837533
REQUEST	191		request3	1627379837295	1627379837539	OK	 
USER	constant users per second	191	END	1627379837294	1627379837540
USER	ramp users per second	261	START	1627379837545	1627379837545
USER	ramp users per second	262	START	1627379837555	1627379837555
REQUEST	189		request3	1627379837095	1627379837560	OK	 
USER	constant users per second	189	END	1627379837095	1627379837561
USER	ramp users per second	263	START	1627379837574	1627379837574
REQUEST	231		request4	1627379837134	1627379837575	OK	 
USER	ramp users per second	231	END	1627379837134	1627379837576
REQUEST	234		request4	1627379837175	1627379837576	OK	 
USER	ramp users per second	234	END	1627379837174	1627379837577
USER	ramp users per second	264	START	1627379837584	1627379837584
USER	constant users per second	194	START	1627379837594	1627379837594
USER	ramp users	184	START	1627379837604	1627379837604
USER	ramp users per second	265	START	1627379837604	1627379837604
REQUEST	235		request4	1627379837185	1627379837609	OK	 
REQUEST	250		request4	1627379837395	1627379837610	OK	 
USER	ramp users per second	235	END	1627379837185	1627379837610
USER	ramp users per second	250	END	1627379837395	1627379837611
USER	ramp users per second	266	START	1627379837615	1627379837615
REQUEST	236		request4	1627379837204	1627379837620	OK	 
USER	ramp users per second	236	END	1627379837204	1627379837621
REQUEST	249		request4	1627379837375	1627379837623	OK	 
USER	ramp users per second	249	END	1627379837374	1627379837624
USER	ramp users per second	267	START	1627379837625	1627379837625
REQUEST	238		request4	1627379837224	1627379837632	OK	 
REQUEST	240		request4	1627379837255	1627379837632	OK	 
USER	ramp users per second	238	END	1627379837224	1627379837633
USER	ramp users per second	240	END	1627379837254	1627379837633
USER	ramp users per second	278	START	1627379837634	1627379837634
USER	ramp users per second	279	START	1627379837644	1627379837644
USER	ramp users per second	280	START	1627379837654	1627379837654
USER	ramp users per second	281	START	1627379837664	1627379837664
REQUEST	255		request4	1627379837465	1627379837666	OK	 
USER	ramp users per second	255	END	1627379837465	1627379837667
USER	ramp users per second	282	START	1627379837674	1627379837674
USER	ramp users per second	283	START	1627379837684	1627379837684
USER	ramp users per second	284	START	1627379837695	1627379837695
USER	constant users per second	269	START	1627379837705	1627379837705
REQUEST	256		request4	1627379837475	1627379837711	OK	 
USER	ramp users per second	256	END	1627379837475	1627379837712
USER	ramp users per second	285	START	1627379837714	1627379837714
REQUEST	259		request4	1627379837515	1627379837718	OK	 
USER	ramp users per second	259	END	1627379837514	1627379837719
REQUEST	242		request4	1627379837284	1627379837723	OK	 
USER	ramp users per second	286	START	1627379837724	1627379837724
USER	ramp users per second	242	END	1627379837284	1627379837724
REQUEST	245		request4	1627379837326	1627379837729	OK	 
USER	ramp users per second	245	END	1627379837325	1627379837730
USER	ramp users per second	287	START	1627379837734	1627379837734
REQUEST	193		request3	1627379837495	1627379837737	OK	 
USER	constant users per second	193	END	1627379837494	1627379837738
USER	ramp users per second	288	START	1627379837744	1627379837744
REQUEST	260		request4	1627379837525	1627379837751	OK	 
USER	ramp users per second	260	END	1627379837524	1627379837751
USER	ramp users per second	289	START	1627379837754	1627379837754
REQUEST	248		request4	1627379837365	1627379837755	OK	 
USER	ramp users per second	248	END	1627379837364	1627379837756
REQUEST	244		request4	1627379837316	1627379837763	OK	 
USER	ramp users per second	244	END	1627379837314	1627379837763
REQUEST	247		request4	1627379837355	1627379837764	OK	 
USER	ramp users per second	290	START	1627379837764	1627379837764
USER	ramp users per second	247	END	1627379837354	1627379837765
USER	ramp users per second	291	START	1627379837774	1627379837774
REQUEST	257		request4	1627379837485	1627379837775	OK	 
USER	ramp users per second	257	END	1627379837484	1627379837776
REQUEST	262		request4	1627379837555	1627379837783	OK	 
USER	ramp users per second	262	END	1627379837555	1627379837783
USER	ramp users per second	292	START	1627379837785	1627379837785
USER	ramp users per second	293	START	1627379837795	1627379837795
REQUEST	246		request4	1627379837335	1627379837796	OK	 
USER	ramp users per second	246	END	1627379837334	1627379837797
REQUEST	263		request4	1627379837574	1627379837797	OK	 
USER	ramp users per second	263	END	1627379837574	1627379837798
USER	constant users per second	270	START	1627379837804	1627379837804
USER	ramp users per second	294	START	1627379837804	1627379837804
REQUEST	194		request3	1627379837595	1627379837811	OK	 
USER	constant users per second	194	END	1627379837594	1627379837812
REQUEST	192		request3	1627379837395	1627379837820	OK	 
USER	constant users per second	192	END	1627379837395	1627379837821
REQUEST	265		request4	1627379837605	1627379837823	OK	 
USER	ramp users per second	265	END	1627379837604	1627379837823
USER	ramp users per second	295	START	1627379837824	1627379837824
REQUEST	251		request4	1627379837404	1627379837824	OK	 
USER	ramp users per second	251	END	1627379837404	1627379837825
USER	ramp users per second	296	START	1627379837834	1627379837834
REQUEST	264		request4	1627379837584	1627379837839	OK	 
USER	ramp users per second	264	END	1627379837584	1627379837839
REQUEST	184		request2	1627379837605	1627379837840	OK	 
USER	ramp users	184	END	1627379837604	1627379837840
USER	ramp users per second	297	START	1627379837844	1627379837844
REQUEST	253		request4	1627379837435	1627379837854	OK	 
USER	ramp users per second	253	END	1627379837434	1627379837854
USER	ramp users per second	298	START	1627379837854	1627379837854
REQUEST	254		request4	1627379837445	1627379837858	OK	 
USER	ramp users per second	254	END	1627379837444	1627379837858
REQUEST	252		request4	1627379837415	1627379837862	OK	 
USER	ramp users per second	252	END	1627379837414	1627379837863
USER	ramp users per second	299	START	1627379837865	1627379837865
USER	ramp users per second	300	START	1627379837875	1627379837875
USER	ramp users per second	301	START	1627379837884	1627379837884
USER	ramp users per second	302	START	1627379837894	1627379837894
USER	constant users per second	271	START	1627379837904	1627379837904
USER	ramp users per second	303	START	1627379837904	1627379837904
USER	ramp users per second	304	START	1627379837914	1627379837914
REQUEST	267		request4	1627379837625	1627379837926	OK	 
USER	ramp users per second	267	END	1627379837625	1627379837928
REQUEST	280		request4	1627379837655	1627379837927	OK	 
USER	ramp users per second	280	END	1627379837654	1627379837929
REQUEST	284		request4	1627379837695	1627379837934	OK	 
USER	ramp users per second	305	START	1627379837935	1627379837935
USER	ramp users per second	284	END	1627379837695	1627379837936
USER	ramp users per second	306	START	1627379837944	1627379837944
USER	ramp users per second	307	START	1627379837954	1627379837954
REQUEST	282		request4	1627379837675	1627379837956	OK	 
USER	ramp users per second	282	END	1627379837674	1627379837958
USER	ramp users per second	308	START	1627379837964	1627379837964
REQUEST	286		request4	1627379837724	1627379837965	OK	 
USER	ramp users per second	286	END	1627379837724	1627379837967
REQUEST	287		request4	1627379837734	1627379837972	OK	 
USER	ramp users per second	287	END	1627379837734	1627379837974
USER	ramp users per second	309	START	1627379837974	1627379837974
REQUEST	258		request4	1627379837505	1627379837975	OK	 
USER	ramp users per second	258	END	1627379837504	1627379837977
REQUEST	289		request4	1627379837754	1627379838016	OK	 
REQUEST	288		request4	1627379837744	1627379838016	OK	 
REQUEST	291		request4	1627379837775	1627379838016	OK	 
USER	ramp users per second	288	END	1627379837744	1627379838017
USER	ramp users per second	291	END	1627379837774	1627379838017
USER	ramp users per second	289	END	1627379837754	1627379838017
USER	ramp users per second	312	START	1627379838018	1627379838018
USER	constant users per second	272	START	1627379838018	1627379838018
USER	ramp users per second	313	START	1627379838018	1627379838018
USER	ramp users per second	311	START	1627379838018	1627379838018
USER	ramp users per second	310	START	1627379838018	1627379838018
USER	ramp users per second	314	START	1627379838024	1627379838024
REQUEST	294		request4	1627379837804	1627379838034	OK	 
USER	ramp users per second	294	END	1627379837804	1627379838035
REQUEST	292		request4	1627379837785	1627379838037	OK	 
USER	ramp users per second	292	END	1627379837785	1627379838038
REQUEST	261		request4	1627379837545	1627379838039	OK	 
USER	ramp users per second	261	END	1627379837545	1627379838039
USER	ramp users per second	315	START	1627379838044	1627379838044
REQUEST	278		request4	1627379837634	1627379838045	OK	 
USER	ramp users per second	278	END	1627379837634	1627379838046
REQUEST	266		request4	1627379837615	1627379838050	OK	 
USER	ramp users per second	266	END	1627379837615	1627379838050
REQUEST	279		request4	1627379837644	1627379838051	OK	 
USER	ramp users per second	279	END	1627379837644	1627379838051
USER	ramp users per second	316	START	1627379838054	1627379838054
USER	ramp users per second	317	START	1627379838064	1627379838064
REQUEST	297		request4	1627379837845	1627379838074	OK	 
USER	ramp users per second	297	END	1627379837844	1627379838075
USER	ramp users per second	318	START	1627379838074	1627379838074
REQUEST	295		request4	1627379837824	1627379838078	OK	 
USER	ramp users per second	295	END	1627379837824	1627379838079
USER	ramp users per second	319	START	1627379838085	1627379838085
USER	ramp users per second	320	START	1627379838094	1627379838094
REQUEST	296		request4	1627379837834	1627379838100	OK	 
USER	ramp users per second	296	END	1627379837834	1627379838101
USER	constant users per second	273	START	1627379838104	1627379838104
USER	ramp users per second	321	START	1627379838104	1627379838104
USER	ramp users	268	START	1627379838104	1627379838104
USER	ramp users per second	322	START	1627379838114	1627379838114
REQUEST	302		request4	1627379837894	1627379838119	OK	 
USER	ramp users per second	302	END	1627379837894	1627379838120
REQUEST	281		request4	1627379837665	1627379838123	OK	 
USER	ramp users per second	281	END	1627379837664	1627379838125
USER	ramp users per second	323	START	1627379838124	1627379838124
REQUEST	269		request3	1627379837705	1627379838128	OK	 
USER	constant users per second	269	END	1627379837705	1627379838129
REQUEST	283		request4	1627379837685	1627379838131	OK	 
USER	ramp users per second	283	END	1627379837684	1627379838133
USER	ramp users per second	324	START	1627379838135	1627379838135
REQUEST	271		request3	1627379837905	1627379838151	OK	 
USER	constant users per second	271	END	1627379837904	1627379838153
USER	ramp users per second	325	START	1627379838154	1627379838154
USER	ramp users per second	326	START	1627379838164	1627379838164
REQUEST	303		request4	1627379837905	1627379838166	OK	 
USER	ramp users per second	303	END	1627379837904	1627379838168
REQUEST	285		request4	1627379837714	1627379838172	OK	 
USER	ramp users per second	285	END	1627379837714	1627379838174
USER	ramp users per second	327	START	1627379838174	1627379838174
USER	ramp users per second	328	START	1627379838184	1627379838184
REQUEST	306		request4	1627379837945	1627379838189	OK	 
USER	ramp users per second	306	END	1627379837944	1627379838191
USER	ramp users per second	329	START	1627379838195	1627379838195
USER	constant users per second	274	START	1627379838205	1627379838205
USER	ramp users per second	330	START	1627379838205	1627379838205
REQUEST	293		request4	1627379837795	1627379838212	OK	 
USER	ramp users per second	293	END	1627379837795	1627379838213
USER	ramp users per second	331	START	1627379838214	1627379838214
USER	ramp users per second	332	START	1627379838224	1627379838224
USER	ramp users per second	333	START	1627379838234	1627379838234
REQUEST	272		request3	1627379838018	1627379838235	OK	 
USER	constant users per second	272	END	1627379838018	1627379838236
USER	ramp users per second	334	START	1627379838245	1627379838245
REQUEST	311		request4	1627379838019	1627379838247	OK	 
USER	ramp users per second	311	END	1627379838018	1627379838249
REQUEST	270		request3	1627379837804	1627379838256	OK	 
USER	constant users per second	270	END	1627379837804	1627379838258
USER	ramp users per second	335	START	1627379838264	1627379838264
REQUEST	290		request4	1627379837765	1627379838264	OK	 
USER	ramp users per second	290	END	1627379837764	1627379838266
USER	ramp users per second	336	START	1627379838274	1627379838274
REQUEST	315		request4	1627379838044	1627379838281	OK	 
USER	ramp users per second	315	END	1627379838044	1627379838283
USER	ramp users per second	337	START	1627379838284	1627379838284
USER	ramp users per second	338	START	1627379838294	1627379838294
REQUEST	317		request4	1627379838065	1627379838295	OK	 
USER	ramp users per second	317	END	1627379838064	1627379838296
USER	ramp users per second	339	START	1627379838305	1627379838305
USER	constant users per second	275	START	1627379838305	1627379838305
USER	ramp users per second	340	START	1627379838315	1627379838315
REQUEST	304		request4	1627379837915	1627379838316	OK	 
USER	ramp users per second	304	END	1627379837914	1627379838318
USER	ramp users per second	341	START	1627379838324	1627379838324
REQUEST	273		request3	1627379838105	1627379838327	OK	 
REQUEST	298		request4	1627379837855	1627379838327	OK	 
USER	constant users per second	273	END	1627379838104	1627379838329
USER	ramp users per second	298	END	1627379837854	1627379838329
REQUEST	301		request4	1627379837884	1627379838329	OK	 
USER	ramp users per second	301	END	1627379837884	1627379838331
USER	ramp users per second	342	START	1627379838334	1627379838334
REQUEST	322		request4	1627379838115	1627379838340	OK	 
REQUEST	268		request2	1627379838105	1627379838340	OK	 
USER	ramp users per second	322	END	1627379838114	1627379838342
USER	ramp users	268	END	1627379838104	1627379838342
USER	ramp users per second	343	START	1627379838344	1627379838344
USER	ramp users per second	344	START	1627379838355	1627379838355
REQUEST	324		request4	1627379838135	1627379838359	OK	 
USER	ramp users per second	324	END	1627379838135	1627379838360
REQUEST	307		request4	1627379837955	1627379838367	OK	 
REQUEST	300		request4	1627379837875	1627379838367	OK	 
USER	ramp users per second	300	END	1627379837875	1627379838369
USER	ramp users per second	307	END	1627379837954	1627379838369
USER	ramp users per second	345	START	1627379838374	1627379838374
REQUEST	299		request4	1627379837865	1627379838378	OK	 
USER	ramp users per second	299	END	1627379837865	1627379838379
USER	ramp users per second	346	START	1627379838384	1627379838384
REQUEST	309		request4	1627379837975	1627379838388	OK	 
USER	ramp users per second	309	END	1627379837974	1627379838389
REQUEST	305		request4	1627379837936	1627379838389	OK	 
USER	ramp users per second	305	END	1627379837935	1627379838390
REQUEST	327		request4	1627379838175	1627379838393	OK	 
USER	ramp users per second	327	END	1627379838174	1627379838395
USER	ramp users per second	347	START	1627379838394	1627379838394
REQUEST	308		request4	1627379837965	1627379838402	OK	 
USER	ramp users per second	308	END	1627379837964	1627379838403
USER	constant users per second	276	START	1627379838404	1627379838404
USER	ramp users per second	348	START	1627379838404	1627379838404
USER	ramp users per second	349	START	1627379838414	1627379838414
REQUEST	330		request4	1627379838206	1627379838424	OK	 
USER	ramp users per second	350	START	1627379838424	1627379838424
USER	ramp users per second	330	END	1627379838205	1627379838425
REQUEST	310		request4	1627379838018	1627379838430	OK	 
USER	ramp users per second	310	END	1627379838018	1627379838430
USER	ramp users per second	351	START	1627379838435	1627379838435
REQUEST	274		request3	1627379838206	1627379838436	OK	 
USER	constant users per second	274	END	1627379838205	1627379838437
REQUEST	331		request4	1627379838215	1627379838439	OK	 
USER	ramp users per second	331	END	1627379838214	1627379838440
REQUEST	313		request4	1627379838018	1627379838442	OK	 
USER	ramp users per second	313	END	1627379838018	1627379838443
USER	ramp users per second	352	START	1627379838445	1627379838445
USER	ramp users per second	353	START	1627379838454	1627379838454
USER	ramp users per second	354	START	1627379838464	1627379838464
REQUEST	316		request4	1627379838054	1627379838472	OK	 
REQUEST	314		request4	1627379838024	1627379838472	OK	 
USER	ramp users per second	316	END	1627379838054	1627379838473
USER	ramp users per second	314	END	1627379838024	1627379838473
REQUEST	312		request4	1627379838018	1627379838473	OK	 
USER	ramp users per second	312	END	1627379838018	1627379838474
REQUEST	332		request4	1627379838225	1627379838483	OK	 
USER	ramp users per second	332	END	1627379838224	1627379838484
USER	ramp users per second	355	START	1627379838484	1627379838484
REQUEST	319		request4	1627379838085	1627379838490	OK	 
USER	ramp users per second	319	END	1627379838085	1627379838491
USER	ramp users per second	356	START	1627379838494	1627379838494
REQUEST	335		request4	1627379838265	1627379838500	OK	 
USER	ramp users per second	335	END	1627379838264	1627379838501
USER	constant users per second	277	START	1627379838504	1627379838504
USER	ramp users per second	357	START	1627379838504	1627379838504
USER	ramp users per second	358	START	1627379838514	1627379838514
USER	ramp users per second	359	START	1627379838525	1627379838525
USER	ramp users per second	360	START	1627379838535	1627379838535
REQUEST	336		request4	1627379838275	1627379838541	OK	 
USER	ramp users per second	336	END	1627379838274	1627379838543
USER	ramp users per second	361	START	1627379838544	1627379838544
REQUEST	321		request4	1627379838105	1627379838546	OK	 
REQUEST	318		request4	1627379838075	1627379838547	OK	 
USER	ramp users per second	321	END	1627379838104	1627379838549
USER	ramp users per second	318	END	1627379838074	1627379838549
USER	ramp users per second	362	START	1627379838554	1627379838554
REQUEST	323		request4	1627379838125	1627379838556	OK	 
USER	ramp users per second	323	END	1627379838124	1627379838558
USER	ramp users per second	363	START	1627379838564	1627379838564
REQUEST	320		request4	1627379838094	1627379838565	OK	 
USER	ramp users per second	320	END	1627379838094	1627379838567
USER	ramp users per second	364	START	1627379838575	1627379838575
USER	ramp users per second	365	START	1627379838594	1627379838594
REQUEST	342		request4	1627379838335	1627379838595	OK	 
USER	ramp users per second	342	END	1627379838334	1627379838597
REQUEST	328		request4	1627379838185	1627379838598	OK	 
REQUEST	326		request4	1627379838165	1627379838598	OK	 
USER	ramp users per second	326	END	1627379838164	1627379838600
USER	ramp users per second	328	END	1627379838184	1627379838600
REQUEST	343		request4	1627379838345	1627379838616	OK	 
REQUEST	325		request4	1627379838155	1627379838616	OK	 
USER	ramp users per second	325	END	1627379838154	1627379838619
USER	ramp users per second	343	END	1627379838344	1627379838619
REQUEST	345		request4	1627379838375	1627379838634	OK	 
USER	ramp users per second	345	END	1627379838374	1627379838635
REQUEST	329		request4	1627379838195	1627379838638	OK	 
USER	ramp users per second	329	END	1627379838195	1627379838639
REQUEST	276		request3	1627379838405	1627379838643	OK	 
USER	constant users per second	276	END	1627379838404	1627379838644
REQUEST	349		request4	1627379838415	1627379838646	OK	 
USER	ramp users per second	349	END	1627379838414	1627379838646
REQUEST	346		request4	1627379838385	1627379838655	OK	 
USER	ramp users per second	346	END	1627379838384	1627379838656
REQUEST	347		request4	1627379838395	1627379838657	OK	 
USER	ramp users per second	347	END	1627379838394	1627379838658
REQUEST	334		request4	1627379838245	1627379838667	OK	 
USER	ramp users per second	334	END	1627379838245	1627379838668
REQUEST	350		request4	1627379838425	1627379838673	OK	 
USER	ramp users per second	350	END	1627379838424	1627379838673
REQUEST	351		request4	1627379838435	1627379838673	OK	 
USER	ramp users per second	351	END	1627379838435	1627379838674
REQUEST	353		request4	1627379838454	1627379838692	OK	 
USER	ramp users per second	353	END	1627379838454	1627379838693
REQUEST	333		request4	1627379838235	1627379838717	OK	 
USER	ramp users per second	333	END	1627379838234	1627379838717
REQUEST	354		request4	1627379838464	1627379838720	OK	 
USER	ramp users per second	354	END	1627379838464	1627379838720
REQUEST	356		request4	1627379838495	1627379838732	OK	 
USER	ramp users per second	356	END	1627379838494	1627379838733
REQUEST	338		request4	1627379838295	1627379838733	OK	 
USER	ramp users per second	338	END	1627379838294	1627379838733
REQUEST	275		request3	1627379838305	1627379838744	OK	 
REQUEST	340		request4	1627379838316	1627379838744	OK	 
USER	constant users per second	275	END	1627379838305	1627379838744
USER	ramp users per second	340	END	1627379838315	1627379838744
REQUEST	357		request4	1627379838505	1627379838745	OK	 
USER	ramp users per second	357	END	1627379838504	1627379838746
REQUEST	277		request3	1627379838505	1627379838747	OK	 
USER	constant users per second	277	END	1627379838504	1627379838747
REQUEST	339		request4	1627379838305	1627379838754	OK	 
REQUEST	341		request4	1627379838325	1627379838754	OK	 
USER	ramp users per second	341	END	1627379838324	1627379838754
USER	ramp users per second	339	END	1627379838305	1627379838754
REQUEST	337		request4	1627379838285	1627379838760	OK	 
USER	ramp users per second	337	END	1627379838284	1627379838761
REQUEST	358		request4	1627379838515	1627379838766	OK	 
USER	ramp users per second	358	END	1627379838514	1627379838767
REQUEST	344		request4	1627379838355	1627379838784	OK	 
USER	ramp users per second	344	END	1627379838355	1627379838785
REQUEST	362		request4	1627379838555	1627379838798	OK	 
USER	ramp users per second	362	END	1627379838554	1627379838799
REQUEST	359		request4	1627379838525	1627379838803	OK	 
USER	ramp users per second	359	END	1627379838525	1627379838804
REQUEST	361		request4	1627379838545	1627379838821	OK	 
USER	ramp users per second	361	END	1627379838544	1627379838823
REQUEST	365		request4	1627379838595	1627379838830	OK	 
USER	ramp users per second	365	END	1627379838594	1627379838832
REQUEST	348		request4	1627379838405	1627379838838	OK	 
USER	ramp users per second	348	END	1627379838404	1627379838840
REQUEST	352		request4	1627379838445	1627379838862	OK	 
USER	ramp users per second	352	END	1627379838445	1627379838863
REQUEST	355		request4	1627379838485	1627379838878	OK	 
USER	ramp users per second	355	END	1627379838484	1627379838880
REQUEST	360		request4	1627379838536	1627379838932	OK	 
USER	ramp users per second	360	END	1627379838535	1627379838934
REQUEST	364		request4	1627379838576	1627379838978	OK	 
USER	ramp users per second	364	END	1627379838575	1627379838979
REQUEST	363		request4	1627379838566	1627379839002	OK	 
USER	ramp users per second	363	END	1627379838564	1627379839004
